DECLARE
*
ERROR at line 1:
ORA-01013: user requested cancel of current operation
ORA-06512: at "SYS.DBMS_LOCK", line 205
ORA-06512: at line 13



DECLARE
*
ERROR at line 1:
ORA-01013: user requested cancel of current operation
ORA-06512: at "SYS.DBMS_LOCK", line 205
ORA-06512: at line 13



DECLARE
*
ERROR at line 1:
ORA-01013: user requested cancel of current operation
ORA-06512: at "SYS.DBMS_LOCK", line 205
ORA-06512: at line 13



DECLARE
*
ERROR at line 1:
ORA-01013: user requested cancel of current operation
ORA-06512: at "SYS.DBMS_LOCK", line 205
ORA-06512: at line 13



DECLARE
*
ERROR at line 1:
ORA-01013: user requested cancel of current operation
ORA-06512: at "SYS.DBMS_LOCK", line 205
ORA-06512: at line 13



DECLARE
*
ERROR at line 1:
ORA-01013: user requested cancel of current operation
ORA-06512: at "SYS.DBMS_LOCK", line 205
ORA-06512: at line 13



DECLARE
*
ERROR at line 1:
ORA-01013: user requested cancel of current operation
ORA-06512: at "SYS.DBMS_LOCK", line 205
ORA-06512: at line 13



DECLARE
*
ERROR at line 1:
ORA-01013: user requested cancel of current operation
ORA-06512: at "SYS.DBMS_LOCK", line 205
ORA-06512: at line 13



DECLARE
*
ERROR at line 1:
ORA-01013: user requested cancel of current operation
ORA-06512: at "SYS.DBMS_LOCK", line 205
ORA-06512: at line 13



DECLARE
*
ERROR at line 1:
ORA-01013: user requested cancel of current operation
ORA-06512: at "SYS.DBMS_LOCK", line 205
ORA-06512: at line 13



DECLARE
*
ERROR at line 1:
ORA-01013: user requested cancel of current operation
ORA-06512: at "SYS.DBMS_LOCK", line 205
ORA-06512: at line 13



DECLARE
*
ERROR at line 1:
ORA-01013: user requested cancel of current operation
ORA-06512: at "SYS.DBMS_LOCK", line 205
ORA-06512: at line 13



DECLARE
*
ERROR at line 1:
ORA-01013: user requested cancel of current operation
ORA-06512: at "SYS.DBMS_LOCK", line 205
ORA-06512: at line 13



DECLARE
*
ERROR at line 1:
ORA-01013: user requested cancel of current operation
ORA-06512: at "SYS.DBMS_LOCK", line 205
ORA-06512: at line 13



DECLARE
*
ERROR at line 1:
ORA-01013: user requested cancel of current operation
ORA-06512: at "SYS.DBMS_LOCK", line 205
ORA-06512: at line 13



DECLARE
*
ERROR at line 1:
ORA-01013: user requested cancel of current operation
ORA-06512: at "SYS.DBMS_LOCK", line 205
ORA-06512: at line 13



DECLARE
*
ERROR at line 1:
ORA-01013: user requested cancel of current operation
ORA-06512: at "SYS.DBMS_LOCK", line 205
ORA-06512: at line 13



DECLARE
*
ERROR at line 1:
ORA-01013: user requested cancel of current operation
ORA-06512: at "SYS.DBMS_LOCK", line 205
ORA-06512: at line 13



DECLARE
*
ERROR at line 1:
ORA-01013: user requested cancel of current operation
ORA-06512: at "SYS.DBMS_LOCK", line 205
ORA-06512: at line 13



DECLARE
*
ERROR at line 1:
ORA-01013: user requested cancel of current operation
ORA-06512: at "SYS.DBMS_LOCK", line 205
ORA-06512: at line 13



DECLARE
*
ERROR at line 1:
ORA-01013: user requested cancel of current operation
ORA-06512: at "SYS.DBMS_LOCK", line 205
ORA-06512: at line 13



DECLARE
*
ERROR at line 1:
ORA-01013: user requested cancel of current operation
ORA-06512: at "SYS.DBMS_LOCK", line 205
ORA-06512: at line 13



DECLARE
*
ERROR at line 1:
ORA-01013: user requested cancel of current operation
ORA-06512: at "SYS.DBMS_LOCK", line 205
ORA-06512: at line 13



DECLARE
*
ERROR at line 1:
ORA-01013: user requested cancel of current operation
ORA-06512: at "SYS.DBMS_LOCK", line 205
ORA-06512: at line 13



DECLARE
*
ERROR at line 1:
ORA-01013: user requested cancel of current operation
ORA-06512: at "SYS.DBMS_LOCK", line 205
ORA-06512: at line 13



DECLARE
*
ERROR at line 1:
ORA-01013: user requested cancel of current operation
ORA-06512: at "SYS.DBMS_LOCK", line 205
ORA-06512: at line 13



DECLARE
*
ERROR at line 1:
ORA-01013: user requested cancel of current operation
ORA-06512: at "SYS.DBMS_LOCK", line 205
ORA-06512: at line 13



DECLARE
*
ERROR at line 1:
ORA-01013: user requested cancel of current operation
ORA-06512: at "SYS.DBMS_LOCK", line 205
ORA-06512: at line 13



