td_fs_billing_crontab.sh started at Thu Sep 22 14:30:58 NZST 2022
Starting fs_billing Program...... 
Dropping fs_billing objects from database.... 
/brmapp/portal/7.5/TD/apps/td_farmsource_billing/fs_logs/td_fs_billing_extract_drop.log
pin/Brm_213pin@brmuat
Check if the objects have been dropped in DR database... 
value MM1 is   mm1 
value MON is 9  mon 
The current date is 2022 09 22
value day is 22  day 
value MONTH is 8  month 
value year is 122  year 
value is   mm1 
value is 09  mon 
Recreate database objects for fsbilling for DOM: 202210-i
202210-i
Check if the objects have been recreated in DR database... 
CSV generation in progress... 
 202209-i  
create csv file DOM: 202209-i
CSV Generation completed 
td_fs_billing_crontab.sh started at Thu Sep 22 14:31:28 NZST 2022
Starting fs_billing Program...... 
Dropping fs_billing objects from database.... 
/brmapp/portal/7.5/TD/apps/td_farmsource_billing/fs_logs/td_fs_billing_extract_drop.log
pin/Brm_213pin@brmuat
Check if the objects have been dropped in DR database... 
value MM1 is   mm1 
value MON is 9  mon 
The current date is 2022 09 22
value day is 22  day 
value MONTH is 8  month 
value year is 122  year 
value is   mm1 
value is 09  mon 
Recreate database objects for fsbilling for DOM: 202210-i
202210-i
Check if the objects have been recreated in DR database... 
CSV generation in progress... 
 202209-i  
create csv file DOM: 202209-i
CSV Generation completed 
td_fs_billing_crontab.sh started at Thu Sep 22 14:33:27 NZST 2022
Starting fs_billing Program...... 
Dropping fs_billing objects from database.... 
/brmapp/portal/7.5/TD/apps/td_farmsource_billing/fs_logs/td_fs_billing_extract_drop.log
pin/Brm_213pin@brmuat
Check if the objects have been dropped in DR database... 
value MM1 is   mm1 
value MON is 9  mon 
The current date is 2022 09 22
value day is 22  day 
value MONTH is 8  month 
value year is 122  year 
value is   mm1 
value is 09  mon 
Recreate database objects for fsbilling for DOM: 202210-i
202210-i
Check if the objects have been recreated in DR database... 
CSV generation in progress... 
 202209-i  
create csv file DOM: 202209-i
td_fs_billing_crontab.sh started at Thu Sep 22 14:33:42 NZST 2022
Starting fs_billing Program...... 
Dropping fs_billing objects from database.... 
/brmapp/portal/7.5/TD/apps/td_farmsource_billing/fs_logs/td_fs_billing_extract_drop.log
pin/Brm_213pin@brmuat
Check if the objects have been dropped in DR database... 
value MM1 is   mm1 
value MON is 9  mon 
The current date is 2022 09 22
value day is 22  day 
value MONTH is 8  month 
value year is 122  year 
value is   mm1 
value is 09  mon 
Recreate database objects for fsbilling for DOM: 202210-i
202210-i
Check if the objects have been recreated in DR database... 
CSV generation in progress... 
 202209-i  
create csv file DOM: 202209-i
CSV Generation completed 
td_fs_billing_crontab.sh started at Thu Sep 22 14:34:24 NZST 2022
Starting fs_billing Program...... 
Dropping fs_billing objects from database.... 
/brmapp/portal/7.5/TD/apps/td_farmsource_billing/fs_logs/td_fs_billing_extract_drop.log
pin/Brm_213pin@brmuat
Check if the objects have been dropped in DR database... 
value MM1 is   mm1 
value MON is 9  mon 
The current date is 2022 09 22
value day is 22  day 
value MONTH is 8  month 
value year is 122  year 
value is   mm1 
value is 09  mon 
Recreate database objects for fsbilling for DOM: 20221001
20221001
Check if the objects have been recreated in DR database... 
CSV generation in progress... 
 20220901  
create csv file DOM: 20220901
CSV Generation completed 
td_fs_billing_crontab.sh started at Thu Sep 29 11:27:59 NZDT 2022
Starting fs_billing Program...... 
Dropping fs_billing objects from database.... 
/brmapp/portal/7.5/TD/apps/td_farmsource_billing/fs_logs/td_fs_billing_extract_drop.log
pin/Brm_213pin@brmuat
Check if the objects have been dropped in DR database... 
value MM1 is   mm1 
value MON is 9  mon 
The current date is 2022 09 29
value day is 29  day 
value MONTH is 8  month 
value year is 122  year 
value is   mm1 
value is 09  mon 
Recreate database objects for fsbilling for DOM: 20221001
20221001
Check if the objects have been recreated in DR database... 
CSV generation in progress... 
 20220901  
create csv file DOM: 20220901
CSV Generation completed 
td_fs_billing_crontab.sh started at Fri Oct 21 10:20:18 NZDT 2022
Starting fs_billing Program...... 
Dropping fs_billing objects from database.... 
/brmapp/portal/7.5/TD/apps/td_farmsource_billing/fs_logs/td_fs_billing_extract_drop.log
pin/Brm_213pin@brmuat
Check if the objects have been dropped in DR database... 
value MM1 is   mm1 
value MON is 10  mon 
The current date is 2022 10 21
value day is 21  day 
value MONTH is 9  month 
value year is 122  year 
value is   mm1 
value is 10  mon 
Recreate database objects for fsbilling for DOM: 20221101
20221101
Check if the objects have been recreated in DR database... 
CSV generation in progress... 
 20221001  
create csv file DOM: 20221001
CSV Generation completed 
td_fs_billing_crontab.sh started at Mon Nov 7 10:39:34 NZDT 2022
NEW DOM VALUE IS 

 ACTG_CYCLE_DOM_CONF = "10";Starting fs_billing Program...... 
Dropping fs_billing objects from database.... 
/brmapp/portal/7.5/TD/apps/td_farmsource_billing/fs_logs/td_fs_billing_extract_drop.log
pin/Brm_213pin@brmuat
Check if the objects have been dropped in DR database... 
value MM1 is   mm1 
value MON is 11  mon 
The current date is 2022 11 07
value day is 7  day 
value MONTH is 10  month 
value year is 122  year 
value is   mm1 
value is 11  mon 
Recreate database objects for fsbilling for DOM: 20221110
20221110
Check if the objects have been recreated in DR database... 
CSV generation in progress... 
 20221110  
create csv file DOM: 20221110
CSV Generation completed 
td_fs_billing_crontab.sh started at Mon Nov 7 10:42:00 NZDT 2022
NEW DOM VALUE IS 

 ACTG_CYCLE_DOM_CONF = "10";Starting fs_billing Program...... 
Dropping fs_billing objects from database.... 
/brmapp/portal/7.5/TD/apps/td_farmsource_billing/fs_logs/td_fs_billing_extract_drop.log
pin/Brm_213pin@brmuat
Check if the objects have been dropped in DR database... 
value MM1 is   mm1 
value MON is 11  mon 
The current date is 2022 11 07
value day is 7  day 
value MONTH is 10  month 
value year is 122  year 
value is   mm1 
value is 11  mon 
Recreate database objects for fsbilling for DOM: 20221110
20221110
Check if the objects have been recreated in DR database... 
CSV generation in progress... 
 20221110  
create csv file DOM: 20221110
CSV Generation completed 
td_fs_billing_crontab.sh started at Mon Nov 7 10:42:15 NZDT 2022
Starting fs_billing Program...... 
Dropping fs_billing objects from database.... 
/brmapp/portal/7.5/TD/apps/td_farmsource_billing/fs_logs/td_fs_billing_extract_drop.log
pin/Brm_213pin@brmuat
Check if the objects have been dropped in DR database... 
value MM1 is   mm1 
value MON is 11  mon 
The current date is 2022 11 07
value day is 7  day 
value MONTH is 10  month 
value year is 122  year 
value is   mm1 
value is 11  mon 
Recreate database objects for fsbilling for DOM: 20221201
20221201
Check if the objects have been recreated in DR database... 
CSV generation in progress... 
 20221101  
create csv file DOM: 20221101
CSV Generation completed 
