#################################################################
td_discount_output_formatting.sh started at Fri Apr 23 14:40:52 NZST 2021
#################################################################
#################################################################
 Starting formatting output for products fetched Fri Apr 23 14:40:52 NZST 2021
#################################################################
End of td_discount_output_formatting.sh
#################################################################
td_discount_output_formatting.sh finished at Fri Apr 23 14:40:52 NZST 2021
#################################################################


*****************Fetching data extract for GL from BRM DB on  Fri Apr 23 14:41:28 2021 **********************

Starting database fetch Program on :  Fri Apr 23 14:41:28 2021  
Collecting non Zero event data from database!!! 
Connected to:
DB Connected is OK at time 2021042314
Fetching of event data completed on Fri Apr 23 14:41:28 2021! 
Starting archiving and renaming event file!
#################################################################
td_event_output_formatting.sh started at Fri Apr 23 14:41:37 NZST 2021
#################################################################
#################################################################
 Starting formatting output for non zero events Fri Apr 23 14:41:37 NZST 2021
#################################################################
End of td_event_output_formatting.sh
#################################################################
td_event_output_formatting.sh finished at Fri Apr 23 14:41:38 NZST 2021
#################################################################
Archiving and renaming event file and sending to out directory completed!
Starting to collect Zero event data from database on Fri Apr 23 14:41:28 2021!!!
Connected to:
DB Connected is OK at time 2021042314
Fetching of Zero event data completed on Fri Apr 23 14:41:28 2021!
Starting archiving and renaming Zero event file!
#################################################################
td_event_output_formatting.sh started at Fri Apr 23 14:41:46 NZST 2021
#################################################################
#################################################################
 Starting formatting output for Zero events Fri Apr 23 14:41:46 NZST 2021 
#################################################################
End of td_event_output_formatting.sh
#################################################################
td_event_output_formatting.sh finished at Fri Apr 23 14:41:46 NZST 2021
#################################################################
Archiving and renaming *Zero* event file and sending to out directory completed! on Fri Apr 23 14:41:28 2021!
Starting to collect payment event data from database on Fri Apr 23 14:41:28 2021!!!
Connected to:
DB Connected is OK at time 2021042314
Fetching of payment event data completed on Fri Apr 23 14:41:28 2021!
Starting archiving and renaming payment event data file!
#################################################################
td_payment_event_output_formatting.sh started at Fri Apr 23 14:42:03 NZST 2021
#################################################################
#################################################################
 Starting formatting output for non zero events Fri Apr 23 14:42:03 NZST 2021
#################################################################
End of td_payment_event_output_formatting.sh
#################################################################
td_payment_event_output_formatting.sh finished at Fri Apr 23 14:42:03 NZST 2021
#################################################################
Archiving and renaming payment event data file and sending to out directory completed! on Fri Apr 23 14:41:28 2021!
Starting to collect Account data from database on Fri Apr 23 14:41:28 2021!!!!
Connected to:
DB Connected is OK at time 2021042314
Fetching of Account data completed on Fri Apr 23 14:41:28 2021!
Starting archiving and renaming Account data file!!! 
#################################################################
td_account_output_formatting.sh started at Fri Apr 23 14:42:04 NZST 2021
#################################################################
#################################################################
 Starting formatting output for accounts fetched Fri Apr 23 14:42:04 NZST 2021
#################################################################
rows
End of td_account_output_formatting.sh
#################################################################
td_account_output_formatting.sh finished at Fri Apr 23 14:42:04 NZST 2021
#################################################################
Archiving and renaming Account data file and sending to out directory completed! on Fri Apr 23 14:41:28 2021!
Starting to collect Product data from database on Fri Apr 23 14:41:28 2021!!!!
Connected to:
DB Connected is OK at time 2021042314
Fetching of product data completed on Fri Apr 23 14:41:28 2021!
Starting archiving and renaming product data file!!! 
#################################################################
td_product_output_formatting.sh started at Fri Apr 23 14:42:06 NZST 2021
#################################################################
#################################################################
 Starting formatting output for products fetched Fri Apr 23 14:42:06 NZST 2021
#################################################################
rows
End of td_product_output_formatting.sh
#################################################################
td_product_output_formatting.sh finished at Fri Apr 23 14:42:06 NZST 2021
#################################################################
Starting to collect Association discount data from database on Fri Apr 23 14:41:28 2021!!!!
Connected to:
DB Connected is OK at time 2021042314
Fetching of Association discount data completed on Fri Apr 23 14:41:28 2021!
Starting archiving and renaming Association discount data file!!! 
#################################################################
td_amd_output_formatting.sh started at Fri Apr 23 14:42:06 NZST 2021
#################################################################
#################################################################
 Starting formatting output for amd fetched Fri Apr 23 14:42:06 NZST 2021
#################################################################
rows
End of td_amd_output_formatting.sh
#################################################################
td_amd_output_formatting.sh finished at Fri Apr 23 14:42:06 NZST 2021
#################################################################
Starting to collect Association Product data from database on Fri Apr 23 14:41:28 2021!!!!
Connected to:
DB Connected is OK at time 2021042314
Fetching of Association product data completed on Fri Apr 23 14:41:28 2021!
Starting archiving and renaming Association product data file!!! 
#################################################################
td_amp_output_formatting.sh started at Fri Apr 23 14:42:20 NZST 2021
#################################################################
#################################################################
 Starting formatting output for amp fetched Fri Apr 23 14:42:20 NZST 2021
#################################################################
rows
End of td_amp_output_formatting.sh
#################################################################
td_amp_output_formatting.sh finished at Fri Apr 23 14:42:20 NZST 2021
#################################################################
Starting to collect discount data from database on Fri Apr 23 14:41:28 2021!!!!
Connected to:
DB Connected is OK at time 2021042314
Fetching of Association discount data completed on Fri Apr 23 14:41:28 2021!
Starting archiving and renaming discount data file!!! 
#################################################################
td_discount_output_formatting.sh started at Fri Apr 23 14:42:20 NZST 2021
#################################################################
#################################################################
 Starting formatting output for products fetched Fri Apr 23 14:42:20 NZST 2021
#################################################################
End of td_discount_output_formatting.sh
#################################################################
td_discount_output_formatting.sh finished at Fri Apr 23 14:42:20 NZST 2021
#################################################################


*****************Data Extraction Compeleted from BRM DB on Fri Apr 23 14:41:28 2021! ***********************

#################################################################
td_discount_output_formatting.sh started at Fri Apr 23 14:44:28 NZST 2021
#################################################################
#################################################################
 Starting formatting output for products fetched Fri Apr 23 14:44:28 NZST 2021
#################################################################
End of td_discount_output_formatting.sh
#################################################################
td_discount_output_formatting.sh finished at Fri Apr 23 14:44:28 NZST 2021
#################################################################
#################################################################
td_discount_output_formatting.sh started at Fri Apr 23 14:45:11 NZST 2021
#################################################################
#################################################################
 Starting formatting output for products fetched Fri Apr 23 14:45:11 NZST 2021
#################################################################
End of td_discount_output_formatting.sh
#################################################################
td_discount_output_formatting.sh finished at Fri Apr 23 14:45:11 NZST 2021
#################################################################


*****************Fetching data extract for GL from BRM DB on  Fri Apr 23 14:47:01 2021 **********************

Starting database fetch Program on :  Fri Apr 23 14:47:01 2021  
Collecting non Zero event data from database!!! 
Connected to:
DB Connected is OK at time 2021042314
Fetching of event data completed on Fri Apr 23 14:47:01 2021! 
Starting archiving and renaming event file!
#################################################################
td_event_output_formatting.sh started at Fri Apr 23 14:47:09 NZST 2021
#################################################################
#################################################################
 Starting formatting output for non zero events Fri Apr 23 14:47:09 NZST 2021
#################################################################
End of td_event_output_formatting.sh
#################################################################
td_event_output_formatting.sh finished at Fri Apr 23 14:47:09 NZST 2021
#################################################################
Archiving and renaming event file and sending to out directory completed!
Starting to collect Zero event data from database on Fri Apr 23 14:47:01 2021!!!
Connected to:
DB Connected is OK at time 2021042314
Fetching of Zero event data completed on Fri Apr 23 14:47:01 2021!
Starting archiving and renaming Zero event file!
#################################################################
td_event_output_formatting.sh started at Fri Apr 23 14:47:19 NZST 2021
#################################################################
#################################################################
 Starting formatting output for Zero events Fri Apr 23 14:47:19 NZST 2021 
#################################################################
End of td_event_output_formatting.sh
#################################################################
td_event_output_formatting.sh finished at Fri Apr 23 14:47:19 NZST 2021
#################################################################
Archiving and renaming *Zero* event file and sending to out directory completed! on Fri Apr 23 14:47:01 2021!
Starting to collect payment event data from database on Fri Apr 23 14:47:01 2021!!!
Connected to:
DB Connected is OK at time 2021042314
Fetching of payment event data completed on Fri Apr 23 14:47:01 2021!
Starting archiving and renaming payment event data file!
#################################################################
td_payment_event_output_formatting.sh started at Fri Apr 23 14:47:38 NZST 2021
#################################################################
#################################################################
 Starting formatting output for non zero events Fri Apr 23 14:47:38 NZST 2021
#################################################################
End of td_payment_event_output_formatting.sh
#################################################################
td_payment_event_output_formatting.sh finished at Fri Apr 23 14:47:38 NZST 2021
#################################################################
Archiving and renaming payment event data file and sending to out directory completed! on Fri Apr 23 14:47:01 2021!
Starting to collect Account data from database on Fri Apr 23 14:47:01 2021!!!!
Connected to:
DB Connected is OK at time 2021042314
Fetching of Account data completed on Fri Apr 23 14:47:01 2021!
Starting archiving and renaming Account data file!!! 
#################################################################
td_account_output_formatting.sh started at Fri Apr 23 14:47:39 NZST 2021
#################################################################
#################################################################
 Starting formatting output for accounts fetched Fri Apr 23 14:47:39 NZST 2021
#################################################################
rows
End of td_account_output_formatting.sh
#################################################################
td_account_output_formatting.sh finished at Fri Apr 23 14:47:39 NZST 2021
#################################################################
Archiving and renaming Account data file and sending to out directory completed! on Fri Apr 23 14:47:01 2021!
Starting to collect Product data from database on Fri Apr 23 14:47:01 2021!!!!
Connected to:
DB Connected is OK at time 2021042314
Fetching of product data completed on Fri Apr 23 14:47:01 2021!
Starting archiving and renaming product data file!!! 
#################################################################
td_product_output_formatting.sh started at Fri Apr 23 14:47:41 NZST 2021
#################################################################
#################################################################
 Starting formatting output for products fetched Fri Apr 23 14:47:41 NZST 2021
#################################################################
rows
End of td_product_output_formatting.sh
#################################################################
td_product_output_formatting.sh finished at Fri Apr 23 14:47:41 NZST 2021
#################################################################
Starting to collect Association discount data from database on Fri Apr 23 14:47:01 2021!!!!
Connected to:
DB Connected is OK at time 2021042314
Fetching of Association discount data completed on Fri Apr 23 14:47:01 2021!
Starting archiving and renaming Association discount data file!!! 
#################################################################
td_amd_output_formatting.sh started at Fri Apr 23 14:47:41 NZST 2021
#################################################################
#################################################################
 Starting formatting output for amd fetched Fri Apr 23 14:47:41 NZST 2021
#################################################################
rows
End of td_amd_output_formatting.sh
#################################################################
td_amd_output_formatting.sh finished at Fri Apr 23 14:47:41 NZST 2021
#################################################################
Starting to collect Association Product data from database on Fri Apr 23 14:47:01 2021!!!!
Connected to:
DB Connected is OK at time 2021042314
Fetching of Association product data completed on Fri Apr 23 14:47:01 2021!
Starting archiving and renaming Association product data file!!! 
#################################################################
td_amp_output_formatting.sh started at Fri Apr 23 14:47:55 NZST 2021
#################################################################
#################################################################
 Starting formatting output for amp fetched Fri Apr 23 14:47:55 NZST 2021
#################################################################
rows
End of td_amp_output_formatting.sh
#################################################################
td_amp_output_formatting.sh finished at Fri Apr 23 14:47:55 NZST 2021
#################################################################
Starting to collect discount data from database on Fri Apr 23 14:47:01 2021!!!!
Connected to:
DB Connected is OK at time 2021042314
Fetching of Association discount data completed on Fri Apr 23 14:47:01 2021!
Starting archiving and renaming discount data file!!! 
#################################################################
td_discount_output_formatting.sh started at Fri Apr 23 14:47:55 NZST 2021
#################################################################
#################################################################
 Starting formatting output for products fetched Fri Apr 23 14:47:55 NZST 2021
#################################################################
rows
End of td_discount_output_formatting.sh
#################################################################
td_discount_output_formatting.sh finished at Fri Apr 23 14:47:55 NZST 2021
#################################################################


*****************Data Extraction Compeleted from BRM DB on Fri Apr 23 14:47:01 2021! ***********************



*****************Fetching data extract for GL from BRM DB on  Tue Apr 27 10:04:28 2021 **********************

Starting database fetch Program on :  Tue Apr 27 10:04:28 2021  
Collecting non Zero event data from database!!! 
Connected to:
DB Connected is OK at time 2021042710
Fetching of event data completed on Tue Apr 27 10:04:28 2021! 
Starting archiving and renaming event file!
#################################################################
td_event_output_formatting.sh started at Tue Apr 27 10:04:35 NZST 2021
#################################################################
#################################################################
 Starting formatting output for non zero events Tue Apr 27 10:04:35 NZST 2021
#################################################################
End of td_event_output_formatting.sh
#################################################################
td_event_output_formatting.sh finished at Tue Apr 27 10:04:35 NZST 2021
#################################################################
Archiving and renaming event file and sending to out directory completed!
Starting to collect Zero event data from database on Tue Apr 27 10:04:28 2021!!!
Connected to:
DB Connected is OK at time 2021042710
Fetching of Zero event data completed on Tue Apr 27 10:04:28 2021!
Starting archiving and renaming Zero event file!
#################################################################
td_event_output_formatting.sh started at Tue Apr 27 10:04:42 NZST 2021
#################################################################
#################################################################
 Starting formatting output for Zero events Tue Apr 27 10:04:42 NZST 2021 
#################################################################
End of td_event_output_formatting.sh
#################################################################
td_event_output_formatting.sh finished at Tue Apr 27 10:04:42 NZST 2021
#################################################################
Archiving and renaming *Zero* event file and sending to out directory completed! on Tue Apr 27 10:04:28 2021!
Starting to collect payment event data from database on Tue Apr 27 10:04:28 2021!!!
Connected to:
DB Connected is OK at time 2021042710
Fetching of payment event data completed on Tue Apr 27 10:04:28 2021!
Starting archiving and renaming payment event data file!
#################################################################
td_payment_event_output_formatting.sh started at Tue Apr 27 10:05:03 NZST 2021
#################################################################
#################################################################
 Starting formatting output for non zero events Tue Apr 27 10:05:03 NZST 2021
#################################################################
End of td_payment_event_output_formatting.sh
#################################################################
td_payment_event_output_formatting.sh finished at Tue Apr 27 10:05:03 NZST 2021
#################################################################
Archiving and renaming payment event data file and sending to out directory completed! on Tue Apr 27 10:04:28 2021!
Starting to collect Account data from database on Tue Apr 27 10:04:28 2021!!!!
Connected to:
DB Connected is OK at time 2021042710
Fetching of Account data completed on Tue Apr 27 10:04:28 2021!
Starting archiving and renaming Account data file!!! 
#################################################################
td_account_output_formatting.sh started at Tue Apr 27 10:05:04 NZST 2021
#################################################################
#################################################################
 Starting formatting output for accounts fetched Tue Apr 27 10:05:04 NZST 2021
#################################################################
rows
End of td_account_output_formatting.sh
#################################################################
td_account_output_formatting.sh finished at Tue Apr 27 10:05:04 NZST 2021
#################################################################
Archiving and renaming Account data file and sending to out directory completed! on Tue Apr 27 10:04:28 2021!
Starting to collect Product data from database on Tue Apr 27 10:04:28 2021!!!!
Connected to:
DB Connected is OK at time 2021042710
Fetching of product data completed on Tue Apr 27 10:04:28 2021!
Starting archiving and renaming product data file!!! 
#################################################################
td_product_output_formatting.sh started at Tue Apr 27 10:05:06 NZST 2021
#################################################################
#################################################################
 Starting formatting output for products fetched Tue Apr 27 10:05:06 NZST 2021
#################################################################
rows
End of td_product_output_formatting.sh
#################################################################
td_product_output_formatting.sh finished at Tue Apr 27 10:05:06 NZST 2021
#################################################################
Starting to collect Association discount data from database on Tue Apr 27 10:04:28 2021!!!!
Connected to:
DB Connected is OK at time 2021042710
Fetching of Association discount data completed on Tue Apr 27 10:04:28 2021!
Starting archiving and renaming Association discount data file!!! 
#################################################################
td_amd_output_formatting.sh started at Tue Apr 27 10:05:07 NZST 2021
#################################################################
#################################################################
 Starting formatting output for amd fetched Tue Apr 27 10:05:07 NZST 2021
#################################################################
rows
End of td_amd_output_formatting.sh
#################################################################
td_amd_output_formatting.sh finished at Tue Apr 27 10:05:07 NZST 2021
#################################################################
Starting to collect Association Product data from database on Tue Apr 27 10:04:28 2021!!!!
Connected to:
DB Connected is OK at time 2021042710
Fetching of Association product data completed on Tue Apr 27 10:04:28 2021!
Starting archiving and renaming Association product data file!!! 
#################################################################
td_amp_output_formatting.sh started at Tue Apr 27 10:05:22 NZST 2021
#################################################################
#################################################################
 Starting formatting output for amp fetched Tue Apr 27 10:05:22 NZST 2021
#################################################################
rows
End of td_amp_output_formatting.sh
#################################################################
td_amp_output_formatting.sh finished at Tue Apr 27 10:05:22 NZST 2021
#################################################################
Starting to collect discount data from database on Tue Apr 27 10:04:28 2021!!!!
Connected to:
DB Connected is OK at time 2021042710
Fetching of Association discount data completed on Tue Apr 27 10:04:28 2021!
Starting archiving and renaming discount data file!!! 
#################################################################
td_discount_output_formatting.sh started at Tue Apr 27 10:05:24 NZST 2021
#################################################################
#################################################################
 Starting formatting output for products fetched Tue Apr 27 10:05:24 NZST 2021
#################################################################
rows
End of td_discount_output_formatting.sh
#################################################################
td_discount_output_formatting.sh finished at Tue Apr 27 10:05:24 NZST 2021
#################################################################


*****************Data Extraction Compeleted from BRM DB on Tue Apr 27 10:04:28 2021! ***********************



*****************Fetching data extract for GL from BRM DB on  Tue Apr 27 11:55:31 2021 **********************

Starting database fetch Program on :  Tue Apr 27 11:55:31 2021  
Collecting non Zero event data from database!!! 
Connected to:
DB Connected is OK at time 2021042711
Fetching of event data completed on Tue Apr 27 11:55:31 2021! 
Starting archiving and renaming event file!
#################################################################
td_event_output_formatting.sh started at Tue Apr 27 11:55:36 NZST 2021
#################################################################
#################################################################
 Starting formatting output for non zero events Tue Apr 27 11:55:36 NZST 2021
#################################################################
End of td_event_output_formatting.sh
#################################################################
td_event_output_formatting.sh finished at Tue Apr 27 11:55:36 NZST 2021
#################################################################
Archiving and renaming event file and sending to out directory completed!
Starting to collect Zero event data from database on Tue Apr 27 11:55:31 2021!!!
Connected to:
DB Connected is OK at time 2021042711
Fetching of Zero event data completed on Tue Apr 27 11:55:31 2021!
Starting archiving and renaming Zero event file!
#################################################################
td_event_output_formatting.sh started at Tue Apr 27 11:55:42 NZST 2021
#################################################################
#################################################################
 Starting formatting output for Zero events Tue Apr 27 11:55:42 NZST 2021 
#################################################################
End of td_event_output_formatting.sh
#################################################################
td_event_output_formatting.sh finished at Tue Apr 27 11:55:42 NZST 2021
#################################################################
Archiving and renaming *Zero* event file and sending to out directory completed! on Tue Apr 27 11:55:31 2021!
Starting to collect payment event data from database on Tue Apr 27 11:55:31 2021!!!
Connected to:
DB Connected is OK at time 2021042711
Fetching of payment event data completed on Tue Apr 27 11:55:31 2021!
Starting archiving and renaming payment event data file!
#################################################################
td_payment_event_output_formatting.sh started at Tue Apr 27 11:56:00 NZST 2021
#################################################################
#################################################################
 Starting formatting output for non zero events Tue Apr 27 11:56:00 NZST 2021
#################################################################
End of td_payment_event_output_formatting.sh
#################################################################
td_payment_event_output_formatting.sh finished at Tue Apr 27 11:56:00 NZST 2021
#################################################################
Archiving and renaming payment event data file and sending to out directory completed! on Tue Apr 27 11:55:31 2021!
Starting to collect Account data from database on Tue Apr 27 11:55:31 2021!!!!
Connected to:
DB Connected is OK at time 2021042711
Fetching of Account data completed on Tue Apr 27 11:55:31 2021!
Starting archiving and renaming Account data file!!! 
#################################################################
td_account_output_formatting.sh started at Tue Apr 27 11:56:01 NZST 2021
#################################################################
#################################################################
 Starting formatting output for accounts fetched Tue Apr 27 11:56:01 NZST 2021
#################################################################
rows
End of td_account_output_formatting.sh
#################################################################
td_account_output_formatting.sh finished at Tue Apr 27 11:56:01 NZST 2021
#################################################################
Archiving and renaming Account data file and sending to out directory completed! on Tue Apr 27 11:55:31 2021!
Starting to collect Product data from database on Tue Apr 27 11:55:31 2021!!!!
Connected to:
DB Connected is OK at time 2021042711
Fetching of product data completed on Tue Apr 27 11:55:31 2021!
Starting archiving and renaming product data file!!! 
#################################################################
td_product_output_formatting.sh started at Tue Apr 27 11:56:03 NZST 2021
#################################################################
#################################################################
 Starting formatting output for products fetched Tue Apr 27 11:56:03 NZST 2021
#################################################################
rows
End of td_product_output_formatting.sh
#################################################################
td_product_output_formatting.sh finished at Tue Apr 27 11:56:03 NZST 2021
#################################################################
Starting to collect Association discount data from database on Tue Apr 27 11:55:31 2021!!!!
Connected to:
DB Connected is OK at time 2021042711
Fetching of Association discount data completed on Tue Apr 27 11:55:31 2021!
Starting archiving and renaming Association discount data file!!! 
#################################################################
td_amd_output_formatting.sh started at Tue Apr 27 11:56:04 NZST 2021
#################################################################
#################################################################
 Starting formatting output for amd fetched Tue Apr 27 11:56:04 NZST 2021
#################################################################
rows
End of td_amd_output_formatting.sh
#################################################################
td_amd_output_formatting.sh finished at Tue Apr 27 11:56:04 NZST 2021
#################################################################
Starting to collect Association Product data from database on Tue Apr 27 11:55:31 2021!!!!
Connected to:
DB Connected is OK at time 2021042711
Fetching of Association product data completed on Tue Apr 27 11:55:31 2021!
Starting archiving and renaming Association product data file!!! 
#################################################################
td_amp_output_formatting.sh started at Tue Apr 27 11:56:19 NZST 2021
#################################################################
#################################################################
 Starting formatting output for amp fetched Tue Apr 27 11:56:19 NZST 2021
#################################################################
rows
End of td_amp_output_formatting.sh
#################################################################
td_amp_output_formatting.sh finished at Tue Apr 27 11:56:19 NZST 2021
#################################################################
Starting to collect discount data from database on Tue Apr 27 11:55:31 2021!!!!
Connected to:
DB Connected is OK at time 2021042711
Fetching of Association discount data completed on Tue Apr 27 11:55:31 2021!
Starting archiving and renaming discount data file!!! 
#################################################################
td_discount_output_formatting.sh started at Tue Apr 27 11:56:20 NZST 2021
#################################################################
#################################################################
 Starting formatting output for products fetched Tue Apr 27 11:56:20 NZST 2021
#################################################################
rows
End of td_discount_output_formatting.sh
#################################################################
td_discount_output_formatting.sh finished at Tue Apr 27 11:56:20 NZST 2021
#################################################################


*****************Data Extraction Compeleted from BRM DB on Tue Apr 27 11:55:31 2021! ***********************



*****************Fetching data extract for GL from BRM DB on  Wed Apr 28 14:10:04 2021 **********************

Starting database fetch Program on :  Wed Apr 28 14:10:04 2021  
Collecting non Zero event data from database!!! 
Connected to:
DB Connected is OK at time 2021042814
Fetching of event data completed on Wed Apr 28 14:10:04 2021! 
Starting archiving and renaming event file!
#################################################################
td_event_output_formatting.sh started at Wed Apr 28 14:10:09 NZST 2021
#################################################################
#################################################################
 Starting formatting output for non zero events Wed Apr 28 14:10:09 NZST 2021
#################################################################
End of td_event_output_formatting.sh
#################################################################
td_event_output_formatting.sh finished at Wed Apr 28 14:10:09 NZST 2021
#################################################################
Archiving and renaming event file and sending to out directory completed!
Starting to collect Zero event data from database on Wed Apr 28 14:10:04 2021!!!
Connected to:
DB Connected is OK at time 2021042814
Fetching of Zero event data completed on Wed Apr 28 14:10:04 2021!
Starting archiving and renaming Zero event file!
#################################################################
td_event_output_formatting.sh started at Wed Apr 28 14:10:14 NZST 2021
#################################################################
#################################################################
 Starting formatting output for Zero events Wed Apr 28 14:10:14 NZST 2021 
#################################################################
End of td_event_output_formatting.sh
#################################################################
td_event_output_formatting.sh finished at Wed Apr 28 14:10:14 NZST 2021
#################################################################
Archiving and renaming *Zero* event file and sending to out directory completed! on Wed Apr 28 14:10:04 2021!
Starting to collect payment event data from database on Wed Apr 28 14:10:04 2021!!!
Connected to:
DB Connected is OK at time 2021042814
Fetching of payment event data completed on Wed Apr 28 14:10:04 2021!
Starting archiving and renaming payment event data file!
#################################################################
td_payment_event_output_formatting.sh started at Wed Apr 28 14:10:33 NZST 2021
#################################################################
#################################################################
 Starting formatting output for non zero events Wed Apr 28 14:10:33 NZST 2021
#################################################################
End of td_payment_event_output_formatting.sh
#################################################################
td_payment_event_output_formatting.sh finished at Wed Apr 28 14:10:33 NZST 2021
#################################################################
Archiving and renaming payment event data file and sending to out directory completed! on Wed Apr 28 14:10:04 2021!
Starting to collect Account data from database on Wed Apr 28 14:10:04 2021!!!!
Connected to:
DB Connected is OK at time 2021042814
Fetching of Account data completed on Wed Apr 28 14:10:04 2021!
Starting archiving and renaming Account data file!!! 
#################################################################
td_account_output_formatting.sh started at Wed Apr 28 14:10:35 NZST 2021
#################################################################
#################################################################
 Starting formatting output for accounts fetched Wed Apr 28 14:10:35 NZST 2021
#################################################################
rows
End of td_account_output_formatting.sh
#################################################################
td_account_output_formatting.sh finished at Wed Apr 28 14:10:35 NZST 2021
#################################################################
Archiving and renaming Account data file and sending to out directory completed! on Wed Apr 28 14:10:04 2021!
Starting to collect Product data from database on Wed Apr 28 14:10:04 2021!!!!
Connected to:
DB Connected is OK at time 2021042814
Fetching of product data completed on Wed Apr 28 14:10:04 2021!
Starting archiving and renaming product data file!!! 
#################################################################
td_product_output_formatting.sh started at Wed Apr 28 14:10:37 NZST 2021
#################################################################
#################################################################
 Starting formatting output for products fetched Wed Apr 28 14:10:37 NZST 2021
#################################################################
rows
End of td_product_output_formatting.sh
#################################################################
td_product_output_formatting.sh finished at Wed Apr 28 14:10:37 NZST 2021
#################################################################
Starting to collect Association discount data from database on Wed Apr 28 14:10:04 2021!!!!
Connected to:
DB Connected is OK at time 2021042814
Fetching of Association discount data completed on Wed Apr 28 14:10:04 2021!
Starting archiving and renaming Association discount data file!!! 
#################################################################
td_amd_output_formatting.sh started at Wed Apr 28 14:10:38 NZST 2021
#################################################################
#################################################################
 Starting formatting output for amd fetched Wed Apr 28 14:10:38 NZST 2021
#################################################################
rows
End of td_amd_output_formatting.sh
#################################################################
td_amd_output_formatting.sh finished at Wed Apr 28 14:10:38 NZST 2021
#################################################################
Starting to collect Association Product data from database on Wed Apr 28 14:10:04 2021!!!!
Connected to:
DB Connected is OK at time 2021042814
Fetching of Association product data completed on Wed Apr 28 14:10:04 2021!
Starting archiving and renaming Association product data file!!! 
#################################################################
td_amp_output_formatting.sh started at Wed Apr 28 14:10:55 NZST 2021
#################################################################
#################################################################
 Starting formatting output for amp fetched Wed Apr 28 14:10:55 NZST 2021
#################################################################
rows
End of td_amp_output_formatting.sh
#################################################################
td_amp_output_formatting.sh finished at Wed Apr 28 14:10:55 NZST 2021
#################################################################
Starting to collect discount data from database on Wed Apr 28 14:10:04 2021!!!!
Connected to:
DB Connected is OK at time 2021042814
Fetching of Association discount data completed on Wed Apr 28 14:10:04 2021!
Starting archiving and renaming discount data file!!! 
#################################################################
td_discount_output_formatting.sh started at Wed Apr 28 14:10:55 NZST 2021
#################################################################
#################################################################
 Starting formatting output for products fetched Wed Apr 28 14:10:55 NZST 2021
#################################################################
rows
End of td_discount_output_formatting.sh
#################################################################
td_discount_output_formatting.sh finished at Wed Apr 28 14:10:55 NZST 2021
#################################################################


*****************Data Extraction Compeleted from BRM DB on Wed Apr 28 14:10:04 2021! ***********************

#################################################################
td_product_output_formatting.sh started at Wed Apr 28 14:16:17 NZST 2021
#################################################################
#################################################################
 Starting formatting output for products fetched Wed Apr 28 14:16:17 NZST 2021
#################################################################
End of td_product_output_formatting.sh
#################################################################
td_product_output_formatting.sh finished at Wed Apr 28 14:16:17 NZST 2021
#################################################################
#################################################################
td_product_output_formatting.sh started at Wed Apr 28 14:16:43 NZST 2021
#################################################################
#################################################################
 Starting formatting output for products fetched Wed Apr 28 14:16:43 NZST 2021
#################################################################
End of td_product_output_formatting.sh
#################################################################
td_product_output_formatting.sh finished at Wed Apr 28 14:16:43 NZST 2021
#################################################################
#################################################################
td_product_output_formatting.sh started at Wed Apr 28 14:16:57 NZST 2021
#################################################################
#################################################################
 Starting formatting output for products fetched Wed Apr 28 14:16:57 NZST 2021
#################################################################
End of td_product_output_formatting.sh
#################################################################
td_product_output_formatting.sh finished at Wed Apr 28 14:16:57 NZST 2021
#################################################################


*****************Fetching data extract for GL from BRM DB on  Wed Apr 28 14:21:16 2021 **********************

Starting database fetch Program on :  Wed Apr 28 14:21:16 2021  
Collecting non Zero event data from database!!! 
Connected to:
DB Connected is OK at time 2021042814
Fetching of event data completed on Wed Apr 28 14:21:16 2021! 
Starting archiving and renaming event file!
#################################################################
td_event_output_formatting.sh started at Wed Apr 28 14:21:24 NZST 2021
#################################################################
#################################################################
 Starting formatting output for non zero events Wed Apr 28 14:21:24 NZST 2021
#################################################################
End of td_event_output_formatting.sh
#################################################################
td_event_output_formatting.sh finished at Wed Apr 28 14:21:24 NZST 2021
#################################################################
Archiving and renaming event file and sending to out directory completed!
Starting to collect Zero event data from database on Wed Apr 28 14:21:16 2021!!!
Connected to:
DB Connected is OK at time 2021042814
Fetching of Zero event data completed on Wed Apr 28 14:21:16 2021!
Starting archiving and renaming Zero event file!
#################################################################
td_event_output_formatting.sh started at Wed Apr 28 14:21:30 NZST 2021
#################################################################
#################################################################
 Starting formatting output for Zero events Wed Apr 28 14:21:30 NZST 2021 
#################################################################
End of td_event_output_formatting.sh
#################################################################
td_event_output_formatting.sh finished at Wed Apr 28 14:21:30 NZST 2021
#################################################################
Archiving and renaming *Zero* event file and sending to out directory completed! on Wed Apr 28 14:21:16 2021!
Starting to collect payment event data from database on Wed Apr 28 14:21:16 2021!!!
Connected to:
DB Connected is OK at time 2021042814
Fetching of payment event data completed on Wed Apr 28 14:21:16 2021!
Starting archiving and renaming payment event data file!
#################################################################
td_payment_event_output_formatting.sh started at Wed Apr 28 14:21:49 NZST 2021
#################################################################
#################################################################
 Starting formatting output for non zero events Wed Apr 28 14:21:49 NZST 2021
#################################################################
End of td_payment_event_output_formatting.sh
#################################################################
td_payment_event_output_formatting.sh finished at Wed Apr 28 14:21:49 NZST 2021
#################################################################
Archiving and renaming payment event data file and sending to out directory completed! on Wed Apr 28 14:21:16 2021!
Starting to collect Account data from database on Wed Apr 28 14:21:16 2021!!!!
Connected to:
DB Connected is OK at time 2021042814
Fetching of Account data completed on Wed Apr 28 14:21:16 2021!
Starting archiving and renaming Account data file!!! 
#################################################################
td_account_output_formatting.sh started at Wed Apr 28 14:21:51 NZST 2021
#################################################################
#################################################################
 Starting formatting output for accounts fetched Wed Apr 28 14:21:51 NZST 2021
#################################################################
rows
End of td_account_output_formatting.sh
#################################################################
td_account_output_formatting.sh finished at Wed Apr 28 14:21:51 NZST 2021
#################################################################
Archiving and renaming Account data file and sending to out directory completed! on Wed Apr 28 14:21:16 2021!
Starting to collect Product data from database on Wed Apr 28 14:21:16 2021!!!!
Connected to:
DB Connected is OK at time 2021042814
Fetching of product data completed on Wed Apr 28 14:21:16 2021!
Starting archiving and renaming product data file!!! 
#################################################################
td_product_output_formatting.sh started at Wed Apr 28 14:21:53 NZST 2021
#################################################################
#################################################################
 Starting formatting output for products fetched Wed Apr 28 14:21:53 NZST 2021
#################################################################
rows
End of td_product_output_formatting.sh
#################################################################
td_product_output_formatting.sh finished at Wed Apr 28 14:21:53 NZST 2021
#################################################################
Starting to collect Association discount data from database on Wed Apr 28 14:21:16 2021!!!!
Connected to:
DB Connected is OK at time 2021042814
Fetching of Association discount data completed on Wed Apr 28 14:21:16 2021!
Starting archiving and renaming Association discount data file!!! 
#################################################################
td_amd_output_formatting.sh started at Wed Apr 28 14:21:53 NZST 2021
#################################################################
#################################################################
 Starting formatting output for amd fetched Wed Apr 28 14:21:53 NZST 2021
#################################################################
rows
End of td_amd_output_formatting.sh
#################################################################
td_amd_output_formatting.sh finished at Wed Apr 28 14:21:54 NZST 2021
#################################################################
Starting to collect Association Product data from database on Wed Apr 28 14:21:16 2021!!!!
Connected to:
DB Connected is OK at time 2021042814
Fetching of Association product data completed on Wed Apr 28 14:21:16 2021!
Starting archiving and renaming Association product data file!!! 
#################################################################
td_amp_output_formatting.sh started at Wed Apr 28 14:22:08 NZST 2021
#################################################################
#################################################################
 Starting formatting output for amp fetched Wed Apr 28 14:22:08 NZST 2021
#################################################################
rows
End of td_amp_output_formatting.sh
#################################################################
td_amp_output_formatting.sh finished at Wed Apr 28 14:22:08 NZST 2021
#################################################################
Starting to collect discount data from database on Wed Apr 28 14:21:16 2021!!!!
Connected to:
DB Connected is OK at time 2021042814
Fetching of Association discount data completed on Wed Apr 28 14:21:16 2021!
Starting archiving and renaming discount data file!!! 
#################################################################
td_discount_output_formatting.sh started at Wed Apr 28 14:22:09 NZST 2021
#################################################################
#################################################################
 Starting formatting output for products fetched Wed Apr 28 14:22:09 NZST 2021
#################################################################
rows
End of td_discount_output_formatting.sh
#################################################################
td_discount_output_formatting.sh finished at Wed Apr 28 14:22:09 NZST 2021
#################################################################


*****************Data Extraction Compeleted from BRM DB on Wed Apr 28 14:21:16 2021! ***********************



*****************Fetching data extract for GL from BRM DB on  Wed Apr 28 15:14:36 2021 **********************

Starting database fetch Program on :  Wed Apr 28 15:14:36 2021  
Collecting non Zero event data from database!!! 
Connected to:
DB Connected is OK at time 2021042815
Fetching of event data completed on Wed Apr 28 15:14:36 2021! 
Starting archiving and renaming event file!
#################################################################
td_event_output_formatting.sh started at Wed Apr 28 15:14:39 NZST 2021
#################################################################
#################################################################
 Starting formatting output for non zero events Wed Apr 28 15:14:40 NZST 2021
#################################################################
End of td_event_output_formatting.sh
#################################################################
td_event_output_formatting.sh finished at Wed Apr 28 15:14:40 NZST 2021
#################################################################
Archiving and renaming event file and sending to out directory completed!
Starting to collect Zero event data from database on Wed Apr 28 15:14:36 2021!!!
Connected to:
DB Connected is OK at time 2021042815
Fetching of Zero event data completed on Wed Apr 28 15:14:36 2021!
Starting archiving and renaming Zero event file!
#################################################################
td_event_output_formatting.sh started at Wed Apr 28 15:14:43 NZST 2021
#################################################################
#################################################################
 Starting formatting output for Zero events Wed Apr 28 15:14:43 NZST 2021 
#################################################################
End of td_event_output_formatting.sh
#################################################################
td_event_output_formatting.sh finished at Wed Apr 28 15:14:43 NZST 2021
#################################################################
Archiving and renaming *Zero* event file and sending to out directory completed! on Wed Apr 28 15:14:36 2021!
Starting to collect payment event data from database on Wed Apr 28 15:14:36 2021!!!
Connected to:
DB Connected is OK at time 2021042815
Fetching of payment event data completed on Wed Apr 28 15:14:36 2021!
Starting archiving and renaming payment event data file!
#################################################################
td_payment_event_output_formatting.sh started at Wed Apr 28 15:15:19 NZST 2021
#################################################################
#################################################################
 Starting formatting output for non zero events Wed Apr 28 15:15:19 NZST 2021
#################################################################
End of td_payment_event_output_formatting.sh
#################################################################
td_payment_event_output_formatting.sh finished at Wed Apr 28 15:15:19 NZST 2021
#################################################################
Archiving and renaming payment event data file and sending to out directory completed! on Wed Apr 28 15:14:36 2021!
Starting to collect Account data from database on Wed Apr 28 15:14:36 2021!!!!
Connected to:
DB Connected is OK at time 2021042815
Fetching of Account data completed on Wed Apr 28 15:14:36 2021!
Starting archiving and renaming Account data file!!! 
#################################################################
td_account_output_formatting.sh started at Wed Apr 28 15:15:23 NZST 2021
#################################################################
#################################################################
 Starting formatting output for accounts fetched Wed Apr 28 15:15:23 NZST 2021
#################################################################
rows
End of td_account_output_formatting.sh
#################################################################
td_account_output_formatting.sh finished at Wed Apr 28 15:15:23 NZST 2021
#################################################################
Archiving and renaming Account data file and sending to out directory completed! on Wed Apr 28 15:14:36 2021!
Starting to collect Product data from database on Wed Apr 28 15:14:36 2021!!!!
Connected to:
DB Connected is OK at time 2021042815
Fetching of product data completed on Wed Apr 28 15:14:36 2021!
Starting archiving and renaming product data file!!! 
#################################################################
td_product_output_formatting.sh started at Wed Apr 28 15:15:27 NZST 2021
#################################################################
#################################################################
 Starting formatting output for products fetched Wed Apr 28 15:15:27 NZST 2021
#################################################################
rows
End of td_product_output_formatting.sh
#################################################################
td_product_output_formatting.sh finished at Wed Apr 28 15:15:27 NZST 2021
#################################################################
Starting to collect Association discount data from database on Wed Apr 28 15:14:36 2021!!!!
Connected to:
DB Connected is OK at time 2021042815
Fetching of Association discount data completed on Wed Apr 28 15:14:36 2021!
Starting archiving and renaming Association discount data file!!! 
#################################################################
td_amd_output_formatting.sh started at Wed Apr 28 15:15:27 NZST 2021
#################################################################
#################################################################
 Starting formatting output for amd fetched Wed Apr 28 15:15:27 NZST 2021
#################################################################
rows
End of td_amd_output_formatting.sh
#################################################################
td_amd_output_formatting.sh finished at Wed Apr 28 15:15:27 NZST 2021
#################################################################
Starting to collect Association Product data from database on Wed Apr 28 15:14:36 2021!!!!
Connected to:
DB Connected is OK at time 2021042815
Fetching of Association product data completed on Wed Apr 28 15:14:36 2021!
Starting archiving and renaming Association product data file!!! 
#################################################################
td_amp_output_formatting.sh started at Wed Apr 28 15:15:28 NZST 2021
#################################################################
#################################################################
 Starting formatting output for amp fetched Wed Apr 28 15:15:28 NZST 2021
#################################################################
rows
End of td_amp_output_formatting.sh
#################################################################
td_amp_output_formatting.sh finished at Wed Apr 28 15:15:28 NZST 2021
#################################################################
Starting to collect discount data from database on Wed Apr 28 15:14:36 2021!!!!
Connected to:
DB Connected is OK at time 2021042815
Fetching of Association discount data completed on Wed Apr 28 15:14:36 2021!
Starting archiving and renaming discount data file!!! 
#################################################################
td_discount_output_formatting.sh started at Wed Apr 28 15:15:28 NZST 2021
#################################################################
#################################################################
 Starting formatting output for products fetched Wed Apr 28 15:15:28 NZST 2021
#################################################################
rows
End of td_discount_output_formatting.sh
#################################################################
td_discount_output_formatting.sh finished at Wed Apr 28 15:15:29 NZST 2021
#################################################################


*****************Data Extraction Compeleted from BRM DB on Wed Apr 28 15:14:36 2021! ***********************

Connected to:
DB Connected is OK at time 2021051011
Connected to:
DB Connected is OK at time 2021051011


*****************Fetching data extract for GL from BRM DB on  Mon May 10 14:27:52 2021 **********************

Starting database fetch Program on :  Mon May 10 14:27:52 2021  
Collecting non Zero event data from database!!! 
Connected to:
DB Connected is OK at time 2021051014
Fetching of event data completed on Mon May 10 14:27:52 2021! 
Starting archiving and renaming event file!
#################################################################
td_event_output_formatting.sh started at Mon May 10 14:27:52 NZST 2021
#################################################################
#################################################################
 Starting formatting output for non zero events Mon May 10 14:27:52 NZST 2021
#################################################################
End of td_event_output_formatting.sh
#################################################################
td_event_output_formatting.sh finished at Mon May 10 14:27:53 NZST 2021
#################################################################
Archiving and renaming event file and sending to out directory completed!
Starting to collect Zero event data from database on Mon May 10 14:27:52 2021!!!
Connected to:
DB Connected is OK at time 2021051014
Fetching of Zero event data completed on Mon May 10 14:27:52 2021!
Starting archiving and renaming Zero event file!
#################################################################
td_event_output_formatting.sh started at Mon May 10 14:27:53 NZST 2021
#################################################################
#################################################################
 Starting formatting output for Zero events Mon May 10 14:27:53 NZST 2021 
#################################################################
End of td_event_output_formatting.sh
#################################################################
td_event_output_formatting.sh finished at Mon May 10 14:27:53 NZST 2021
#################################################################
Archiving and renaming *Zero* event file and sending to out directory completed! on Mon May 10 14:27:52 2021!
Starting to collect payment event data from database on Mon May 10 14:27:52 2021!!!
Connected to:
DB Connected is OK at time 2021051014
Fetching of payment event data completed on Mon May 10 14:27:52 2021!
Starting archiving and renaming payment event data file!
#################################################################
td_payment_event_output_formatting.sh started at Mon May 10 14:27:53 NZST 2021
#################################################################
#################################################################
 Starting formatting output for non zero events Mon May 10 14:27:53 NZST 2021
#################################################################
End of td_payment_event_output_formatting.sh
#################################################################
td_payment_event_output_formatting.sh finished at Mon May 10 14:27:53 NZST 2021
#################################################################
Archiving and renaming payment event data file and sending to out directory completed! on Mon May 10 14:27:52 2021!
Starting to collect Account data from database on Mon May 10 14:27:52 2021!!!!
Connected to:
DB Connected is OK at time 2021051014
Fetching of Account data completed on Mon May 10 14:27:52 2021!
Starting archiving and renaming Account data file!!! 
#################################################################
td_account_output_formatting.sh started at Mon May 10 14:27:58 NZST 2021
#################################################################
#################################################################
 Starting formatting output for accounts fetched Mon May 10 14:27:58 NZST 2021
#################################################################
rows
End of td_account_output_formatting.sh
#################################################################
td_account_output_formatting.sh finished at Mon May 10 14:27:58 NZST 2021
#################################################################
Archiving and renaming Account data file and sending to out directory completed! on Mon May 10 14:27:52 2021!
Starting to collect Product data from database on Mon May 10 14:27:52 2021!!!!
Connected to:
DB Connected is OK at time 2021051014
Fetching of product data completed on Mon May 10 14:27:52 2021!
Starting archiving and renaming product data file!!! 
#################################################################
td_product_output_formatting.sh started at Mon May 10 14:28:43 NZST 2021
#################################################################
#################################################################
 Starting formatting output for products fetched Mon May 10 14:28:43 NZST 2021
#################################################################
rows
End of td_product_output_formatting.sh
#################################################################
td_product_output_formatting.sh finished at Mon May 10 14:28:44 NZST 2021
#################################################################
Starting to collect Association discount data from database on Mon May 10 14:27:52 2021!!!!
Connected to:
DB Connected is OK at time 2021051014
Fetching of Association discount data completed on Mon May 10 14:27:52 2021!
Starting archiving and renaming Association discount data file!!! 
#################################################################
td_amd_output_formatting.sh started at Mon May 10 14:28:44 NZST 2021
#################################################################
#################################################################
 Starting formatting output for amd fetched Mon May 10 14:28:44 NZST 2021
#################################################################
rows
End of td_amd_output_formatting.sh
#################################################################
td_amd_output_formatting.sh finished at Mon May 10 14:28:44 NZST 2021
#################################################################
Starting to collect Association Product data from database on Mon May 10 14:27:52 2021!!!!
Connected to:
DB Connected is OK at time 2021051014
Fetching of Association product data completed on Mon May 10 14:27:52 2021!
Starting archiving and renaming Association product data file!!! 
#################################################################
td_amp_output_formatting.sh started at Mon May 10 14:28:45 NZST 2021
#################################################################
#################################################################
 Starting formatting output for amp fetched Mon May 10 14:28:45 NZST 2021
#################################################################
rows
End of td_amp_output_formatting.sh
#################################################################
td_amp_output_formatting.sh finished at Mon May 10 14:28:45 NZST 2021
#################################################################
Starting to collect discount data from database on Mon May 10 14:27:52 2021!!!!
Connected to:
DB Connected is OK at time 2021051014
Fetching of Association discount data completed on Mon May 10 14:27:52 2021!
Starting archiving and renaming discount data file!!! 
#################################################################
td_discount_output_formatting.sh started at Mon May 10 14:28:45 NZST 2021
#################################################################
#################################################################
 Starting formatting output for products fetched Mon May 10 14:28:45 NZST 2021
#################################################################
rows
End of td_discount_output_formatting.sh
#################################################################
td_discount_output_formatting.sh finished at Mon May 10 14:28:45 NZST 2021
#################################################################


*****************Data Extraction Compeleted from BRM DB on Mon May 10 14:27:52 2021! ***********************



*****************Fetching data extract for GL from BRM DB on  Mon May 10 14:32:10 2021 **********************

Starting database fetch Program on :  Mon May 10 14:32:10 2021  
Collecting non Zero event data from database!!! 
Connected to:
DB Connected is OK at time 2021051014
Fetching of event data completed on Mon May 10 14:32:10 2021! 
Starting archiving and renaming event file!
#################################################################
td_event_output_formatting.sh started at Mon May 10 14:32:11 NZST 2021
#################################################################
#################################################################
 Starting formatting output for non zero events Mon May 10 14:32:11 NZST 2021
#################################################################
End of td_event_output_formatting.sh
#################################################################
td_event_output_formatting.sh finished at Mon May 10 14:32:11 NZST 2021
#################################################################
Archiving and renaming event file and sending to out directory completed!
Starting to collect Zero event data from database on Mon May 10 14:32:10 2021!!!
Connected to:
DB Connected is OK at time 2021051014
Fetching of Zero event data completed on Mon May 10 14:32:10 2021!
Starting archiving and renaming Zero event file!
#################################################################
td_event_output_formatting.sh started at Mon May 10 14:32:11 NZST 2021
#################################################################
#################################################################
 Starting formatting output for Zero events Mon May 10 14:32:11 NZST 2021 
#################################################################
End of td_event_output_formatting.sh
#################################################################
td_event_output_formatting.sh finished at Mon May 10 14:32:11 NZST 2021
#################################################################
Archiving and renaming *Zero* event file and sending to out directory completed! on Mon May 10 14:32:10 2021!
Starting to collect payment event data from database on Mon May 10 14:32:10 2021!!!
Connected to:
DB Connected is OK at time 2021051014
Fetching of payment event data completed on Mon May 10 14:32:10 2021!
Starting archiving and renaming payment event data file!
#################################################################
td_payment_event_output_formatting.sh started at Mon May 10 14:32:12 NZST 2021
#################################################################
#################################################################
 Starting formatting output for non zero events Mon May 10 14:32:12 NZST 2021
#################################################################
End of td_payment_event_output_formatting.sh
#################################################################
td_payment_event_output_formatting.sh finished at Mon May 10 14:32:12 NZST 2021
#################################################################
Archiving and renaming payment event data file and sending to out directory completed! on Mon May 10 14:32:10 2021!
Starting to collect Account data from database on Mon May 10 14:32:10 2021!!!!
Connected to:
DB Connected is OK at time 2021051014
Fetching of Account data completed on Mon May 10 14:32:10 2021!
Starting archiving and renaming Account data file!!! 
#################################################################
td_account_output_formatting.sh started at Mon May 10 14:32:15 NZST 2021
#################################################################
#################################################################
 Starting formatting output for accounts fetched Mon May 10 14:32:15 NZST 2021
#################################################################
rows
End of td_account_output_formatting.sh
#################################################################
td_account_output_formatting.sh finished at Mon May 10 14:32:15 NZST 2021
#################################################################
Archiving and renaming Account data file and sending to out directory completed! on Mon May 10 14:32:10 2021!
Starting to collect Product data from database on Mon May 10 14:32:10 2021!!!!
Connected to:
DB Connected is OK at time 2021051014
Fetching of product data completed on Mon May 10 14:32:10 2021!
Starting archiving and renaming product data file!!! 
#################################################################
td_product_output_formatting.sh started at Mon May 10 14:33:01 NZST 2021
#################################################################
#################################################################
 Starting formatting output for products fetched Mon May 10 14:33:01 NZST 2021
#################################################################
rows
End of td_product_output_formatting.sh
#################################################################
td_product_output_formatting.sh finished at Mon May 10 14:33:01 NZST 2021
#################################################################
Starting to collect Association discount data from database on Mon May 10 14:32:10 2021!!!!
Connected to:
DB Connected is OK at time 2021051014
Fetching of Association discount data completed on Mon May 10 14:32:10 2021!
Starting archiving and renaming Association discount data file!!! 
#################################################################
td_amd_output_formatting.sh started at Mon May 10 14:33:01 NZST 2021
#################################################################
#################################################################
 Starting formatting output for amd fetched Mon May 10 14:33:01 NZST 2021
#################################################################
rows
End of td_amd_output_formatting.sh
#################################################################
td_amd_output_formatting.sh finished at Mon May 10 14:33:01 NZST 2021
#################################################################
Starting to collect Association Product data from database on Mon May 10 14:32:10 2021!!!!
Connected to:
DB Connected is OK at time 2021051014
Fetching of Association product data completed on Mon May 10 14:32:10 2021!
Starting archiving and renaming Association product data file!!! 
#################################################################
td_amp_output_formatting.sh started at Mon May 10 14:33:02 NZST 2021
#################################################################
#################################################################
 Starting formatting output for amp fetched Mon May 10 14:33:02 NZST 2021
#################################################################
rows
End of td_amp_output_formatting.sh
#################################################################
td_amp_output_formatting.sh finished at Mon May 10 14:33:02 NZST 2021
#################################################################
Starting to collect discount data from database on Mon May 10 14:32:10 2021!!!!
Connected to:
DB Connected is OK at time 2021051014
Fetching of Association discount data completed on Mon May 10 14:32:10 2021!
Starting archiving and renaming discount data file!!! 
#################################################################
td_discount_output_formatting.sh started at Mon May 10 14:33:02 NZST 2021
#################################################################
#################################################################
 Starting formatting output for products fetched Mon May 10 14:33:02 NZST 2021
#################################################################
rows
End of td_discount_output_formatting.sh
#################################################################
td_discount_output_formatting.sh finished at Mon May 10 14:33:02 NZST 2021
#################################################################


*****************Data Extraction Compeleted from BRM DB on Mon May 10 14:32:10 2021! ***********************

Connected to:
DB Connected is OK at time 2021051014
Connected to:
DB Connected is OK at time 2021051014


*****************Fetching data extract for GL from BRM DB on  Mon May 10 14:37:40 2021 **********************

Starting database fetch Program on :  Mon May 10 14:37:40 2021  
Collecting non Zero event data from database!!! 
Connected to:
DB Connected is OK at time 2021051014
Fetching of event data completed on Mon May 10 14:37:40 2021! 
Starting archiving and renaming event file!
#################################################################
td_event_output_formatting.sh started at Mon May 10 14:37:41 NZST 2021
#################################################################
#################################################################
 Starting formatting output for non zero events Mon May 10 14:37:41 NZST 2021
#################################################################
End of td_event_output_formatting.sh
#################################################################
td_event_output_formatting.sh finished at Mon May 10 14:37:41 NZST 2021
#################################################################
Archiving and renaming event file and sending to out directory completed!
Starting to collect Zero event data from database on Mon May 10 14:37:40 2021!!!
Connected to:
DB Connected is OK at time 2021051014
Fetching of Zero event data completed on Mon May 10 14:37:40 2021!
Starting archiving and renaming Zero event file!
#################################################################
td_event_output_formatting.sh started at Mon May 10 14:37:41 NZST 2021
#################################################################
#################################################################
 Starting formatting output for Zero events Mon May 10 14:37:41 NZST 2021 
#################################################################
End of td_event_output_formatting.sh
#################################################################
td_event_output_formatting.sh finished at Mon May 10 14:37:41 NZST 2021
#################################################################
Archiving and renaming *Zero* event file and sending to out directory completed! on Mon May 10 14:37:40 2021!
Starting to collect payment event data from database on Mon May 10 14:37:40 2021!!!
Connected to:
DB Connected is OK at time 2021051014
Fetching of payment event data completed on Mon May 10 14:37:40 2021!
Starting archiving and renaming payment event data file!
#################################################################
td_payment_event_output_formatting.sh started at Mon May 10 14:37:41 NZST 2021
#################################################################
#################################################################
 Starting formatting output for non zero events Mon May 10 14:37:41 NZST 2021
#################################################################
End of td_payment_event_output_formatting.sh
#################################################################
td_payment_event_output_formatting.sh finished at Mon May 10 14:37:41 NZST 2021
#################################################################
Archiving and renaming payment event data file and sending to out directory completed! on Mon May 10 14:37:40 2021!
Starting to collect Account data from database on Mon May 10 14:37:40 2021!!!!
Connected to:
DB Connected is OK at time 2021051014
Fetching of Account data completed on Mon May 10 14:37:40 2021!
Starting archiving and renaming Account data file!!! 
#################################################################
td_account_output_formatting.sh started at Mon May 10 14:37:45 NZST 2021
#################################################################
#################################################################
 Starting formatting output for accounts fetched Mon May 10 14:37:45 NZST 2021
#################################################################
rows
End of td_account_output_formatting.sh
#################################################################
td_account_output_formatting.sh finished at Mon May 10 14:37:45 NZST 2021
#################################################################
Archiving and renaming Account data file and sending to out directory completed! on Mon May 10 14:37:40 2021!
Starting to collect Product data from database on Mon May 10 14:37:40 2021!!!!
Connected to:
DB Connected is OK at time 2021051014
Fetching of product data completed on Mon May 10 14:37:40 2021!
Starting archiving and renaming product data file!!! 
#################################################################
td_product_output_formatting.sh started at Mon May 10 14:38:33 NZST 2021
#################################################################
#################################################################
 Starting formatting output for products fetched Mon May 10 14:38:33 NZST 2021
#################################################################
rows
End of td_product_output_formatting.sh
#################################################################
td_product_output_formatting.sh finished at Mon May 10 14:38:33 NZST 2021
#################################################################
Starting to collect Association discount data from database on Mon May 10 14:37:40 2021!!!!
Connected to:
DB Connected is OK at time 2021051014
Fetching of Association discount data completed on Mon May 10 14:37:40 2021!
Starting archiving and renaming Association discount data file!!! 
#################################################################
td_amd_output_formatting.sh started at Mon May 10 14:38:34 NZST 2021
#################################################################
#################################################################
 Starting formatting output for amd fetched Mon May 10 14:38:34 NZST 2021
#################################################################
rows
End of td_amd_output_formatting.sh
#################################################################
td_amd_output_formatting.sh finished at Mon May 10 14:38:34 NZST 2021
#################################################################
Starting to collect Association Product data from database on Mon May 10 14:37:40 2021!!!!
Connected to:
DB Connected is OK at time 2021051014
Fetching of Association product data completed on Mon May 10 14:37:40 2021!
Starting archiving and renaming Association product data file!!! 
#################################################################
td_amp_output_formatting.sh started at Mon May 10 14:38:34 NZST 2021
#################################################################
#################################################################
 Starting formatting output for amp fetched Mon May 10 14:38:34 NZST 2021
#################################################################
rows
End of td_amp_output_formatting.sh
#################################################################
td_amp_output_formatting.sh finished at Mon May 10 14:38:34 NZST 2021
#################################################################
Starting to collect discount data from database on Mon May 10 14:37:40 2021!!!!
Connected to:
DB Connected is OK at time 2021051014
Fetching of Association discount data completed on Mon May 10 14:37:40 2021!
Starting archiving and renaming discount data file!!! 
#################################################################
td_discount_output_formatting.sh started at Mon May 10 14:38:35 NZST 2021
#################################################################
#################################################################
 Starting formatting output for products fetched Mon May 10 14:38:35 NZST 2021
#################################################################
rows
End of td_discount_output_formatting.sh
#################################################################
td_discount_output_formatting.sh finished at Mon May 10 14:38:35 NZST 2021
#################################################################


*****************Data Extraction Compeleted from BRM DB on Mon May 10 14:37:40 2021! ***********************

