#################################################################
#################################################################

I am at /brmapp/portal/7.5/TD/apps/td_consumer_roaming
End of consumer_roaming

#################################################################
td_consumer_roaming_crontab.sh finished at Fri Sep 17 16:31:44 NZST 2021
#################################################################

#################################################################
#################################################################

I am at /brmapp/portal/7.5/TD/apps/td_consumer_roaming
End of consumer_roaming

#################################################################
td_consumer_roaming_crontab.sh finished at Fri Sep 17 17:10:30 NZST 2021
#################################################################

#################################################################
#################################################################

I am at /brmapp/portal/7.5/TD/apps/td_consumer_roaming
End of consumer_roaming

#################################################################
td_consumer_roaming_crontab.sh finished at Fri Sep 17 17:11:08 NZST 2021
#################################################################

#################################################################
#################################################################

I am at /brmapp/portal/7.5/TD/apps/td_consumer_roaming
End of consumer_roaming

#################################################################
td_consumer_roaming_crontab.sh finished at Wed Sep 22 22:57:29 NZST 2021
#################################################################

#################################################################
#################################################################

I am at /brmapp/portal/7.5/TD/apps/td_consumer_roaming
End of consumer_roaming

#################################################################
td_consumer_roaming_crontab.sh finished at Wed Sep 22 22:57:51 NZST 2021
#################################################################

#################################################################
#################################################################

I am at /brmapp/portal/7.5/TD/apps/td_consumer_roaming
End of consumer_roaming

#################################################################
td_consumer_roaming_crontab.sh finished at Thu Sep 23 00:13:46 NZST 2021
#################################################################

#################################################################
#################################################################

I am at /brmapp/portal/7.5/TD/apps/td_consumer_roaming
End of consumer_roaming

#################################################################
td_consumer_roaming_crontab.sh finished at Thu Sep 23 00:16:42 NZST 2021
#################################################################

#################################################################
#################################################################

I am at /brmapp/portal/7.5/TD/apps/td_consumer_roaming
End of consumer_roaming

#################################################################
td_consumer_roaming_crontab.sh finished at Thu Sep 23 00:18:00 NZST 2021
#################################################################

#################################################################
#################################################################

I am at /brmapp/portal/7.5/TD/apps/td_consumer_roaming
End of consumer_roaming

#################################################################
td_consumer_roaming_crontab.sh finished at Fri Sep 24 22:47:56 NZST 2021
#################################################################

Starting roaming Program...... 
Dropping roaming objects from database.... 
pin/Brm_213pin@brmuat
Check if the objects have been dropped in DR database... 
pin/Brm_213pin@brmuat
Recreate database objects for roaming for DOM: 20211001
pin/Brm_213pin@brmuat
Check if the objects have been recreated in DR database... 
Starting roaming Program...... 
Dropping roaming objects from database.... 
pin/Brm_213pin@brmuat
Check if the objects have been dropped in DR database... 
pin/Brm_213pin@brmuat
Recreate database objects for roaming for DOM: 20211001
pin/Brm_213pin@brmuat
Check if the objects have been recreated in DR database... 
#################################################################
#################################################################

I am at /brmapp/portal/7.5/TD/apps/td_consumer_roaming
End of consumer_roaming

#################################################################
td_consumer_roaming_crontab.sh finished at Sun Sep 26 17:58:37 NZDT 2021
#################################################################

#################################################################
#################################################################

I am at /brmapp/portal/7.5/TD/apps/td_consumer_roaming
End of consumer_roaming

#################################################################
td_consumer_roaming_crontab.sh finished at Sun Sep 26 18:04:27 NZDT 2021
#################################################################

#################################################################
#################################################################

I am at /brmapp/portal/7.5/TD/apps/td_consumer_roaming
End of consumer_roaming

#################################################################
td_consumer_roaming_crontab.sh finished at Sun Sep 26 18:05:33 NZDT 2021
#################################################################

#################################################################
#################################################################

I am at /brmapp/portal/7.5/TD/apps/td_consumer_roaming
End of consumer_roaming

#################################################################
td_consumer_roaming_crontab.sh finished at Sun Sep 26 18:14:16 NZDT 2021
#################################################################

#################################################################
#################################################################

I am at /brmapp/portal/7.5/TD/apps/td_consumer_roaming
End of consumer_roaming

#################################################################
td_consumer_roaming_crontab.sh finished at Sun Sep 26 18:15:50 NZDT 2021
#################################################################

#################################################################
#################################################################

I am at /brmapp/portal/7.5/TD/apps/td_consumer_roaming
End of consumer_roaming

#################################################################
td_consumer_roaming_crontab.sh finished at Sun Sep 26 18:25:17 NZDT 2021
#################################################################

#################################################################
#################################################################

I am at /brmapp/portal/7.5/TD/apps/td_consumer_roaming
End of consumer_roaming

#################################################################
td_consumer_roaming_crontab.sh finished at Sun Sep 26 18:26:05 NZDT 2021
#################################################################

#################################################################
#################################################################

I am at /brmapp/portal/7.5/TD/apps/td_consumer_roaming
End of consumer_roaming

#################################################################
td_consumer_roaming_crontab.sh finished at Sun Sep 26 18:28:24 NZDT 2021
#################################################################

#################################################################
#################################################################

I am at /brmapp/portal/7.5/TD/apps/td_consumer_roaming
End of consumer_roaming

#################################################################
td_consumer_roaming_crontab.sh finished at Sun Sep 26 18:32:03 NZDT 2021
#################################################################

#################################################################
#################################################################

I am at /brmapp/portal/7.5/TD/apps/td_consumer_roaming
End of consumer_roaming

#################################################################
td_consumer_roaming_crontab.sh finished at Sun Sep 26 18:32:30 NZDT 2021
#################################################################

#################################################################
#################################################################

I am at /brmapp/portal/7.5/TD/apps/td_consumer_roaming
End of consumer_roaming

#################################################################
td_consumer_roaming_crontab.sh finished at Sun Sep 26 18:34:33 NZDT 2021
#################################################################

#################################################################
#################################################################

I am at /brmapp/portal/7.5/TD/apps/td_consumer_roaming
End of consumer_roaming

#################################################################
td_consumer_roaming_crontab.sh finished at Mon Sep 27 12:35:34 NZDT 2021
#################################################################

#################################################################
#################################################################

I am at /brmapp/portal/7.5/TD/apps/td_consumer_roaming
End of consumer_roaming

#################################################################
td_consumer_roaming_crontab.sh finished at Mon Sep 27 12:37:13 NZDT 2021
#################################################################

#################################################################
#################################################################

I am at /brmapp/portal/7.5/TD/apps/td_consumer_roaming
End of consumer_roaming

#################################################################
td_consumer_roaming_crontab.sh finished at Mon Sep 27 12:37:56 NZDT 2021
#################################################################

#################################################################
#################################################################

I am at /brmapp/portal/7.5/TD/apps/td_consumer_roaming
End of consumer_roaming

#################################################################
td_consumer_roaming_crontab.sh finished at Tue Oct 5 05:37:04 NZDT 2021
#################################################################

#################################################################
#################################################################

I am at /brmapp/portal/7.5/TD/apps/td_consumer_roaming
End of consumer_roaming

#################################################################
td_consumer_roaming_crontab.sh finished at Tue Oct 5 05:40:00 NZDT 2021
#################################################################

#################################################################
#################################################################

I am at /brmapp/portal/7.5/TD/apps/td_consumer_roaming
End of consumer_roaming

#################################################################
td_consumer_roaming_crontab.sh finished at Tue Oct 5 05:43:36 NZDT 2021
#################################################################

#################################################################
#################################################################

I am at /brmapp/portal/7.5/TD/apps/td_consumer_roaming
End of consumer_roaming

#################################################################
td_consumer_roaming_crontab.sh finished at Tue Oct 5 05:44:23 NZDT 2021
#################################################################

#################################################################
#################################################################

I am at /brmapp/portal/7.5/TD/apps/td_consumer_roaming
End of consumer_roaming

#################################################################
td_consumer_roaming_crontab.sh finished at Tue Oct 5 05:45:10 NZDT 2021
#################################################################

#################################################################
#################################################################

I am at /brmapp/portal/7.5/TD/apps/td_consumer_roaming
End of consumer_roaming

#################################################################
td_consumer_roaming_crontab.sh finished at Tue Oct 5 05:45:58 NZDT 2021
#################################################################

#################################################################
#################################################################

I am at /brmapp/portal/7.5/TD/apps/td_consumer_roaming
End of consumer_roaming

#################################################################
td_consumer_roaming_crontab.sh finished at Tue Oct 5 05:55:30 NZDT 2021
#################################################################

#################################################################
#################################################################

I am at /brmapp/portal/7.5/TD/apps/td_consumer_roaming
End of consumer_roaming

#################################################################
td_consumer_roaming_crontab.sh finished at Tue Oct 5 15:04:28 NZDT 2021
#################################################################

Starting roaming Program...... 
Dropping roaming objects from database.... 
pin/Brm_213pin@brmuat
Check if the objects have been dropped in DR database... 
pin/Brm_213pin@brmuat
Recreate database objects for roaming for DOM: 20211101
pin/Brm_213pin@brmuat
Check if the objects have been recreated in DR database... 
Starting roaming Program...... 
Dropping roaming objects from database.... 
pin/Brm_213pin@brmuat
Check if the objects have been dropped in DR database... 
pin/Brm_213pin@brmuat
Recreate database objects for roaming for DOM: 20211104
pin/Brm_213pin@brmuat
Check if the objects have been recreated in DR database... 
#################################################################
#################################################################

I am at /brmapp/portal/7.5/TD/apps/td_consumer_roaming
#################################################################
#################################################################

I am at /brmapp/portal/7.5/TD/apps/td_consumer_roaming
End of consumer_roaming

#################################################################
td_consumer_roaming_crontab.sh finished at Wed Nov 3 13:34:23 NZDT 2021
#################################################################

