	Fetched units per step: (68)
Total Fetched (68) units, err 0
Fetched (68) units in Total.
Total number of records processed = 68.
Number of data errors encountered = 0.
Total number of errors encountered = 0.
	Fetched units per step: (56)
Total Fetched (56) units, err 0
Fetched (56) units in Total.
Total number of records processed = 56.
Number of data errors encountered = 0.
Total number of errors encountered = 0.
	Fetched units per step: (42)
Total Fetched (42) units, err 0
Fetched (42) units in Total.
Total number of records processed = 42.
Number of data errors encountered = 0.
Total number of errors encountered = 0.
	Fetched units per step: (1)
Total Fetched (1) units, err 0
Fetched (1) units in Total.
Total number of records processed = 1.
Number of data errors encountered = 0.
Total number of errors encountered = 0.
Total Fetched (0) units, err 0
Total number of records processed = 0.
Number of data errors encountered = 0.
Total number of errors encountered = 0.
Total Fetched (0) units, err 0
Total number of records processed = 0.
Number of data errors encountered = 0.
Total number of errors encountered = 0.
	Fetched units per step: (5)
Total Fetched (5) units, err 0
Fetched (5) units in Total.
Total number of records processed = 5.
Number of data errors encountered = 0.
Total number of errors encountered = 0.
Total Fetched (0) units, err 0
Total number of records processed = 0.
Number of data errors encountered = 0.
Total number of errors encountered = 0.
	Fetched units per step: (10)
Total Fetched (10) units, err 0
Fetched (10) units in Total.
Total number of records processed = 10.
Number of data errors encountered = 0.
Total number of errors encountered = 0.
	Fetched units per step: (53)
Total Fetched (53) units, err 0
Fetched (53) units in Total.
Total number of records processed = 53.
Number of data errors encountered = 0.
Total number of errors encountered = 0.
	Fetched units per step: (22)
Total Fetched (22) units, err 0
Fetched (22) units in Total.
Total number of records processed = 22.
Number of data errors encountered = 0.
Total number of errors encountered = 0.
	Fetched units per step: (18)
Total Fetched (18) units, err 0
Fetched (18) units in Total.
Total number of records processed = 18.
Number of data errors encountered = 0.
Total number of errors encountered = 0.
#################################################################
crontab_td_payment_processing.sh started at Tue Dec 22 08:03:10 NZDT 2015
#################################################################

#################################################################
crontab_td_payment_processing.sh started at Tue Dec 22 08:03:10 NZDT 2015
#################################################################

#################################################################
crontab_td_payment_processing.sh started at Tue Dec 22 08:03:10 NZDT 2015
#################################################################

I am at /brmapp/portal/7.5/2d/apps/td_payment_processing
	Fetched units per step: (72)
Total Fetched (72) units, err 0
Fetched (72) units in Total.
Total number of records processed = 72.
Number of data errors encountered = 0.
Total number of errors encountered = 0.
End of payment processing mta

#################################################################
crontab_td_payment_processing.sh finished at Tue Dec 22 08:03:14 NZDT 2015
#################################################################

#################################################################
crontab_td_payment_processing.sh started at Tue Dec 22 08:08:57 NZDT 2015
#################################################################

#################################################################
crontab_td_payment_processing.sh started at Tue Dec 22 08:08:57 NZDT 2015
#################################################################

#################################################################
crontab_td_payment_processing.sh started at Tue Dec 22 08:08:57 NZDT 2015
#################################################################

I am at /brmapp/portal/7.5/2d/apps/td_payment_processing
	Fetched units per step: (97)
Total Fetched (97) units, err 0
Fetched (97) units in Total.
Total number of records processed = 97.
Number of data errors encountered = 0.
Total number of errors encountered = 0.
End of payment processing mta

#################################################################
crontab_td_payment_processing.sh finished at Tue Dec 22 08:09:01 NZDT 2015
#################################################################

	Fetched units per step: (39)
Total Fetched (39) units, err 0
Fetched (39) units in Total.
Total number of records processed = 39.
Number of data errors encountered = 0.
Total number of errors encountered = 0.
	Fetched units per step: (4)
Total Fetched (4) units, err 0
Fetched (4) units in Total.
Total number of records processed = 4.
Number of data errors encountered = 0.
Total number of errors encountered = 0.
	Fetched units per step: (69)
Total Fetched (69) units, err 0
Fetched (69) units in Total.
Total number of records processed = 69.
Number of data errors encountered = 0.
Total number of errors encountered = 0.
	Fetched units per step: (78)
Total Fetched (78) units, err 0
Fetched (78) units in Total.
Total number of records processed = 78.
Number of data errors encountered = 0.
Total number of errors encountered = 0.
	Fetched units per step: (1)
Total Fetched (1) units, err 0
Fetched (1) units in Total.
Total number of records processed = 1.
Number of data errors encountered = 0.
Total number of errors encountered = 0.
End of payment processing mta
	Fetched units per step: (57)
Total Fetched (57) units, err 0
Fetched (57) units in Total.
Total number of records processed = 57.
Number of data errors encountered = 0.
Total number of errors encountered = 0.
End of payment processing mta
	Fetched units per step: (12)
Total Fetched (12) units, err 0
Fetched (12) units in Total.
Total number of records processed = 12.
Number of data errors encountered = 0.
Total number of errors encountered = 0.
End of payment processing mta
Total Fetched (0) units, err 0
Total number of records processed = 0.
Number of data errors encountered = 0.
Total number of errors encountered = 0.
End of payment processing mta
Total Fetched (0) units, err 0
Total number of records processed = 0.
Number of data errors encountered = 0.
Total number of errors encountered = 0.
End of payment processing mta
#################################################################
crontab_td_payment_processing.sh finished at Wed Jan 27 19:05:24 NZDT 2016
#################################################################
Total Fetched (0) units, err 0
Total number of records processed = 0.
Number of data errors encountered = 0.
Total number of errors encountered = 0.
End of payment processing mta
#################################################################
crontab_td_payment_processing.sh finished at Wed Jan 27 19:06:55 NZDT 2016
#################################################################
Total Fetched (0) units, err 0
Total number of records processed = 0.
Number of data errors encountered = 0.
Total number of errors encountered = 0.
End of payment processing mta
#################################################################
crontab_td_payment_processing.sh finished at Wed Jan 27 19:13:02 NZDT 2016
#################################################################
Total Fetched (0) units, err 0
Total number of records processed = 0.
Number of data errors encountered = 0.
Total number of errors encountered = 0.
End of payment processing mta
#################################################################
crontab_td_payment_processing.sh finished at Wed Jan 27 19:27:52 NZDT 2016
#################################################################
script started

0

#################################################################
#################################################################

I am at /brmapp/portal/7.5/2d/apps/td_payment_processing
Total Fetched (0) units, err 0
Total number of records processed = 0.
Number of data errors encountered = 0.
Total number of errors encountered = 0.
End of payment processing mta

#################################################################
crontab_td_payment_processing.sh finished at Wed Jan 27 19:33:01 NZDT 2016
#################################################################


0

#################################################################
#################################################################

I am at /brmapp/portal/7.5/2d/apps/td_payment_processing
Total Fetched (0) units, err 0
Total number of records processed = 0.
Number of data errors encountered = 0.
Total number of errors encountered = 0.
End of payment processing mta

#################################################################
crontab_td_payment_processing.sh finished at Wed Jan 27 19:34:01 NZDT 2016
#################################################################


0

#################################################################
#################################################################

I am at /brmapp/portal/7.5/2d/apps/td_payment_processing
Total Fetched (0) units, err 0
Total number of records processed = 0.
Number of data errors encountered = 0.
Total number of errors encountered = 0.
End of payment processing mta

#################################################################
crontab_td_payment_processing.sh finished at Wed Jan 27 19:35:01 NZDT 2016
#################################################################


0

#################################################################
#################################################################

I am at /brmapp/portal/7.5/2d/apps/td_payment_processing
Total Fetched (0) units, err 0
Total number of records processed = 0.
Number of data errors encountered = 0.
Total number of errors encountered = 0.
End of payment processing mta

#################################################################
crontab_td_payment_processing.sh finished at Wed Jan 27 19:36:02 NZDT 2016
#################################################################

Total Fetched (0) units, err 0
Total number of records processed = 0.
Number of data errors encountered = 0.
Total number of errors encountered = 0.
End of payment processing mta
#################################################################
crontab_td_payment_processing.sh finished at Thu Jan 28 02:00:01 NZDT 2016
#################################################################
Total Fetched (0) units, err 0
Total number of records processed = 0.
Number of data errors encountered = 0.
Total number of errors encountered = 0.
End of payment processing mta
#################################################################
crontab_td_payment_processing.sh finished at Fri Jan 29 02:00:01 NZDT 2016
#################################################################
Total Fetched (0) units, err 0
Total number of records processed = 0.
Number of data errors encountered = 0.
Total number of errors encountered = 0.
End of payment processing mta
#################################################################
crontab_td_payment_processing.sh finished at Sat Jan 30 02:00:01 NZDT 2016
#################################################################
Total Fetched (0) units, err 0
Total number of records processed = 0.
Number of data errors encountered = 0.
Total number of errors encountered = 0.
End of payment processing mta
#################################################################
crontab_td_payment_processing.sh finished at Sun Jan 31 02:00:02 NZDT 2016
#################################################################
Total Fetched (0) units, err 0
Total number of records processed = 0.
Number of data errors encountered = 0.
Total number of errors encountered = 0.
End of payment processing mta
#################################################################
crontab_td_payment_processing.sh finished at Mon Feb 1 02:00:02 NZDT 2016
#################################################################
Total Fetched (0) units, err 0
Total number of records processed = 0.
Number of data errors encountered = 0.
Total number of errors encountered = 0.
End of payment processing mta
#################################################################
crontab_td_payment_processing.sh finished at Tue Feb 2 02:00:01 NZDT 2016
#################################################################
	Fetched units per step: (53)
Total Fetched (53) units, err 0
Fetched (53) units in Total.
Total number of records processed = 53.
Number of data errors encountered = 0.
Total number of errors encountered = 0.
End of payment processing mta
#################################################################
crontab_td_payment_processing.sh finished at Wed Feb 3 02:00:04 NZDT 2016
#################################################################
Total Fetched (0) units, err 0
Total number of records processed = 0.
Number of data errors encountered = 0.
Total number of errors encountered = 0.
End of payment processing mta
#################################################################
crontab_td_payment_processing.sh finished at Thu Feb 4 02:00:01 NZDT 2016
#################################################################
	Fetched units per step: (27)
Total Fetched (27) units, err 0
Fetched (27) units in Total.
Total number of records processed = 27.
Number of data errors encountered = 0.
Total number of errors encountered = 0.
End of payment processing mta
#################################################################
crontab_td_payment_processing.sh finished at Fri Feb 5 02:00:02 NZDT 2016
#################################################################
	Fetched units per step: (1)
Total Fetched (1) units, err 0
Fetched (1) units in Total.
Total number of records processed = 1.
Number of data errors encountered = 0.
Total number of errors encountered = 0.
End of payment processing mta
#################################################################
crontab_td_payment_processing.sh finished at Sat Feb 6 02:00:02 NZDT 2016
#################################################################
Total Fetched (0) units, err 0
Total number of records processed = 0.
Number of data errors encountered = 0.
Total number of errors encountered = 0.
End of payment processing mta
#################################################################
crontab_td_payment_processing.sh finished at Sun Feb 7 02:00:01 NZDT 2016
#################################################################
Total Fetched (0) units, err 0
Total number of records processed = 0.
Number of data errors encountered = 0.
Total number of errors encountered = 0.
End of payment processing mta
#################################################################
crontab_td_payment_processing.sh finished at Mon Feb 8 02:00:02 NZDT 2016
#################################################################
Total Fetched (0) units, err 0
Total number of records processed = 0.
Number of data errors encountered = 0.
Total number of errors encountered = 0.
End of payment processing mta
#################################################################
crontab_td_payment_processing.sh finished at Tue Feb 9 02:00:02 NZDT 2016
#################################################################
Total Fetched (0) units, err 0
Total number of records processed = 0.
Number of data errors encountered = 0.
Total number of errors encountered = 0.
End of payment processing mta
#################################################################
crontab_td_payment_processing.sh finished at Wed Feb 10 02:00:01 NZDT 2016
#################################################################
	Fetched units per step: (61)
Total Fetched (61) units, err 0
Fetched (61) units in Total.
Total number of records processed = 61.
Number of data errors encountered = 0.
Total number of errors encountered = 0.
End of payment processing mta
#################################################################
crontab_td_payment_processing.sh finished at Thu Feb 11 02:00:04 NZDT 2016
#################################################################
	Fetched units per step: (1)
Total Fetched (1) units, err 0
Fetched (1) units in Total.
Total number of records processed = 1.
Number of data errors encountered = 0.
Total number of errors encountered = 0.
End of payment processing mta
#################################################################
crontab_td_payment_processing.sh finished at Fri Feb 12 02:00:01 NZDT 2016
#################################################################
Total Fetched (0) units, err 0
Total number of records processed = 0.
Number of data errors encountered = 0.
Total number of errors encountered = 0.
End of payment processing mta
#################################################################
crontab_td_payment_processing.sh finished at Sat Feb 13 02:00:01 NZDT 2016
#################################################################
Total Fetched (0) units, err 0
Total number of records processed = 0.
Number of data errors encountered = 0.
Total number of errors encountered = 0.
End of payment processing mta
#################################################################
crontab_td_payment_processing.sh finished at Sun Feb 14 02:00:01 NZDT 2016
#################################################################
Total Fetched (0) units, err 0
Total number of records processed = 0.
Number of data errors encountered = 0.
Total number of errors encountered = 0.
End of payment processing mta
#################################################################
crontab_td_payment_processing.sh finished at Mon Feb 15 02:00:01 NZDT 2016
#################################################################
Total Fetched (0) units, err 0
Total number of records processed = 0.
Number of data errors encountered = 0.
Total number of errors encountered = 0.
End of payment processing mta
#################################################################
crontab_td_payment_processing.sh finished at Tue Feb 16 02:00:02 NZDT 2016
#################################################################
Total Fetched (0) units, err 0
Total number of records processed = 0.
Number of data errors encountered = 0.
Total number of errors encountered = 0.
End of payment processing mta
#################################################################
crontab_td_payment_processing.sh finished at Wed Feb 17 02:00:02 NZDT 2016
#################################################################
	Fetched units per step: (79)
Total Fetched (79) units, err 0
Fetched (79) units in Total.
Total number of records processed = 79.
Number of data errors encountered = 0.
Total number of errors encountered = 0.
End of payment processing mta
#################################################################
crontab_td_payment_processing.sh finished at Thu Feb 18 02:00:05 NZDT 2016
#################################################################
Total Fetched (0) units, err 0
Total number of records processed = 0.
Number of data errors encountered = 0.
Total number of errors encountered = 0.
End of payment processing mta
#################################################################
crontab_td_payment_processing.sh finished at Fri Feb 19 02:00:02 NZDT 2016
#################################################################
	Fetched units per step: (1)
Total Fetched (1) units, err 0
Fetched (1) units in Total.
Total number of records processed = 1.
Number of data errors encountered = 0.
Total number of errors encountered = 0.
End of payment processing mta
#################################################################
crontab_td_payment_processing.sh finished at Sat Feb 20 02:00:01 NZDT 2016
#################################################################
	Fetched units per step: (29)
Total Fetched (29) units, err 0
Fetched (29) units in Total.
Total number of records processed = 29.
Number of data errors encountered = 0.
Total number of errors encountered = 0.
End of payment processing mta
#################################################################
crontab_td_payment_processing.sh finished at Sun Feb 21 02:00:04 NZDT 2016
#################################################################
Total Fetched (0) units, err 0
Total number of records processed = 0.
Number of data errors encountered = 0.
Total number of errors encountered = 0.
End of payment processing mta
#################################################################
crontab_td_payment_processing.sh finished at Mon Feb 22 02:00:01 NZDT 2016
#################################################################
	Fetched units per step: (22)
Total Fetched (22) units, err 0
Fetched (22) units in Total.
Total number of records processed = 22.
Number of data errors encountered = 0.
Total number of errors encountered = 0.
End of payment processing mta
#################################################################
crontab_td_payment_processing.sh finished at Tue Feb 23 02:00:03 NZDT 2016
#################################################################
Total Fetched (0) units, err 0
Total number of records processed = 0.
Number of data errors encountered = 0.
Total number of errors encountered = 0.
End of payment processing mta
#################################################################
crontab_td_payment_processing.sh finished at Wed Feb 24 02:00:02 NZDT 2016
#################################################################
	Fetched units per step: (1)
Total Fetched (1) units, err 0
Fetched (1) units in Total.
Total number of records processed = 1.
Number of data errors encountered = 0.
Total number of errors encountered = 0.
End of payment processing mta
#################################################################
crontab_td_payment_processing.sh finished at Thu Feb 25 02:00:02 NZDT 2016
#################################################################
Total Fetched (0) units, err 0
Total number of records processed = 0.
Number of data errors encountered = 0.
Total number of errors encountered = 0.
End of payment processing mta
#################################################################
crontab_td_payment_processing.sh finished at Fri Feb 26 02:00:01 NZDT 2016
#################################################################
	Fetched units per step: (18)
Total Fetched (18) units, err 0
Fetched (18) units in Total.
Total number of records processed = 18.
Number of data errors encountered = 0.
Total number of errors encountered = 0.
End of payment processing mta
#################################################################
crontab_td_payment_processing.sh finished at Sat Feb 27 02:00:02 NZDT 2016
#################################################################
Total Fetched (0) units, err 0
Total number of records processed = 0.
Number of data errors encountered = 0.
Total number of errors encountered = 0.
End of payment processing mta
#################################################################
crontab_td_payment_processing.sh finished at Sun Feb 28 02:00:01 NZDT 2016
#################################################################
Total Fetched (0) units, err 0
Total number of records processed = 0.
Number of data errors encountered = 0.
Total number of errors encountered = 0.
End of payment processing mta
#################################################################
crontab_td_payment_processing.sh finished at Mon Feb 29 02:00:02 NZDT 2016
#################################################################
Total Fetched (0) units, err 0
Total number of records processed = 0.
Number of data errors encountered = 0.
Total number of errors encountered = 0.
End of payment processing mta
#################################################################
crontab_td_payment_processing.sh finished at Tue Mar 1 02:00:02 NZDT 2016
#################################################################
	Fetched units per step: (57)
Total Fetched (57) units, err 0
Fetched (57) units in Total.
Total number of records processed = 57.
Number of data errors encountered = 0.
Total number of errors encountered = 0.
End of payment processing mta
#################################################################
crontab_td_payment_processing.sh finished at Wed Mar 2 02:00:06 NZDT 2016
#################################################################
	Fetched units per step: (2)
Total Fetched (2) units, err 0
Fetched (2) units in Total.
Total number of records processed = 2.
Number of data errors encountered = 0.
Total number of errors encountered = 0.
End of payment processing mta
#################################################################
crontab_td_payment_processing.sh finished at Thu Mar 3 02:00:01 NZDT 2016
#################################################################
Total Fetched (0) units, err 0
Total number of records processed = 0.
Number of data errors encountered = 0.
Total number of errors encountered = 0.
End of payment processing mta
#################################################################
crontab_td_payment_processing.sh finished at Fri Mar 4 02:00:02 NZDT 2016
#################################################################
	Fetched units per step: (42)
Total Fetched (42) units, err 0
Fetched (42) units in Total.
Total number of records processed = 42.
Number of data errors encountered = 0.
Total number of errors encountered = 0.
End of payment processing mta
#################################################################
crontab_td_payment_processing.sh finished at Sat Mar 5 02:00:04 NZDT 2016
#################################################################
	Fetched units per step: (4)
Total Fetched (4) units, err 0
Fetched (4) units in Total.
Total number of records processed = 4.
Number of data errors encountered = 0.
Total number of errors encountered = 0.
End of payment processing mta
#################################################################
crontab_td_payment_processing.sh finished at Sun Mar 6 02:00:02 NZDT 2016
#################################################################
Total Fetched (0) units, err 0
Total number of records processed = 0.
Number of data errors encountered = 0.
Total number of errors encountered = 0.
End of payment processing mta
#################################################################
crontab_td_payment_processing.sh finished at Mon Mar 7 02:00:01 NZDT 2016
#################################################################
Total Fetched (0) units, err 0
Total number of records processed = 0.
Number of data errors encountered = 0.
Total number of errors encountered = 0.
End of payment processing mta
#################################################################
crontab_td_payment_processing.sh finished at Tue Mar 8 02:00:01 NZDT 2016
#################################################################
	Fetched units per step: (1)
Total Fetched (1) units, err 0
Fetched (1) units in Total.
Total number of records processed = 1.
Number of data errors encountered = 0.
Total number of errors encountered = 0.
End of payment processing mta
#################################################################
crontab_td_payment_processing.sh finished at Wed Mar 9 02:00:01 NZDT 2016
#################################################################
Total Fetched (0) units, err 0
Total number of records processed = 0.
Number of data errors encountered = 0.
Total number of errors encountered = 0.
End of payment processing mta
#################################################################
crontab_td_payment_processing.sh finished at Thu Mar 10 02:00:01 NZDT 2016
#################################################################
	Fetched units per step: (60)
Total Fetched (60) units, err 0
Fetched (60) units in Total.
Total number of records processed = 60.
Number of data errors encountered = 0.
Total number of errors encountered = 0.
End of payment processing mta
#################################################################
crontab_td_payment_processing.sh finished at Fri Mar 11 02:00:04 NZDT 2016
#################################################################
	Fetched units per step: (2)
Total Fetched (2) units, err 0
Fetched (2) units in Total.
Total number of records processed = 2.
Number of data errors encountered = 0.
Total number of errors encountered = 0.
End of payment processing mta
#################################################################
crontab_td_payment_processing.sh finished at Sat Mar 12 02:00:01 NZDT 2016
#################################################################
	Fetched units per step: (1)
Total Fetched (1) units, err 0
Fetched (1) units in Total.
Total number of records processed = 1.
Number of data errors encountered = 0.
Total number of errors encountered = 0.
End of payment processing mta
#################################################################
crontab_td_payment_processing.sh finished at Sun Mar 13 02:00:02 NZDT 2016
#################################################################
Total Fetched (0) units, err 0
Total number of records processed = 0.
Number of data errors encountered = 0.
Total number of errors encountered = 0.
End of payment processing mta
#################################################################
crontab_td_payment_processing.sh finished at Mon Mar 14 02:00:01 NZDT 2016
#################################################################
Number of data errors encountered = 0.
Total number of errors encountered = 1.
End of payment processing mta
#################################################################
crontab_td_payment_processing.sh finished at Tue Mar 15 02:00:02 NZDT 2016
#################################################################
Total Fetched (0) units, err 0
Total number of records processed = 0.
Number of data errors encountered = 0.
Total number of errors encountered = 0.
End of payment processing mta
#################################################################
crontab_td_payment_processing.sh finished at Wed Mar 16 02:00:02 NZDT 2016
#################################################################
Total Fetched (0) units, err 0
Total number of records processed = 0.
Number of data errors encountered = 0.
Total number of errors encountered = 0.
End of payment processing mta
#################################################################
crontab_td_payment_processing.sh finished at Thu Mar 17 02:00:02 NZDT 2016
#################################################################
	Fetched units per step: (75)
Total Fetched (75) units, err 0
Fetched (75) units in Total.
Total number of records processed = 75.
Number of data errors encountered = 0.
Total number of errors encountered = 0.
End of payment processing mta
#################################################################
crontab_td_payment_processing.sh finished at Fri Mar 18 02:00:05 NZDT 2016
#################################################################
	Fetched units per step: (1)
Total Fetched (1) units, err 0
Fetched (1) units in Total.
Total number of records processed = 1.
Number of data errors encountered = 0.
Total number of errors encountered = 0.
End of payment processing mta
#################################################################
crontab_td_payment_processing.sh finished at Sat Mar 19 02:00:02 NZDT 2016
#################################################################
	Fetched units per step: (3)
Total Fetched (3) units, err 0
Fetched (3) units in Total.
Total number of records processed = 3.
Number of data errors encountered = 0.
Total number of errors encountered = 0.
End of payment processing mta
#################################################################
crontab_td_payment_processing.sh finished at Sun Mar 20 02:00:02 NZDT 2016
#################################################################
Total Fetched (0) units, err 0
Total number of records processed = 0.
Number of data errors encountered = 0.
Total number of errors encountered = 0.
End of payment processing mta
#################################################################
crontab_td_payment_processing.sh finished at Mon Mar 21 02:00:01 NZDT 2016
#################################################################
	Fetched units per step: (32)
Total Fetched (32) units, err 0
Fetched (32) units in Total.
Total number of records processed = 32.
Number of data errors encountered = 0.
Total number of errors encountered = 0.
End of payment processing mta
#################################################################
crontab_td_payment_processing.sh finished at Tue Mar 22 02:00:04 NZDT 2016
#################################################################
Total Fetched (0) units, err 0
Total number of records processed = 0.
Number of data errors encountered = 0.
Total number of errors encountered = 0.
End of payment processing mta
#################################################################
crontab_td_payment_processing.sh finished at Wed Mar 23 02:00:01 NZDT 2016
#################################################################
	Fetched units per step: (24)
Total Fetched (24) units, err 0
Fetched (24) units in Total.
Total number of records processed = 24.
Number of data errors encountered = 0.
Total number of errors encountered = 0.
End of payment processing mta
#################################################################
crontab_td_payment_processing.sh finished at Thu Mar 24 02:00:02 NZDT 2016
#################################################################
Total Fetched (0) units, err 0
Total number of records processed = 0.
Number of data errors encountered = 0.
Total number of errors encountered = 0.
End of payment processing mta
#################################################################
crontab_td_payment_processing.sh finished at Fri Mar 25 02:00:01 NZDT 2016
#################################################################
Total Fetched (0) units, err 0
Total number of records processed = 0.
Number of data errors encountered = 0.
Total number of errors encountered = 0.
End of payment processing mta
#################################################################
crontab_td_payment_processing.sh finished at Sat Mar 26 02:00:01 NZDT 2016
#################################################################
Total Fetched (0) units, err 0
Total number of records processed = 0.
Number of data errors encountered = 0.
Total number of errors encountered = 0.
End of payment processing mta
#################################################################
crontab_td_payment_processing.sh finished at Mon Mar 28 02:00:02 NZDT 2016
#################################################################
Total Fetched (0) units, err 0
Total number of records processed = 0.
Number of data errors encountered = 0.
Total number of errors encountered = 0.
End of payment processing mta
#################################################################
crontab_td_payment_processing.sh finished at Tue Mar 29 02:00:02 NZDT 2016
#################################################################
Total Fetched (0) units, err 0
Total number of records processed = 0.
Number of data errors encountered = 0.
Total number of errors encountered = 0.
End of payment processing mta
#################################################################
crontab_td_payment_processing.sh finished at Wed Mar 30 02:00:02 NZDT 2016
#################################################################
Total Fetched (0) units, err 0
Total number of records processed = 0.
Number of data errors encountered = 0.
Total number of errors encountered = 0.
End of payment processing mta
#################################################################
crontab_td_payment_processing.sh finished at Thu Mar 31 02:00:02 NZDT 2016
#################################################################
	Fetched units per step: (16)
Total Fetched (16) units, err 0
Fetched (16) units in Total.
Total number of records processed = 16.
Number of data errors encountered = 0.
Total number of errors encountered = 0.
End of payment processing mta
#################################################################
crontab_td_payment_processing.sh finished at Fri Apr 1 02:00:02 NZDT 2016
#################################################################
Total Fetched (0) units, err 0
Total number of records processed = 0.
Number of data errors encountered = 0.
Total number of errors encountered = 0.
End of payment processing mta
#################################################################
crontab_td_payment_processing.sh finished at Sat Apr 2 02:00:02 NZDT 2016
#################################################################
	Fetched units per step: (60)
Total Fetched (60) units, err 0
Fetched (60) units in Total.
Total number of records processed = 60.
Number of data errors encountered = 0.
Total number of errors encountered = 0.
End of payment processing mta
#################################################################
crontab_td_payment_processing.sh finished at Sun Apr 3 02:00:06 NZDT 2016
#################################################################
	Fetched units per step: (1)
Total Fetched (1) units, err 0
Fetched (1) units in Total.
Total number of records processed = 1.
Number of data errors encountered = 0.
Total number of errors encountered = 0.
End of payment processing mta
#################################################################
crontab_td_payment_processing.sh finished at Mon Apr 4 02:00:02 NZST 2016
#################################################################
Total Fetched (0) units, err 0
Total number of records processed = 0.
Number of data errors encountered = 0.
Total number of errors encountered = 0.
End of payment processing mta
#################################################################
crontab_td_payment_processing.sh finished at Tue Apr 5 02:00:01 NZST 2016
#################################################################
	Fetched units per step: (48)
Total Fetched (48) units, err 0
Fetched (48) units in Total.
Total number of records processed = 48.
Number of data errors encountered = 0.
Total number of errors encountered = 0.
End of payment processing mta
#################################################################
crontab_td_payment_processing.sh finished at Wed Apr 6 02:00:03 NZST 2016
#################################################################
Total Fetched (0) units, err 0
Total number of records processed = 0.
Number of data errors encountered = 0.
Total number of errors encountered = 0.
End of payment processing mta
#################################################################
crontab_td_payment_processing.sh finished at Thu Apr 7 02:00:01 NZST 2016
#################################################################
	Fetched units per step: (1)
Total Fetched (1) units, err 0
Fetched (1) units in Total.
Total number of records processed = 1.
Number of data errors encountered = 0.
Total number of errors encountered = 0.
End of payment processing mta
#################################################################
crontab_td_payment_processing.sh finished at Fri Apr 8 02:00:01 NZST 2016
#################################################################
Total Fetched (0) units, err 0
Total number of records processed = 0.
Number of data errors encountered = 0.
Total number of errors encountered = 0.
End of payment processing mta
#################################################################
crontab_td_payment_processing.sh finished at Sat Apr 9 02:00:01 NZST 2016
#################################################################
Total Fetched (0) units, err 0
Total number of records processed = 0.
Number of data errors encountered = 0.
Total number of errors encountered = 0.
End of payment processing mta
#################################################################
crontab_td_payment_processing.sh finished at Sun Apr 10 02:00:02 NZST 2016
#################################################################
Total Fetched (0) units, err 0
Total number of records processed = 0.
Number of data errors encountered = 0.
Total number of errors encountered = 0.
End of payment processing mta
#################################################################
crontab_td_payment_processing.sh finished at Mon Apr 11 02:00:01 NZST 2016
#################################################################
Total Fetched (0) units, err 0
Total number of records processed = 0.
Number of data errors encountered = 0.
Total number of errors encountered = 0.
End of payment processing mta
#################################################################
crontab_td_payment_processing.sh finished at Tue Apr 12 02:00:02 NZST 2016
#################################################################
Total Fetched (0) units, err 0
Total number of records processed = 0.
Number of data errors encountered = 0.
Total number of errors encountered = 0.
End of payment processing mta
#################################################################
crontab_td_payment_processing.sh finished at Wed Apr 13 02:00:01 NZST 2016
#################################################################
Total Fetched (0) units, err 0
Total number of records processed = 0.
Number of data errors encountered = 0.
Total number of errors encountered = 0.
End of payment processing mta
#################################################################
crontab_td_payment_processing.sh finished at Thu Apr 14 02:00:01 NZST 2016
#################################################################
Total Fetched (0) units, err 0
Total number of records processed = 0.
Number of data errors encountered = 0.
Total number of errors encountered = 0.
End of payment processing mta
#################################################################
crontab_td_payment_processing.sh finished at Fri Apr 15 02:00:02 NZST 2016
#################################################################
Total Fetched (0) units, err 0
Total number of records processed = 0.
Number of data errors encountered = 0.
Total number of errors encountered = 0.
End of payment processing mta
#################################################################
crontab_td_payment_processing.sh finished at Sat Apr 16 02:00:02 NZST 2016
#################################################################
Total Fetched (0) units, err 0
Total number of records processed = 0.
Number of data errors encountered = 0.
Total number of errors encountered = 0.
End of payment processing mta
#################################################################
crontab_td_payment_processing.sh finished at Sun Apr 17 02:00:02 NZST 2016
#################################################################
Total Fetched (0) units, err 0
Total number of records processed = 0.
Number of data errors encountered = 0.
Total number of errors encountered = 0.
End of payment processing mta
#################################################################
crontab_td_payment_processing.sh finished at Mon Apr 18 02:00:01 NZST 2016
#################################################################
Total Fetched (0) units, err 0
Total number of records processed = 0.
Number of data errors encountered = 0.
Total number of errors encountered = 0.
End of payment processing mta
#################################################################
crontab_td_payment_processing.sh finished at Tue Apr 19 02:00:01 NZST 2016
#################################################################
Total Fetched (0) units, err 0
Total number of records processed = 0.
Number of data errors encountered = 0.
Total number of errors encountered = 0.
End of payment processing mta
#################################################################
crontab_td_payment_processing.sh finished at Wed Apr 20 02:00:01 NZST 2016
#################################################################
	Fetched units per step: (92)
Total Fetched (92) units, err 0
Fetched (92) units in Total.
Total number of records processed = 92.
Number of data errors encountered = 0.
Total number of errors encountered = 0.
End of payment processing mta
#################################################################
crontab_td_payment_processing.sh finished at Thu Apr 21 02:00:05 NZST 2016
#################################################################
	Fetched units per step: (82)
Total Fetched (82) units, err 0
Fetched (82) units in Total.
Total number of records processed = 82.
Number of data errors encountered = 0.
Total number of errors encountered = 0.
End of payment processing mta
#################################################################
crontab_td_payment_processing.sh finished at Fri Apr 22 02:00:04 NZST 2016
#################################################################
	Fetched units per step: (28)
Total Fetched (28) units, err 0
Fetched (28) units in Total.
Total number of records processed = 28.
Number of data errors encountered = 0.
Total number of errors encountered = 0.
End of payment processing mta
#################################################################
crontab_td_payment_processing.sh finished at Tue Apr 26 02:00:03 NZST 2016
#################################################################
	Fetched units per step: (17)
Total Fetched (17) units, err 0
Fetched (17) units in Total.
Total number of records processed = 17.
Number of data errors encountered = 0.
Total number of errors encountered = 0.
End of payment processing mta
#################################################################
crontab_td_payment_processing.sh finished at Wed Apr 27 02:00:02 NZST 2016
#################################################################
Total Fetched (0) units, err 0
Total number of records processed = 0.
Number of data errors encountered = 0.
Total number of errors encountered = 0.
End of payment processing mta
#################################################################
crontab_td_payment_processing.sh finished at Thu Apr 28 02:00:02 NZST 2016
#################################################################
Total Fetched (0) units, err 0
Total number of records processed = 0.
Number of data errors encountered = 0.
Total number of errors encountered = 0.
End of payment processing mta
#################################################################
crontab_td_payment_processing.sh finished at Fri Apr 29 02:00:02 NZST 2016
#################################################################
	Fetched units per step: (1)
Total Fetched (1) units, err 0
Fetched (1) units in Total.
Total number of records processed = 1.
Number of data errors encountered = 0.
Total number of errors encountered = 0.
End of payment processing mta
#################################################################
crontab_td_payment_processing.sh finished at Sat Apr 30 02:00:03 NZST 2016
#################################################################
	Fetched units per step: (1)
Total Fetched (1) units, err 0
Fetched (1) units in Total.
Total number of records processed = 1.
Number of data errors encountered = 0.
Total number of errors encountered = 0.
End of payment processing mta
#################################################################
crontab_td_payment_processing.sh finished at Sun May 1 02:00:01 NZST 2016
#################################################################
Total Fetched (0) units, err 0
Total number of records processed = 0.
Number of data errors encountered = 0.
Total number of errors encountered = 0.
End of payment processing mta
#################################################################
crontab_td_payment_processing.sh finished at Mon May 2 02:00:01 NZST 2016
#################################################################
Total Fetched (0) units, err 0
Total number of records processed = 0.
Number of data errors encountered = 0.
Total number of errors encountered = 0.
End of payment processing mta
#################################################################
crontab_td_payment_processing.sh finished at Tue May 3 02:00:02 NZST 2016
#################################################################
	Fetched units per step: (62)
Total Fetched (62) units, err 0
Fetched (62) units in Total.
Total number of records processed = 62.
Number of data errors encountered = 0.
Total number of errors encountered = 0.
End of payment processing mta
#################################################################
crontab_td_payment_processing.sh finished at Wed May 4 02:00:04 NZST 2016
#################################################################
	Fetched units per step: (49)
Total Fetched (49) units, err 0
Fetched (49) units in Total.
Total number of records processed = 49.
Number of data errors encountered = 0.
Total number of errors encountered = 0.
End of payment processing mta
#################################################################
crontab_td_payment_processing.sh finished at Thu May 5 02:00:03 NZST 2016
#################################################################
Total Fetched (0) units, err 0
Total number of records processed = 0.
Number of data errors encountered = 0.
Total number of errors encountered = 0.
End of payment processing mta
#################################################################
crontab_td_payment_processing.sh finished at Fri May 6 02:00:02 NZST 2016
#################################################################
	Fetched units per step: (2)
Total Fetched (2) units, err 0
Fetched (2) units in Total.
Total number of records processed = 2.
Number of data errors encountered = 0.
Total number of errors encountered = 0.
End of payment processing mta
#################################################################
crontab_td_payment_processing.sh finished at Sat May 7 02:00:01 NZST 2016
#################################################################
	Fetched units per step: (1)
Total Fetched (1) units, err 0
Fetched (1) units in Total.
Total number of records processed = 1.
Number of data errors encountered = 0.
Total number of errors encountered = 0.
End of payment processing mta
#################################################################
crontab_td_payment_processing.sh finished at Sun May 8 02:00:01 NZST 2016
#################################################################
	Fetched units per step: (1)
Total Fetched (1) units, err 0
Fetched (1) units in Total.
Total number of records processed = 1.
Number of data errors encountered = 0.
Total number of errors encountered = 0.
End of payment processing mta
#################################################################
crontab_td_payment_processing.sh finished at Mon May 9 02:00:01 NZST 2016
#################################################################
	Fetched units per step: (1)
Total Fetched (1) units, err 0
Fetched (1) units in Total.
Total number of records processed = 1.
Number of data errors encountered = 0.
Total number of errors encountered = 0.
End of payment processing mta
#################################################################
crontab_td_payment_processing.sh finished at Tue May 10 02:00:02 NZST 2016
#################################################################
	Fetched units per step: (73)
Total Fetched (73) units, err 0
Fetched (73) units in Total.
Total number of records processed = 73.
Number of data errors encountered = 0.
Total number of errors encountered = 0.
End of payment processing mta
#################################################################
crontab_td_payment_processing.sh finished at Wed May 11 02:00:04 NZST 2016
#################################################################
Total Fetched (0) units, err 0
Total number of records processed = 0.
Number of data errors encountered = 0.
Total number of errors encountered = 0.
End of payment processing mta
#################################################################
crontab_td_payment_processing.sh finished at Thu May 12 02:00:02 NZST 2016
#################################################################
Total Fetched (0) units, err 0
Total number of records processed = 0.
Number of data errors encountered = 0.
Total number of errors encountered = 0.
End of payment processing mta
#################################################################
crontab_td_payment_processing.sh finished at Fri May 13 02:00:02 NZST 2016
#################################################################
Total Fetched (0) units, err 0
Total number of records processed = 0.
Number of data errors encountered = 0.
Total number of errors encountered = 0.
End of payment processing mta
#################################################################
crontab_td_payment_processing.sh finished at Sat May 14 02:00:01 NZST 2016
#################################################################
Total Fetched (0) units, err 0
Total number of records processed = 0.
Number of data errors encountered = 0.
Total number of errors encountered = 0.
End of payment processing mta
#################################################################
crontab_td_payment_processing.sh finished at Sun May 15 02:00:02 NZST 2016
#################################################################
Total Fetched (0) units, err 0
Total number of records processed = 0.
Number of data errors encountered = 0.
Total number of errors encountered = 0.
End of payment processing mta
#################################################################
crontab_td_payment_processing.sh finished at Mon May 16 02:00:02 NZST 2016
#################################################################
Total Fetched (0) units, err 0
Total number of records processed = 0.
Number of data errors encountered = 0.
Total number of errors encountered = 0.
End of payment processing mta
#################################################################
crontab_td_payment_processing.sh finished at Tue May 17 02:00:02 NZST 2016
#################################################################
	Fetched units per step: (87)
Total Fetched (87) units, err 0
Fetched (87) units in Total.
Total number of records processed = 87.
Number of data errors encountered = 0.
Total number of errors encountered = 0.
End of payment processing mta
#################################################################
crontab_td_payment_processing.sh finished at Wed May 18 02:00:05 NZST 2016
#################################################################
Total Fetched (0) units, err 0
Total number of records processed = 0.
Number of data errors encountered = 0.
Total number of errors encountered = 0.
End of payment processing mta
#################################################################
crontab_td_payment_processing.sh finished at Thu May 19 02:00:02 NZST 2016
#################################################################
Total Fetched (0) units, err 0
Total number of records processed = 0.
Number of data errors encountered = 0.
Total number of errors encountered = 0.
End of payment processing mta
#################################################################
crontab_td_payment_processing.sh finished at Fri May 20 02:00:01 NZST 2016
#################################################################
	Fetched units per step: (33)
Total Fetched (33) units, err 0
Fetched (33) units in Total.
Total number of records processed = 33.
Number of data errors encountered = 0.
Total number of errors encountered = 0.
End of payment processing mta
#################################################################
crontab_td_payment_processing.sh finished at Sat May 21 02:00:03 NZST 2016
#################################################################
	Fetched units per step: (3)
Total Fetched (3) units, err 0
Fetched (3) units in Total.
Total number of records processed = 3.
Number of data errors encountered = 0.
Total number of errors encountered = 0.
End of payment processing mta
#################################################################
crontab_td_payment_processing.sh finished at Sun May 22 02:00:02 NZST 2016
#################################################################
Total Fetched (0) units, err 0
Total number of records processed = 0.
Number of data errors encountered = 0.
Total number of errors encountered = 0.
End of payment processing mta
#################################################################
crontab_td_payment_processing.sh finished at Mon May 23 02:00:02 NZST 2016
#################################################################
	Fetched units per step: (35)
Total Fetched (35) units, err 0
Fetched (35) units in Total.
Total number of records processed = 35.
Number of data errors encountered = 0.
Total number of errors encountered = 0.
End of payment processing mta
#################################################################
crontab_td_payment_processing.sh finished at Tue May 24 02:00:03 NZST 2016
#################################################################
Total Fetched (0) units, err 0
Total number of records processed = 0.
Number of data errors encountered = 0.
Total number of errors encountered = 0.
End of payment processing mta
#################################################################
crontab_td_payment_processing.sh finished at Wed May 25 02:00:02 NZST 2016
#################################################################
Total Fetched (0) units, err 0
Total number of records processed = 0.
Number of data errors encountered = 0.
Total number of errors encountered = 0.
End of payment processing mta
#################################################################
crontab_td_payment_processing.sh finished at Thu May 26 02:00:01 NZST 2016
#################################################################
	Fetched units per step: (22)
Total Fetched (22) units, err 0
Fetched (22) units in Total.
Total number of records processed = 22.
Number of data errors encountered = 0.
Total number of errors encountered = 0.
End of payment processing mta
#################################################################
crontab_td_payment_processing.sh finished at Fri May 27 02:00:02 NZST 2016
#################################################################
Total Fetched (0) units, err 0
Total number of records processed = 0.
Number of data errors encountered = 0.
Total number of errors encountered = 0.
End of payment processing mta
#################################################################
crontab_td_payment_processing.sh finished at Sat May 28 02:00:02 NZST 2016
#################################################################
Total Fetched (0) units, err 0
Total number of records processed = 0.
Number of data errors encountered = 0.
Total number of errors encountered = 0.
End of payment processing mta
#################################################################
crontab_td_payment_processing.sh finished at Sun May 29 02:00:02 NZST 2016
#################################################################
Total Fetched (0) units, err 0
Total number of records processed = 0.
Number of data errors encountered = 0.
Total number of errors encountered = 0.
End of payment processing mta
#################################################################
crontab_td_payment_processing.sh finished at Mon May 30 02:00:02 NZST 2016
#################################################################
Total Fetched (0) units, err 0
Total number of records processed = 0.
Number of data errors encountered = 0.
Total number of errors encountered = 0.
End of payment processing mta
#################################################################
crontab_td_payment_processing.sh finished at Tue May 31 02:00:01 NZST 2016
#################################################################
Total Fetched (0) units, err 0
Total number of records processed = 0.
Number of data errors encountered = 0.
Total number of errors encountered = 0.
End of payment processing mta
#################################################################
crontab_td_payment_processing.sh finished at Wed Jun 1 02:00:01 NZST 2016
#################################################################
Total Fetched (0) units, err 0
Total number of records processed = 0.
Number of data errors encountered = 0.
Total number of errors encountered = 0.
End of payment processing mta
#################################################################
crontab_td_payment_processing.sh finished at Thu Jun 2 02:00:01 NZST 2016
#################################################################
Total Fetched (0) units, err 0
Total number of records processed = 0.
Number of data errors encountered = 0.
Total number of errors encountered = 0.
End of payment processing mta
#################################################################
crontab_td_payment_processing.sh finished at Sat Jun 4 02:00:02 NZST 2016
#################################################################
Total Fetched (0) units, err 0
Total number of records processed = 0.
Number of data errors encountered = 0.
Total number of errors encountered = 0.
End of payment processing mta
#################################################################
crontab_td_payment_processing.sh finished at Sun Jun 5 02:00:01 NZST 2016
#################################################################
Total Fetched (0) units, err 0
Total number of records processed = 0.
Number of data errors encountered = 0.
Total number of errors encountered = 0.
End of payment processing mta
#################################################################
crontab_td_payment_processing.sh finished at Mon Jun 6 02:00:02 NZST 2016
#################################################################
Total Fetched (0) units, err 0
Total number of records processed = 0.
Number of data errors encountered = 0.
Total number of errors encountered = 0.
End of payment processing mta
#################################################################
crontab_td_payment_processing.sh finished at Tue Jun 7 02:00:02 NZST 2016
#################################################################
Total Fetched (0) units, err 0
Total number of records processed = 0.
Number of data errors encountered = 0.
Total number of errors encountered = 0.
End of payment processing mta
#################################################################
crontab_td_payment_processing.sh finished at Thu Jun 9 02:00:02 NZST 2016
#################################################################
Total Fetched (0) units, err 0
Total number of records processed = 0.
Number of data errors encountered = 0.
Total number of errors encountered = 0.
End of payment processing mta
#################################################################
crontab_td_payment_processing.sh finished at Fri Jun 10 02:00:02 NZST 2016
#################################################################
Total Fetched (0) units, err 0
Total number of records processed = 0.
Number of data errors encountered = 0.
Total number of errors encountered = 0.
End of payment processing mta
#################################################################
crontab_td_payment_processing.sh finished at Sat Jun 11 02:00:01 NZST 2016
#################################################################
Total Fetched (0) units, err 0
Total number of records processed = 0.
Number of data errors encountered = 0.
Total number of errors encountered = 0.
End of payment processing mta
#################################################################
crontab_td_payment_processing.sh finished at Sun Jun 12 02:00:01 NZST 2016
#################################################################
Total Fetched (0) units, err 0
Total number of records processed = 0.
Number of data errors encountered = 0.
Total number of errors encountered = 0.
End of payment processing mta
#################################################################
crontab_td_payment_processing.sh finished at Mon Jun 13 02:00:01 NZST 2016
#################################################################
Total Fetched (0) units, err 0
Total number of records processed = 0.
Number of data errors encountered = 0.
Total number of errors encountered = 0.
End of payment processing mta
#################################################################
crontab_td_payment_processing.sh finished at Tue Jun 14 02:00:01 NZST 2016
#################################################################
Total Fetched (0) units, err 0
Total number of records processed = 0.
Number of data errors encountered = 0.
Total number of errors encountered = 0.
End of payment processing mta
#################################################################
crontab_td_payment_processing.sh finished at Wed Jun 15 02:00:01 NZST 2016
#################################################################
Total Fetched (0) units, err 0
Total number of records processed = 0.
Number of data errors encountered = 0.
Total number of errors encountered = 0.
End of payment processing mta
#################################################################
crontab_td_payment_processing.sh finished at Thu Jun 16 02:00:02 NZST 2016
#################################################################
Total Fetched (0) units, err 0
Total number of records processed = 0.
Number of data errors encountered = 0.
Total number of errors encountered = 0.
End of payment processing mta
#################################################################
crontab_td_payment_processing.sh finished at Fri Jun 17 02:00:01 NZST 2016
#################################################################
Total Fetched (0) units, err 0
Total number of records processed = 0.
Number of data errors encountered = 0.
Total number of errors encountered = 0.
End of payment processing mta
#################################################################
crontab_td_payment_processing.sh finished at Sat Jun 18 02:00:01 NZST 2016
#################################################################
Total Fetched (0) units, err 0
Total number of records processed = 0.
Number of data errors encountered = 0.
Total number of errors encountered = 0.
End of payment processing mta
#################################################################
crontab_td_payment_processing.sh finished at Sun Jun 19 02:00:01 NZST 2016
#################################################################
Total Fetched (0) units, err 0
Total number of records processed = 0.
Number of data errors encountered = 0.
Total number of errors encountered = 0.
End of payment processing mta
#################################################################
crontab_td_payment_processing.sh finished at Mon Jun 20 02:00:01 NZST 2016
#################################################################
Total Fetched (0) units, err 0
Total number of records processed = 0.
Number of data errors encountered = 0.
Total number of errors encountered = 0.
End of payment processing mta
#################################################################
crontab_td_payment_processing.sh finished at Tue Jun 21 02:00:02 NZST 2016
#################################################################
Total Fetched (0) units, err 0
Total number of records processed = 0.
Number of data errors encountered = 0.
Total number of errors encountered = 0.
End of payment processing mta
#################################################################
crontab_td_payment_processing.sh finished at Wed Jun 22 02:00:01 NZST 2016
#################################################################
Total Fetched (0) units, err 0
Total number of records processed = 0.
Number of data errors encountered = 0.
Total number of errors encountered = 0.
End of payment processing mta
#################################################################
crontab_td_payment_processing.sh finished at Thu Jun 23 02:00:02 NZST 2016
#################################################################
Total Fetched (0) units, err 0
Total number of records processed = 0.
Number of data errors encountered = 0.
Total number of errors encountered = 0.
End of payment processing mta
#################################################################
crontab_td_payment_processing.sh finished at Fri Jun 24 02:00:02 NZST 2016
#################################################################
Total Fetched (0) units, err 0
Total number of records processed = 0.
Number of data errors encountered = 0.
Total number of errors encountered = 0.
End of payment processing mta
#################################################################
crontab_td_payment_processing.sh finished at Sat Jun 25 02:00:01 NZST 2016
#################################################################
Total Fetched (0) units, err 0
Total number of records processed = 0.
Number of data errors encountered = 0.
Total number of errors encountered = 0.
End of payment processing mta
#################################################################
crontab_td_payment_processing.sh finished at Sun Jun 26 02:00:01 NZST 2016
#################################################################
Total Fetched (0) units, err 0
Total number of records processed = 0.
Number of data errors encountered = 0.
Total number of errors encountered = 0.
End of payment processing mta
#################################################################
crontab_td_payment_processing.sh finished at Mon Jun 27 02:00:02 NZST 2016
#################################################################
	Fetched units per step: (1)
Total Fetched (1) units, err 0
Fetched (1) units in Total.
Total number of records processed = 1.
Number of data errors encountered = 0.
Total number of errors encountered = 0.
End of payment processing mta
#################################################################
crontab_td_payment_processing.sh finished at Tue Jun 28 02:00:02 NZST 2016
#################################################################
Total Fetched (0) units, err 0
Total number of records processed = 0.
Number of data errors encountered = 0.
Total number of errors encountered = 0.
End of payment processing mta
#################################################################
crontab_td_payment_processing.sh finished at Wed Jun 29 02:00:01 NZST 2016
#################################################################
Total Fetched (0) units, err 0
Total number of records processed = 0.
Number of data errors encountered = 0.
Total number of errors encountered = 0.
End of payment processing mta
#################################################################
crontab_td_payment_processing.sh finished at Thu Jun 30 02:00:01 NZST 2016
#################################################################
Total Fetched (0) units, err 0
Total number of records processed = 0.
Number of data errors encountered = 0.
Total number of errors encountered = 0.
End of payment processing mta
#################################################################
crontab_td_payment_processing.sh finished at Fri Jul 1 02:00:02 NZST 2016
#################################################################
Total Fetched (0) units, err 0
Total number of records processed = 0.
Number of data errors encountered = 0.
Total number of errors encountered = 0.
End of payment processing mta
#################################################################
crontab_td_payment_processing.sh finished at Sat Jul 2 02:00:02 NZST 2016
#################################################################
Total Fetched (0) units, err 0
Total number of records processed = 0.
Number of data errors encountered = 0.
Total number of errors encountered = 0.
End of payment processing mta
#################################################################
crontab_td_payment_processing.sh finished at Sun Jul 3 02:00:01 NZST 2016
#################################################################
Total Fetched (0) units, err 0
Total number of records processed = 0.
Number of data errors encountered = 0.
Total number of errors encountered = 0.
End of payment processing mta
#################################################################
crontab_td_payment_processing.sh finished at Mon Jul 4 02:00:01 NZST 2016
#################################################################
	Fetched units per step: (61)
Total Fetched (61) units, err 0
Fetched (61) units in Total.
Total number of records processed = 61.
Number of data errors encountered = 0.
Total number of errors encountered = 0.
End of payment processing mta
#################################################################
crontab_td_payment_processing.sh finished at Tue Jul 5 02:00:04 NZST 2016
#################################################################
Total Fetched (0) units, err 0
Total number of records processed = 0.
Number of data errors encountered = 0.
Total number of errors encountered = 0.
End of payment processing mta
#################################################################
crontab_td_payment_processing.sh finished at Wed Jul 6 02:00:02 NZST 2016
#################################################################
Total Fetched (0) units, err 0
Total number of records processed = 0.
Number of data errors encountered = 0.
Total number of errors encountered = 0.
End of payment processing mta
#################################################################
crontab_td_payment_processing.sh finished at Thu Jul 7 02:00:01 NZST 2016
#################################################################
Total Fetched (0) units, err 0
Total number of records processed = 0.
Number of data errors encountered = 0.
Total number of errors encountered = 0.
End of payment processing mta
#################################################################
crontab_td_payment_processing.sh finished at Fri Jul 8 02:00:02 NZST 2016
#################################################################
Total Fetched (0) units, err 0
Total number of records processed = 0.
Number of data errors encountered = 0.
Total number of errors encountered = 0.
End of payment processing mta
#################################################################
crontab_td_payment_processing.sh finished at Sat Jul 9 02:00:01 NZST 2016
#################################################################
Total Fetched (0) units, err 0
Total number of records processed = 0.
Number of data errors encountered = 0.
Total number of errors encountered = 0.
End of payment processing mta
#################################################################
crontab_td_payment_processing.sh finished at Sun Jul 10 02:00:02 NZST 2016
#################################################################
Total Fetched (0) units, err 0
Total number of records processed = 0.
Number of data errors encountered = 0.
Total number of errors encountered = 0.
End of payment processing mta
#################################################################
crontab_td_payment_processing.sh finished at Mon Jul 11 02:00:02 NZST 2016
#################################################################
Total Fetched (0) units, err 0
Total number of records processed = 0.
Number of data errors encountered = 0.
Total number of errors encountered = 0.
End of payment processing mta
#################################################################
crontab_td_payment_processing.sh finished at Tue Jul 12 02:00:02 NZST 2016
#################################################################
	Fetched units per step: (72)
Total Fetched (72) units, err 0
Fetched (72) units in Total.
Total number of records processed = 72.
Number of data errors encountered = 0.
Total number of errors encountered = 0.
End of payment processing mta
#################################################################
crontab_td_payment_processing.sh finished at Wed Jul 13 02:00:05 NZST 2016
#################################################################
Total Fetched (0) units, err 0
Total number of records processed = 0.
Number of data errors encountered = 0.
Total number of errors encountered = 0.
End of payment processing mta
#################################################################
crontab_td_payment_processing.sh finished at Thu Jul 14 02:00:01 NZST 2016
#################################################################
Total Fetched (0) units, err 0
Total number of records processed = 0.
Number of data errors encountered = 0.
Total number of errors encountered = 0.
End of payment processing mta
#################################################################
crontab_td_payment_processing.sh finished at Fri Jul 15 02:00:02 NZST 2016
#################################################################
Total Fetched (0) units, err 0
Total number of records processed = 0.
Number of data errors encountered = 0.
Total number of errors encountered = 0.
End of payment processing mta
#################################################################
crontab_td_payment_processing.sh finished at Sat Jul 16 02:00:01 NZST 2016
#################################################################
Total Fetched (0) units, err 0
Total number of records processed = 0.
Number of data errors encountered = 0.
Total number of errors encountered = 0.
End of payment processing mta
#################################################################
crontab_td_payment_processing.sh finished at Sun Jul 17 02:00:02 NZST 2016
#################################################################
Total Fetched (0) units, err 0
Total number of records processed = 0.
Number of data errors encountered = 0.
Total number of errors encountered = 0.
End of payment processing mta
#################################################################
crontab_td_payment_processing.sh finished at Mon Jul 18 02:00:02 NZST 2016
#################################################################
Total Fetched (0) units, err 0
Total number of records processed = 0.
Number of data errors encountered = 0.
Total number of errors encountered = 0.
End of payment processing mta
#################################################################
crontab_td_payment_processing.sh finished at Tue Jul 19 02:00:02 NZST 2016
#################################################################
Total Fetched (0) units, err 0
Total number of records processed = 0.
Number of data errors encountered = 0.
Total number of errors encountered = 0.
End of payment processing mta
#################################################################
crontab_td_payment_processing.sh finished at Wed Jul 20 02:00:02 NZST 2016
#################################################################
Total Fetched (0) units, err 0
Total number of records processed = 0.
Number of data errors encountered = 0.
Total number of errors encountered = 0.
End of payment processing mta
#################################################################
crontab_td_payment_processing.sh finished at Thu Jul 21 02:00:01 NZST 2016
#################################################################
Total Fetched (0) units, err 0
Total number of records processed = 0.
Number of data errors encountered = 0.
Total number of errors encountered = 0.
End of payment processing mta
#################################################################
crontab_td_payment_processing.sh finished at Fri Jul 22 02:00:02 NZST 2016
#################################################################
Total Fetched (0) units, err 0
Total number of records processed = 0.
Number of data errors encountered = 0.
Total number of errors encountered = 0.
End of payment processing mta
#################################################################
crontab_td_payment_processing.sh finished at Sat Jul 23 02:00:01 NZST 2016
#################################################################
Total Fetched (0) units, err 0
Total number of records processed = 0.
Number of data errors encountered = 0.
Total number of errors encountered = 0.
End of payment processing mta
#################################################################
crontab_td_payment_processing.sh finished at Sun Jul 24 02:00:01 NZST 2016
#################################################################
Total Fetched (0) units, err 0
Total number of records processed = 0.
Number of data errors encountered = 0.
Total number of errors encountered = 0.
End of payment processing mta
#################################################################
crontab_td_payment_processing.sh finished at Mon Jul 25 02:00:01 NZST 2016
#################################################################
Total Fetched (0) units, err 0
Total number of records processed = 0.
Number of data errors encountered = 0.
Total number of errors encountered = 0.
End of payment processing mta
#################################################################
crontab_td_payment_processing.sh finished at Tue Jul 26 02:00:02 NZST 2016
#################################################################
Total Fetched (0) units, err 0
Total number of records processed = 0.
Number of data errors encountered = 0.
Total number of errors encountered = 0.
End of payment processing mta
#################################################################
crontab_td_payment_processing.sh finished at Wed Jul 27 02:00:02 NZST 2016
#################################################################
Total Fetched (0) units, err 0
Total number of records processed = 0.
Number of data errors encountered = 0.
Total number of errors encountered = 0.
End of payment processing mta
#################################################################
crontab_td_payment_processing.sh finished at Thu Jul 28 02:00:01 NZST 2016
#################################################################
Total Fetched (0) units, err 0
Total number of records processed = 0.
Number of data errors encountered = 0.
Total number of errors encountered = 0.
End of payment processing mta
#################################################################
crontab_td_payment_processing.sh finished at Fri Jul 29 02:00:02 NZST 2016
#################################################################
Total Fetched (0) units, err 0
Total number of records processed = 0.
Number of data errors encountered = 0.
Total number of errors encountered = 0.
End of payment processing mta
#################################################################
crontab_td_payment_processing.sh finished at Sat Jul 30 02:00:01 NZST 2016
#################################################################
Total Fetched (0) units, err 0
Total number of records processed = 0.
Number of data errors encountered = 0.
Total number of errors encountered = 0.
End of payment processing mta
#################################################################
crontab_td_payment_processing.sh finished at Sun Jul 31 02:00:01 NZST 2016
#################################################################
Total Fetched (0) units, err 0
Total number of records processed = 0.
Number of data errors encountered = 0.
Total number of errors encountered = 0.
End of payment processing mta
#################################################################
crontab_td_payment_processing.sh finished at Mon Aug 1 02:00:02 NZST 2016
#################################################################
Total Fetched (0) units, err 0
Total number of records processed = 0.
Number of data errors encountered = 0.
Total number of errors encountered = 0.
End of payment processing mta
#################################################################
crontab_td_payment_processing.sh finished at Tue Aug 2 02:00:02 NZST 2016
#################################################################
Total Fetched (0) units, err 0
Total number of records processed = 0.
Number of data errors encountered = 0.
Total number of errors encountered = 0.
End of payment processing mta
#################################################################
crontab_td_payment_processing.sh finished at Wed Aug 3 02:00:01 NZST 2016
#################################################################
Total Fetched (0) units, err 0
Total number of records processed = 0.
Number of data errors encountered = 0.
Total number of errors encountered = 0.
End of payment processing mta
#################################################################
crontab_td_payment_processing.sh finished at Thu Aug 4 02:00:01 NZST 2016
#################################################################
Total Fetched (0) units, err 0
Total number of records processed = 0.
Number of data errors encountered = 0.
Total number of errors encountered = 0.
End of payment processing mta
#################################################################
crontab_td_payment_processing.sh finished at Fri Aug 5 02:00:02 NZST 2016
#################################################################
Total Fetched (0) units, err 0
Total number of records processed = 0.
Number of data errors encountered = 0.
Total number of errors encountered = 0.
End of payment processing mta
#################################################################
crontab_td_payment_processing.sh finished at Sat Aug 6 02:00:02 NZST 2016
#################################################################
Total Fetched (0) units, err 0
Total number of records processed = 0.
Number of data errors encountered = 0.
Total number of errors encountered = 0.
End of payment processing mta
#################################################################
crontab_td_payment_processing.sh finished at Sun Aug 7 02:00:02 NZST 2016
#################################################################
Total Fetched (0) units, err 0
Total number of records processed = 0.
Number of data errors encountered = 0.
Total number of errors encountered = 0.
End of payment processing mta
#################################################################
crontab_td_payment_processing.sh finished at Mon Aug 8 02:00:01 NZST 2016
#################################################################
Total Fetched (0) units, err 0
Total number of records processed = 0.
Number of data errors encountered = 0.
Total number of errors encountered = 0.
End of payment processing mta
#################################################################
crontab_td_payment_processing.sh finished at Tue Aug 9 02:00:01 NZST 2016
#################################################################
Total Fetched (0) units, err 0
Total number of records processed = 0.
Number of data errors encountered = 0.
Total number of errors encountered = 0.
End of payment processing mta
#################################################################
crontab_td_payment_processing.sh finished at Wed Aug 10 02:00:02 NZST 2016
#################################################################
Total Fetched (0) units, err 0
Total number of records processed = 0.
Number of data errors encountered = 0.
Total number of errors encountered = 0.
End of payment processing mta
#################################################################
crontab_td_payment_processing.sh finished at Thu Aug 11 02:00:01 NZST 2016
#################################################################
Total Fetched (0) units, err 0
Total number of records processed = 0.
Number of data errors encountered = 0.
Total number of errors encountered = 0.
End of payment processing mta
#################################################################
crontab_td_payment_processing.sh finished at Fri Aug 12 02:00:01 NZST 2016
#################################################################
Total Fetched (0) units, err 0
Total number of records processed = 0.
Number of data errors encountered = 0.
Total number of errors encountered = 0.
End of payment processing mta
#################################################################
crontab_td_payment_processing.sh finished at Sat Aug 13 02:00:01 NZST 2016
#################################################################
Total Fetched (0) units, err 0
Total number of records processed = 0.
Number of data errors encountered = 0.
Total number of errors encountered = 0.
End of payment processing mta
#################################################################
crontab_td_payment_processing.sh finished at Sun Aug 14 02:00:02 NZST 2016
#################################################################
Total Fetched (0) units, err 0
Total number of records processed = 0.
Number of data errors encountered = 0.
Total number of errors encountered = 0.
End of payment processing mta
#################################################################
crontab_td_payment_processing.sh finished at Mon Aug 15 02:00:01 NZST 2016
#################################################################
Total Fetched (0) units, err 0
Total number of records processed = 0.
Number of data errors encountered = 0.
Total number of errors encountered = 0.
End of payment processing mta
#################################################################
crontab_td_payment_processing.sh finished at Tue Aug 16 02:00:02 NZST 2016
#################################################################
Total Fetched (0) units, err 0
Total number of records processed = 0.
Number of data errors encountered = 0.
Total number of errors encountered = 0.
End of payment processing mta
#################################################################
crontab_td_payment_processing.sh finished at Wed Aug 17 02:00:01 NZST 2016
#################################################################
Total Fetched (0) units, err 0
Total number of records processed = 0.
Number of data errors encountered = 0.
Total number of errors encountered = 0.
End of payment processing mta
#################################################################
crontab_td_payment_processing.sh finished at Thu Aug 18 02:00:02 NZST 2016
#################################################################
Total Fetched (0) units, err 0
Total number of records processed = 0.
Number of data errors encountered = 0.
Total number of errors encountered = 0.
End of payment processing mta
#################################################################
crontab_td_payment_processing.sh finished at Fri Aug 19 02:00:02 NZST 2016
#################################################################
Total Fetched (0) units, err 0
Total number of records processed = 0.
Number of data errors encountered = 0.
Total number of errors encountered = 0.
End of payment processing mta
#################################################################
crontab_td_payment_processing.sh finished at Sat Aug 20 02:00:02 NZST 2016
#################################################################
Total Fetched (0) units, err 0
Total number of records processed = 0.
Number of data errors encountered = 0.
Total number of errors encountered = 0.
End of payment processing mta
#################################################################
crontab_td_payment_processing.sh finished at Sun Aug 21 02:00:02 NZST 2016
#################################################################
Total Fetched (0) units, err 0
Total number of records processed = 0.
Number of data errors encountered = 0.
Total number of errors encountered = 0.
End of payment processing mta
#################################################################
crontab_td_payment_processing.sh finished at Mon Aug 22 02:00:01 NZST 2016
#################################################################
	Fetched units per step: (211)
Total Fetched (211) units, err 0
Fetched (211) units in Total.
Total number of records processed = 211.
Number of data errors encountered = 0.
Total number of errors encountered = 0.
End of payment processing mta
#################################################################
crontab_td_payment_processing.sh finished at Wed May 13 08:51:10 NZST 2020
#################################################################
