
SQL*Loader: Release 11.2.0.4.0 - Production on Fri Sep 8 11:54:59 2017

Copyright (c) 1982, 2011, Oracle and/or its affiliates.  All rights reserved.

Commit point reached - logical record count 1

SQL*Loader: Release 11.2.0.4.0 - Production on Fri Sep 8 12:04:42 2017

Copyright (c) 1982, 2011, Oracle and/or its affiliates.  All rights reserved.

Commit point reached - logical record count 14

SQL*Loader: Release 11.2.0.4.0 - Production on Fri Sep 8 17:35:18 2017

Copyright (c) 1982, 2011, Oracle and/or its affiliates.  All rights reserved.

Commit point reached - logical record count 14

SQL*Loader: Release 11.2.0.4.0 - Production on Fri Sep 8 18:57:21 2017

Copyright (c) 1982, 2011, Oracle and/or its affiliates.  All rights reserved.

Commit point reached - logical record count 14

SQL*Loader: Release 11.2.0.4.0 - Production on Fri Sep 8 19:15:18 2017

Copyright (c) 1982, 2011, Oracle and/or its affiliates.  All rights reserved.

Commit point reached - logical record count 15

SQL*Loader: Release 11.2.0.4.0 - Production on Sat Sep 9 14:32:54 2017

Copyright (c) 1982, 2011, Oracle and/or its affiliates.  All rights reserved.

Commit point reached - logical record count 15

SQL*Loader: Release 11.2.0.4.0 - Production on Wed Sep 13 13:00:00 2017

Copyright (c) 1982, 2011, Oracle and/or its affiliates.  All rights reserved.

Commit point reached - logical record count 24

SQL*Loader: Release 11.2.0.4.0 - Production on Thu Mar 1 17:15:07 2018

Copyright (c) 1982, 2011, Oracle and/or its affiliates.  All rights reserved.

Commit point reached - logical record count 17

SQL*Loader: Release 11.2.0.4.0 - Production on Tue May 19 12:35:08 2020

Copyright (c) 1982, 2011, Oracle and/or its affiliates.  All rights reserved.


SQL*Loader: Release 11.2.0.4.0 - Production on Mon Apr 19 14:47:01 2021

Copyright (c) 1982, 2011, Oracle and/or its affiliates.  All rights reserved.

Commit point reached - logical record count 22

SQL*Loader: Release 11.2.0.4.0 - Production on Wed Apr 21 15:08:24 2021

Copyright (c) 1982, 2011, Oracle and/or its affiliates.  All rights reserved.

Commit point reached - logical record count 22

SQL*Loader: Release 11.2.0.4.0 - Production on Sat Oct 2 21:23:34 2021

Copyright (c) 1982, 2011, Oracle and/or its affiliates.  All rights reserved.

Commit point reached - logical record count 22

SQL*Loader: Release 11.2.0.4.0 - Production on Tue Oct 12 16:22:49 2021

Copyright (c) 1982, 2011, Oracle and/or its affiliates.  All rights reserved.

Commit point reached - logical record count 22
