<?xml version="1.0" encoding="UTF-8"?>
<IFW xsi:noNamespaceSchemaLocation="LoadIfwConfig.xsd" xmlns:xsi="http://www.w3.org/2001/XMLSchema-instance">

<RecordSet>
<IFW_DSCTRIGGER CODE ="$149 SET" DISCOUNTTRIGGER ="$149 SET" NAME ="$149 Share Everything Trigger" >
<IFW_DSCCONDITION COND_EXPRESSION ="1.0" COND_OPERATOR ="GT" CONDITION_VALUE ="0" DISCOUNTTRIGGER ="$149 SET" />
</IFW_DSCTRIGGER>
</RecordSet>
<RecordSet>
<IFW_DISCOUNTMASTER CODE ="$149 SEM" DISCOUNTMASTER ="$149 SEM" NAME ="$149 SEM" />
</RecordSet>
<RecordSet>
<IFW_DISCOUNTMODEL CODE ="$149 SED" NAME ="$149 SED" />
</RecordSet>
<RecordSet>
<IFW_DISCOUNTRULE CODE ="$149 SER" DISCOUNTMASTER ="$149 SEM" DISCOUNTRULE ="$149 SER" DRUM_EXPRESSION ="eval(&quot;getPlan149Cnt&quot;)" DRUM_TYPE ="Q" NAME ="$149 Share Everythin Rule" RULE_TYPE ="1" />
</RecordSet>
<RecordSet>
<IFW_DSCMDL_VER DISCOUNTMODEL ="$149 SED" STATUS ="A" VALID_FROM ="2012-01-01T00:00:00" VERSION ="1" >
<IFW_DSCMDL_CNF DISCOUNTMODEL ="$149 SED" DISCOUNTRULE ="$149 SER" DISCOUNTTRIGGER ="$149 SET" DSC_MODE ="0" RANK ="14" VERSION ="1" />
</IFW_DSCMDL_VER>
</RecordSet>
<RecordSet>
<IFW_DISCOUNTDETAIL DISCOUNTMASTER ="$149 SEM" GLID ="200200007" IMPACT_CATEGORY =".*" PRICEMODEL =".*" RANK ="1" RATE_PLAN =".*" RATE_TAG =".*" RECORDTYPE =".*" RESSOURCE =".*" RUM =".*" SERVICECLASS =".*" SERVICECODE =".*" TIMEMODEL =".*" TIMEZONE =".*" USAGECLASS =".*" USAGETYPE =".*" VALID_FROM ="20120101" ZONEMODEL =".*" />
</RecordSet>
<RecordSet>
<IFW_DISCOUNTSTEP CODE ="19gh040nd" DISCOUNTRULE ="$149 SER" DISCOUNTSTEP ="19gh040nd" PRORATE_CANCEL ="702" PRORATE_PURCHASE ="702" RANK ="16" THRESHOLD_FROM ="5" THRESHOLD_TO ="15" >
<IFW_DSCBALIMPACT BASE_EXPRESSION ="1" DISCOUNT_OWNER_FLAG ="0" DISCOUNT_TYPE ="A" DISCOUNTSTEP ="19gh040nd" FIRST_USAGE ="0" GLID ="0" GRANT_BEAT ="0" GRANT_PERIOD_OFFSET ="-1" GRANT_PERIOD_UNIT ="-1" GRANT_PRORATEDBEAT ="0" GRANT_UNITS ="-10" RESOURCE_ID ="554" TAX_CODE ="GST"/>
</IFW_DISCOUNTSTEP>
<IFW_DISCOUNTSTEP CODE ="19gh05mj1" DISCOUNTRULE ="$149 SER" DISCOUNTSTEP ="19gh05mj1" PRORATE_CANCEL ="702" PRORATE_PURCHASE ="702" RANK ="17" THRESHOLD_FROM ="15" THRESHOLD_TO ="30" >
<IFW_DSCBALIMPACT BASE_EXPRESSION ="1.0" DISCOUNT_OWNER_FLAG ="0" DISCOUNT_TYPE ="A" DISCOUNTSTEP ="19gh05mj1" FIRST_USAGE ="0" GLID ="0" GRANT_BEAT ="0" GRANT_PERIOD_OFFSET ="-1" GRANT_PERIOD_UNIT ="-1" GRANT_PRORATEDBEAT ="0" GRANT_UNITS ="-20" RESOURCE_ID ="554" TAX_CODE ="GST"/>
</IFW_DISCOUNTSTEP>
<IFW_DISCOUNTSTEP CODE ="19gh076se" DISCOUNTRULE ="$149 SER" DISCOUNTSTEP ="19gh076se" PRORATE_CANCEL ="702" PRORATE_PURCHASE ="702" RANK ="18" THRESHOLD_FROM ="30" THRESHOLD_TO ="0" >
<IFW_DSCBALIMPACT BASE_EXPRESSION ="1.0" DISCOUNT_OWNER_FLAG ="0" DISCOUNT_TYPE ="A" DISCOUNTSTEP ="19gh076se" FIRST_USAGE ="0" GLID ="0" GRANT_BEAT ="0" GRANT_PERIOD_OFFSET ="-1" GRANT_PERIOD_UNIT ="-1" GRANT_PRORATEDBEAT ="0" GRANT_UNITS ="-30" RESOURCE_ID ="554" TAX_CODE ="GST"/>
</IFW_DISCOUNTSTEP>
</RecordSet>
</IFW>
