<?xml version="1.0" encoding="UTF-8"?>
<IFW xsi:noNamespaceSchemaLocation="LoadIfwConfig.xsd" xmlns:xsi="http://www.w3.org/2001/XMLSchema-instance">
<RecordSet>
<IFW_IMPACT_CAT IMPACT_CATEGORY ="ALL" NAME ="2degree Impact category" RESULT ="ALL" TYPE ="1" />
</RecordSet>
<RecordSet>
<IFW_REF_MAP ID ="CustomerData" REF_OBJ ="/service/telco/gsm/mms" REF_PARAM ="/event/delayed/session/telco/gsm/mms" />
</RecordSet>
<RecordSet>
<IFW_REF_MAP ID ="CustomerData" REF_OBJ ="/service/telco/gsm/voicemail" REF_PARAM ="/event/delayed/session/telco/gsm/voicemail" />
</RecordSet>
<RecordSet>
<IFW_REF_MAP ID ="CustomerData" REF_OBJ ="/service/telco/gsm/vas" REF_PARAM ="/event/delayed/session/telco/gsm/vas" />
</RecordSet>
<RecordSet>
<IFW_SERVICE BASIC ="1" DEF_GLACCOUNT ="1600" NAME ="MMS" PIN_SERVICETYPE ="/service/telco/gsm/mms" RANK ="1" RUMGROUP ="DURATION" SERVICECODE ="MMS" TOS ="B" />
</RecordSet>
<RecordSet>
<IFW_SERVICE BASIC ="1" DEF_GLACCOUNT ="1600" NAME ="Value Added Service" PIN_SERVICETYPE ="/service/telco/gsm/vas" RANK ="1" RUMGROUP ="DURATION" SERVICECODE ="VAS" TOS ="B" />
</RecordSet>
<RecordSet>
<IFW_SERVICE BASIC ="1" DEF_GLACCOUNT ="1600" NAME ="Valuepack" PIN_SERVICETYPE ="/service/telco/gsm" RANK ="1" RUMGROUP ="DURATION" SERVICECODE ="VAP" TOS ="B" />
</RecordSet>
<RecordSet>
<IFW_SERVICE BASIC ="1" DEF_GLACCOUNT ="1440" NAME ="Voicemail" PIN_SERVICETYPE ="/service/telco/gsm/voicemail" RANK ="1" RUMGROUP ="DURATION" SERVICECODE ="VOM" TOS ="B" />
</RecordSet>
<RecordSet>
<IFW_SERVICECLASS NAME ="Service class for VAP" SERVICECLASS ="DEF" SERVICECODE ="VAP" />
</RecordSet>
<RecordSet>
<IFW_SERVICECLASS NAME ="Service Class for VAS" SERVICECLASS ="DEF" SERVICECODE ="VAS" />
</RecordSet>
<RecordSet>
<IFW_SERVICECLASS NAME ="Service Class for MMS" SERVICECLASS ="DEF" SERVICECODE ="MMS" />
</RecordSet>
<RecordSet>
<IFW_ALIAS_MAP EDRC_DESC ="ALL_RATE" FIELD_ID ="20032" KEY_ID ="DAT" REFERENCE ="UniData_CustA" TYPE ="I" />
</RecordSet>
<RecordSet>
<IFW_ALIAS_MAP EDRC_DESC ="ALL_RATE" FIELD_ID ="20032" KEY_ID ="MMS" REFERENCE ="UniData_CustA" TYPE ="I" />
</RecordSet>
<RecordSet>
<IFW_ALIAS_MAP EDRC_DESC ="ALL_RATE" FIELD_ID ="20032" KEY_ID ="VAS" REFERENCE ="UniData_CustA" TYPE ="I" />
</RecordSet>
<RecordSet>
<IFW_ALIAS_MAP EDRC_DESC ="ALL_RATE" FIELD_ID ="20032" KEY_ID ="VOM" REFERENCE ="UniData_CustA" TYPE ="I" />
</RecordSet>
<RecordSet>
<IFW_PIPELINE EDRC_DESC ="ALL_RATE" NAME ="Postpaid rating pipeline" PIPELINE ="TD_POSTPAID_RATE" />
</RecordSet>
<RecordSet>
<IFW_SERVICE_MAP EXT_SERVICECODE ="VAS.*" INT_SERVICECLASS ="DEF" INT_SERVICECODE ="VAS" LOCARIND_VASEVENT =".*" MAP_GROUP ="ALL_RATE" NAME ="VAS service" QOS_REQUESTED =".*" QOS_USED =".*" RANK ="100" RECORDTYPE =".*" USAGECLASS =".*" />
<IFW_SERVICE_MAP EXT_SERVICECODE ="VAP.*" INT_SERVICECLASS ="DEF" INT_SERVICECODE ="VAP" LOCARIND_VASEVENT =".*" MAP_GROUP ="ALL_RATE" NAME ="VAP" QOS_REQUESTED =".*" QOS_USED =".*" RANK ="101" RECORDTYPE =".*" USAGECLASS =".*" />
<IFW_SERVICE_MAP EXT_SERVICECODE ="VOM.*" INT_SERVICECLASS ="DEF" INT_SERVICECODE ="VOM" LOCARIND_VASEVENT =".*" MAP_GROUP ="ALL_RATE" NAME ="Voicemail" QOS_REQUESTED =".*" QOS_USED =".*" RANK ="102" RECORDTYPE =".*" USAGECLASS =".*" />
<IFW_SERVICE_MAP EXT_SERVICECODE ="MMS.*" INT_SERVICECLASS ="DEF" INT_SERVICECODE ="MMS" LOCARIND_VASEVENT =".*" MAP_GROUP ="ALL_RATE" NAME ="MMS" QOS_REQUESTED =".*" QOS_USED =".*" RANK ="103" RECORDTYPE =".*" USAGECLASS =".*" />
</RecordSet>
<RecordSet>
<IFW_RATEPLAN CALENDAR ="ALL_RATE" CODE ="Passthru" CURRENCY ="NZD" MODELTYPE ="R" NAME ="Passthru Plan" RATEPLAN ="Passthru" SPLITTING ="2" STATUS ="A" TAILORMADE ="0" TAXTREATMENT ="0" UTC_TIME_OFFSET ="-1000" />
<IFW_RATEPLAN_VER BASIC ="1" RATEPLAN ="Passthru" STATUS ="A" VALID_FROM ="2014-07-10T00:00:00" VERSION ="1" ZONEMODEL ="ALL_RATE" />
<IFW_RATEPLAN_CNF ADDON_CHARGE ="0" ADDON_TYPE ="P" IMPACT_CATEGORY ="ALL" PASSTHROUGH ="1" RATEPLAN ="Passthru" SERVICECLASS ="DEF" SERVICECODE ="MMS" TIMEMODEL ="FLAT" TIMEZONE ="FLAT" VERSION ="1" />
<IFW_RATEPLAN_CNF ADDON_CHARGE ="0" ADDON_TYPE ="P" IMPACT_CATEGORY ="ALL" PASSTHROUGH ="1" RATEPLAN ="Passthru" SERVICECLASS ="DEF" SERVICECODE ="SMS" TIMEMODEL ="FLAT" TIMEZONE ="FLAT" VERSION ="1" />
<IFW_RATEPLAN_CNF ADDON_CHARGE ="0" ADDON_TYPE ="P" IMPACT_CATEGORY ="ALL" PASSTHROUGH ="1" RATEPLAN ="Passthru" SERVICECLASS ="DEF" SERVICECODE ="TEL" TIMEMODEL ="FLAT" TIMEZONE ="FLAT" VERSION ="1" />
<IFW_RATEPLAN_CNF ADDON_CHARGE ="0" ADDON_TYPE ="P" IMPACT_CATEGORY ="ALL" PASSTHROUGH ="1" RATEPLAN ="Passthru" SERVICECLASS ="DEF" SERVICECODE ="VAP" TIMEMODEL ="FLAT" TIMEZONE ="FLAT" VERSION ="1" />
<IFW_RATEPLAN_CNF ADDON_CHARGE ="0" ADDON_TYPE ="P" IMPACT_CATEGORY ="ALL" PASSTHROUGH ="1" RATEPLAN ="Passthru" SERVICECLASS ="DEF" SERVICECODE ="VAS" TIMEMODEL ="FLAT" TIMEZONE ="FLAT" VERSION ="1" />
<IFW_RATEPLAN_CNF ADDON_CHARGE ="0" ADDON_TYPE ="P" IMPACT_CATEGORY ="ALL" PASSTHROUGH ="1" RATEPLAN ="Passthru" SERVICECLASS ="DEF" SERVICECODE ="VOM" TIMEMODEL ="FLAT" TIMEZONE ="FLAT" VERSION ="1" />
</RecordSet>
</IFW>
