<?xml version="1.0" encoding="UTF-8"?>
<IFW xsi:noNamespaceSchemaLocation="LoadIfwConfig.xsd" xmlns:xsi="http://www.w3.org/2001/XMLSchema-instance">

<RecordSet>
<IFW_DSCTRIGGER CODE ="BTD_Trig" DISCOUNTTRIGGER ="BTD_Trig" NAME ="BTD_Trig" >
<IFW_DSCCONDITION COND_EXPRESSION ="eval(&quot;isValidDiscount&quot;)" COND_OPERATOR ="GT" CONDITION_VALUE ="0" DISCOUNTTRIGGER ="BTD_Trig" />
</IFW_DSCTRIGGER>
</RecordSet>
<RecordSet>
<IFW_DISCOUNTMASTER CODE ="BTD_M" DISCOUNTMASTER ="BTD_M" NAME ="BTD" />
</RecordSet>
<RecordSet>
<IFW_DISCOUNTMODEL CODE ="BTD_Model" NAME ="BTD_Model" />
</RecordSet>
<RecordSet>
<IFW_DISCOUNTRULE CODE ="BTD_Rule" DISCOUNTMASTER ="BTD_M" DISCOUNTRULE ="BTD_Rule" DRUM_EXPRESSION ="1.0" DRUM_TYPE ="Q" NAME ="BTD_Rule" RULE_TYPE ="0" />
</RecordSet>
<RecordSet>
<IFW_DSCMDL_VER DISCOUNTMODEL ="BTD_Model" STATUS ="A" VALID_FROM ="2011-11-01T00:00:00" VERSION ="1" >
<IFW_DSCMDL_CNF DISCOUNTMODEL ="BTD_Model" DISCOUNTRULE ="BTD_Rule" DISCOUNTTRIGGER ="BTD_Trig" DSC_MODE ="0" RANK ="11" VERSION ="1" />
</IFW_DSCMDL_VER>
</RecordSet>
<RecordSet>
<IFW_DISCOUNTSTEP CODE ="19ebct6b6" DISCOUNTRULE ="BTD_Rule" DISCOUNTSTEP ="19ebct6b6" PRORATE_CANCEL ="701" PRORATE_PURCHASE ="701" RANK ="11" THRESHOLD_FROM ="0" THRESHOLD_TO ="0" >
<IFW_DSCBALIMPACT BASE_EXPRESSION ="TotalC*eval(&quot;getDiscPercent&quot;)" DISCOUNT_OWNER_FLAG ="0" DISCOUNT_TYPE ="P" DISCOUNTSTEP ="19ebct6b6" FIRST_USAGE ="0" GLID ="0" GRANT_BEAT ="0" GRANT_PERIOD_OFFSET ="-1" GRANT_PERIOD_UNIT ="-1" GRANT_PRORATEDBEAT ="0" GRANT_UNITS ="-1" RESOURCE_ID ="554" />
</IFW_DISCOUNTSTEP>
</RecordSet>
</IFW>
