<?xml version="1.0" encoding="UTF-8"?>
<IFW xsi:noNamespaceSchemaLocation="LoadIfwConfig.xsd" xmlns:xsi="http://www.w3.org/2001/XMLSchema-instance">

<RecordSet>
<IFW_DSCTRIGGER CODE ="CO_OP_T" DISCOUNTTRIGGER ="CO_OP_T" NAME ="CO_OP Discount Trigger" >
<IFW_DSCCONDITION COND_EXPRESSION ="1.0" COND_OPERATOR ="GT" CONDITION_VALUE ="0" DISCOUNTTRIGGER ="CO_OP_T" />
</IFW_DSCTRIGGER>
</RecordSet>
<RecordSet>
<IFW_DISCOUNTMODEL CODE ="CO_OP_M" NAME ="CO_OP_M" />
</RecordSet>
<RecordSet>
<IFW_DISCOUNTMASTER CODE ="CO_OP_M" DISCOUNTMASTER ="CO_OP_M" NAME ="CO_OP_M" />
</RecordSet>
<RecordSet>
<IFW_DISCOUNTRULE CODE ="CO_OP_Rule" DISCOUNTMASTER ="CO_OP_M" DISCOUNTRULE ="CO_OP_Rule" DRUM_EXPRESSION ="1.0" DRUM_TYPE ="C" NAME ="CO_OP Discount Rule" RULE_TYPE ="0" />
</RecordSet>
<RecordSet>
<IFW_DSCMDL_VER DISCOUNTMODEL ="CO_OP_M" STATUS ="A" VALID_FROM ="2012-01-01T00:00:00" VERSION ="1" >
<IFW_DSCMDL_CNF DISCOUNTMODEL ="CO_OP_M" DISCOUNTRULE ="CO_OP_Rule" DISCOUNTTRIGGER ="CO_OP_T" DSC_MODE ="2" RANK ="15" VERSION ="1" />
</IFW_DSCMDL_VER>
</RecordSet>
<RecordSet>
<IFW_DISCOUNTSTEP CODE ="19h8sjgt9" DISCOUNTRULE ="CO_OP_Rule" DISCOUNTSTEP ="19h8sjgt9" PRORATE_CANCEL ="702" PRORATE_PURCHASE ="702" RANK ="20" THRESHOLD_FROM ="0" THRESHOLD_TO ="0" >
<IFW_DSCBALIMPACT BASE_EXPRESSION ="1.0" DISCOUNT_OWNER_FLAG ="0" DISCOUNT_TYPE ="A" DISCOUNTSTEP ="19h8sjgt9" FIRST_USAGE ="0" GLID ="200200007" GRANT_BEAT ="0" GRANT_PERIOD_OFFSET ="1" GRANT_PERIOD_UNIT ="9" GRANT_PRORATEDBEAT ="0" GRANT_UNITS ="-30" GRANT_VALID_FROM ="1970-01-01T05:30:00" RESOURCE_ID ="554" TAX_CODE ="GST" />
</IFW_DISCOUNTSTEP>
</RecordSet>
</IFW>
