<?xml version="1.0" encoding="UTF-8"?>
<IFW xsi:noNamespaceSchemaLocation="LoadIfwConfig.xsd" xmlns:xsi="http://www.w3.org/2001/XMLSchema-instance">

<RecordSet>
<IFW_DISCOUNTMODEL CODE ="FCN_Model" NAME ="FCN_Model" />
</RecordSet>
<RecordSet>
<IFW_DISCOUNTMASTER CODE ="FCN_DM" DISCOUNTMASTER ="FCN_DM" NAME ="FCN_DM" />
</RecordSet>
<RecordSet>
<IFW_DSCTRIGGER CODE ="FCN_Trig" DISCOUNTTRIGGER ="FCN_Trig" NAME ="FCN_Trig" >
<IFW_DSCCONDITION COND_EXPRESSION ="1" COND_OPERATOR ="GT" CONDITION_VALUE ="0" DISCOUNTTRIGGER ="FCN_Trig" />
</IFW_DSCTRIGGER>
</RecordSet>
<RecordSet>
<IFW_DISCOUNTRULE CODE ="FCN_D_Rule" DISCOUNTMASTER ="FCN_DM" DISCOUNTRULE ="FCN_D_Rule" DRUM_EXPRESSION ="1.0" DRUM_TYPE ="C" NAME ="FCN Discount Rule" RULE_TYPE ="0" />
</RecordSet>
<RecordSet>
<IFW_DSCMDL_VER DISCOUNTMODEL ="FCN_Model" STATUS ="A" VALID_FROM ="2012-01-01T00:00:00" VERSION ="1" >
<IFW_DSCMDL_CNF DISCOUNTMODEL ="FCN_Model" DISCOUNTRULE ="FCN_D_Rule" DISCOUNTTRIGGER ="FCN_Trig" DSC_MODE ="2" RANK ="15" VERSION ="1" />
</IFW_DSCMDL_VER>
</RecordSet>
<RecordSet>
<IFW_DISCOUNTDETAIL DISCOUNTMASTER ="FCN_DM" GLID ="1000" IMPACT_CATEGORY =".*" PRICEMODEL =".*" RANK ="1" RATE_PLAN =".*" RATE_TAG =".*" RECORDTYPE =".*" RESSOURCE =".*" RUM =".*" SERVICECLASS =".*" SERVICECODE =".*" TIMEMODEL =".*" TIMEZONE =".*" USAGECLASS =".*" USAGETYPE =".*" VALID_FROM ="20120201" ZONEMODEL =".*" />
</RecordSet>
<RecordSet>
<IFW_DISCOUNTSTEP CODE ="19et2a96e" DISCOUNTRULE ="FCN_D_Rule" DISCOUNTSTEP ="19et2a96e" PRORATE_CANCEL ="701" PRORATE_PURCHASE ="701" RANK ="14" THRESHOLD_FROM ="3" THRESHOLD_TO ="19" >
<IFW_DSCBALIMPACT BASE_EXPRESSION ="1" DISCOUNT_OWNER_FLAG ="0" DISCOUNT_TYPE ="A" DISCOUNTSTEP ="19et2a96e" FIRST_USAGE ="0" GLID ="0" GRANT_BEAT ="0" GRANT_PERIOD_OFFSET ="0" GRANT_PERIOD_UNIT ="9" GRANT_PRORATEDBEAT ="0" GRANT_UNITS ="-1" RESOURCE_ID ="1000106" />
</IFW_DISCOUNTSTEP>
<IFW_DISCOUNTSTEP CODE ="19got4e5p" DISCOUNTRULE ="FCN_D_Rule" DISCOUNTSTEP ="19got4e5p" PRORATE_CANCEL ="703" PRORATE_PURCHASE ="703" RANK ="13" THRESHOLD_FROM ="0" THRESHOLD_TO ="3" >
<IFW_DSCBALIMPACT BASE_EXPRESSION ="1" DISCOUNT_OWNER_FLAG ="0" DISCOUNT_TYPE ="A" DISCOUNTSTEP ="19got4e5p" FIRST_USAGE ="0" GLID ="0" GRANT_BEAT ="0" GRANT_PERIOD_OFFSET ="0" GRANT_PERIOD_UNIT ="9" GRANT_PRORATEDBEAT ="0" GRANT_UNITS ="1" RESOURCE_ID ="1000106" />
</IFW_DISCOUNTSTEP>
<IFW_DISCOUNTSTEP CODE ="19etdnbc5" DISCOUNTRULE ="FCN_D_Rule" DISCOUNTSTEP ="19etdnbc5" PRORATE_CANCEL ="701" PRORATE_PURCHASE ="701" RANK ="19" THRESHOLD_FROM ="19" THRESHOLD_TO ="0" >
<IFW_DSCBALIMPACT BASE_EXPRESSION ="1.0" DISCOUNT_OWNER_FLAG ="0" DISCOUNT_TYPE ="A" DISCOUNTSTEP ="19etdnbc5" FIRST_USAGE ="0" GLID ="0" GRANT_BEAT ="0" GRANT_PERIOD_OFFSET ="0" GRANT_PERIOD_UNIT ="9" GRANT_PRORATEDBEAT ="0" GRANT_UNITS ="-20" RESOURCE_ID ="1000106" />
</IFW_DISCOUNTSTEP>
</RecordSet>
</IFW>

