<?xml version="1.0" encoding="UTF-8"?>
<IFW xsi:noNamespaceSchemaLocation="LoadIfwConfig.xsd" xmlns:xsi="http://www.w3.org/2001/XMLSchema-instance">
<RecordSet>
<IFW_DISCOUNTMODEL CODE ="Data_Md" NAME ="Data_Md" />
</RecordSet>
<RecordSet>
<IFW_DISCOUNTMODEL CODE ="LOYM_Md" NAME ="LOYM_Md" />
</RecordSet>
<RecordSet>
<IFW_DISCOUNTMODEL CODE ="$29SED_Md" NAME ="$29SED_Md" />
</RecordSet>
<RecordSet>
<IFW_DISCOUNTMASTER CODE ="LOYM_M" DISCOUNTMASTER ="LOYM_M" NAME ="LOYM_M" />
</RecordSet>
<RecordSet>
<IFW_DISCOUNTMASTER CODE ="Data_M" DISCOUNTMASTER ="Data_M" NAME ="Data_M" />
</RecordSet>
<RecordSet>
<IFW_DISCOUNTMASTER CODE ="$29SED_M" DISCOUNTMASTER ="$29SED_M" NAME ="$29SED_M" />
</RecordSet>
<RecordSet>
<IFW_DISCOUNTRULE CODE ="Data_R" DISCOUNTMASTER ="Data_M" DISCOUNTRULE ="Data_R" DRUM_EXPRESSION ="1.0" DRUM_TYPE ="C" NAME ="Data_R Discount Rule" RULE_TYPE ="0" />
</RecordSet>
<RecordSet>
<IFW_DISCOUNTRULE CODE ="$29SED_R" DISCOUNTMASTER ="$29SED_M" DISCOUNTRULE ="$29SED_R" DRUM_EXPRESSION ="1.0" DRUM_TYPE ="C" NAME ="$29SED_R Discount Rule" RULE_TYPE ="0" />
</RecordSet>
<RecordSet>
<IFW_DSCTRIGGER CODE ="Data_T" DISCOUNTTRIGGER ="Data_T" NAME ="Data_T" >
<IFW_DSCCONDITION COND_EXPRESSION ="1.0" COND_OPERATOR ="GT" CONDITION_VALUE ="0" DISCOUNTTRIGGER ="Data_T" />
</IFW_DSCTRIGGER>
<IFW_DSCTRIGGER CODE ="LOYM_T" DISCOUNTTRIGGER ="LOYM_T" NAME ="LOYM_T" >
<IFW_DSCCONDITION COND_EXPRESSION ="1.0" COND_OPERATOR ="GT" CONDITION_VALUE ="0" DISCOUNTTRIGGER ="LOYM_T" />
</IFW_DSCTRIGGER>
<IFW_DSCTRIGGER CODE ="$29SED_T" DISCOUNTTRIGGER ="$29SED_T" NAME ="$29SED_T" >
<IFW_DSCCONDITION COND_EXPRESSION ="1.0" COND_OPERATOR ="GT" CONDITION_VALUE ="0" DISCOUNTTRIGGER ="$29SED_T" />
</IFW_DSCTRIGGER>
</RecordSet>
<RecordSet>
<IFW_DISCOUNTRULE CODE ="LOYM_R" DISCOUNTMASTER ="LOYM_M" DISCOUNTRULE ="LOYM_R" DRUM_EXPRESSION ="1.0" DRUM_TYPE ="C" NAME ="LOYM_R" RULE_TYPE ="0" />
</RecordSet>
<RecordSet>
<IFW_DSCMDL_VER DISCOUNTMODEL ="Data_Md" STATUS ="A" VALID_FROM ="2012-07-01T00:00:00" VERSION ="1" >
<IFW_DSCMDL_CNF DISCOUNTMODEL ="Data_Md" DISCOUNTRULE ="Data_R" DISCOUNTTRIGGER ="Data_T" DSC_MODE ="0" RANK ="18" VERSION ="1" />
</IFW_DSCMDL_VER>
<IFW_DSCMDL_VER DISCOUNTMODEL ="LOYM_Md" STATUS ="A" VALID_FROM ="2012-07-01T00:00:00" VERSION ="1" >
<IFW_DSCMDL_CNF DISCOUNTMODEL ="LOYM_Md" DISCOUNTRULE ="LOYM_R" DISCOUNTTRIGGER ="LOYM_T" DSC_MODE ="0" RANK ="17" VERSION ="1" />
</IFW_DSCMDL_VER>
<IFW_DSCMDL_VER DISCOUNTMODEL ="$29SED_Md" STATUS ="A" VALID_FROM ="2012-07-01T00:00:00" VERSION ="1" >
<IFW_DSCMDL_CNF DISCOUNTMODEL ="$29SED_Md" DISCOUNTRULE ="$29SED_R" DISCOUNTTRIGGER ="$29SED_T" DSC_MODE ="0" RANK ="19" VERSION ="1" />
</IFW_DSCMDL_VER>
</RecordSet>
<RecordSet>
<IFW_DISCOUNTDETAIL DISCOUNTMASTER ="$29SED_M" GLID =".*" IMPACT_CATEGORY =".*" PRICEMODEL =".*" RANK ="1" RATE_PLAN =".*" RATE_TAG =".*" RECORDTYPE =".*" RESSOURCE =".*" RUM =".*" SERVICECLASS =".*" SERVICECODE =".*" TIMEMODEL =".*" TIMEZONE =".*" USAGECLASS =".*" USAGETYPE =".*" VALID_FROM ="20120701" ZONEMODEL =".*" />
</RecordSet>
<RecordSet>
<IFW_DISCOUNTSTEP CODE ="19qdaa8p2" DISCOUNTRULE ="Data_R" DISCOUNTSTEP ="19qdaa8p2" PRORATE_CANCEL ="703" PRORATE_PURCHASE ="702" RANK ="23" THRESHOLD_FROM ="0" THRESHOLD_TO ="0" >
<IFW_DSCBALIMPACT BASE_EXPRESSION ="1.0" DISCOUNT_OWNER_FLAG ="0" DISCOUNT_TYPE ="A" DISCOUNTSTEP ="19qdaa8p2" FIRST_USAGE ="0" GLID ="100100305" GRANT_BEAT ="0" GRANT_PERIOD_OFFSET ="-1" GRANT_PERIOD_UNIT ="-1" GRANT_PRORATEDBEAT ="0" GRANT_UNITS ="-10" RESOURCE_ID ="554" TAX_CODE ="GST" />
</IFW_DISCOUNTSTEP>
<IFW_DISCOUNTSTEP CODE ="19qaktbli" DISCOUNTRULE ="LOYM_R" DISCOUNTSTEP ="19qaktbli" PRORATE_CANCEL ="703" PRORATE_PURCHASE ="702" RANK ="22" THRESHOLD_FROM ="0" THRESHOLD_TO ="0" >
<IFW_DSCBALIMPACT BASE_EXPRESSION ="TotalC" DISCOUNT_OWNER_FLAG ="0" DISCOUNT_TYPE ="P" DISCOUNTSTEP ="19qaktbli" FIRST_USAGE ="0" GLID ="100200250" GRANT_BEAT ="0" GRANT_PERIOD_OFFSET ="-1" GRANT_PERIOD_UNIT ="-1" GRANT_PRORATEDBEAT ="0" GRANT_UNITS ="-1" RESOURCE_ID ="554" TAX_CODE ="GST" />
</IFW_DISCOUNTSTEP>
<IFW_DISCOUNTSTEP CODE ="19qdmmo09" DISCOUNTRULE ="$29SED_R" DISCOUNTSTEP ="19qdmmo09" PRORATE_CANCEL ="702" PRORATE_PURCHASE ="702" RANK ="24" THRESHOLD_FROM ="0" THRESHOLD_TO ="0" >
<IFW_DSCBALIMPACT BASE_EXPRESSION ="TotalC" DISCOUNT_OWNER_FLAG ="0" DISCOUNT_TYPE ="P" DISCOUNTSTEP ="19qdmmo09" FIRST_USAGE ="0" GLID ="200200014" GRANT_BEAT ="0" GRANT_PERIOD_OFFSET ="-1" GRANT_PERIOD_UNIT ="-1" GRANT_PRORATEDBEAT ="0" GRANT_UNITS ="-1" RESOURCE_ID ="554" TAX_CODE ="GST" />
</IFW_DISCOUNTSTEP>
</RecordSet>
</IFW>
