<?xml version="1.0" encoding="UTF-8"?>
<IFW xsi:noNamespaceSchemaLocation="LoadIfwConfig.xsd" xmlns:xsi="http://www.w3.org/2001/XMLSchema-instance">
<RecordSet>
<IFW_STANDARD_ZONE DESTIN_AREACODE ="*" NAME ="2D- ALL" ORIGIN_AREACODE ="*" SERVICECODE ="DAT" VALID_FROM ="2013-12-01T00:00:00" ZONE_RT ="ALL" ZONE_WS ="ALL" ZONEMODEL ="ALL_RATE" />
</RecordSet>
<RecordSet>
<IFW_STANDARD_ZONE DESTIN_AREACODE ="*" NAME ="2D- ALL" ORIGIN_AREACODE ="*" SERVICECODE ="SMS" VALID_FROM ="2013-12-01T00:00:00" ZONE_RT ="ALL" ZONE_WS ="ALL" ZONEMODEL ="ALL_RATE" />
</RecordSet>
<RecordSet>
<IFW_STANDARD_ZONE DESTIN_AREACODE ="*" NAME ="2D- ALL" ORIGIN_AREACODE ="*" SERVICECODE ="MMS" VALID_FROM ="2013-12-01T00:00:00" ZONE_RT ="ALL" ZONE_WS ="ALL" ZONEMODEL ="ALL_RATE" />
</RecordSet>
<RecordSet>
<IFW_STANDARD_ZONE DESTIN_AREACODE ="*" NAME ="2D- ALL" ORIGIN_AREACODE ="*" SERVICECODE ="TEL" VALID_FROM ="2013-12-01T00:00:00" ZONE_RT ="ALL" ZONE_WS ="ALL" ZONEMODEL ="ALL_RATE" />
</RecordSet>
<RecordSet>
<IFW_STANDARD_ZONE DESTIN_AREACODE ="*" NAME ="2D- ALL" ORIGIN_AREACODE ="*" SERVICECODE ="VAS" VALID_FROM ="2013-12-01T00:00:00" ZONE_RT ="ALL" ZONE_WS ="ALL" ZONEMODEL ="ALL_RATE" />
</RecordSet>
<RecordSet>
<IFW_STANDARD_ZONE DESTIN_AREACODE ="*" NAME ="2D- ALL" ORIGIN_AREACODE ="*" SERVICECODE ="VAP" VALID_FROM ="2013-12-01T00:00:00" ZONE_RT ="ALL" ZONE_WS ="ALL" ZONEMODEL ="ALL_RATE" />
</RecordSet>
<RecordSet>
<IFW_STANDARD_ZONE DESTIN_AREACODE ="2" NAME ="2D- ALL" ORIGIN_AREACODE ="009" SERVICECODE ="DAT" VALID_FROM ="2013-12-01T00:00:00" ZONE_RT ="ALL" ZONE_WS ="ALL" ZONEMODEL ="ALL_RATE" />
</RecordSet>
<RecordSet>
<IFW_STANDARD_ZONE DESTIN_AREACODE ="2" NAME ="2D- ALL" ORIGIN_AREACODE ="009" SERVICECODE ="SMS" VALID_FROM ="2013-12-01T00:00:00" ZONE_RT ="ALL" ZONE_WS ="ALL" ZONEMODEL ="ALL_RATE" />
</RecordSet>
<RecordSet>
<IFW_STANDARD_ZONE DESTIN_AREACODE ="2" NAME ="2D- ALL" ORIGIN_AREACODE ="009" SERVICECODE ="MMS" VALID_FROM ="2013-12-01T00:00:00" ZONE_RT ="ALL" ZONE_WS ="ALL" ZONEMODEL ="ALL_RATE" />
</RecordSet>
<RecordSet>
<IFW_STANDARD_ZONE DESTIN_AREACODE ="2" NAME ="2D- ALL" ORIGIN_AREACODE ="009" SERVICECODE ="TEL" VALID_FROM ="2013-12-01T00:00:00" ZONE_RT ="ALL" ZONE_WS ="ALL" ZONEMODEL ="ALL_RATE" />
</RecordSet>
<RecordSet>
<IFW_STANDARD_ZONE DESTIN_AREACODE ="2" NAME ="2D- ALL" ORIGIN_AREACODE ="009" SERVICECODE ="VAS" VALID_FROM ="2013-12-01T00:00:00" ZONE_RT ="ALL" ZONE_WS ="ALL" ZONEMODEL ="ALL_RATE" />
</RecordSet>
<RecordSet>
<IFW_STANDARD_ZONE DESTIN_AREACODE ="2" NAME ="2D- ALL" ORIGIN_AREACODE ="009" SERVICECODE ="VAP" VALID_FROM ="2013-12-01T00:00:00" ZONE_RT ="ALL" ZONE_WS ="ALL" ZONEMODEL ="ALL_RATE" />
</RecordSet>
</IFW>