<?xml version="1.0" encoding="UTF-8"?>
<IFW xsi:noNamespaceSchemaLocation="LoadIfwConfig.xsd" xmlns:xsi="http://www.w3.org/2001/XMLSchema-instance">
<RecordSet>
<IFW_STANDARD_ZONE DESTIN_AREACODE ="001" NAME ="2D- ALL" ORIGIN_AREACODE ="0" SERVICECODE ="*" VALID_FROM ="2013-12-01T00:00:00" ZONE_RT ="ALL" ZONE_WS ="ALL" ZONEMODEL ="ALL_RATE" />
</RecordSet>
<RecordSet>
<IFW_STANDARD_ZONE DESTIN_AREACODE ="002" NAME ="2D- ALL" ORIGIN_AREACODE ="0" SERVICECODE ="*" VALID_FROM ="2013-12-01T00:00:00" ZONE_RT ="ALL" ZONE_WS ="ALL" ZONEMODEL ="ALL_RATE" />
</RecordSet>
<RecordSet>
<IFW_STANDARD_ZONE DESTIN_AREACODE ="003" NAME ="2D- ALL" ORIGIN_AREACODE ="0" SERVICECODE ="*" VALID_FROM ="2013-12-01T00:00:00" ZONE_RT ="ALL" ZONE_WS ="ALL" ZONEMODEL ="ALL_RATE" />
</RecordSet>
<RecordSet>
<IFW_STANDARD_ZONE DESTIN_AREACODE ="004" NAME ="2D- ALL" ORIGIN_AREACODE ="0" SERVICECODE ="*" VALID_FROM ="2013-12-01T00:00:00" ZONE_RT ="ALL" ZONE_WS ="ALL" ZONEMODEL ="ALL_RATE" />
</RecordSet>
<RecordSet>
<IFW_STANDARD_ZONE DESTIN_AREACODE ="005" NAME ="2D- ALL" ORIGIN_AREACODE ="0" SERVICECODE ="*" VALID_FROM ="2013-12-01T00:00:00" ZONE_RT ="ALL" ZONE_WS ="ALL" ZONEMODEL ="ALL_RATE" />
</RecordSet>
<RecordSet>
<IFW_STANDARD_ZONE DESTIN_AREACODE ="006" NAME ="2D- ALL" ORIGIN_AREACODE ="0" SERVICECODE ="*" VALID_FROM ="2013-12-01T00:00:00" ZONE_RT ="ALL" ZONE_WS ="ALL" ZONEMODEL ="ALL_RATE" />
</RecordSet>
<RecordSet>
<IFW_STANDARD_ZONE DESTIN_AREACODE ="007" NAME ="2D- ALL" ORIGIN_AREACODE ="0" SERVICECODE ="*" VALID_FROM ="2013-12-01T00:00:00" ZONE_RT ="ALL" ZONE_WS ="ALL" ZONEMODEL ="ALL_RATE" />
</RecordSet>
<RecordSet>
<IFW_STANDARD_ZONE DESTIN_AREACODE ="008" NAME ="2D- ALL" ORIGIN_AREACODE ="0" SERVICECODE ="*" VALID_FROM ="2013-12-01T00:00:00" ZONE_RT ="ALL" ZONE_WS ="ALL" ZONEMODEL ="ALL_RATE" />
</RecordSet>
<RecordSet>
<IFW_STANDARD_ZONE DESTIN_AREACODE ="009" NAME ="2D- ALL" ORIGIN_AREACODE ="0" SERVICECODE ="*" VALID_FROM ="2013-12-01T00:00:00" ZONE_RT ="ALL" ZONE_WS ="ALL" ZONEMODEL ="ALL_RATE" />
</RecordSet>
<RecordSet>
<IFW_STANDARD_ZONE DESTIN_AREACODE ="001" NAME ="2D- ALL" ORIGIN_AREACODE ="1" SERVICECODE ="*" VALID_FROM ="2013-12-01T00:00:00" ZONE_RT ="ALL" ZONE_WS ="ALL" ZONEMODEL ="ALL_RATE" />
</RecordSet>
<RecordSet>
<IFW_STANDARD_ZONE DESTIN_AREACODE ="002" NAME ="2D- ALL" ORIGIN_AREACODE ="1" SERVICECODE ="*" VALID_FROM ="2013-12-01T00:00:00" ZONE_RT ="ALL" ZONE_WS ="ALL" ZONEMODEL ="ALL_RATE" />
</RecordSet>
<RecordSet>
<IFW_STANDARD_ZONE DESTIN_AREACODE ="003" NAME ="2D- ALL" ORIGIN_AREACODE ="1" SERVICECODE ="*" VALID_FROM ="2013-12-01T00:00:00" ZONE_RT ="ALL" ZONE_WS ="ALL" ZONEMODEL ="ALL_RATE" />
</RecordSet>
<RecordSet>
<IFW_STANDARD_ZONE DESTIN_AREACODE ="004" NAME ="2D- ALL" ORIGIN_AREACODE ="1" SERVICECODE ="*" VALID_FROM ="2013-12-01T00:00:00" ZONE_RT ="ALL" ZONE_WS ="ALL" ZONEMODEL ="ALL_RATE" />
</RecordSet>
<RecordSet>
<IFW_STANDARD_ZONE DESTIN_AREACODE ="005" NAME ="2D- ALL" ORIGIN_AREACODE ="1" SERVICECODE ="*" VALID_FROM ="2013-12-01T00:00:00" ZONE_RT ="ALL" ZONE_WS ="ALL" ZONEMODEL ="ALL_RATE" />
</RecordSet>
<RecordSet>
<IFW_STANDARD_ZONE DESTIN_AREACODE ="006" NAME ="2D- ALL" ORIGIN_AREACODE ="1" SERVICECODE ="*" VALID_FROM ="2013-12-01T00:00:00" ZONE_RT ="ALL" ZONE_WS ="ALL" ZONEMODEL ="ALL_RATE" />
</RecordSet>
<RecordSet>
<IFW_STANDARD_ZONE DESTIN_AREACODE ="007" NAME ="2D- ALL" ORIGIN_AREACODE ="1" SERVICECODE ="*" VALID_FROM ="2013-12-01T00:00:00" ZONE_RT ="ALL" ZONE_WS ="ALL" ZONEMODEL ="ALL_RATE" />
</RecordSet>
<RecordSet>
<IFW_STANDARD_ZONE DESTIN_AREACODE ="008" NAME ="2D- ALL" ORIGIN_AREACODE ="1" SERVICECODE ="*" VALID_FROM ="2013-12-01T00:00:00" ZONE_RT ="ALL" ZONE_WS ="ALL" ZONEMODEL ="ALL_RATE" />
</RecordSet>
<RecordSet>
<IFW_STANDARD_ZONE DESTIN_AREACODE ="009" NAME ="2D- ALL" ORIGIN_AREACODE ="1" SERVICECODE ="*" VALID_FROM ="2013-12-01T00:00:00" ZONE_RT ="ALL" ZONE_WS ="ALL" ZONEMODEL ="ALL_RATE" />
</RecordSet>
<RecordSet>
<IFW_STANDARD_ZONE DESTIN_AREACODE ="001" NAME ="2D- ALL" ORIGIN_AREACODE ="2" SERVICECODE ="*" VALID_FROM ="2013-12-01T00:00:00" ZONE_RT ="ALL" ZONE_WS ="ALL" ZONEMODEL ="ALL_RATE" />
</RecordSet>
<RecordSet>
<IFW_STANDARD_ZONE DESTIN_AREACODE ="002" NAME ="2D- ALL" ORIGIN_AREACODE ="2" SERVICECODE ="*" VALID_FROM ="2013-12-01T00:00:00" ZONE_RT ="ALL" ZONE_WS ="ALL" ZONEMODEL ="ALL_RATE" />
</RecordSet>
<RecordSet>
<IFW_STANDARD_ZONE DESTIN_AREACODE ="003" NAME ="2D- ALL" ORIGIN_AREACODE ="2" SERVICECODE ="*" VALID_FROM ="2013-12-01T00:00:00" ZONE_RT ="ALL" ZONE_WS ="ALL" ZONEMODEL ="ALL_RATE" />
</RecordSet>
<RecordSet>
<IFW_STANDARD_ZONE DESTIN_AREACODE ="004" NAME ="2D- ALL" ORIGIN_AREACODE ="2" SERVICECODE ="*" VALID_FROM ="2013-12-01T00:00:00" ZONE_RT ="ALL" ZONE_WS ="ALL" ZONEMODEL ="ALL_RATE" />
</RecordSet>
<RecordSet>
<IFW_STANDARD_ZONE DESTIN_AREACODE ="005" NAME ="2D- ALL" ORIGIN_AREACODE ="2" SERVICECODE ="*" VALID_FROM ="2013-12-01T00:00:00" ZONE_RT ="ALL" ZONE_WS ="ALL" ZONEMODEL ="ALL_RATE" />
</RecordSet>
<RecordSet>
<IFW_STANDARD_ZONE DESTIN_AREACODE ="006" NAME ="2D- ALL" ORIGIN_AREACODE ="2" SERVICECODE ="*" VALID_FROM ="2013-12-01T00:00:00" ZONE_RT ="ALL" ZONE_WS ="ALL" ZONEMODEL ="ALL_RATE" />
</RecordSet>
<RecordSet>
<IFW_STANDARD_ZONE DESTIN_AREACODE ="007" NAME ="2D- ALL" ORIGIN_AREACODE ="2" SERVICECODE ="*" VALID_FROM ="2013-12-01T00:00:00" ZONE_RT ="ALL" ZONE_WS ="ALL" ZONEMODEL ="ALL_RATE" />
</RecordSet>
<RecordSet>
<IFW_STANDARD_ZONE DESTIN_AREACODE ="008" NAME ="2D- ALL" ORIGIN_AREACODE ="2" SERVICECODE ="*" VALID_FROM ="2013-12-01T00:00:00" ZONE_RT ="ALL" ZONE_WS ="ALL" ZONEMODEL ="ALL_RATE" />
</RecordSet>
<RecordSet>
<IFW_STANDARD_ZONE DESTIN_AREACODE ="009" NAME ="2D- ALL" ORIGIN_AREACODE ="2" SERVICECODE ="*" VALID_FROM ="2013-12-01T00:00:00" ZONE_RT ="ALL" ZONE_WS ="ALL" ZONEMODEL ="ALL_RATE" />
</RecordSet>
<RecordSet>
<IFW_STANDARD_ZONE DESTIN_AREACODE ="001" NAME ="2D- ALL" ORIGIN_AREACODE ="3" SERVICECODE ="*" VALID_FROM ="2013-12-01T00:00:00" ZONE_RT ="ALL" ZONE_WS ="ALL" ZONEMODEL ="ALL_RATE" />
</RecordSet>
<RecordSet>
<IFW_STANDARD_ZONE DESTIN_AREACODE ="002" NAME ="2D- ALL" ORIGIN_AREACODE ="3" SERVICECODE ="*" VALID_FROM ="2013-12-01T00:00:00" ZONE_RT ="ALL" ZONE_WS ="ALL" ZONEMODEL ="ALL_RATE" />
</RecordSet>
<RecordSet>
<IFW_STANDARD_ZONE DESTIN_AREACODE ="003" NAME ="2D- ALL" ORIGIN_AREACODE ="3" SERVICECODE ="*" VALID_FROM ="2013-12-01T00:00:00" ZONE_RT ="ALL" ZONE_WS ="ALL" ZONEMODEL ="ALL_RATE" />
</RecordSet>
<RecordSet>
<IFW_STANDARD_ZONE DESTIN_AREACODE ="004" NAME ="2D- ALL" ORIGIN_AREACODE ="3" SERVICECODE ="*" VALID_FROM ="2013-12-01T00:00:00" ZONE_RT ="ALL" ZONE_WS ="ALL" ZONEMODEL ="ALL_RATE" />
</RecordSet>
<RecordSet>
<IFW_STANDARD_ZONE DESTIN_AREACODE ="005" NAME ="2D- ALL" ORIGIN_AREACODE ="3" SERVICECODE ="*" VALID_FROM ="2013-12-01T00:00:00" ZONE_RT ="ALL" ZONE_WS ="ALL" ZONEMODEL ="ALL_RATE" />
</RecordSet>
<RecordSet>
<IFW_STANDARD_ZONE DESTIN_AREACODE ="006" NAME ="2D- ALL" ORIGIN_AREACODE ="3" SERVICECODE ="*" VALID_FROM ="2013-12-01T00:00:00" ZONE_RT ="ALL" ZONE_WS ="ALL" ZONEMODEL ="ALL_RATE" />
</RecordSet>
<RecordSet>
<IFW_STANDARD_ZONE DESTIN_AREACODE ="007" NAME ="2D- ALL" ORIGIN_AREACODE ="3" SERVICECODE ="*" VALID_FROM ="2013-12-01T00:00:00" ZONE_RT ="ALL" ZONE_WS ="ALL" ZONEMODEL ="ALL_RATE" />
</RecordSet>
<RecordSet>
<IFW_STANDARD_ZONE DESTIN_AREACODE ="008" NAME ="2D- ALL" ORIGIN_AREACODE ="3" SERVICECODE ="*" VALID_FROM ="2013-12-01T00:00:00" ZONE_RT ="ALL" ZONE_WS ="ALL" ZONEMODEL ="ALL_RATE" />
</RecordSet>
<RecordSet>
<IFW_STANDARD_ZONE DESTIN_AREACODE ="009" NAME ="2D- ALL" ORIGIN_AREACODE ="3" SERVICECODE ="*" VALID_FROM ="2013-12-01T00:00:00" ZONE_RT ="ALL" ZONE_WS ="ALL" ZONEMODEL ="ALL_RATE" />
</RecordSet>
<RecordSet>
<IFW_STANDARD_ZONE DESTIN_AREACODE ="001" NAME ="2D- ALL" ORIGIN_AREACODE ="4" SERVICECODE ="*" VALID_FROM ="2013-12-01T00:00:00" ZONE_RT ="ALL" ZONE_WS ="ALL" ZONEMODEL ="ALL_RATE" />
</RecordSet>
<RecordSet>
<IFW_STANDARD_ZONE DESTIN_AREACODE ="002" NAME ="2D- ALL" ORIGIN_AREACODE ="4" SERVICECODE ="*" VALID_FROM ="2013-12-01T00:00:00" ZONE_RT ="ALL" ZONE_WS ="ALL" ZONEMODEL ="ALL_RATE" />
</RecordSet>
<RecordSet>
<IFW_STANDARD_ZONE DESTIN_AREACODE ="003" NAME ="2D- ALL" ORIGIN_AREACODE ="4" SERVICECODE ="*" VALID_FROM ="2013-12-01T00:00:00" ZONE_RT ="ALL" ZONE_WS ="ALL" ZONEMODEL ="ALL_RATE" />
</RecordSet>
<RecordSet>
<IFW_STANDARD_ZONE DESTIN_AREACODE ="004" NAME ="2D- ALL" ORIGIN_AREACODE ="4" SERVICECODE ="*" VALID_FROM ="2013-12-01T00:00:00" ZONE_RT ="ALL" ZONE_WS ="ALL" ZONEMODEL ="ALL_RATE" />
</RecordSet>
<RecordSet>
<IFW_STANDARD_ZONE DESTIN_AREACODE ="005" NAME ="2D- ALL" ORIGIN_AREACODE ="4" SERVICECODE ="*" VALID_FROM ="2013-12-01T00:00:00" ZONE_RT ="ALL" ZONE_WS ="ALL" ZONEMODEL ="ALL_RATE" />
</RecordSet>
<RecordSet>
<IFW_STANDARD_ZONE DESTIN_AREACODE ="006" NAME ="2D- ALL" ORIGIN_AREACODE ="4" SERVICECODE ="*" VALID_FROM ="2013-12-01T00:00:00" ZONE_RT ="ALL" ZONE_WS ="ALL" ZONEMODEL ="ALL_RATE" />
</RecordSet>
<RecordSet>
<IFW_STANDARD_ZONE DESTIN_AREACODE ="007" NAME ="2D- ALL" ORIGIN_AREACODE ="4" SERVICECODE ="*" VALID_FROM ="2013-12-01T00:00:00" ZONE_RT ="ALL" ZONE_WS ="ALL" ZONEMODEL ="ALL_RATE" />
</RecordSet>
<RecordSet>
<IFW_STANDARD_ZONE DESTIN_AREACODE ="008" NAME ="2D- ALL" ORIGIN_AREACODE ="4" SERVICECODE ="*" VALID_FROM ="2013-12-01T00:00:00" ZONE_RT ="ALL" ZONE_WS ="ALL" ZONEMODEL ="ALL_RATE" />
</RecordSet>
<RecordSet>
<IFW_STANDARD_ZONE DESTIN_AREACODE ="009" NAME ="2D- ALL" ORIGIN_AREACODE ="4" SERVICECODE ="*" VALID_FROM ="2013-12-01T00:00:00" ZONE_RT ="ALL" ZONE_WS ="ALL" ZONEMODEL ="ALL_RATE" />
</RecordSet>
<RecordSet>
<IFW_STANDARD_ZONE DESTIN_AREACODE ="001" NAME ="2D- ALL" ORIGIN_AREACODE ="5" SERVICECODE ="*" VALID_FROM ="2013-12-01T00:00:00" ZONE_RT ="ALL" ZONE_WS ="ALL" ZONEMODEL ="ALL_RATE" />
</RecordSet>
<RecordSet>
<IFW_STANDARD_ZONE DESTIN_AREACODE ="002" NAME ="2D- ALL" ORIGIN_AREACODE ="5" SERVICECODE ="*" VALID_FROM ="2013-12-01T00:00:00" ZONE_RT ="ALL" ZONE_WS ="ALL" ZONEMODEL ="ALL_RATE" />
</RecordSet>
<RecordSet>
<IFW_STANDARD_ZONE DESTIN_AREACODE ="003" NAME ="2D- ALL" ORIGIN_AREACODE ="5" SERVICECODE ="*" VALID_FROM ="2013-12-01T00:00:00" ZONE_RT ="ALL" ZONE_WS ="ALL" ZONEMODEL ="ALL_RATE" />
</RecordSet>
<RecordSet>
<IFW_STANDARD_ZONE DESTIN_AREACODE ="004" NAME ="2D- ALL" ORIGIN_AREACODE ="5" SERVICECODE ="*" VALID_FROM ="2013-12-01T00:00:00" ZONE_RT ="ALL" ZONE_WS ="ALL" ZONEMODEL ="ALL_RATE" />
</RecordSet>
<RecordSet>
<IFW_STANDARD_ZONE DESTIN_AREACODE ="005" NAME ="2D- ALL" ORIGIN_AREACODE ="5" SERVICECODE ="*" VALID_FROM ="2013-12-01T00:00:00" ZONE_RT ="ALL" ZONE_WS ="ALL" ZONEMODEL ="ALL_RATE" />
</RecordSet>
<RecordSet>
<IFW_STANDARD_ZONE DESTIN_AREACODE ="006" NAME ="2D- ALL" ORIGIN_AREACODE ="5" SERVICECODE ="*" VALID_FROM ="2013-12-01T00:00:00" ZONE_RT ="ALL" ZONE_WS ="ALL" ZONEMODEL ="ALL_RATE" />
</RecordSet>
<RecordSet>
<IFW_STANDARD_ZONE DESTIN_AREACODE ="007" NAME ="2D- ALL" ORIGIN_AREACODE ="5" SERVICECODE ="*" VALID_FROM ="2013-12-01T00:00:00" ZONE_RT ="ALL" ZONE_WS ="ALL" ZONEMODEL ="ALL_RATE" />
</RecordSet>
<RecordSet>
<IFW_STANDARD_ZONE DESTIN_AREACODE ="008" NAME ="2D- ALL" ORIGIN_AREACODE ="5" SERVICECODE ="*" VALID_FROM ="2013-12-01T00:00:00" ZONE_RT ="ALL" ZONE_WS ="ALL" ZONEMODEL ="ALL_RATE" />
</RecordSet>
<RecordSet>
<IFW_STANDARD_ZONE DESTIN_AREACODE ="009" NAME ="2D- ALL" ORIGIN_AREACODE ="5" SERVICECODE ="*" VALID_FROM ="2013-12-01T00:00:00" ZONE_RT ="ALL" ZONE_WS ="ALL" ZONEMODEL ="ALL_RATE" />
</RecordSet>
<RecordSet>
<IFW_STANDARD_ZONE DESTIN_AREACODE ="001" NAME ="2D- ALL" ORIGIN_AREACODE ="6" SERVICECODE ="*" VALID_FROM ="2013-12-01T00:00:00" ZONE_RT ="ALL" ZONE_WS ="ALL" ZONEMODEL ="ALL_RATE" />
</RecordSet>
<RecordSet>
<IFW_STANDARD_ZONE DESTIN_AREACODE ="002" NAME ="2D- ALL" ORIGIN_AREACODE ="6" SERVICECODE ="*" VALID_FROM ="2013-12-01T00:00:00" ZONE_RT ="ALL" ZONE_WS ="ALL" ZONEMODEL ="ALL_RATE" />
</RecordSet>
<RecordSet>
<IFW_STANDARD_ZONE DESTIN_AREACODE ="003" NAME ="2D- ALL" ORIGIN_AREACODE ="6" SERVICECODE ="*" VALID_FROM ="2013-12-01T00:00:00" ZONE_RT ="ALL" ZONE_WS ="ALL" ZONEMODEL ="ALL_RATE" />
</RecordSet>
<RecordSet>
<IFW_STANDARD_ZONE DESTIN_AREACODE ="004" NAME ="2D- ALL" ORIGIN_AREACODE ="6" SERVICECODE ="*" VALID_FROM ="2013-12-01T00:00:00" ZONE_RT ="ALL" ZONE_WS ="ALL" ZONEMODEL ="ALL_RATE" />
</RecordSet>
<RecordSet>
<IFW_STANDARD_ZONE DESTIN_AREACODE ="005" NAME ="2D- ALL" ORIGIN_AREACODE ="6" SERVICECODE ="*" VALID_FROM ="2013-12-01T00:00:00" ZONE_RT ="ALL" ZONE_WS ="ALL" ZONEMODEL ="ALL_RATE" />
</RecordSet>
<RecordSet>
<IFW_STANDARD_ZONE DESTIN_AREACODE ="006" NAME ="2D- ALL" ORIGIN_AREACODE ="6" SERVICECODE ="*" VALID_FROM ="2013-12-01T00:00:00" ZONE_RT ="ALL" ZONE_WS ="ALL" ZONEMODEL ="ALL_RATE" />
</RecordSet>
<RecordSet>
<IFW_STANDARD_ZONE DESTIN_AREACODE ="007" NAME ="2D- ALL" ORIGIN_AREACODE ="6" SERVICECODE ="*" VALID_FROM ="2013-12-01T00:00:00" ZONE_RT ="ALL" ZONE_WS ="ALL" ZONEMODEL ="ALL_RATE" />
</RecordSet>
<RecordSet>
<IFW_STANDARD_ZONE DESTIN_AREACODE ="008" NAME ="2D- ALL" ORIGIN_AREACODE ="6" SERVICECODE ="*" VALID_FROM ="2013-12-01T00:00:00" ZONE_RT ="ALL" ZONE_WS ="ALL" ZONEMODEL ="ALL_RATE" />
</RecordSet>
<RecordSet>
<IFW_STANDARD_ZONE DESTIN_AREACODE ="009" NAME ="2D- ALL" ORIGIN_AREACODE ="6" SERVICECODE ="*" VALID_FROM ="2013-12-01T00:00:00" ZONE_RT ="ALL" ZONE_WS ="ALL" ZONEMODEL ="ALL_RATE" />
</RecordSet>
<RecordSet>
<IFW_STANDARD_ZONE DESTIN_AREACODE ="001" NAME ="2D- ALL" ORIGIN_AREACODE ="7" SERVICECODE ="*" VALID_FROM ="2013-12-01T00:00:00" ZONE_RT ="ALL" ZONE_WS ="ALL" ZONEMODEL ="ALL_RATE" />
</RecordSet>
<RecordSet>
<IFW_STANDARD_ZONE DESTIN_AREACODE ="002" NAME ="2D- ALL" ORIGIN_AREACODE ="7" SERVICECODE ="*" VALID_FROM ="2013-12-01T00:00:00" ZONE_RT ="ALL" ZONE_WS ="ALL" ZONEMODEL ="ALL_RATE" />
</RecordSet>
<RecordSet>
<IFW_STANDARD_ZONE DESTIN_AREACODE ="003" NAME ="2D- ALL" ORIGIN_AREACODE ="7" SERVICECODE ="*" VALID_FROM ="2013-12-01T00:00:00" ZONE_RT ="ALL" ZONE_WS ="ALL" ZONEMODEL ="ALL_RATE" />
</RecordSet>
<RecordSet>
<IFW_STANDARD_ZONE DESTIN_AREACODE ="004" NAME ="2D- ALL" ORIGIN_AREACODE ="7" SERVICECODE ="*" VALID_FROM ="2013-12-01T00:00:00" ZONE_RT ="ALL" ZONE_WS ="ALL" ZONEMODEL ="ALL_RATE" />
</RecordSet>
<RecordSet>
<IFW_STANDARD_ZONE DESTIN_AREACODE ="005" NAME ="2D- ALL" ORIGIN_AREACODE ="7" SERVICECODE ="*" VALID_FROM ="2013-12-01T00:00:00" ZONE_RT ="ALL" ZONE_WS ="ALL" ZONEMODEL ="ALL_RATE" />
</RecordSet>
<RecordSet>
<IFW_STANDARD_ZONE DESTIN_AREACODE ="006" NAME ="2D- ALL" ORIGIN_AREACODE ="7" SERVICECODE ="*" VALID_FROM ="2013-12-01T00:00:00" ZONE_RT ="ALL" ZONE_WS ="ALL" ZONEMODEL ="ALL_RATE" />
</RecordSet>
<RecordSet>
<IFW_STANDARD_ZONE DESTIN_AREACODE ="007" NAME ="2D- ALL" ORIGIN_AREACODE ="7" SERVICECODE ="*" VALID_FROM ="2013-12-01T00:00:00" ZONE_RT ="ALL" ZONE_WS ="ALL" ZONEMODEL ="ALL_RATE" />
</RecordSet>
<RecordSet>
<IFW_STANDARD_ZONE DESTIN_AREACODE ="008" NAME ="2D- ALL" ORIGIN_AREACODE ="7" SERVICECODE ="*" VALID_FROM ="2013-12-01T00:00:00" ZONE_RT ="ALL" ZONE_WS ="ALL" ZONEMODEL ="ALL_RATE" />
</RecordSet>
<RecordSet>
<IFW_STANDARD_ZONE DESTIN_AREACODE ="009" NAME ="2D- ALL" ORIGIN_AREACODE ="7" SERVICECODE ="*" VALID_FROM ="2013-12-01T00:00:00" ZONE_RT ="ALL" ZONE_WS ="ALL" ZONEMODEL ="ALL_RATE" />
</RecordSet>
<RecordSet>
<IFW_STANDARD_ZONE DESTIN_AREACODE ="001" NAME ="2D- ALL" ORIGIN_AREACODE ="8" SERVICECODE ="*" VALID_FROM ="2013-12-01T00:00:00" ZONE_RT ="ALL" ZONE_WS ="ALL" ZONEMODEL ="ALL_RATE" />
</RecordSet>
<RecordSet>
<IFW_STANDARD_ZONE DESTIN_AREACODE ="002" NAME ="2D- ALL" ORIGIN_AREACODE ="8" SERVICECODE ="*" VALID_FROM ="2013-12-01T00:00:00" ZONE_RT ="ALL" ZONE_WS ="ALL" ZONEMODEL ="ALL_RATE" />
</RecordSet>
<RecordSet>
<IFW_STANDARD_ZONE DESTIN_AREACODE ="003" NAME ="2D- ALL" ORIGIN_AREACODE ="8" SERVICECODE ="*" VALID_FROM ="2013-12-01T00:00:00" ZONE_RT ="ALL" ZONE_WS ="ALL" ZONEMODEL ="ALL_RATE" />
</RecordSet>
<RecordSet>
<IFW_STANDARD_ZONE DESTIN_AREACODE ="004" NAME ="2D- ALL" ORIGIN_AREACODE ="8" SERVICECODE ="*" VALID_FROM ="2013-12-01T00:00:00" ZONE_RT ="ALL" ZONE_WS ="ALL" ZONEMODEL ="ALL_RATE" />
</RecordSet>
<RecordSet>
<IFW_STANDARD_ZONE DESTIN_AREACODE ="005" NAME ="2D- ALL" ORIGIN_AREACODE ="8" SERVICECODE ="*" VALID_FROM ="2013-12-01T00:00:00" ZONE_RT ="ALL" ZONE_WS ="ALL" ZONEMODEL ="ALL_RATE" />
</RecordSet>
<RecordSet>
<IFW_STANDARD_ZONE DESTIN_AREACODE ="006" NAME ="2D- ALL" ORIGIN_AREACODE ="8" SERVICECODE ="*" VALID_FROM ="2013-12-01T00:00:00" ZONE_RT ="ALL" ZONE_WS ="ALL" ZONEMODEL ="ALL_RATE" />
</RecordSet>
<RecordSet>
<IFW_STANDARD_ZONE DESTIN_AREACODE ="007" NAME ="2D- ALL" ORIGIN_AREACODE ="8" SERVICECODE ="*" VALID_FROM ="2013-12-01T00:00:00" ZONE_RT ="ALL" ZONE_WS ="ALL" ZONEMODEL ="ALL_RATE" />
</RecordSet>
<RecordSet>
<IFW_STANDARD_ZONE DESTIN_AREACODE ="008" NAME ="2D- ALL" ORIGIN_AREACODE ="8" SERVICECODE ="*" VALID_FROM ="2013-12-01T00:00:00" ZONE_RT ="ALL" ZONE_WS ="ALL" ZONEMODEL ="ALL_RATE" />
</RecordSet>
<RecordSet>
<IFW_STANDARD_ZONE DESTIN_AREACODE ="009" NAME ="2D- ALL" ORIGIN_AREACODE ="8" SERVICECODE ="*" VALID_FROM ="2013-12-01T00:00:00" ZONE_RT ="ALL" ZONE_WS ="ALL" ZONEMODEL ="ALL_RATE" />
</RecordSet>
<RecordSet>
<IFW_STANDARD_ZONE DESTIN_AREACODE ="001" NAME ="2D- ALL" ORIGIN_AREACODE ="9" SERVICECODE ="*" VALID_FROM ="2013-12-01T00:00:00" ZONE_RT ="ALL" ZONE_WS ="ALL" ZONEMODEL ="ALL_RATE" />
</RecordSet>
<RecordSet>
<IFW_STANDARD_ZONE DESTIN_AREACODE ="002" NAME ="2D- ALL" ORIGIN_AREACODE ="9" SERVICECODE ="*" VALID_FROM ="2013-12-01T00:00:00" ZONE_RT ="ALL" ZONE_WS ="ALL" ZONEMODEL ="ALL_RATE" />
</RecordSet>
<RecordSet>
<IFW_STANDARD_ZONE DESTIN_AREACODE ="003" NAME ="2D- ALL" ORIGIN_AREACODE ="9" SERVICECODE ="*" VALID_FROM ="2013-12-01T00:00:00" ZONE_RT ="ALL" ZONE_WS ="ALL" ZONEMODEL ="ALL_RATE" />
</RecordSet>
<RecordSet>
<IFW_STANDARD_ZONE DESTIN_AREACODE ="004" NAME ="2D- ALL" ORIGIN_AREACODE ="9" SERVICECODE ="*" VALID_FROM ="2013-12-01T00:00:00" ZONE_RT ="ALL" ZONE_WS ="ALL" ZONEMODEL ="ALL_RATE" />
</RecordSet>
<RecordSet>
<IFW_STANDARD_ZONE DESTIN_AREACODE ="005" NAME ="2D- ALL" ORIGIN_AREACODE ="9" SERVICECODE ="*" VALID_FROM ="2013-12-01T00:00:00" ZONE_RT ="ALL" ZONE_WS ="ALL" ZONEMODEL ="ALL_RATE" />
</RecordSet>
<RecordSet>
<IFW_STANDARD_ZONE DESTIN_AREACODE ="006" NAME ="2D- ALL" ORIGIN_AREACODE ="9" SERVICECODE ="*" VALID_FROM ="2013-12-01T00:00:00" ZONE_RT ="ALL" ZONE_WS ="ALL" ZONEMODEL ="ALL_RATE" />
</RecordSet>
<RecordSet>
<IFW_STANDARD_ZONE DESTIN_AREACODE ="007" NAME ="2D- ALL" ORIGIN_AREACODE ="9" SERVICECODE ="*" VALID_FROM ="2013-12-01T00:00:00" ZONE_RT ="ALL" ZONE_WS ="ALL" ZONEMODEL ="ALL_RATE" />
</RecordSet>
<RecordSet>
<IFW_STANDARD_ZONE DESTIN_AREACODE ="008" NAME ="2D- ALL" ORIGIN_AREACODE ="9" SERVICECODE ="*" VALID_FROM ="2013-12-01T00:00:00" ZONE_RT ="ALL" ZONE_WS ="ALL" ZONEMODEL ="ALL_RATE" />
</RecordSet>
<RecordSet>
<IFW_STANDARD_ZONE DESTIN_AREACODE ="009" NAME ="2D- ALL" ORIGIN_AREACODE ="9" SERVICECODE ="*" VALID_FROM ="2013-12-01T00:00:00" ZONE_RT ="ALL" ZONE_WS ="ALL" ZONEMODEL ="ALL_RATE" />
</RecordSet>
<RecordSet>
<IFW_STANDARD_ZONE DESTIN_AREACODE ="000" NAME ="2D- ALL" ORIGIN_AREACODE ="0" SERVICECODE ="*" VALID_FROM ="2013-12-01T00:00:00" ZONE_RT ="ALL" ZONE_WS ="ALL" ZONEMODEL ="ALL_RATE" />
</RecordSet>
<RecordSet>
<IFW_STANDARD_ZONE DESTIN_AREACODE ="000" NAME ="2D- ALL" ORIGIN_AREACODE ="1" SERVICECODE ="*" VALID_FROM ="2013-12-01T00:00:00" ZONE_RT ="ALL" ZONE_WS ="ALL" ZONEMODEL ="ALL_RATE" />
</RecordSet>
<RecordSet>
<IFW_STANDARD_ZONE DESTIN_AREACODE ="000" NAME ="2D- ALL" ORIGIN_AREACODE ="2" SERVICECODE ="*" VALID_FROM ="2013-12-01T00:00:00" ZONE_RT ="ALL" ZONE_WS ="ALL" ZONEMODEL ="ALL_RATE" />
</RecordSet>
<RecordSet>
<IFW_STANDARD_ZONE DESTIN_AREACODE ="000" NAME ="2D- ALL" ORIGIN_AREACODE ="3" SERVICECODE ="*" VALID_FROM ="2013-12-01T00:00:00" ZONE_RT ="ALL" ZONE_WS ="ALL" ZONEMODEL ="ALL_RATE" />
</RecordSet>
<RecordSet>
<IFW_STANDARD_ZONE DESTIN_AREACODE ="000" NAME ="2D- ALL" ORIGIN_AREACODE ="4" SERVICECODE ="*" VALID_FROM ="2013-12-01T00:00:00" ZONE_RT ="ALL" ZONE_WS ="ALL" ZONEMODEL ="ALL_RATE" />
</RecordSet>
<RecordSet>
<IFW_STANDARD_ZONE DESTIN_AREACODE ="000" NAME ="2D- ALL" ORIGIN_AREACODE ="5" SERVICECODE ="*" VALID_FROM ="2013-12-01T00:00:00" ZONE_RT ="ALL" ZONE_WS ="ALL" ZONEMODEL ="ALL_RATE" />
</RecordSet>
<RecordSet>
<IFW_STANDARD_ZONE DESTIN_AREACODE ="000" NAME ="2D- ALL" ORIGIN_AREACODE ="6" SERVICECODE ="*" VALID_FROM ="2013-12-01T00:00:00" ZONE_RT ="ALL" ZONE_WS ="ALL" ZONEMODEL ="ALL_RATE" />
</RecordSet>
<RecordSet>
<IFW_STANDARD_ZONE DESTIN_AREACODE ="000" NAME ="2D- ALL" ORIGIN_AREACODE ="7" SERVICECODE ="*" VALID_FROM ="2013-12-01T00:00:00" ZONE_RT ="ALL" ZONE_WS ="ALL" ZONEMODEL ="ALL_RATE" />
</RecordSet>
<RecordSet>
<IFW_STANDARD_ZONE DESTIN_AREACODE ="000" NAME ="2D- ALL" ORIGIN_AREACODE ="8" SERVICECODE ="*" VALID_FROM ="2013-12-01T00:00:00" ZONE_RT ="ALL" ZONE_WS ="ALL" ZONEMODEL ="ALL_RATE" />
</RecordSet>
<RecordSet>
<IFW_STANDARD_ZONE DESTIN_AREACODE ="000" NAME ="2D- ALL" ORIGIN_AREACODE ="9" SERVICECODE ="*" VALID_FROM ="2013-12-01T00:00:00" ZONE_RT ="ALL" ZONE_WS ="ALL" ZONEMODEL ="ALL_RATE" />
</RecordSet>
</IFW>
