Error 09/26/15 2:25:17:0749 AM ( 1443191117750 )  T:main JavaLog <No Source> 1:exlhamuatbrm:UnknownProgramName:0:main:0:1443191117:0
	Unknown command
Error 09/26/15 2:25:52:0385 AM ( 1443191152385 )  T:main JavaLog <No Source> 1:exlhamuatbrm:UnknownProgramName:0:main:0:1443191152:0
	Unknown command
Error 09/26/15 2:27:17:0674 AM ( 1443191237674 )  T:main JavaLog <No Source> 1:exlhamuatbrm:UnknownProgramName:0:main:0:1443191237:0
	Unknown command
Debug 09/26/15 2:27:23:0934 AM ( 1443191243935 )  T:main JavaLog parseConnectString 1:exlhamuatbrm:loadpricelist:0:main:0:1443191243:0
	 parsing pcp://root.0.0.0.1:XXXX@exlhamuatbrm:11960/0.0.0.1 /service/admin_client 1
Debug 09/26/15 2:27:23:0962 AM ( 1443191243963 )  T:main JavaLog parseConnectString 1:exlhamuatbrm:loadpricelist:0:main:0:1443191243:0
	 filled in: 0 PIN_FLD_PASSWD_CLEAR               STR [0] "XXXX"
0 PIN_FLD_POID                      POID [0] 0.0.0.1 /service/admin_client 1 1
0 PIN_FLD_LOGIN                      STR [0] "root.0.0.0.1"
0 PIN_FLD_CM_PTRS                  ARRAY [0] allocated 1, used 1
1     PIN_FLD_CM_PTR                 STR [0] "ip exlhamuatbrm 11960"

Debug 09/26/15 2:27:24:0056 AM ( 1443191244056 )  T:main JavaLog login 1:exlhamuatbrm:loadpricelist:0:main:0:1443191243:0
	Successful Login
Debug 09/26/15 2:27:31:0058 AM ( 1443191251058 )  T:main JavaLog getSocketChannel 1:exlhamuatbrm:loadpricelist:0:main:662:1443191248:0
	Context, Connection or Socket Channel is null for PortalContext : 31658378
Debug 09/26/15 2:27:31:0059 AM ( 1443191251059 )  T:main JavaLog close 1:exlhamuatbrm:loadpricelist:0:main:662:1443191248:0
	Close request received for PCPContext : 9734221
Debug 09/26/15 2:40:37:0492 AM ( 1443192037492 )  T:main JavaLog parseConnectString 1:exlhamuatbrm:loadpricelist:0:main:0:1443192037:0
	 parsing pcp://root.0.0.0.1:XXXX@exlhamuatbrm:11960/0.0.0.1 /service/admin_client 1
Debug 09/26/15 2:40:37:0520 AM ( 1443192037520 )  T:main JavaLog parseConnectString 1:exlhamuatbrm:loadpricelist:0:main:0:1443192037:0
	 filled in: 0 PIN_FLD_PASSWD_CLEAR               STR [0] "XXXX"
0 PIN_FLD_POID                      POID [0] 0.0.0.1 /service/admin_client 1 1
0 PIN_FLD_LOGIN                      STR [0] "root.0.0.0.1"
0 PIN_FLD_CM_PTRS                  ARRAY [0] allocated 1, used 1
1     PIN_FLD_CM_PTR                 STR [0] "ip exlhamuatbrm 11960"

Debug 09/26/15 2:40:37:0634 AM ( 1443192037634 )  T:main JavaLog login 1:exlhamuatbrm:loadpricelist:0:main:0:1443192037:0
	Successful Login
Debug 09/26/15 2:40:48:0818 AM ( 1443192048818 )  T:main JavaLog getSocketChannel 1:exlhamuatbrm:loadpricelist:0:main:662:1443192040:0
	Context, Connection or Socket Channel is null for PortalContext : 867695
Debug 09/26/15 2:40:48:0818 AM ( 1443192048818 )  T:main JavaLog close 1:exlhamuatbrm:loadpricelist:0:main:662:1443192040:0
	Close request received for PCPContext : 20727434
Debug 09/26/15 2:44:52:0358 AM ( 1443192292358 )  T:main JavaLog parseConnectString 1:exlhamuatbrm:loadpricelist:0:main:0:1443192292:0
	 parsing pcp://root.0.0.0.1:XXXX@exlhamuatbrm:11960/0.0.0.1 /service/admin_client 1
Debug 09/26/15 2:44:52:0386 AM ( 1443192292386 )  T:main JavaLog parseConnectString 1:exlhamuatbrm:loadpricelist:0:main:0:1443192292:0
	 filled in: 0 PIN_FLD_PASSWD_CLEAR               STR [0] "XXXX"
0 PIN_FLD_POID                      POID [0] 0.0.0.1 /service/admin_client 1 1
0 PIN_FLD_LOGIN                      STR [0] "root.0.0.0.1"
0 PIN_FLD_CM_PTRS                  ARRAY [0] allocated 1, used 1
1     PIN_FLD_CM_PTR                 STR [0] "ip exlhamuatbrm 11960"

Debug 09/26/15 2:44:52:0481 AM ( 1443192292481 )  T:main JavaLog login 1:exlhamuatbrm:loadpricelist:0:main:0:1443192292:0
	Successful Login
Debug 09/26/15 2:44:57:0137 AM ( 1443192297137 )  T:main JavaLog getSocketChannel 1:exlhamuatbrm:loadpricelist:0:main:662:1443192295:0
	Context, Connection or Socket Channel is null for PortalContext : 22323092
Debug 09/26/15 2:44:57:0137 AM ( 1443192297137 )  T:main JavaLog close 1:exlhamuatbrm:loadpricelist:0:main:662:1443192295:0
	Close request received for PCPContext : 12110054
Debug 09/26/15 2:46:03:0718 AM ( 1443192363719 )  T:main JavaLog parseConnectString 1:exlhamuatbrm:loadpricelist:0:main:0:1443192363:0
	 parsing pcp://root.0.0.0.1:XXXX@exlhamuatbrm:11960/0.0.0.1 /service/admin_client 1
Debug 09/26/15 2:46:03:0746 AM ( 1443192363746 )  T:main JavaLog parseConnectString 1:exlhamuatbrm:loadpricelist:0:main:0:1443192363:0
	 filled in: 0 PIN_FLD_PASSWD_CLEAR               STR [0] "XXXX"
0 PIN_FLD_POID                      POID [0] 0.0.0.1 /service/admin_client 1 1
0 PIN_FLD_LOGIN                      STR [0] "root.0.0.0.1"
0 PIN_FLD_CM_PTRS                  ARRAY [0] allocated 1, used 1
1     PIN_FLD_CM_PTR                 STR [0] "ip exlhamuatbrm 11960"

Debug 09/26/15 2:46:03:0846 AM ( 1443192363846 )  T:main JavaLog login 1:exlhamuatbrm:loadpricelist:0:main:0:1443192363:0
	Successful Login
Debug 09/26/15 2:46:08:0398 AM ( 1443192368398 )  T:main JavaLog getSocketChannel 1:exlhamuatbrm:loadpricelist:0:main:662:1443192366:0
	Context, Connection or Socket Channel is null for PortalContext : 28311783
Debug 09/26/15 2:46:08:0398 AM ( 1443192368398 )  T:main JavaLog close 1:exlhamuatbrm:loadpricelist:0:main:662:1443192366:0
	Close request received for PCPContext : 751354
Error 01/19/16 7:58:27:0303 PM ( 1453186707303 )  T:main JavaLog <No Source> 1:exlhamuatbrm:UnknownProgramName:0:main:0:1453186707:0
	Unknown command
Debug 01/19/16 7:59:50:0500 PM ( 1453186790501 )  T:main JavaLog parseConnectString 1:exlhamuatbrm:loadpricelist:0:main:0:1453186790:0
	 parsing pcp://root.0.0.0.1:XXXX@exlhamuatbrm:11960/0.0.0.1 /service/admin_client 1
Debug 01/19/16 7:59:50:0528 PM ( 1453186790528 )  T:main JavaLog parseConnectString 1:exlhamuatbrm:loadpricelist:0:main:0:1453186790:0
	 filled in: 0 PIN_FLD_PASSWD_CLEAR               STR [0] "XXXX"
0 PIN_FLD_POID                      POID [0] 0.0.0.1 /service/admin_client 1 1
0 PIN_FLD_LOGIN                      STR [0] "root.0.0.0.1"
0 PIN_FLD_CM_PTRS                  ARRAY [0] allocated 1, used 1
1     PIN_FLD_CM_PTR                 STR [0] "ip exlhamuatbrm 11960"

Debug 01/19/16 7:59:50:0581 PM ( 1453186790581 )  T:main JavaLog login 1:exlhamuatbrm:loadpricelist:0:main:0:1453186790:0
	Successful Login
Debug 01/19/16 7:59:55:0896 PM ( 1453186795896 )  T:main JavaLog getSocketChannel 1:exlhamuatbrm:loadpricelist:0:main:662:1453186794:0
	Context, Connection or Socket Channel is null for PortalContext : 18751079
Debug 01/19/16 7:59:55:0896 PM ( 1453186795896 )  T:main JavaLog close 1:exlhamuatbrm:loadpricelist:0:main:662:1453186794:0
	Close request received for PCPContext : 6166383
Debug 01/19/16 8:00:18:0502 PM ( 1453186818503 )  T:main JavaLog parseConnectString 1:exlhamuatbrm:loadpricelist:0:main:0:1453186818:0
	 parsing pcp://root.0.0.0.1:XXXX@exlhamuatbrm:11960/0.0.0.1 /service/admin_client 1
Debug 01/19/16 8:00:18:0532 PM ( 1453186818532 )  T:main JavaLog parseConnectString 1:exlhamuatbrm:loadpricelist:0:main:0:1453186818:0
	 filled in: 0 PIN_FLD_PASSWD_CLEAR               STR [0] "XXXX"
0 PIN_FLD_POID                      POID [0] 0.0.0.1 /service/admin_client 1 1
0 PIN_FLD_LOGIN                      STR [0] "root.0.0.0.1"
0 PIN_FLD_CM_PTRS                  ARRAY [0] allocated 1, used 1
1     PIN_FLD_CM_PTR                 STR [0] "ip exlhamuatbrm 11960"

Debug 01/19/16 8:00:18:0587 PM ( 1453186818587 )  T:main JavaLog login 1:exlhamuatbrm:loadpricelist:0:main:0:1453186818:0
	Successful Login
Debug 01/19/16 8:00:23:0898 PM ( 1453186823898 )  T:main JavaLog getSocketChannel 1:exlhamuatbrm:loadpricelist:0:main:662:1453186820:0
	Context, Connection or Socket Channel is null for PortalContext : 19583390
Debug 01/19/16 8:00:23:0899 PM ( 1453186823899 )  T:main JavaLog close 1:exlhamuatbrm:loadpricelist:0:main:662:1453186820:0
	Close request received for PCPContext : 2628939
Debug 01/19/16 8:01:00:0048 PM ( 1453186860048 )  T:main JavaLog parseConnectString 1:exlhamuatbrm:loadpricelist:0:main:0:1453186860:0
	 parsing pcp://root.0.0.0.1:XXXX@exlhamuatbrm:11960/0.0.0.1 /service/admin_client 1
Debug 01/19/16 8:01:00:0076 PM ( 1453186860076 )  T:main JavaLog parseConnectString 1:exlhamuatbrm:loadpricelist:0:main:0:1453186860:0
	 filled in: 0 PIN_FLD_PASSWD_CLEAR               STR [0] "XXXX"
0 PIN_FLD_POID                      POID [0] 0.0.0.1 /service/admin_client 1 1
0 PIN_FLD_LOGIN                      STR [0] "root.0.0.0.1"
0 PIN_FLD_CM_PTRS                  ARRAY [0] allocated 1, used 1
1     PIN_FLD_CM_PTR                 STR [0] "ip exlhamuatbrm 11960"

Debug 01/19/16 8:01:00:0129 PM ( 1453186860130 )  T:main JavaLog login 1:exlhamuatbrm:loadpricelist:0:main:0:1453186860:0
	Successful Login
Debug 01/19/16 8:01:12:0530 PM ( 1453186872531 )  T:main JavaLog parseConnectString 1:exlhamuatbrm:loadpricelist:0:main:0:1453186872:0
	 parsing pcp://root.0.0.0.1:XXXX@exlhamuatbrm:11960/0.0.0.1 /service/admin_client 1
Debug 01/19/16 8:01:12:0563 PM ( 1453186872563 )  T:main JavaLog parseConnectString 1:exlhamuatbrm:loadpricelist:0:main:0:1453186872:0
	 filled in: 0 PIN_FLD_PASSWD_CLEAR               STR [0] "XXXX"
0 PIN_FLD_POID                      POID [0] 0.0.0.1 /service/admin_client 1 1
0 PIN_FLD_LOGIN                      STR [0] "root.0.0.0.1"
0 PIN_FLD_CM_PTRS                  ARRAY [0] allocated 1, used 1
1     PIN_FLD_CM_PTR                 STR [0] "ip exlhamuatbrm 11960"

Debug 01/19/16 8:01:12:0613 PM ( 1453186872613 )  T:main JavaLog login 1:exlhamuatbrm:loadpricelist:0:main:0:1453186872:0
	Successful Login
Debug 01/19/16 8:01:15:0294 PM ( 1453186875294 )  T:main JavaLog getSocketChannel 1:exlhamuatbrm:loadpricelist:0:main:662:1453186874:0
	Context, Connection or Socket Channel is null for PortalContext : 20559758
Debug 01/19/16 8:01:15:0295 PM ( 1453186875295 )  T:main JavaLog close 1:exlhamuatbrm:loadpricelist:0:main:662:1453186874:0
	Close request received for PCPContext : 4313181
Debug 01/19/16 8:01:35:0316 PM ( 1453186895317 )  T:main JavaLog parseConnectString 1:exlhamuatbrm:loadpricelist:0:main:0:1453186895:0
	 parsing pcp://root.0.0.0.1:XXXX@exlhamuatbrm:11960/0.0.0.1 /service/admin_client 1
Debug 01/19/16 8:01:35:0345 PM ( 1453186895345 )  T:main JavaLog parseConnectString 1:exlhamuatbrm:loadpricelist:0:main:0:1453186895:0
	 filled in: 0 PIN_FLD_PASSWD_CLEAR               STR [0] "XXXX"
0 PIN_FLD_POID                      POID [0] 0.0.0.1 /service/admin_client 1 1
0 PIN_FLD_LOGIN                      STR [0] "root.0.0.0.1"
0 PIN_FLD_CM_PTRS                  ARRAY [0] allocated 1, used 1
1     PIN_FLD_CM_PTR                 STR [0] "ip exlhamuatbrm 11960"

Debug 01/19/16 8:01:35:0399 PM ( 1453186895399 )  T:main JavaLog login 1:exlhamuatbrm:loadpricelist:0:main:0:1453186895:0
	Successful Login
Debug 01/19/16 8:01:38:0676 PM ( 1453186898676 )  T:main JavaLog getSocketChannel 1:exlhamuatbrm:loadpricelist:0:main:662:1453186897:0
	Context, Connection or Socket Channel is null for PortalContext : 24622029
Debug 01/19/16 8:01:38:0676 PM ( 1453186898676 )  T:main JavaLog close 1:exlhamuatbrm:loadpricelist:0:main:662:1453186897:0
	Close request received for PCPContext : 29194312
Error 08/20/16 1:16:57:0721 PM ( 1471655817722 )  T:main JavaLog <No Source> 1:exlhamuatbrm:UnknownProgramName:0:main:0:1471655817:0
	Unknown command
Debug 08/20/16 1:18:16:0516 PM ( 1471655896517 )  T:main JavaLog parseConnectString 1:exlhamuatbrm:loadpricelist:0:main:0:1471655896:0
	 parsing pcp://root.0.0.0.1:XXXX@exlhamuatbrm:11960/0.0.0.1 /service/admin_client 1
Debug 08/20/16 1:18:16:0544 PM ( 1471655896544 )  T:main JavaLog parseConnectString 1:exlhamuatbrm:loadpricelist:0:main:0:1471655896:0
	 filled in: 0 PIN_FLD_PASSWD_CLEAR               STR [0] "XXXX"
0 PIN_FLD_POID                      POID [0] 0.0.0.1 /service/admin_client 1 1
0 PIN_FLD_LOGIN                      STR [0] "root.0.0.0.1"
0 PIN_FLD_CM_PTRS                  ARRAY [0] allocated 1, used 1
1     PIN_FLD_CM_PTR                 STR [0] "ip exlhamuatbrm 11960"

Debug 08/20/16 1:18:16:0598 PM ( 1471655896598 )  T:main JavaLog login 1:exlhamuatbrm:loadpricelist:0:main:0:1471655896:0
	Successful Login
Debug 08/20/16 1:19:01:0502 PM ( 1471655941503 )  T:main JavaLog parseConnectString 1:exlhamuatbrm:loadpricelist:0:main:0:1471655941:0
	 parsing pcp://root.0.0.0.1:XXXX@exlhamuatbrm:11960/0.0.0.1 /service/admin_client 1
Debug 08/20/16 1:19:01:0535 PM ( 1471655941535 )  T:main JavaLog parseConnectString 1:exlhamuatbrm:loadpricelist:0:main:0:1471655941:0
	 filled in: 0 PIN_FLD_PASSWD_CLEAR               STR [0] "XXXX"
0 PIN_FLD_POID                      POID [0] 0.0.0.1 /service/admin_client 1 1
0 PIN_FLD_LOGIN                      STR [0] "root.0.0.0.1"
0 PIN_FLD_CM_PTRS                  ARRAY [0] allocated 1, used 1
1     PIN_FLD_CM_PTR                 STR [0] "ip exlhamuatbrm 11960"

Debug 08/20/16 1:19:01:0591 PM ( 1471655941591 )  T:main JavaLog login 1:exlhamuatbrm:loadpricelist:0:main:0:1471655941:0
	Successful Login
Debug 08/20/16 1:19:12:0611 PM ( 1471655952611 )  T:main JavaLog parseConnectString 1:exlhamuatbrm:loadpricelist:0:main:0:1471655952:0
	 parsing pcp://root.0.0.0.1:XXXX@exlhamuatbrm:11960/0.0.0.1 /service/admin_client 1
Debug 08/20/16 1:19:12:0641 PM ( 1471655952642 )  T:main JavaLog parseConnectString 1:exlhamuatbrm:loadpricelist:0:main:0:1471655952:0
	 filled in: 0 PIN_FLD_PASSWD_CLEAR               STR [0] "XXXX"
0 PIN_FLD_POID                      POID [0] 0.0.0.1 /service/admin_client 1 1
0 PIN_FLD_LOGIN                      STR [0] "root.0.0.0.1"
0 PIN_FLD_CM_PTRS                  ARRAY [0] allocated 1, used 1
1     PIN_FLD_CM_PTR                 STR [0] "ip exlhamuatbrm 11960"

Debug 08/20/16 1:19:12:0726 PM ( 1471655952726 )  T:main JavaLog login 1:exlhamuatbrm:loadpricelist:0:main:0:1471655952:0
	Successful Login
Error 08/20/16 1:20:32:0179 PM ( 1471656032179 )  T:main JavaLog <No Source> 1:exlhamuatbrm:UnknownProgramName:0:main:0:1471656032:0
	Unknown command
Debug 08/20/16 1:20:57:0093 PM ( 1471656057094 )  T:main JavaLog parseConnectString 1:exlhamuatbrm:loadpricelist:0:main:0:1471656057:0
	 parsing pcp://root.0.0.0.1:XXXX@exlhamuatbrm:11960/0.0.0.1 /service/admin_client 1
Debug 08/20/16 1:20:57:0128 PM ( 1471656057128 )  T:main JavaLog parseConnectString 1:exlhamuatbrm:loadpricelist:0:main:0:1471656057:0
	 filled in: 0 PIN_FLD_PASSWD_CLEAR               STR [0] "XXXX"
0 PIN_FLD_POID                      POID [0] 0.0.0.1 /service/admin_client 1 1
0 PIN_FLD_LOGIN                      STR [0] "root.0.0.0.1"
0 PIN_FLD_CM_PTRS                  ARRAY [0] allocated 1, used 1
1     PIN_FLD_CM_PTR                 STR [0] "ip exlhamuatbrm 11960"

Debug 08/20/16 1:20:57:0176 PM ( 1471656057177 )  T:main JavaLog login 1:exlhamuatbrm:loadpricelist:0:main:0:1471656057:0
	Successful Login
Debug 08/20/16 1:21:08:0593 PM ( 1471656068593 )  T:main JavaLog parseConnectString 1:exlhamuatbrm:loadpricelist:0:main:0:1471656068:0
	 parsing pcp://root.0.0.0.1:XXXX@exlhamuatbrm:11960/0.0.0.1 /service/admin_client 1
Debug 08/20/16 1:21:08:0621 PM ( 1471656068621 )  T:main JavaLog parseConnectString 1:exlhamuatbrm:loadpricelist:0:main:0:1471656068:0
	 filled in: 0 PIN_FLD_PASSWD_CLEAR               STR [0] "XXXX"
0 PIN_FLD_POID                      POID [0] 0.0.0.1 /service/admin_client 1 1
0 PIN_FLD_LOGIN                      STR [0] "root.0.0.0.1"
0 PIN_FLD_CM_PTRS                  ARRAY [0] allocated 1, used 1
1     PIN_FLD_CM_PTR                 STR [0] "ip exlhamuatbrm 11960"

Debug 08/20/16 1:21:08:0670 PM ( 1471656068670 )  T:main JavaLog login 1:exlhamuatbrm:loadpricelist:0:main:0:1471656068:0
	Successful Login
Debug 08/20/16 1:21:10:0012 PM ( 1471656070012 )  T:main JavaLog getSocketChannel 1:exlhamuatbrm:loadpricelist:0:main:662:1471656068:0
	Context, Connection or Socket Channel is null for PortalContext : 4898828
Debug 08/20/16 1:21:10:0012 PM ( 1471656070012 )  T:main JavaLog close 1:exlhamuatbrm:loadpricelist:0:main:662:1471656068:0
	Close request received for PCPContext : 25582376
Debug 08/20/16 1:21:33:0121 PM ( 1471656093122 )  T:main JavaLog parseConnectString 1:exlhamuatbrm:loadpricelist:0:main:0:1471656093:0
	 parsing pcp://root.0.0.0.1:XXXX@exlhamuatbrm:11960/0.0.0.1 /service/admin_client 1
Debug 08/20/16 1:21:33:0150 PM ( 1471656093150 )  T:main JavaLog parseConnectString 1:exlhamuatbrm:loadpricelist:0:main:0:1471656093:0
	 filled in: 0 PIN_FLD_PASSWD_CLEAR               STR [0] "XXXX"
0 PIN_FLD_POID                      POID [0] 0.0.0.1 /service/admin_client 1 1
0 PIN_FLD_LOGIN                      STR [0] "root.0.0.0.1"
0 PIN_FLD_CM_PTRS                  ARRAY [0] allocated 1, used 1
1     PIN_FLD_CM_PTR                 STR [0] "ip exlhamuatbrm 11960"

Debug 08/20/16 1:21:33:0234 PM ( 1471656093234 )  T:main JavaLog login 1:exlhamuatbrm:loadpricelist:0:main:0:1471656093:0
	Successful Login
Debug 08/20/16 1:21:33:0621 PM ( 1471656093621 )  T:main JavaLog getSocketChannel 1:exlhamuatbrm:loadpricelist:0:main:662:1471656093:0
	Context, Connection or Socket Channel is null for PortalContext : 12430225
Debug 08/20/16 1:21:33:0621 PM ( 1471656093621 )  T:main JavaLog close 1:exlhamuatbrm:loadpricelist:0:main:662:1471656093:0
	Close request received for PCPContext : 4898828
Error 07/09/18 2:38:30:0000 PM ( 1531103910001 )  T:main JavaLog <No Source> 1:exlhamuatbrm:loadpricelist:0:main:0:1531103910:0
	Unknown command q
Debug 07/09/18 2:39:11:0629 PM ( 1531103951629 )  T:main JavaLog parseConnectString 1:exlhamuatbrm:loadpricelist:0:main:0:1531103951:0
	 parsing pcp://root.0.0.0.1:XXXX@exlhamuatbrm:11960/0.0.0.1 /service/admin_client 1
Debug 07/09/18 2:39:11:0664 PM ( 1531103951664 )  T:main JavaLog parseConnectString 1:exlhamuatbrm:loadpricelist:0:main:0:1531103951:0
	 filled in: 0 PIN_FLD_PASSWD_CLEAR               STR [0] "XXXX"
0 PIN_FLD_POID                      POID [0] 0.0.0.1 /service/admin_client 1 1
0 PIN_FLD_LOGIN                      STR [0] "root.0.0.0.1"
0 PIN_FLD_CM_PTRS                  ARRAY [0] allocated 1, used 1
1     PIN_FLD_CM_PTR                 STR [0] "ip exlhamuatbrm 11960"

Debug 07/09/18 2:39:11:0726 PM ( 1531103951726 )  T:main JavaLog login 1:exlhamuatbrm:loadpricelist:0:main:0:1531103951:0
	Successful Login
Debug 07/09/18 2:39:13:0343 PM ( 1531103953343 )  T:main JavaLog getSocketChannel 1:exlhamuatbrm:loadpricelist:0:main:662:1531103951:0
	Context, Connection or Socket Channel is null for PortalContext : 12430225
Debug 07/09/18 2:39:13:0343 PM ( 1531103953343 )  T:main JavaLog close 1:exlhamuatbrm:loadpricelist:0:main:662:1531103951:0
	Close request received for PCPContext : 4898828
Debug 07/10/18 3:13:04:0568 PM ( 1531192384568 )  T:main JavaLog parseConnectString 1:exlhamuatbrm:loadpricelist:0:main:0:1531192384:0
	 parsing pcp://root.0.0.0.1:XXXX@exlhamuatbrm:11960/0.0.0.1 /service/admin_client 1
Debug 07/10/18 3:13:04:0612 PM ( 1531192384612 )  T:main JavaLog parseConnectString 1:exlhamuatbrm:loadpricelist:0:main:0:1531192384:0
	 filled in: 0 PIN_FLD_PASSWD_CLEAR               STR [0] "XXXX"
0 PIN_FLD_POID                      POID [0] 0.0.0.1 /service/admin_client 1 1
0 PIN_FLD_LOGIN                      STR [0] "root.0.0.0.1"
0 PIN_FLD_CM_PTRS                  ARRAY [0] allocated 1, used 1
1     PIN_FLD_CM_PTR                 STR [0] "ip exlhamuatbrm 11960"

Debug 07/10/18 3:13:05:0058 PM ( 1531192385058 )  T:main JavaLog login 1:exlhamuatbrm:loadpricelist:0:main:0:1531192384:0
	Successful Login
Debug 07/10/18 3:13:11:0233 PM ( 1531192391234 )  T:main JavaLog parseConnectString 1:exlhamuatbrm:loadpricelist:0:main:0:1531192391:0
	 parsing pcp://root.0.0.0.1:XXXX@exlhamuatbrm:11960/0.0.0.1 /service/admin_client 1
Debug 07/10/18 3:13:11:0276 PM ( 1531192391276 )  T:main JavaLog parseConnectString 1:exlhamuatbrm:loadpricelist:0:main:0:1531192391:0
	 filled in: 0 PIN_FLD_PASSWD_CLEAR               STR [0] "XXXX"
0 PIN_FLD_POID                      POID [0] 0.0.0.1 /service/admin_client 1 1
0 PIN_FLD_LOGIN                      STR [0] "root.0.0.0.1"
0 PIN_FLD_CM_PTRS                  ARRAY [0] allocated 1, used 1
1     PIN_FLD_CM_PTR                 STR [0] "ip exlhamuatbrm 11960"

Debug 07/10/18 3:13:12:0434 PM ( 1531192392434 )  T:main JavaLog login 1:exlhamuatbrm:loadpricelist:0:main:0:1531192391:0
	Successful Login
Debug 07/10/18 3:13:18:0856 PM ( 1531192398856 )  T:main JavaLog parseConnectString 1:exlhamuatbrm:loadpricelist:0:main:0:1531192398:0
	 parsing pcp://root.0.0.0.1:XXXX@exlhamuatbrm:11960/0.0.0.1 /service/admin_client 1
Debug 07/10/18 3:13:18:0904 PM ( 1531192398904 )  T:main JavaLog parseConnectString 1:exlhamuatbrm:loadpricelist:0:main:0:1531192398:0
	 filled in: 0 PIN_FLD_PASSWD_CLEAR               STR [0] "XXXX"
0 PIN_FLD_POID                      POID [0] 0.0.0.1 /service/admin_client 1 1
0 PIN_FLD_LOGIN                      STR [0] "root.0.0.0.1"
0 PIN_FLD_CM_PTRS                  ARRAY [0] allocated 1, used 1
1     PIN_FLD_CM_PTR                 STR [0] "ip exlhamuatbrm 11960"

Debug 07/10/18 3:13:19:0825 PM ( 1531192399825 )  T:main JavaLog login 1:exlhamuatbrm:loadpricelist:0:main:0:1531192398:0
	Successful Login
Debug 07/10/18 3:33:56:0611 PM ( 1531193636612 )  T:main JavaLog parseConnectString 1:exlhamuatbrm:loadpricelist:0:main:0:1531193636:0
	 parsing pcp://root.0.0.0.1:XXXX@exlhamuatbrm:11960/0.0.0.1 /service/admin_client 1
Debug 07/10/18 3:33:56:0665 PM ( 1531193636665 )  T:main JavaLog parseConnectString 1:exlhamuatbrm:loadpricelist:0:main:0:1531193636:0
	 filled in: 0 PIN_FLD_PASSWD_CLEAR               STR [0] "XXXX"
0 PIN_FLD_POID                      POID [0] 0.0.0.1 /service/admin_client 1 1
0 PIN_FLD_LOGIN                      STR [0] "root.0.0.0.1"
0 PIN_FLD_CM_PTRS                  ARRAY [0] allocated 1, used 1
1     PIN_FLD_CM_PTR                 STR [0] "ip exlhamuatbrm 11960"

Debug 07/10/18 3:33:57:0530 PM ( 1531193637530 )  T:main JavaLog login 1:exlhamuatbrm:loadpricelist:0:main:0:1531193636:0
	Successful Login
Debug 07/10/18 3:34:04:0094 PM ( 1531193644095 )  T:main JavaLog parseConnectString 1:exlhamuatbrm:loadpricelist:0:main:0:1531193644:0
	 parsing pcp://root.0.0.0.1:XXXX@exlhamuatbrm:11960/0.0.0.1 /service/admin_client 1
Debug 07/10/18 3:34:04:0127 PM ( 1531193644127 )  T:main JavaLog parseConnectString 1:exlhamuatbrm:loadpricelist:0:main:0:1531193644:0
	 filled in: 0 PIN_FLD_PASSWD_CLEAR               STR [0] "XXXX"
0 PIN_FLD_POID                      POID [0] 0.0.0.1 /service/admin_client 1 1
0 PIN_FLD_LOGIN                      STR [0] "root.0.0.0.1"
0 PIN_FLD_CM_PTRS                  ARRAY [0] allocated 1, used 1
1     PIN_FLD_CM_PTR                 STR [0] "ip exlhamuatbrm 11960"

Debug 07/10/18 3:34:04:0570 PM ( 1531193644570 )  T:main JavaLog login 1:exlhamuatbrm:loadpricelist:0:main:0:1531193644:0
	Successful Login
Debug 07/10/18 3:34:10:0390 PM ( 1531193650391 )  T:main JavaLog parseConnectString 1:exlhamuatbrm:loadpricelist:0:main:0:1531193650:0
	 parsing pcp://root.0.0.0.1:XXXX@exlhamuatbrm:11960/0.0.0.1 /service/admin_client 1
Debug 07/10/18 3:34:10:0425 PM ( 1531193650425 )  T:main JavaLog parseConnectString 1:exlhamuatbrm:loadpricelist:0:main:0:1531193650:0
	 filled in: 0 PIN_FLD_PASSWD_CLEAR               STR [0] "XXXX"
0 PIN_FLD_POID                      POID [0] 0.0.0.1 /service/admin_client 1 1
0 PIN_FLD_LOGIN                      STR [0] "root.0.0.0.1"
0 PIN_FLD_CM_PTRS                  ARRAY [0] allocated 1, used 1
1     PIN_FLD_CM_PTR                 STR [0] "ip exlhamuatbrm 11960"

Debug 07/10/18 3:34:11:0255 PM ( 1531193651255 )  T:main JavaLog login 1:exlhamuatbrm:loadpricelist:0:main:0:1531193650:0
	Successful Login
Debug 07/12/18 3:27:34:0082 PM ( 1531366054083 )  T:main JavaLog parseConnectString 1:exlhamuatbrm:loadpricelist:0:main:0:1531366054:0
	 parsing pcp://root.0.0.0.1:XXXX@exlhamuatbrm:11960/0.0.0.1 /service/admin_client 1
Debug 07/12/18 3:27:34:0110 PM ( 1531366054110 )  T:main JavaLog parseConnectString 1:exlhamuatbrm:loadpricelist:0:main:0:1531366054:0
	 filled in: 0 PIN_FLD_PASSWD_CLEAR               STR [0] "XXXX"
0 PIN_FLD_POID                      POID [0] 0.0.0.1 /service/admin_client 1 1
0 PIN_FLD_LOGIN                      STR [0] "root.0.0.0.1"
0 PIN_FLD_CM_PTRS                  ARRAY [0] allocated 1, used 1
1     PIN_FLD_CM_PTR                 STR [0] "ip exlhamuatbrm 11960"

Debug 07/12/18 3:27:34:0172 PM ( 1531366054172 )  T:main JavaLog login 1:exlhamuatbrm:loadpricelist:0:main:0:1531366054:0
	Successful Login
Debug 07/12/18 3:27:38:0473 PM ( 1531366058474 )  T:main JavaLog parseConnectString 1:exlhamuatbrm:loadpricelist:0:main:0:1531366058:0
	 parsing pcp://root.0.0.0.1:XXXX@exlhamuatbrm:11960/0.0.0.1 /service/admin_client 1
Debug 07/12/18 3:27:38:0502 PM ( 1531366058502 )  T:main JavaLog parseConnectString 1:exlhamuatbrm:loadpricelist:0:main:0:1531366058:0
	 filled in: 0 PIN_FLD_PASSWD_CLEAR               STR [0] "XXXX"
0 PIN_FLD_POID                      POID [0] 0.0.0.1 /service/admin_client 1 1
0 PIN_FLD_LOGIN                      STR [0] "root.0.0.0.1"
0 PIN_FLD_CM_PTRS                  ARRAY [0] allocated 1, used 1
1     PIN_FLD_CM_PTR                 STR [0] "ip exlhamuatbrm 11960"

Debug 07/12/18 3:27:38:0581 PM ( 1531366058581 )  T:main JavaLog login 1:exlhamuatbrm:loadpricelist:0:main:0:1531366058:0
	Successful Login
Debug 07/12/18 3:27:42:0494 PM ( 1531366062495 )  T:main JavaLog parseConnectString 1:exlhamuatbrm:loadpricelist:0:main:0:1531366062:0
	 parsing pcp://root.0.0.0.1:XXXX@exlhamuatbrm:11960/0.0.0.1 /service/admin_client 1
Debug 07/12/18 3:27:42:0540 PM ( 1531366062540 )  T:main JavaLog parseConnectString 1:exlhamuatbrm:loadpricelist:0:main:0:1531366062:0
	 filled in: 0 PIN_FLD_PASSWD_CLEAR               STR [0] "XXXX"
0 PIN_FLD_POID                      POID [0] 0.0.0.1 /service/admin_client 1 1
0 PIN_FLD_LOGIN                      STR [0] "root.0.0.0.1"
0 PIN_FLD_CM_PTRS                  ARRAY [0] allocated 1, used 1
1     PIN_FLD_CM_PTR                 STR [0] "ip exlhamuatbrm 11960"

Debug 07/12/18 3:27:42:0620 PM ( 1531366062620 )  T:main JavaLog login 1:exlhamuatbrm:loadpricelist:0:main:0:1531366062:0
	Successful Login
Debug 07/12/18 3:28:12:0214 PM ( 1531366092214 )  T:main JavaLog parseConnectString 1:exlhamuatbrm:loadpricelist:0:main:0:1531366092:0
	 parsing pcp://root.0.0.0.1:XXXX@exlhamuatbrm:11960/0.0.0.1 /service/admin_client 1
Debug 07/12/18 3:28:12:0250 PM ( 1531366092250 )  T:main JavaLog parseConnectString 1:exlhamuatbrm:loadpricelist:0:main:0:1531366092:0
	 filled in: 0 PIN_FLD_PASSWD_CLEAR               STR [0] "XXXX"
0 PIN_FLD_POID                      POID [0] 0.0.0.1 /service/admin_client 1 1
0 PIN_FLD_LOGIN                      STR [0] "root.0.0.0.1"
0 PIN_FLD_CM_PTRS                  ARRAY [0] allocated 1, used 1
1     PIN_FLD_CM_PTR                 STR [0] "ip exlhamuatbrm 11960"

Debug 07/12/18 3:28:12:0338 PM ( 1531366092338 )  T:main JavaLog login 1:exlhamuatbrm:loadpricelist:0:main:0:1531366092:0
	Successful Login
Debug 07/12/18 3:28:16:0277 PM ( 1531366096278 )  T:main JavaLog parseConnectString 1:exlhamuatbrm:loadpricelist:0:main:0:1531366096:0
	 parsing pcp://root.0.0.0.1:XXXX@exlhamuatbrm:11960/0.0.0.1 /service/admin_client 1
Debug 07/12/18 3:28:16:0311 PM ( 1531366096311 )  T:main JavaLog parseConnectString 1:exlhamuatbrm:loadpricelist:0:main:0:1531366096:0
	 filled in: 0 PIN_FLD_PASSWD_CLEAR               STR [0] "XXXX"
0 PIN_FLD_POID                      POID [0] 0.0.0.1 /service/admin_client 1 1
0 PIN_FLD_LOGIN                      STR [0] "root.0.0.0.1"
0 PIN_FLD_CM_PTRS                  ARRAY [0] allocated 1, used 1
1     PIN_FLD_CM_PTR                 STR [0] "ip exlhamuatbrm 11960"

Debug 07/12/18 3:28:16:0382 PM ( 1531366096382 )  T:main JavaLog login 1:exlhamuatbrm:loadpricelist:0:main:0:1531366096:0
	Successful Login
Debug 07/12/18 3:28:20:0373 PM ( 1531366100373 )  T:main JavaLog parseConnectString 1:exlhamuatbrm:loadpricelist:0:main:0:1531366100:0
	 parsing pcp://root.0.0.0.1:XXXX@exlhamuatbrm:11960/0.0.0.1 /service/admin_client 1
Debug 07/12/18 3:28:20:0414 PM ( 1531366100414 )  T:main JavaLog parseConnectString 1:exlhamuatbrm:loadpricelist:0:main:0:1531366100:0
	 filled in: 0 PIN_FLD_PASSWD_CLEAR               STR [0] "XXXX"
0 PIN_FLD_POID                      POID [0] 0.0.0.1 /service/admin_client 1 1
0 PIN_FLD_LOGIN                      STR [0] "root.0.0.0.1"
0 PIN_FLD_CM_PTRS                  ARRAY [0] allocated 1, used 1
1     PIN_FLD_CM_PTR                 STR [0] "ip exlhamuatbrm 11960"

Debug 07/12/18 3:28:20:0480 PM ( 1531366100480 )  T:main JavaLog login 1:exlhamuatbrm:loadpricelist:0:main:0:1531366100:0
	Successful Login
Debug 07/12/18 3:30:48:0105 PM ( 1531366248106 )  T:main JavaLog parseConnectString 1:exlhamuatbrm:loadpricelist:0:main:0:1531366248:0
	 parsing pcp://root.0.0.0.1:XXXX@exlhamuatbrm:11960/0.0.0.1 /service/admin_client 1
Debug 07/12/18 3:30:48:0134 PM ( 1531366248134 )  T:main JavaLog parseConnectString 1:exlhamuatbrm:loadpricelist:0:main:0:1531366248:0
	 filled in: 0 PIN_FLD_PASSWD_CLEAR               STR [0] "XXXX"
0 PIN_FLD_POID                      POID [0] 0.0.0.1 /service/admin_client 1 1
0 PIN_FLD_LOGIN                      STR [0] "root.0.0.0.1"
0 PIN_FLD_CM_PTRS                  ARRAY [0] allocated 1, used 1
1     PIN_FLD_CM_PTR                 STR [0] "ip exlhamuatbrm 11960"

Debug 07/12/18 3:30:48:0211 PM ( 1531366248211 )  T:main JavaLog login 1:exlhamuatbrm:loadpricelist:0:main:0:1531366248:0
	Successful Login
Debug 07/12/18 3:30:49:0491 PM ( 1531366249491 )  T:main JavaLog getSocketChannel 1:exlhamuatbrm:loadpricelist:0:main:662:1531366248:0
	Context, Connection or Socket Channel is null for PortalContext : 16842840
Debug 07/12/18 3:30:49:0492 PM ( 1531366249492 )  T:main JavaLog close 1:exlhamuatbrm:loadpricelist:0:main:662:1531366248:0
	Close request received for PCPContext : 12430225
Debug 07/24/18 4:51:18:0239 PM ( 1532407878240 )  T:main JavaLog parseConnectString 1:exlhamuatbrm:loadpricelist:0:main:0:1532407878:0
	 parsing pcp://root.0.0.0.1:XXXX@exlhamuatbrm:11960/0.0.0.1 /service/admin_client 1
Debug 07/24/18 4:51:18:0269 PM ( 1532407878269 )  T:main JavaLog parseConnectString 1:exlhamuatbrm:loadpricelist:0:main:0:1532407878:0
	 filled in: 0 PIN_FLD_PASSWD_CLEAR               STR [0] "XXXX"
0 PIN_FLD_POID                      POID [0] 0.0.0.1 /service/admin_client 1 1
0 PIN_FLD_LOGIN                      STR [0] "root.0.0.0.1"
0 PIN_FLD_CM_PTRS                  ARRAY [0] allocated 1, used 1
1     PIN_FLD_CM_PTR                 STR [0] "ip exlhamuatbrm 11960"

Debug 07/24/18 4:51:18:0339 PM ( 1532407878339 )  T:main JavaLog login 1:exlhamuatbrm:loadpricelist:0:main:0:1532407878:0
	Successful Login
Debug 07/24/18 4:51:20:0948 PM ( 1532407880948 )  T:main JavaLog getSocketChannel 1:exlhamuatbrm:loadpricelist:0:main:663:1532407879:0
	Context, Connection or Socket Channel is null for PortalContext : 29154294
Debug 07/24/18 4:51:20:0948 PM ( 1532407880949 )  T:main JavaLog close 1:exlhamuatbrm:loadpricelist:0:main:663:1532407879:0
	Close request received for PCPContext : 849515
Debug 07/24/18 4:52:28:0652 PM ( 1532407948652 )  T:main JavaLog parseConnectString 1:exlhamuatbrm:loadpricelist:0:main:0:1532407948:0
	 parsing pcp://root.0.0.0.1:XXXX@exlhamuatbrm:11960/0.0.0.1 /service/admin_client 1
Debug 07/24/18 4:52:28:0680 PM ( 1532407948680 )  T:main JavaLog parseConnectString 1:exlhamuatbrm:loadpricelist:0:main:0:1532407948:0
	 filled in: 0 PIN_FLD_PASSWD_CLEAR               STR [0] "XXXX"
0 PIN_FLD_POID                      POID [0] 0.0.0.1 /service/admin_client 1 1
0 PIN_FLD_LOGIN                      STR [0] "root.0.0.0.1"
0 PIN_FLD_CM_PTRS                  ARRAY [0] allocated 1, used 1
1     PIN_FLD_CM_PTR                 STR [0] "ip exlhamuatbrm 11960"

Debug 07/24/18 4:52:28:0767 PM ( 1532407948767 )  T:main JavaLog login 1:exlhamuatbrm:loadpricelist:0:main:0:1532407948:0
	Successful Login
Debug 07/24/18 4:52:30:0065 PM ( 1532407950065 )  T:main JavaLog getSocketChannel 1:exlhamuatbrm:loadpricelist:0:main:663:1532407949:0
	Context, Connection or Socket Channel is null for PortalContext : 21307627
Debug 07/24/18 4:52:30:0065 PM ( 1532407950065 )  T:main JavaLog close 1:exlhamuatbrm:loadpricelist:0:main:663:1532407949:0
	Close request received for PCPContext : 24389376
Debug 07/24/18 4:53:32:0853 PM ( 1532408012854 )  T:main JavaLog parseConnectString 1:exlhamuatbrm:loadpricelist:0:main:0:1532408012:0
	 parsing pcp://root.0.0.0.1:XXXX@exlhamuatbrm:11960/0.0.0.1 /service/admin_client 1
Debug 07/24/18 4:53:32:0885 PM ( 1532408012885 )  T:main JavaLog parseConnectString 1:exlhamuatbrm:loadpricelist:0:main:0:1532408012:0
	 filled in: 0 PIN_FLD_PASSWD_CLEAR               STR [0] "XXXX"
0 PIN_FLD_POID                      POID [0] 0.0.0.1 /service/admin_client 1 1
0 PIN_FLD_LOGIN                      STR [0] "root.0.0.0.1"
0 PIN_FLD_CM_PTRS                  ARRAY [0] allocated 1, used 1
1     PIN_FLD_CM_PTR                 STR [0] "ip exlhamuatbrm 11960"

Debug 07/24/18 4:53:33:0041 PM ( 1532408013041 )  T:main JavaLog login 1:exlhamuatbrm:loadpricelist:0:main:0:1532408012:0
	Successful Login
Debug 07/24/18 4:53:34:0112 PM ( 1532408014112 )  T:main JavaLog getSocketChannel 1:exlhamuatbrm:loadpricelist:0:main:663:1532408013:0
	Context, Connection or Socket Channel is null for PortalContext : 24389376
Debug 07/24/18 4:53:34:0112 PM ( 1532408014112 )  T:main JavaLog close 1:exlhamuatbrm:loadpricelist:0:main:663:1532408013:0
	Close request received for PCPContext : 11317592
Debug 09/11/18 12:02:46:0519 PM ( 1536624166520 )  T:main JavaLog parseConnectString 1:exlhamuatbrm:loadpricelist:0:main:0:1536624166:0
	 parsing pcp://root.0.0.0.1:XXXX@exlhamuatbrm:11960/0.0.0.1 /service/admin_client 1
Debug 09/11/18 12:02:46:0548 PM ( 1536624166548 )  T:main JavaLog parseConnectString 1:exlhamuatbrm:loadpricelist:0:main:0:1536624166:0
	 filled in: 0 PIN_FLD_PASSWD_CLEAR               STR [0] "XXXX"
0 PIN_FLD_POID                      POID [0] 0.0.0.1 /service/admin_client 1 1
0 PIN_FLD_LOGIN                      STR [0] "root.0.0.0.1"
0 PIN_FLD_CM_PTRS                  ARRAY [0] allocated 1, used 1
1     PIN_FLD_CM_PTR                 STR [0] "ip exlhamuatbrm 11960"

Debug 09/11/18 12:02:46:0612 PM ( 1536624166612 )  T:main JavaLog login 1:exlhamuatbrm:loadpricelist:0:main:0:1536624166:0
	Successful Login
Debug 09/11/18 12:02:56:0954 PM ( 1536624176954 )  T:main JavaLog getSocketChannel 1:exlhamuatbrm:loadpricelist:0:main:662:1536624175:0
	Context, Connection or Socket Channel is null for PortalContext : 29715552
Debug 09/11/18 12:02:56:0954 PM ( 1536624176954 )  T:main JavaLog close 1:exlhamuatbrm:loadpricelist:0:main:662:1536624175:0
	Close request received for PCPContext : 5122060
Debug 09/11/18 12:03:34:0796 PM ( 1536624214797 )  T:main JavaLog parseConnectString 1:exlhamuatbrm:loadpricelist:0:main:0:1536624214:0
	 parsing pcp://root.0.0.0.1:XXXX@exlhamuatbrm:11960/0.0.0.1 /service/admin_client 1
Debug 09/11/18 12:03:34:0828 PM ( 1536624214828 )  T:main JavaLog parseConnectString 1:exlhamuatbrm:loadpricelist:0:main:0:1536624214:0
	 filled in: 0 PIN_FLD_PASSWD_CLEAR               STR [0] "XXXX"
0 PIN_FLD_POID                      POID [0] 0.0.0.1 /service/admin_client 1 1
0 PIN_FLD_LOGIN                      STR [0] "root.0.0.0.1"
0 PIN_FLD_CM_PTRS                  ARRAY [0] allocated 1, used 1
1     PIN_FLD_CM_PTR                 STR [0] "ip exlhamuatbrm 11960"

Debug 09/11/18 12:03:34:0895 PM ( 1536624214895 )  T:main JavaLog login 1:exlhamuatbrm:loadpricelist:0:main:0:1536624214:0
	Successful Login
Debug 09/11/18 12:03:37:0732 PM ( 1536624217732 )  T:main JavaLog getSocketChannel 1:exlhamuatbrm:loadpricelist:0:main:662:1536624216:0
	Context, Connection or Socket Channel is null for PortalContext : 12430225
Debug 09/11/18 12:03:37:0732 PM ( 1536624217732 )  T:main JavaLog close 1:exlhamuatbrm:loadpricelist:0:main:662:1536624216:0
	Close request received for PCPContext : 4898828
Debug 06/20/22 3:30:04:0794 PM ( 1655695804794 )  T:main JavaLog parseConnectString 1:exlhamuatbrm:loadpricelist:0:main:0:1655695804:0
	 parsing pcp://root.0.0.0.1:XXXX@exlhamuatbrm:11960/0.0.0.1 /service/admin_client 1
Debug 06/20/22 3:30:04:0807 PM ( 1655695804807 )  T:main JavaLog parseConnectString 1:exlhamuatbrm:loadpricelist:0:main:0:1655695804:0
	 filled in: 0 PIN_FLD_PASSWD_CLEAR               STR [0] "XXXX"
0 PIN_FLD_POID                      POID [0] 0.0.0.1 /service/admin_client 1 1
0 PIN_FLD_LOGIN                      STR [0] "root.0.0.0.1"
0 PIN_FLD_CM_PTRS                  ARRAY [0] allocated 1, used 1
1     PIN_FLD_CM_PTR                 STR [0] "ip exlhamuatbrm 11960"

Debug 06/20/22 3:30:04:0911 PM ( 1655695804911 )  T:main JavaLog login 1:exlhamuatbrm:loadpricelist:0:main:0:1655695804:0
	Successful Login
Debug 06/20/22 3:31:19:0954 PM ( 1655695879954 )  T:main JavaLog parseConnectString 1:exlhamuatbrm:loadpricelist:0:main:0:1655695879:0
	 parsing pcp://root.0.0.0.1:XXXX@exlhamuatbrm:11960/0.0.0.1 /service/admin_client 1
Debug 06/20/22 3:31:19:0973 PM ( 1655695879973 )  T:main JavaLog parseConnectString 1:exlhamuatbrm:loadpricelist:0:main:0:1655695879:0
	 filled in: 0 PIN_FLD_PASSWD_CLEAR               STR [0] "XXXX"
0 PIN_FLD_POID                      POID [0] 0.0.0.1 /service/admin_client 1 1
0 PIN_FLD_LOGIN                      STR [0] "root.0.0.0.1"
0 PIN_FLD_CM_PTRS                  ARRAY [0] allocated 1, used 1
1     PIN_FLD_CM_PTR                 STR [0] "ip exlhamuatbrm 11960"

Debug 06/20/22 3:31:20:0057 PM ( 1655695880057 )  T:main JavaLog login 1:exlhamuatbrm:loadpricelist:0:main:0:1655695879:0
	Successful Login
Debug 06/20/22 3:31:27:0465 PM ( 1655695887465 )  T:main JavaLog getSocketChannel 1:exlhamuatbrm:loadpricelist:0:main:663:1655695886:0
	Context, Connection or Socket Channel is null for PortalContext : 9956845
Debug 06/20/22 3:31:27:0465 PM ( 1655695887465 )  T:main JavaLog close 1:exlhamuatbrm:loadpricelist:0:main:663:1655695886:0
	Close request received for PCPContext : 8752113
Debug 06/25/22 1:27:25:0244 AM ( 1656077245244 )  T:main JavaLog parseConnectString 1:exlhamuatbrm:loadpricelist:0:main:0:1656077245:0
	 parsing pcp://root.0.0.0.1:XXXX@exlhamuatbrm:11960/0.0.0.1 /service/admin_client 1
Debug 06/25/22 1:27:25:0259 AM ( 1656077245259 )  T:main JavaLog parseConnectString 1:exlhamuatbrm:loadpricelist:0:main:0:1656077245:0
	 filled in: 0 PIN_FLD_PASSWD_CLEAR               STR [0] "XXXX"
0 PIN_FLD_POID                      POID [0] 0.0.0.1 /service/admin_client 1 1
0 PIN_FLD_LOGIN                      STR [0] "root.0.0.0.1"
0 PIN_FLD_CM_PTRS                  ARRAY [0] allocated 1, used 1
1     PIN_FLD_CM_PTR                 STR [0] "ip exlhamuatbrm 11960"

Debug 06/25/22 1:27:25:0347 AM ( 1656077245347 )  T:main JavaLog login 1:exlhamuatbrm:loadpricelist:0:main:0:1656077245:0
	Successful Login
Debug 06/25/22 1:27:29:0408 AM ( 1656077249408 )  T:main JavaLog getSocketChannel 1:exlhamuatbrm:loadpricelist:0:main:663:1656077248:0
	Context, Connection or Socket Channel is null for PortalContext : 20435088
Debug 06/25/22 1:27:29:0408 AM ( 1656077249408 )  T:main JavaLog close 1:exlhamuatbrm:loadpricelist:0:main:663:1656077248:0
	Close request received for PCPContext : 22917908
Debug 07/01/22 12:55:29:0028 AM ( 1656593729028 )  T:main JavaLog parseConnectString 1:exlhamuatbrm:loadpricelist:0:main:0:1656593729:0
	 parsing pcp://root.0.0.0.1:XXXX@exlhamuatbrm:11960/0.0.0.1 /service/admin_client 1
Debug 07/01/22 12:55:29:0049 AM ( 1656593729049 )  T:main JavaLog parseConnectString 1:exlhamuatbrm:loadpricelist:0:main:0:1656593729:0
	 filled in: 0 PIN_FLD_PASSWD_CLEAR               STR [0] "XXXX"
0 PIN_FLD_POID                      POID [0] 0.0.0.1 /service/admin_client 1 1
0 PIN_FLD_LOGIN                      STR [0] "root.0.0.0.1"
0 PIN_FLD_CM_PTRS                  ARRAY [0] allocated 1, used 1
1     PIN_FLD_CM_PTR                 STR [0] "ip exlhamuatbrm 11960"

Debug 07/01/22 12:55:29:0338 AM ( 1656593729338 )  T:main JavaLog login 1:exlhamuatbrm:loadpricelist:0:main:0:1656593729:0
	Successful Login
Debug 07/01/22 12:59:45:0827 AM ( 1656593985829 )  T:main JavaLog parseConnectString 1:exlhamuatbrm:loadpricelist:0:main:0:1656593985:0
	 parsing pcp://root.0.0.0.1:XXXX@exlhamuatbrm:11960/0.0.0.1 /service/admin_client 1
Debug 07/01/22 12:59:45:0855 AM ( 1656593985855 )  T:main JavaLog parseConnectString 1:exlhamuatbrm:loadpricelist:0:main:0:1656593985:0
	 filled in: 0 PIN_FLD_PASSWD_CLEAR               STR [0] "XXXX"
0 PIN_FLD_POID                      POID [0] 0.0.0.1 /service/admin_client 1 1
0 PIN_FLD_LOGIN                      STR [0] "root.0.0.0.1"
0 PIN_FLD_CM_PTRS                  ARRAY [0] allocated 1, used 1
1     PIN_FLD_CM_PTR                 STR [0] "ip exlhamuatbrm 11960"

Debug 07/01/22 12:59:46:0246 AM ( 1656593986246 )  T:main JavaLog login 1:exlhamuatbrm:loadpricelist:0:main:0:1656593985:0
	Successful Login
Debug 07/01/22 1:05:39:0845 AM ( 1656594339846 )  T:main JavaLog parseConnectString 1:exlhamuatbrm:loadpricelist:0:main:0:1656594339:0
	 parsing pcp://root.0.0.0.1:XXXX@exlhamuatbrm:11960/0.0.0.1 /service/admin_client 1
Debug 07/01/22 1:05:39:0880 AM ( 1656594339880 )  T:main JavaLog parseConnectString 1:exlhamuatbrm:loadpricelist:0:main:0:1656594339:0
	 filled in: 0 PIN_FLD_PASSWD_CLEAR               STR [0] "XXXX"
0 PIN_FLD_POID                      POID [0] 0.0.0.1 /service/admin_client 1 1
0 PIN_FLD_LOGIN                      STR [0] "root.0.0.0.1"
0 PIN_FLD_CM_PTRS                  ARRAY [0] allocated 1, used 1
1     PIN_FLD_CM_PTR                 STR [0] "ip exlhamuatbrm 11960"

Debug 07/01/22 1:05:40:0342 AM ( 1656594340342 )  T:main JavaLog login 1:exlhamuatbrm:loadpricelist:0:main:0:1656594339:0
	Successful Login
Debug 07/01/22 1:13:21:0464 AM ( 1656594801464 )  T:main JavaLog parseConnectString 1:exlhamuatbrm:loadpricelist:0:main:0:1656594801:0
	 parsing pcp://root.0.0.0.1:XXXX@exlhamuatbrm:11960/0.0.0.1 /service/admin_client 1
Debug 07/01/22 1:13:21:0493 AM ( 1656594801493 )  T:main JavaLog parseConnectString 1:exlhamuatbrm:loadpricelist:0:main:0:1656594801:0
	 filled in: 0 PIN_FLD_PASSWD_CLEAR               STR [0] "XXXX"
0 PIN_FLD_POID                      POID [0] 0.0.0.1 /service/admin_client 1 1
0 PIN_FLD_LOGIN                      STR [0] "root.0.0.0.1"
0 PIN_FLD_CM_PTRS                  ARRAY [0] allocated 1, used 1
1     PIN_FLD_CM_PTR                 STR [0] "ip exlhamuatbrm 11960"

Debug 07/01/22 1:13:21:0662 AM ( 1656594801662 )  T:main JavaLog login 1:exlhamuatbrm:loadpricelist:0:main:0:1656594801:0
	Successful Login
Debug 07/01/22 1:13:26:0079 AM ( 1656594806079 )  T:main JavaLog getSocketChannel 1:exlhamuatbrm:loadpricelist:0:main:663:1656594805:0
	Context, Connection or Socket Channel is null for PortalContext : 31519478
Debug 07/01/22 1:13:26:0079 AM ( 1656594806079 )  T:main JavaLog close 1:exlhamuatbrm:loadpricelist:0:main:663:1656594805:0
	Close request received for PCPContext : 24061351
Debug 07/05/22 10:57:30:0286 PM ( 1657018650287 )  T:main JavaLog parseConnectString 1:exlhamuatbrm:loadpricelist:0:main:0:1657018650:0
	 parsing pcp://root.0.0.0.1:XXXX@exlhamuatbrm:11960/0.0.0.1 /service/admin_client 1
Debug 07/05/22 10:57:30:0303 PM ( 1657018650303 )  T:main JavaLog parseConnectString 1:exlhamuatbrm:loadpricelist:0:main:0:1657018650:0
	 filled in: 0 PIN_FLD_PASSWD_CLEAR               STR [0] "XXXX"
0 PIN_FLD_POID                      POID [0] 0.0.0.1 /service/admin_client 1 1
0 PIN_FLD_LOGIN                      STR [0] "root.0.0.0.1"
0 PIN_FLD_CM_PTRS                  ARRAY [0] allocated 1, used 1
1     PIN_FLD_CM_PTR                 STR [0] "ip exlhamuatbrm 11960"

Debug 07/05/22 10:57:30:0405 PM ( 1657018650405 )  T:main JavaLog login 1:exlhamuatbrm:loadpricelist:0:main:0:1657018650:0
	Successful Login
Debug 07/05/22 10:57:33:0642 PM ( 1657018653642 )  T:main JavaLog getSocketChannel 1:exlhamuatbrm:loadpricelist:0:main:663:1657018653:0
	Context, Connection or Socket Channel is null for PortalContext : 11317592
Debug 07/05/22 10:57:33:0642 PM ( 1657018653642 )  T:main JavaLog close 1:exlhamuatbrm:loadpricelist:0:main:663:1657018653:0
	Close request received for PCPContext : 28259286
Error 07/12/22 7:44:49:0832 PM ( 1657611889832 )  T:main JavaLog <No Source> 1:exlhamuatbrm:UnknownProgramName:0:main:0:1657611889:0
	Unknown command
Debug 07/12/22 7:45:51:0298 PM ( 1657611951299 )  T:main JavaLog parseConnectString 1:exlhamuatbrm:loadpricelist:0:main:0:1657611951:0
	 parsing pcp://root.0.0.0.1:XXXX@exlhamuatbrm:11960/0.0.0.1 /service/admin_client 1
Debug 07/12/22 7:45:51:0316 PM ( 1657611951316 )  T:main JavaLog parseConnectString 1:exlhamuatbrm:loadpricelist:0:main:0:1657611951:0
	 filled in: 0 PIN_FLD_PASSWD_CLEAR               STR [0] "XXXX"
0 PIN_FLD_POID                      POID [0] 0.0.0.1 /service/admin_client 1 1
0 PIN_FLD_LOGIN                      STR [0] "root.0.0.0.1"
0 PIN_FLD_CM_PTRS                  ARRAY [0] allocated 1, used 1
1     PIN_FLD_CM_PTR                 STR [0] "ip exlhamuatbrm 11960"

Debug 07/12/22 7:45:51:0426 PM ( 1657611951426 )  T:main JavaLog login 1:exlhamuatbrm:loadpricelist:0:main:0:1657611951:0
	Successful Login
Debug 07/12/22 7:45:55:0274 PM ( 1657611955274 )  T:main JavaLog getSocketChannel 1:exlhamuatbrm:loadpricelist:0:main:663:1657611954:0
	Context, Connection or Socket Channel is null for PortalContext : 24061351
Debug 07/12/22 7:45:55:0274 PM ( 1657611955274 )  T:main JavaLog close 1:exlhamuatbrm:loadpricelist:0:main:663:1657611954:0
	Close request received for PCPContext : 1117233
Debug 07/12/22 10:53:27:0456 PM ( 1657623207457 )  T:main JavaLog parseConnectString 1:exlhamuatbrm:loadpricelist:0:main:0:1657623207:0
	 parsing pcp://root.0.0.0.1:XXXX@exlhamuatbrm:11960/0.0.0.1 /service/admin_client 1
Debug 07/12/22 10:53:27:0479 PM ( 1657623207479 )  T:main JavaLog parseConnectString 1:exlhamuatbrm:loadpricelist:0:main:0:1657623207:0
	 filled in: 0 PIN_FLD_PASSWD_CLEAR               STR [0] "XXXX"
0 PIN_FLD_POID                      POID [0] 0.0.0.1 /service/admin_client 1 1
0 PIN_FLD_LOGIN                      STR [0] "root.0.0.0.1"
0 PIN_FLD_CM_PTRS                  ARRAY [0] allocated 1, used 1
1     PIN_FLD_CM_PTR                 STR [0] "ip exlhamuatbrm 11960"

Debug 07/12/22 10:53:27:0621 PM ( 1657623207621 )  T:main JavaLog login 1:exlhamuatbrm:loadpricelist:0:main:0:1657623207:0
	Successful Login
Debug 07/12/22 10:53:38:0067 PM ( 1657623218067 )  T:main JavaLog parseConnectString 1:exlhamuatbrm:loadpricelist:0:main:0:1657623218:0
	 parsing pcp://root.0.0.0.1:XXXX@exlhamuatbrm:11960/0.0.0.1 /service/admin_client 1
Debug 07/12/22 10:53:38:0083 PM ( 1657623218083 )  T:main JavaLog parseConnectString 1:exlhamuatbrm:loadpricelist:0:main:0:1657623218:0
	 filled in: 0 PIN_FLD_PASSWD_CLEAR               STR [0] "XXXX"
0 PIN_FLD_POID                      POID [0] 0.0.0.1 /service/admin_client 1 1
0 PIN_FLD_LOGIN                      STR [0] "root.0.0.0.1"
0 PIN_FLD_CM_PTRS                  ARRAY [0] allocated 1, used 1
1     PIN_FLD_CM_PTR                 STR [0] "ip exlhamuatbrm 11960"

Debug 07/12/22 10:53:38:0184 PM ( 1657623218184 )  T:main JavaLog login 1:exlhamuatbrm:loadpricelist:0:main:0:1657623218:0
	Successful Login
Debug 07/12/22 10:53:49:0275 PM ( 1657623229275 )  T:main JavaLog getSocketChannel 1:exlhamuatbrm:loadpricelist:0:main:662:1657623220:0
	Context, Connection or Socket Channel is null for PortalContext : 33168310
Debug 07/12/22 10:53:49:0276 PM ( 1657623229276 )  T:main JavaLog close 1:exlhamuatbrm:loadpricelist:0:main:662:1657623220:0
	Close request received for PCPContext : 20012340
Debug 07/12/22 11:15:58:0985 PM ( 1657624558986 )  T:main JavaLog parseConnectString 1:exlhamuatbrm:loadpricelist:0:main:0:1657624558:0
	 parsing pcp://root.0.0.0.1:XXXX@exlhamuatbrm:11960/0.0.0.1 /service/admin_client 1
Debug 07/12/22 11:15:59:0000 PM ( 1657624559000 )  T:main JavaLog parseConnectString 1:exlhamuatbrm:loadpricelist:0:main:0:1657624558:0
	 filled in: 0 PIN_FLD_PASSWD_CLEAR               STR [0] "XXXX"
0 PIN_FLD_POID                      POID [0] 0.0.0.1 /service/admin_client 1 1
0 PIN_FLD_LOGIN                      STR [0] "root.0.0.0.1"
0 PIN_FLD_CM_PTRS                  ARRAY [0] allocated 1, used 1
1     PIN_FLD_CM_PTR                 STR [0] "ip exlhamuatbrm 11960"

Debug 07/12/22 11:15:59:0141 PM ( 1657624559141 )  T:main JavaLog login 1:exlhamuatbrm:loadpricelist:0:main:0:1657624558:0
	Successful Login
Debug 07/12/22 11:18:35:0438 PM ( 1657624715438 )  T:main JavaLog getSocketChannel 1:exlhamuatbrm:loadpricelist:0:main:662:1657624707:0
	Context, Connection or Socket Channel is null for PortalContext : 29751107
Debug 07/12/22 11:18:35:0438 PM ( 1657624715438 )  T:main JavaLog close 1:exlhamuatbrm:loadpricelist:0:main:662:1657624707:0
	Close request received for PCPContext : 32278793
Debug 07/14/22 10:08:41:0212 PM ( 1657793321213 )  T:main JavaLog parseConnectString 1:exlhamuatbrm:loadpricelist:0:main:0:1657793321:0
	 parsing pcp://root.0.0.0.1:XXXX@exlhamuatbrm:11960/0.0.0.1 /service/admin_client 1
Debug 07/14/22 10:08:41:0231 PM ( 1657793321231 )  T:main JavaLog parseConnectString 1:exlhamuatbrm:loadpricelist:0:main:0:1657793321:0
	 filled in: 0 PIN_FLD_PASSWD_CLEAR               STR [0] "XXXX"
0 PIN_FLD_POID                      POID [0] 0.0.0.1 /service/admin_client 1 1
0 PIN_FLD_LOGIN                      STR [0] "root.0.0.0.1"
0 PIN_FLD_CM_PTRS                  ARRAY [0] allocated 1, used 1
1     PIN_FLD_CM_PTR                 STR [0] "ip exlhamuatbrm 11960"

Debug 07/14/22 10:08:41:0370 PM ( 1657793321370 )  T:main JavaLog login 1:exlhamuatbrm:loadpricelist:0:main:0:1657793321:0
	Successful Login
Debug 07/14/22 10:08:46:0613 PM ( 1657793326614 )  T:main JavaLog getSocketChannel 1:exlhamuatbrm:loadpricelist:0:main:663:1657793324:0
	Context, Connection or Socket Channel is null for PortalContext : 4791372
Debug 07/14/22 10:08:46:0614 PM ( 1657793326614 )  T:main JavaLog close 1:exlhamuatbrm:loadpricelist:0:main:663:1657793324:0
	Close request received for PCPContext : 31519478
