
SQL*Loader: Release 11.2.0.4.0 - Production on Fri Mar 3 07:28:58 2017

Copyright (c) 1982, 2011, Oracle and/or its affiliates.  All rights reserved.

Control File:   /brmapp/portal/7.5/TD/apps/td_sampling/scenario_logs/sampling.ctl
Data File:      ./input_files/scenario10_702.sql.dat
  Bad File:     /brmapp/portal/7.5/TD/apps/td_sampling/scenario_logs/scenario10_702.sql.bad
  Discard File:  none specified
 
 (Allow all discards)

Number to load: ALL
Number to skip: 0
Errors allowed: 50
Bind array:     64 rows, maximum of 256000 bytes
Continuation:    none specified
Path used:      Conventional

Table TD_SAMPLE_ACCOUNT_T, loaded from every logical record.
Insert option in effect for this table: APPEND
TRAILING NULLCOLS option in effect

   Column Name                  Position   Len  Term Encl Datatype
------------------------------ ---------- ----- ---- ---- ---------------------
BILLINFO_OBJ_ID0                    FIRST     *   ,       CHARACTER            
SCENARIO_NO                          NEXT     *   ,       CHARACTER            
STATUS                                                    CONSTANT
    Value is 'N'


Table TD_SAMPLE_ACCOUNT_T:
  1 Row successfully loaded.
  0 Rows not loaded due to data errors.
  0 Rows not loaded because all WHEN clauses were failed.
  0 Rows not loaded because all fields were null.


Space allocated for bind array:                  33152 bytes(64 rows)
Read   buffer bytes: 1048576

Total logical records skipped:          0
Total logical records read:             1
Total logical records rejected:         0
Total logical records discarded:        0

Run began on Fri Mar 03 07:28:58 2017
Run ended on Fri Mar 03 07:28:58 2017

Elapsed time was:     00:00:00.08
CPU time was:         00:00:00.02
