started BatchController at...
Mon Apr 13 19:32:33 NZST 2015
 REL running as Daemon = 0
started BatchController at...
Mon Apr 13 19:36:14 NZST 2015
 REL running as Daemon = 0
started BatchController at...
Mon Apr 13 19:40:24 NZST 2015
 REL running as Daemon = 0
started BatchController at...
Mon Apr 13 19:41:06 NZST 2015
 REL running as Daemon = 0
started BatchController at...
Mon Apr 13 19:43:03 NZST 2015
 REL running as Daemon = 0
started BatchController at...
Mon Apr 13 19:49:33 NZST 2015
 REL running as Daemon = 0
started BatchController at...
Mon Apr 13 20:23:53 NZST 2015
 REL running as Daemon = 0
started BatchController at...
Mon Apr 13 21:19:15 NZST 2015
 REL running as Daemon = 0
started BatchController at...
Mon Apr 13 21:36:04 NZST 2015
 REL running as Daemon = 0
started BatchController at...
Mon Apr 13 21:54:30 NZST 2015
 REL running as Daemon = 0
started BatchController at...
Mon Apr 13 21:54:49 NZST 2015
 REL running as Daemon = 0
started BatchController at...
Mon Apr 13 22:02:09 NZST 2015
 REL running as Daemon = 0
started BatchController at...
Mon Apr 13 22:07:46 NZST 2015
 REL running as Daemon = 0
started BatchController at...
Mon Apr 13 22:16:31 NZST 2015
 REL running as Daemon = 0
started BatchController at...
Mon Apr 13 22:25:23 NZST 2015
 REL running as Daemon = 0
started BatchController at...
Mon Apr 13 23:13:04 NZST 2015
 REL running as Daemon = 0
started BatchController at...
Mon Apr 13 23:54:27 NZST 2015
 REL running as Daemon = 0
started BatchController at...
Tue Apr 14 00:32:43 NZST 2015
 REL running as Daemon = 0
started BatchController at...
Tue Apr 14 01:17:50 NZST 2015
 REL running as Daemon = 0
started BatchController at...
Tue Apr 14 20:03:09 NZST 2015
 REL running as Daemon = 0
started BatchController at...
Tue Apr 14 21:34:20 NZST 2015
 REL running as Daemon = 0
started BatchController at...
Wed Apr 15 01:18:31 NZST 2015
 REL running as Daemon = 0
started BatchController at...
Wed Apr 15 01:21:31 NZST 2015
 REL running as Daemon = 0
started BatchController at...
Wed Apr 15 01:22:47 NZST 2015
 REL running as Daemon = 0
started BatchController at...
Wed Apr 15 01:40:13 NZST 2015
 REL running as Daemon = 0
started BatchController at...
Wed Apr 15 01:42:41 NZST 2015
 REL running as Daemon = 0
started BatchController at...
Wed Apr 15 18:20:51 NZST 2015
 REL running as Daemon = 0
started BatchController at...
Wed Apr 15 18:29:39 NZST 2015
 REL running as Daemon = 0
started BatchController at...
Wed Apr 15 18:31:43 NZST 2015
 REL running as Daemon = 0
started BatchController at...
Wed Apr 15 18:32:41 NZST 2015
 REL running as Daemon = 0
started BatchController at...
Wed Apr 15 18:44:51 NZST 2015
 REL running as Daemon = 0
started BatchController at...
Wed Apr 15 19:36:26 NZST 2015
 REL running as Daemon = 0
started BatchController at...
Wed Apr 15 20:02:46 NZST 2015
 REL running as Daemon = 0
started BatchController at...
Wed Apr 15 21:30:47 NZST 2015
 REL running as Daemon = 0
started BatchController at...
Wed Apr 15 21:47:27 NZST 2015
 REL running as Daemon = 0
started BatchController at...
Wed Apr 15 21:49:35 NZST 2015
 REL running as Daemon = 0
started BatchController at...
Wed Apr 15 22:22:02 NZST 2015
 REL running as Daemon = 0
started BatchController at...
Wed Apr 15 22:27:12 NZST 2015
 REL running as Daemon = 0
started BatchController at...
Wed Apr 15 22:36:20 NZST 2015
 REL running as Daemon = 0
started BatchController at...
Wed Apr 15 23:30:09 NZST 2015
 REL running as Daemon = 0
started BatchController at...
Wed Apr 15 23:34:02 NZST 2015
 REL running as Daemon = 0
started BatchController at...
Mon Apr 20 19:22:42 NZST 2015
 REL running as Daemon = 0
started BatchController at...
Mon Apr 20 21:20:25 NZST 2015
 REL running as Daemon = 0
started BatchController at...
Tue Apr 21 01:03:25 NZST 2015
 REL running as Daemon = 0
started BatchController at...
Tue Apr 28 20:50:22 NZST 2015
 REL running as Daemon = 0
started BatchController at...
Tue Apr 28 21:41:04 NZST 2015
 REL running as Daemon = 0
started BatchController at...
Wed Apr 29 21:17:32 NZST 2015
 REL running as Daemon = 0
started BatchController at...
Thu Apr 30 17:02:38 NZST 2015
 REL running as Daemon = 0
started BatchController at...
Tue May  5 01:36:36 NZST 2015
 REL running as Daemon = 0
started BatchController at...
Tue May  5 22:42:35 NZST 2015
 REL running as Daemon = 0
started BatchController at...
Mon May 18 10:59:17 NZST 2015
 REL running as Daemon = 0
started BatchController at...
Mon May 18 11:56:02 NZST 2015
 REL running as Daemon = 0
started BatchController at...
Mon May 18 11:58:55 NZST 2015
 REL running as Daemon = 0
started BatchController at...
Mon May 18 12:58:57 NZST 2015
 REL running as Daemon = 0
started BatchController at...
Wed May 20 12:15:47 NZST 2015
 REL running as Daemon = 0
started BatchController at...
Wed May 20 12:17:33 NZST 2015
 REL running as Daemon = 0
started BatchController at...
Wed Jun  3 02:04:23 NZST 2015
 REL running as Daemon = 0
started BatchController at...
Wed Jun  3 22:29:02 NZST 2015
 REL running as Daemon = 0
started BatchController at...
Wed Jun  3 22:52:18 NZST 2015
 REL running as Daemon = 0
started BatchController at...
Thu Jun  4 00:30:39 NZST 2015
 REL running as Daemon = 0
started BatchController at...
Thu Jun  4 01:20:32 NZST 2015
 REL running as Daemon = 0
started BatchController at...
Thu Jun 11 20:26:23 NZST 2015
 REL running as Daemon = 0
started BatchController at...
Fri Jun 12 17:30:30 NZST 2015
 REL running as Daemon = 0
started BatchController at...
Fri Jun 12 17:35:32 NZST 2015
 REL running as Daemon = 0
started BatchController at...
Thu Jun 18 22:49:20 NZST 2015
 REL running as Daemon = 0
started BatchController at...
Sat Jun 27 06:53:14 NZST 2015
 REL running as Daemon = 0
started BatchController at...
Sat Jul 11 19:15:44 NZST 2015
 REL running as Daemon = 0
started BatchController at...
Sun Jul 12 10:57:09 NZST 2015
 REL running as Daemon = 0
started BatchController at...
Mon Aug 31 09:37:23 NZST 2015
 REL running as Daemon = 0
started BatchController at...
Thu Oct  1 13:37:14 NZDT 2015
 REL running as Daemon = 0
started BatchController at...
Sun Oct 18 08:04:55 NZDT 2015
 REL running as Daemon = 0
started BatchController at...
Thu Mar 24 01:17:40 NZDT 2016
 REL running as Daemon = 0
started BatchController at...
Sat Mar 26 02:12:18 NZDT 2016
 REL running as Daemon = 0
started BatchController at...
Sun Mar 26 18:29:37 NZDT 2017
 REL running as Daemon = 0
started BatchController at...
Mon Mar 27 00:41:39 NZDT 2017
 REL running as Daemon = 0
started BatchController at...
Mon Mar 27 00:44:19 NZDT 2017
 REL running as Daemon = 0
started BatchController at...
Mon Mar 27 00:46:36 NZDT 2017
 REL running as Daemon = 0
started BatchController at...
Mon Mar 27 00:48:11 NZDT 2017
 REL running as Daemon = 0
started BatchController at...
Mon Mar 27 15:03:44 NZDT 2017
 REL running as Daemon = 0
started BatchController at...
Mon Mar 27 15:24:56 NZDT 2017
 REL running as Daemon = 0
started BatchController at...
Mon Mar 27 15:29:08 NZDT 2017
 REL running as Daemon = 0
started BatchController at...
Tue May 30 05:33:41 NZST 2017
 REL running as Daemon = 0
started BatchController at...
Tue May 30 05:34:21 NZST 2017
 REL running as Daemon = 0
started BatchController at...
Tue May 30 05:37:51 NZST 2017
 REL running as Daemon = 0
started BatchController at...
Wed Sep 20 20:29:13 NZST 2017
 REL running as Daemon = 0
started BatchController at...
Tue May 29 12:16:45 NZST 2018
 REL running as Daemon = 0
started BatchController at...
Thu May 31 11:51:52 NZST 2018
 REL running as Daemon = 0
