started BatchController at...
Sat Jun 27 17:55:06 NZST 2015
 REL running as Daemon = 0
started BatchController at...
Sat Jun 27 17:58:59 NZST 2015
 REL running as Daemon = 0
started BatchController at...
Sat Jun 27 18:32:12 NZST 2015
 REL running as Daemon = 0
started BatchController at...
Wed Jul  1 20:16:54 NZST 2015
 REL running as Daemon = 0
started BatchController at...
Mon Jul 13 21:06:19 NZST 2015
 REL running as Daemon = 0
started BatchController at...
Mon Jul 13 21:54:50 NZST 2015
 REL running as Daemon = 0
started BatchController at...
Fri Jul 17 00:22:31 NZST 2015
 REL running as Daemon = 0
started BatchController at...
Fri Jul 17 01:26:04 NZST 2015
 REL running as Daemon = 0
started BatchController at...
Fri Jul 24 17:54:29 NZST 2015
 REL running as Daemon = 0
started BatchController at...
Fri Jul 24 18:08:05 NZST 2015
 REL running as Daemon = 0
started BatchController at...
Fri Jul 24 18:16:21 NZST 2015
 REL running as Daemon = 0
started BatchController at...
Fri Jul 24 18:27:34 NZST 2015
 REL running as Daemon = 0
started BatchController at...
Fri Jul 24 18:37:21 NZST 2015
 REL running as Daemon = 0
started BatchController at...
Fri Jul 24 19:51:44 NZST 2015
 REL running as Daemon = 0
started BatchController at...
Mon Jul 27 15:02:25 NZST 2015
 REL running as Daemon = 0
