The process completed successfully.
The process completed successfully.
The process completed successfully.
The process completed successfully.
The process completed successfully.
The process completed successfully.
The process completed successfully.
The process completed successfully.
The process completed successfully.
The process completed successfully.
The process completed successfully.
The process completed successfully.
The process completed successfully.
The process completed successfully.
The process completed successfully.
The process completed successfully.
The process completed successfully.
The process completed successfully.
The process completed successfully.
The process completed successfully.
The process completed successfully.
The process completed successfully.
The process completed successfully.
The process completed successfully.
The process completed successfully.
The process completed successfully.
The process completed successfully.
The process completed successfully.
The process completed successfully.
The process completed successfully.
The process completed successfully.
The process completed successfully.
The process completed successfully.
The process completed successfully.
The process completed successfully.
The process completed successfully.
The process completed successfully.
The process completed successfully.
The process completed successfully.
The process completed successfully.
The process completed successfully.
The process completed successfully.
The process completed successfully.
The process completed successfully.
The process completed successfully.
The process completed successfully.
The process completed successfully.
The process completed successfully.
The process completed successfully.
The process completed successfully.
The process completed successfully.
The process completed successfully.
The process completed successfully.
The process completed successfully.
The process completed successfully.
The process completed successfully.
The process completed successfully.
The process completed successfully.
The process completed successfully.
The process completed successfully.
The process completed successfully.
The process completed successfully.
The process completed successfully.
The process completed successfully.
The process completed successfully.
The process completed successfully.
The process completed successfully.
The process completed successfully.
The process completed successfully.
The process completed successfully.
The process completed successfully.
The process completed successfully.
The process completed successfully.
The process completed successfully.
The process completed successfully.
Error encountered in the REL Driver: 1029
The file has previously completed successfully so it will not be loaded again: /brmapp/portal/7.5/TD/apps/pin_rel/prepaid/test_VAP_022319_20151226010120.out.bc
Exiting with return code: 1
Error encountered in the REL Driver: 1029
The file has previously completed successfully so it will not be loaded again: /brmapp/portal/7.5/TD/apps/pin_rel/prepaid/test_VAP_022320_20151226010152.out.bc
Exiting with return code: 1
Error encountered in the REL Driver: 1029
The file has previously completed successfully so it will not be loaded again: /brmapp/portal/7.5/TD/apps/pin_rel/prepaid/test_VAP_022328_20151227010209.out.bc
Exiting with return code: 1
Error encountered in the REL Driver: 1029
The file has previously completed successfully so it will not be loaded again: /brmapp/portal/7.5/TD/apps/pin_rel/prepaid/test_VAP_022339_20151228010324.out.bc
Exiting with return code: 1
Error encountered in the REL Driver: 1029
The file has previously completed successfully so it will not be loaded again: /brmapp/portal/7.5/TD/apps/pin_rel/prepaid/test_VAS_022223_20151224113233.out.bc
Exiting with return code: 1
Error encountered in the REL Driver: 1029
The file has previously completed successfully so it will not be loaded again: /brmapp/portal/7.5/TD/apps/pin_rel/prepaid/test_VAS_022259_20151224133450.out.bc
Exiting with return code: 1
Error encountered in the REL Driver: 1029
The file has previously completed successfully so it will not be loaded again: /brmapp/portal/7.5/TD/apps/pin_rel/prepaid/test_VAS_022260_20151224141053.out.bc
Exiting with return code: 1
Error encountered in the REL Driver: 1029
The file has previously completed successfully so it will not be loaded again: /brmapp/portal/7.5/TD/apps/pin_rel/prepaid/test_VAS_022261_20151224141442.out.bc
Exiting with return code: 1
Error encountered in the REL Driver: 1029
The file has previously completed successfully so it will not be loaded again: /brmapp/portal/7.5/TD/apps/pin_rel/prepaid/test_VAS_022262_20151224142047.out.bc
Exiting with return code: 1
Error encountered in the REL Driver: 1029
The file has previously completed successfully so it will not be loaded again: /brmapp/portal/7.5/TD/apps/pin_rel/prepaid/test_VAS_022263_20151224142244.out.bc
Exiting with return code: 1
Error encountered in the REL Driver: 1029
The file has previously completed successfully so it will not be loaded again: /brmapp/portal/7.5/TD/apps/pin_rel/prepaid/test_VAS_022264_20151224142257.out.bc
Exiting with return code: 1
Error encountered in the REL Driver: 1029
The file has previously completed successfully so it will not be loaded again: /brmapp/portal/7.5/TD/apps/pin_rel/prepaid/test_VAS_022265_20151224143029.out.bc
Exiting with return code: 1
Error encountered in the REL Driver: 1029
The file has previously completed successfully so it will not be loaded again: /brmapp/portal/7.5/TD/apps/pin_rel/prepaid/test_VAS_022321_20151226021849.out.bc
Exiting with return code: 1
Error encountered in the REL Driver: 1029
The file has previously completed successfully so it will not be loaded again: /brmapp/portal/7.5/TD/apps/pin_rel/prepaid/test_VAS_022330_20151227151128.out.bc
Exiting with return code: 1
Error encountered in the REL Driver: 1029
The file has previously completed successfully so it will not be loaded again: /brmapp/portal/7.5/TD/apps/pin_rel/prepaid/test_VAS_022341_20151228090035.out.bc
Exiting with return code: 1
Error encountered in the REL Driver: 1029
The file has previously completed successfully so it will not be loaded again: /brmapp/portal/7.5/TD/apps/pin_rel/prepaid/test_VAS_022342_20151228090105.out.bc
Exiting with return code: 1
The process completed successfully.
The process completed successfully.
The process completed successfully.
The process completed successfully.
The process completed successfully.
The process completed successfully.
The process completed successfully.
The process completed successfully.
The process completed successfully.
The process completed successfully.
The process completed successfully.
The process completed successfully.
The process completed successfully.
The process completed successfully.
The process completed successfully.
The process completed successfully.
Error encountered in the REL Driver: 1015
The following file was not found: /var/portal/pin_rel/prepaid/test_CONV_VAS_021544_20151210113115.out.bc
Exiting with return code: 1
Error encountered in the REL Driver: 1015
The following file was not found: /var/portal/pin_rel/prepaid/test_CONV_VAS_021549_20151210113908.out.bc
Exiting with return code: 1
Error encountered in the REL Driver: 1015
The following file was not found: /var/portal/pin_rel/prepaid/test_CONV_VAS_021562_20151210201725.out.bc
Exiting with return code: 1
Error encountered in the REL Driver: 1015
The following file was not found: /var/portal/pin_rel/prepaid/test_CONV_DAT_021561_20151210173250.out.bc
Exiting with return code: 1
Error encountered in the REL Driver: 1015
The following file was not found: /var/portal/pin_rel/prepaid/test_CONV_VAP_021568_20151211010319.out.bc
Exiting with return code: 1
Error encountered in the REL Driver: 1015
The following file was not found: /var/portal/pin_rel/prepaid/test_CONV_DAT_021558_20151210133227.out.bc
Exiting with return code: 1
Error encountered in the REL Driver: 1015
The following file was not found: /var/portal/pin_rel/prepaid/test_CONV_VAS_021547_20151210113828.out.bc
Exiting with return code: 1
Error encountered in the REL Driver: 1015
The following file was not found: /var/portal/pin_rel/prepaid/test_CONV_DAT_021559_20151210161058.out.bc
Exiting with return code: 1
Error encountered in the REL Driver: 1015
The following file was not found: /var/portal/pin_rel/prepaid/test_CONV_VAS_021548_20151210113859.out.bc
Exiting with return code: 1
Error encountered in the REL Driver: 1015
The following file was not found: /var/portal/pin_rel/prepaid/test_CONV_VAP_021565_20151211000540.out.bc
Exiting with return code: 1
Error encountered in the REL Driver: 1015
The following file was not found: /var/portal/pin_rel/prepaid/test_CONV_DAT_021551_20151210115334.out.bc
Exiting with return code: 1
Error encountered in the REL Driver: 1015
The following file was not found: /var/portal/pin_rel/prepaid/test_CONV_DAT_021553_20151210123128.out.bc
Exiting with return code: 1
Error encountered in the REL Driver: 1015
The following file was not found: /var/portal/pin_rel/prepaid/test_CONV_VAS_021543_20151210113106.out.bc
Exiting with return code: 1
Error encountered in the REL Driver: 1015
The following file was not found: /var/portal/pin_rel/prepaid/test_CONV_VAP_021567_20151211010249.out.bc
Exiting with return code: 1
Error encountered in the REL Driver: 1015
The following file was not found: /var/portal/pin_rel/prepaid/test_CONV_DAT_021571_20151211103708.out.bc
Exiting with return code: 1
Error encountered in the REL Driver: 1015
The following file was not found: /var/portal/pin_rel/prepaid/test_CONV_VAS_021550_20151210114127.out.bc
Exiting with return code: 1
Error encountered in the REL Driver: 1015
The following file was not found: /var/portal/pin_rel/prepaid/test_CONV_VAS_021545_20151210113247.out.bc
Exiting with return code: 1
Error encountered in the REL Driver: 1015
The following file was not found: /var/portal/pin_rel/prepaid/test_CONV_DAT_021402_20151207195930.out.bc
Exiting with return code: 1
Error encountered in the REL Driver: 1015
The following file was not found: /var/portal/pin_rel/prepaid/test_CONV_VAP_021389_20151207135805.out.bc
Exiting with return code: 1
Error encountered in the REL Driver: 1015
The following file was not found: /var/portal/pin_rel/prepaid/test_CONV_TEL_021423_20151208110351.out.bc
Exiting with return code: 1
Error encountered in the REL Driver: 1015
The following file was not found: /var/portal/pin_rel/prepaid/test_CONV_VAS_021418_20151208100027.out.bc
Exiting with return code: 1
Error encountered in the REL Driver: 1015
The following file was not found: /var/portal/pin_rel/prepaid/test_CONV_DAT_021429_20151208115735.out.bc
Exiting with return code: 1
Error encountered in the REL Driver: 1015
The following file was not found: /var/portal/pin_rel/prepaid/test_CONV_DAT_021450_20151208145904.out.bc
Exiting with return code: 1
Error encountered in the REL Driver: 1015
The following file was not found: /var/portal/pin_rel/prepaid/test_CONV_VAS_021454_20151208164449.out.bc
Exiting with return code: 1
Error encountered in the REL Driver: 1015
The following file was not found: /var/portal/pin_rel/prepaid/test_CONV_DAT_021434_20151208125808.out.bc
Exiting with return code: 1
Error encountered in the REL Driver: 1015
The following file was not found: /var/portal/pin_rel/prepaid/test_CONV_VAS_021430_20151208120037.out.bc
Exiting with return code: 1
Error encountered in the REL Driver: 1015
The following file was not found: /var/portal/pin_rel/prepaid/test_CONV_VAS_021482_20151209102836.out.bc
Exiting with return code: 1
Error encountered in the REL Driver: 1015
The following file was not found: /var/portal/pin_rel/prepaid/test_CONV_VAS_021484_20151209110445.out.bc
Exiting with return code: 1
Error encountered in the REL Driver: 1015
The following file was not found: /var/portal/pin_rel/prepaid/test_CONV_VAS_021483_20151209103239.out.bc
Exiting with return code: 1
Error encountered in the REL Driver: 1015
The following file was not found: /var/portal/pin_rel/prepaid/test_CONV_VAS_021480_20151209093239.out.bc
Exiting with return code: 1
Error encountered in the REL Driver: 1015
The following file was not found: /brmapp/portal/7.5/2d/apps/pin_rel/prepaid/test_VAP_023835_20160128113039.out.bc
Exiting with return code: 1
Error encountered in the REL Driver: 1015
The following file was not found: /brmapp/portal/7.5/2d/apps/pin_rel/prepaid/test_DAT_DAT_023594_20160122144103.out.bc
Exiting with return code: 1
Error encountered in the REL Driver: 1015
The following file was not found: /brmapp/portal/7.5/2d/apps/pin_rel/prepaid/test_VAP_023784_20160127151449.out.bc
Exiting with return code: 1
Error encountered in the REL Driver: 1015
The following file was not found: /brmapp/portal/7.5/2d/apps/pin_rel/prepaid/test_VAP_023781_20160127151040.out.bc
Exiting with return code: 1
Error encountered in the REL Driver: 1015
The following file was not found: /brmapp/portal/7.5/2d/apps/pin_rel/prepaid/test_TEL_TEL_023739_20160126120634.out.bc
Exiting with return code: 1
Error encountered in the REL Driver: 1015
The following file was not found: /brmapp/portal/7.5/2d/apps/pin_rel/prepaid/test_DAT_DAT_023598_20160122185600.out.bc
Exiting with return code: 1
Error encountered in the REL Driver: 1015
The following file was not found: /brmapp/portal/7.5/2d/apps/pin_rel/prepaid/test_VAP_023814_20160128010118.out.bc
Exiting with return code: 1
Error encountered in the REL Driver: 1015
The following file was not found: /brmapp/portal/7.5/2d/apps/pin_rel/prepaid/test_TEL_TEL_023853_20160128155116.out.bc
Exiting with return code: 1
Error encountered in the REL Driver: 1015
The following file was not found: /brmapp/portal/7.5/2d/apps/pin_rel/prepaid/test_VAP_023802_20160127171949.out.bc
Exiting with return code: 1
Error encountered in the REL Driver: 1015
The following file was not found: /brmapp/portal/7.5/2d/apps/pin_rel/prepaid/test_VAS_023693_20160125143032.out.bc
Exiting with return code: 1
Error encountered in the REL Driver: 1015
The following file was not found: /brmapp/portal/7.5/2d/apps/pin_rel/prepaid/test_VAS_023692_20160125143014.out.bc
Exiting with return code: 1
Error encountered in the REL Driver: 1015
The following file was not found: /brmapp/portal/7.5/2d/apps/pin_rel/prepaid/test_DAT_DAT_023579_20160122084053.out.bc
Exiting with return code: 1
Error encountered in the REL Driver: 1015
The following file was not found: /brmapp/portal/7.5/2d/apps/pin_rel/prepaid/test_TEL_TEL_023706_20160125182304.out.bc
Exiting with return code: 1
Error encountered in the REL Driver: 1015
The following file was not found: /brmapp/portal/7.5/2d/apps/pin_rel/prepaid/test_VAP_023792_20160127164413.out.bc
Exiting with return code: 1
Error encountered in the REL Driver: 1015
The following file was not found: /brmapp/portal/7.5/2d/apps/pin_rel/prepaid/test_VAS_023686_20160125132550.out.bc
Exiting with return code: 1
Error encountered in the REL Driver: 1015
The following file was not found: /brmapp/portal/7.5/2d/apps/pin_rel/prepaid/test_DAT_DAT_023599_20160122195600.out.bc
Exiting with return code: 1
Error encountered in the REL Driver: 1015
The following file was not found: /brmapp/portal/7.5/2d/apps/pin_rel/prepaid/test_VAP_023829_20160128110241.out.bc
Exiting with return code: 1
Error encountered in the REL Driver: 1015
The following file was not found: /brmapp/portal/7.5/2d/apps/pin_rel/prepaid/test_DAT_DAT_023596_20160122164128.out.bc
Exiting with return code: 1
Error encountered in the REL Driver: 1015
The following file was not found: /brmapp/portal/7.5/2d/apps/pin_rel/prepaid/test_TEL_TEL_023700_20160125154008.out.bc
Exiting with return code: 1
Error encountered in the REL Driver: 1015
The following file was not found: /brmapp/portal/7.5/2d/apps/pin_rel/prepaid/test_DAT_DAT_023583_20160122094101.out.bc
Exiting with return code: 1
Error encountered in the REL Driver: 1015
The following file was not found: /brmapp/portal/7.5/2d/apps/pin_rel/prepaid/test_VAP_023786_20160127153518.out.bc
Exiting with return code: 1
Error encountered in the REL Driver: 1015
The following file was not found: /brmapp/portal/7.5/2d/apps/pin_rel/prepaid/test_DAT_DAT_023588_20160122124438.out.bc
Exiting with return code: 1
Error encountered in the REL Driver: 1015
The following file was not found: /brmapp/portal/7.5/2d/apps/pin_rel/prepaid/test_VAS_023603_20160122221852.out.bc
Exiting with return code: 1
Error encountered in the REL Driver: 1015
The following file was not found: /brmapp/portal/7.5/2d/apps/pin_rel/prepaid/test_VAS_048724_20160708090537.out.bc
Exiting with return code: 1
Error encountered in the REL Driver: 1015
The following file was not found: /brmapp/portal/7.5/2d/apps/pin_rel/prepaid/test_VAP_048724_20160708090537.out.bc
Exiting with return code: 1
Error encountered in the REL Driver: 1015
The following file was not found: /brmapp/portal/7.5/2d/apps/pin_rel/prepaid/test_VAS_048728_20160708100538.out.bc
Exiting with return code: 1
Error encountered in the REL Driver: 1015
The following file was not found: /brmapp/portal/7.5/2d/apps/pin_rel/prepaid/test_VAP_048734_20160708185038.out.bc
Exiting with return code: 1
Error encountered in the REL Driver: 1015
The following file was not found: /brmapp/portal/7.5/2d/apps/pin_rel/prepaid/test_VAS_048730_20160708112039.out.bc
Exiting with return code: 1
Error encountered in the REL Driver: 1015
The following file was not found: /brmapp/portal/7.5/2d/apps/pin_rel/prepaid/test_VAP_048735_20160709000538.out.bc
Exiting with return code: 1
Error encountered in the REL Driver: 1015
The following file was not found: /brmapp/portal/7.5/2d/apps/pin_rel/prepaid/test_DAT_DAT_052322_20170515152008.out.bc
Exiting with return code: 1
Error encountered in the REL Driver: 1015
The following file was not found: /brmapp/portal/7.5/2d/apps/pin_rel/prepaid/test_DAT_DAT_052325_20170515155506.out.bc
Exiting with return code: 1
Error encountered in the REL Driver: 1015
The following file was not found: /brmapp/portal/7.5/2d/apps/pin_rel/prepaid/test_TEL_TEL_052434_20170516122007.out.bc
Exiting with return code: 1
Error encountered in the REL Driver: 1015
The following file was not found: /brmapp/portal/7.5/2d/apps/pin_rel/prepaid/test_TEL_TEL_052435_20170516122509.out.bc
Exiting with return code: 1
Error encountered in the REL Driver: 1015
The following file was not found: /brmapp/portal/7.5/2d/apps/pin_rel/prepaid/test_VAP_052438_20170516152507.out.bc
Exiting with return code: 1
Error encountered in the REL Driver: 1015
The following file was not found: /brmapp/portal/7.5/2d/apps/pin_rel/prepaid/test_VAP_052439_20170517000507.out.bc
Exiting with return code: 1
Error encountered in the REL Driver: 1015
The following file was not found: /brmapp/portal/7.5/2d/apps/pin_rel/prepaid/test_DAT_DAT_052444_20170517092508.out.bc
Exiting with return code: 1
Error encountered in the REL Driver: 1015
The following file was not found: /brmapp/portal/7.5/2d/apps/pin_rel/prepaid/test_TEL_TEL_052445_20170517093006.out.bc
Exiting with return code: 1
Error encountered in the REL Driver: 1015
The following file was not found: /brmapp/portal/7.5/2d/apps/pin_rel/prepaid/test_SMS_SMS_052445_20170517093006.out.bc
Exiting with return code: 1
Error encountered in the REL Driver: 1015
The following file was not found: /brmapp/portal/7.5/2d/apps/pin_rel/prepaid/test_VAP_052458_20170519114007.out.bc
Exiting with return code: 1
Error encountered in the REL Driver: 1015
The following file was not found: /brmapp/portal/7.5/2d/apps/pin_rel/prepaid/test_VAP_052464_20170521001011.out.bc
Exiting with return code: 1
Error encountered in the REL Driver: 1015
The following file was not found: /brmapp/portal/7.5/2d/apps/pin_rel/prepaid/test_DAT_DAT_052436_20170516123008.out.bc
Exiting with return code: 1
Error encountered in the REL Driver: 1015
The following file was not found: /brmapp/portal/7.5/2d/apps/pin_rel/prepaid/test_TEL_TEL_052217_20170515140008.out.bc
Exiting with return code: 1
Error encountered in the REL Driver: 1015
The following file was not found: /brmapp/portal/7.5/2d/apps/pin_rel/prepaid/test_VAS_052217_20170515140008.out.bc
Exiting with return code: 1
Error encountered in the REL Driver: 1015
The following file was not found: /brmapp/portal/7.5/2d/apps/pin_rel/prepaid/test_VAP_052326_20170515190508.out.bc
Exiting with return code: 1
Error encountered in the REL Driver: 1015
The following file was not found: /brmapp/portal/7.5/2d/apps/pin_rel/prepaid/test_VAP_052327_20170516000506.out.bc
Exiting with return code: 1
Error encountered in the REL Driver: 1015
The following file was not found: /brmapp/portal/7.5/2d/apps/pin_rel/prepaid/test_VAP_052433_20170516095006.out.bc
Exiting with return code: 1
Error encountered in the REL Driver: 1015
The following file was not found: /brmapp/portal/7.5/2d/apps/pin_rel/prepaid/test_VAP_052460_20170519154008.out.bc
Exiting with return code: 1
Error encountered in the REL Driver: 1015
The following file was not found: /brmapp/portal/7.5/2d/apps/pin_rel/prepaid/test_VAP_052450_20170517173008.out.bc
Exiting with return code: 1
Error encountered in the REL Driver: 1015
The following file was not found: /brmapp/portal/7.5/2d/apps/pin_rel/prepaid/test_TEL_TEL_053259_20170616164505.out.bc
Exiting with return code: 1
Error encountered in the REL Driver: 1015
The following file was not found: /brmapp/portal/7.5/2d/apps/pin_rel/prepaid/test_VAP_053413_20170621114008.out.bc
Exiting with return code: 1
Error encountered in the REL Driver: 1015
The following file was not found: /brmapp/portal/7.5/2d/apps/pin_rel/prepaid/test_DAT_DAT_053421_20170621153503.out.bc
Exiting with return code: 1
Error encountered in the REL Driver: 1015
The following file was not found: /brmapp/portal/7.5/2d/apps/pin_rel/prepaid/test_TEL_TEL_053449_20170621173506.out.bc
Exiting with return code: 1
Error encountered in the REL Driver: 1015
The following file was not found: /brmapp/portal/7.5/2d/apps/pin_rel/prepaid/test_VAP_053412_20170621113506.out.bc
Exiting with return code: 1
Error encountered in the REL Driver: 1015
The following file was not found: /brmapp/portal/7.5/2d/apps/pin_rel/prepaid/test_TEL_TEL_053442_20170621165505.out.bc
Exiting with return code: 1
Error encountered in the REL Driver: 1015
The following file was not found: /brmapp/portal/7.5/2d/apps/pin_rel/prepaid/test_TEL_TEL_053446_20170621172005.out.bc
Exiting with return code: 1
Error encountered in the REL Driver: 1015
The following file was not found: /brmapp/portal/7.5/2d/apps/pin_rel/prepaid/test_TEL_TEL_053450_20170621181005.out.bc
Exiting with return code: 1
Error encountered in the REL Driver: 1015
The following file was not found: /brmapp/portal/7.5/2d/apps/pin_rel/prepaid/test_SMS_SMS_053452_20170621181506.out.bc
Exiting with return code: 1
Error encountered in the REL Driver: 1015
The following file was not found: /brmapp/portal/7.5/2d/apps/pin_rel/prepaid/test_TEL_TEL_053441_20170621165006.out.bc
Exiting with return code: 1
Error encountered in the REL Driver: 1015
The following file was not found: /brmapp/portal/7.5/2d/apps/pin_rel/prepaid/test_TEL_TEL_053421_20170621153503.out.bc
Exiting with return code: 1
Error encountered in the REL Driver: 1015
The following file was not found: /brmapp/portal/7.5/2d/apps/pin_rel/prepaid/test_VAP_053425_20170621154504.out.bc
Exiting with return code: 1
Error encountered in the REL Driver: 1015
The following file was not found: /brmapp/portal/7.5/2d/apps/pin_rel/prepaid/test_DAT_DAT_053426_20170621155006.out.bc
Exiting with return code: 1
Error encountered in the REL Driver: 1015
The following file was not found: /brmapp/portal/7.5/2d/apps/pin_rel/prepaid/test_TEL_TEL_053429_20170621160503.out.bc
Exiting with return code: 1
Error encountered in the REL Driver: 1015
The following file was not found: /brmapp/portal/7.5/2d/apps/pin_rel/prepaid/test_TEL_TEL_053430_20170621161006.out.bc
Exiting with return code: 1
Error encountered in the REL Driver: 1015
The following file was not found: /brmapp/portal/7.5/2d/apps/pin_rel/prepaid/test_TEL_TEL_053436_20170621163505.out.bc
Exiting with return code: 1
Error encountered in the REL Driver: 1015
The following file was not found: /brmapp/portal/7.5/2d/apps/pin_rel/prepaid/test_TEL_TEL_053443_20170621170007.out.bc
Exiting with return code: 1
Error encountered in the REL Driver: 1015
The following file was not found: /brmapp/portal/7.5/2d/apps/pin_rel/prepaid/test_TEL_TEL_053444_20170621170506.out.bc
Exiting with return code: 1
Error encountered in the REL Driver: 1015
The following file was not found: /brmapp/portal/7.5/2d/apps/pin_rel/prepaid/test_SMS_SMS_053262_20170616165004.out.bc
Exiting with return code: 1
Error encountered in the REL Driver: 1015
The following file was not found: /brmapp/portal/7.5/2d/apps/pin_rel/prepaid/test_SMS_SMS_053417_20170621140506.out.bc
Exiting with return code: 1
Error encountered in the REL Driver: 1015
The following file was not found: /brmapp/portal/7.5/2d/apps/pin_rel/prepaid/test_VAP_053426_20170621155006.out.bc
Exiting with return code: 1
Error encountered in the REL Driver: 1015
The following file was not found: /brmapp/portal/7.5/2d/apps/pin_rel/prepaid/test_TEL_TEL_053437_20170621164006.out.bc
Exiting with return code: 1
Error encountered in the REL Driver: 1015
The following file was not found: /brmapp/portal/7.5/2d/apps/pin_rel/prepaid/test_TEL_TEL_053452_20170621181506.out.bc
Exiting with return code: 1
Error encountered in the REL Driver: 1015
The following file was not found: /brmapp/portal/7.5/2d/apps/pin_rel/prepaid/test_SMS_SMS_053414_20170621115504.out.bc
Exiting with return code: 1
Error encountered in the REL Driver: 1015
The following file was not found: /brmapp/portal/7.5/2d/apps/pin_rel/prepaid/test_TEL_TEL_053440_20170621164506.out.bc
Exiting with return code: 1
Error encountered in the REL Driver: 1015
The following file was not found: /brmapp/portal/7.5/2d/apps/pin_rel/prepaid/test_SMS_SMS_053418_20170621141006.out.bc
Exiting with return code: 1
Error encountered in the REL Driver: 1015
The following file was not found: /brmapp/portal/7.5/2d/apps/pin_rel/prepaid/test_DAT_DAT_053262_20170616165004.out.bc
Exiting with return code: 1
Error encountered in the REL Driver: 1015
The following file was not found: /brmapp/portal/7.5/2d/apps/pin_rel/prepaid/test_TEL_TEL_053262_20170616165004.out.bc
Exiting with return code: 1
Error encountered in the REL Driver: 1015
The following file was not found: /brmapp/portal/7.5/2d/apps/pin_rel/prepaid/test_TEL_TEL_053381_20170620145005.out.bc
Exiting with return code: 1
Error encountered in the REL Driver: 1015
The following file was not found: /brmapp/portal/7.5/2d/apps/pin_rel/prepaid/test_TEL_TEL_053432_20170621162006.out.bc
Exiting with return code: 1
Error encountered in the REL Driver: 1015
The following file was not found: /brmapp/portal/7.5/2d/apps/pin_rel/prepaid/test_VAP_053460_20170622000506.out.bc
Exiting with return code: 1
Error encountered in the REL Driver: 1015
The following file was not found: /brmapp/portal/7.5/2d/apps/pin_rel/prepaid/test_VAP_053424_20170621154005.out.bc
Exiting with return code: 1
Error encountered in the REL Driver: 1029
The file has previously completed successfully so it will not be loaded again: /brmapp/portal/7.5/2d/apps/pin_rel/prepaid/test_VAS_022265_20151224143029.out.bc
Exiting with return code: 1
Error encountered in the REL Driver: 1029
The file has previously completed successfully so it will not be loaded again: /brmapp/portal/7.5/2d/apps/pin_rel/prepaid/test_VAP_022328_20151227010209.out.bc
Exiting with return code: 1
Error encountered in the REL Driver: 1029
The file has previously completed successfully so it will not be loaded again: /brmapp/portal/7.5/2d/apps/pin_rel/prepaid/test_VAP_022339_20151228010324.out.bc
Exiting with return code: 1
Error encountered in the REL Driver: 1029
The file has previously completed successfully so it will not be loaded again: /brmapp/portal/7.5/2d/apps/pin_rel/prepaid/test_VAP_022320_20151226010152.out.bc
Exiting with return code: 1
Error encountered in the REL Driver: 1029
The file has previously completed successfully so it will not be loaded again: /brmapp/portal/7.5/2d/apps/pin_rel/prepaid/test_VAS_022321_20151226021849.out.bc
Exiting with return code: 1
Error encountered in the REL Driver: 1029
The file has previously completed successfully so it will not be loaded again: /brmapp/portal/7.5/2d/apps/pin_rel/prepaid/test_VAS_022261_20151224141442.out.bc
Exiting with return code: 1
Error encountered in the REL Driver: 1029
The file has previously completed successfully so it will not be loaded again: /brmapp/portal/7.5/2d/apps/pin_rel/prepaid/test_VAS_022341_20151228090035.out.bc
Exiting with return code: 1
Error encountered in the REL Driver: 1029
The file has previously completed successfully so it will not be loaded again: /brmapp/portal/7.5/2d/apps/pin_rel/prepaid/test_VAS_022264_20151224142257.out.bc
Exiting with return code: 1
Error encountered in the REL Driver: 1029
The file has previously completed successfully so it will not be loaded again: /brmapp/portal/7.5/2d/apps/pin_rel/prepaid/test_VAS_022330_20151227151128.out.bc
Exiting with return code: 1
Error encountered in the REL Driver: 1029
The file has previously completed successfully so it will not be loaded again: /brmapp/portal/7.5/2d/apps/pin_rel/prepaid/test_VAS_022262_20151224142047.out.bc
Exiting with return code: 1
Error encountered in the REL Driver: 1029
The file has previously completed successfully so it will not be loaded again: /brmapp/portal/7.5/2d/apps/pin_rel/prepaid/test_VAS_022260_20151224141053.out.bc
Exiting with return code: 1
Error encountered in the REL Driver: 1029
The file has previously completed successfully so it will not be loaded again: /brmapp/portal/7.5/2d/apps/pin_rel/prepaid/test_VAS_022259_20151224133450.out.bc
Exiting with return code: 1
Error encountered in the REL Driver: 1029
The file has previously completed successfully so it will not be loaded again: /brmapp/portal/7.5/2d/apps/pin_rel/prepaid/test_VAP_022319_20151226010120.out.bc
Exiting with return code: 1
Error encountered in the REL Driver: 1029
The file has previously completed successfully so it will not be loaded again: /brmapp/portal/7.5/2d/apps/pin_rel/prepaid/test_VAS_022342_20151228090105.out.bc
Exiting with return code: 1
Error encountered in the REL Driver: 1029
The file has previously completed successfully so it will not be loaded again: /brmapp/portal/7.5/2d/apps/pin_rel/prepaid/test_VAS_022223_20151224113233.out.bc
Exiting with return code: 1
Error encountered in the REL Driver: 1029
The file has previously completed successfully so it will not be loaded again: /brmapp/portal/7.5/2d/apps/pin_rel/prepaid/test_VAS_022263_20151224142244.out.bc
Exiting with return code: 1
Error encountered in the REL Driver: 1015
The following file was not found: /var/portal/pin_rel/prepaid/test_CONV_VAS_021544_20151210113115.out.bc
Exiting with return code: 1
Error encountered in the REL Driver: 1015
The following file was not found: /var/portal/pin_rel/prepaid/test_CONV_VAS_021549_20151210113908.out.bc
Exiting with return code: 1
Error encountered in the REL Driver: 1015
The following file was not found: /var/portal/pin_rel/prepaid/test_CONV_VAS_021562_20151210201725.out.bc
Exiting with return code: 1
Error encountered in the REL Driver: 1015
The following file was not found: /var/portal/pin_rel/prepaid/test_CONV_DAT_021561_20151210173250.out.bc
Exiting with return code: 1
Error encountered in the REL Driver: 1015
The following file was not found: /var/portal/pin_rel/prepaid/test_CONV_VAP_021568_20151211010319.out.bc
Exiting with return code: 1
Error encountered in the REL Driver: 1015
The following file was not found: /var/portal/pin_rel/prepaid/test_CONV_DAT_021558_20151210133227.out.bc
Exiting with return code: 1
Error encountered in the REL Driver: 1015
The following file was not found: /var/portal/pin_rel/prepaid/test_CONV_VAS_021547_20151210113828.out.bc
Exiting with return code: 1
Error encountered in the REL Driver: 1015
The following file was not found: /var/portal/pin_rel/prepaid/test_CONV_DAT_021559_20151210161058.out.bc
Exiting with return code: 1
Error encountered in the REL Driver: 1015
The following file was not found: /var/portal/pin_rel/prepaid/test_CONV_VAS_021548_20151210113859.out.bc
Exiting with return code: 1
Error encountered in the REL Driver: 1015
The following file was not found: /var/portal/pin_rel/prepaid/test_CONV_VAP_021565_20151211000540.out.bc
Exiting with return code: 1
Error encountered in the REL Driver: 1015
The following file was not found: /var/portal/pin_rel/prepaid/test_CONV_DAT_021551_20151210115334.out.bc
Exiting with return code: 1
Error encountered in the REL Driver: 1015
The following file was not found: /var/portal/pin_rel/prepaid/test_CONV_DAT_021553_20151210123128.out.bc
Exiting with return code: 1
Error encountered in the REL Driver: 1015
The following file was not found: /var/portal/pin_rel/prepaid/test_CONV_VAS_021543_20151210113106.out.bc
Exiting with return code: 1
Error encountered in the REL Driver: 1015
The following file was not found: /var/portal/pin_rel/prepaid/test_CONV_VAP_021567_20151211010249.out.bc
Exiting with return code: 1
Error encountered in the REL Driver: 1015
The following file was not found: /var/portal/pin_rel/prepaid/test_CONV_DAT_021571_20151211103708.out.bc
Exiting with return code: 1
Error encountered in the REL Driver: 1015
The following file was not found: /var/portal/pin_rel/prepaid/test_CONV_VAS_021550_20151210114127.out.bc
Exiting with return code: 1
Error encountered in the REL Driver: 1015
The following file was not found: /var/portal/pin_rel/prepaid/test_CONV_VAS_021545_20151210113247.out.bc
Exiting with return code: 1
Error encountered in the REL Driver: 1015
The following file was not found: /var/portal/pin_rel/prepaid/test_CONV_DAT_021402_20151207195930.out.bc
Exiting with return code: 1
Error encountered in the REL Driver: 1015
The following file was not found: /var/portal/pin_rel/prepaid/test_CONV_VAP_021389_20151207135805.out.bc
Exiting with return code: 1
Error encountered in the REL Driver: 1015
The following file was not found: /var/portal/pin_rel/prepaid/test_CONV_TEL_021423_20151208110351.out.bc
Exiting with return code: 1
Error encountered in the REL Driver: 1015
The following file was not found: /var/portal/pin_rel/prepaid/test_CONV_VAS_021418_20151208100027.out.bc
Exiting with return code: 1
Error encountered in the REL Driver: 1015
The following file was not found: /var/portal/pin_rel/prepaid/test_CONV_DAT_021429_20151208115735.out.bc
Exiting with return code: 1
Error encountered in the REL Driver: 1015
The following file was not found: /var/portal/pin_rel/prepaid/test_CONV_DAT_021450_20151208145904.out.bc
Exiting with return code: 1
Error encountered in the REL Driver: 1015
The following file was not found: /var/portal/pin_rel/prepaid/test_CONV_VAS_021454_20151208164449.out.bc
Exiting with return code: 1
Error encountered in the REL Driver: 1015
The following file was not found: /var/portal/pin_rel/prepaid/test_CONV_DAT_021434_20151208125808.out.bc
Exiting with return code: 1
Error encountered in the REL Driver: 1015
The following file was not found: /var/portal/pin_rel/prepaid/test_CONV_VAS_021430_20151208120037.out.bc
Exiting with return code: 1
Error encountered in the REL Driver: 1015
The following file was not found: /var/portal/pin_rel/prepaid/test_CONV_VAS_021482_20151209102836.out.bc
Exiting with return code: 1
Error encountered in the REL Driver: 1015
The following file was not found: /var/portal/pin_rel/prepaid/test_CONV_VAS_021484_20151209110445.out.bc
Exiting with return code: 1
Error encountered in the REL Driver: 1015
The following file was not found: /var/portal/pin_rel/prepaid/test_CONV_VAS_021483_20151209103239.out.bc
Exiting with return code: 1
Error encountered in the REL Driver: 1015
The following file was not found: /var/portal/pin_rel/prepaid/test_CONV_VAS_021480_20151209093239.out.bc
Exiting with return code: 1
Error encountered in the REL Driver: 1015
The following file was not found: /brmapp/portal/7.5/2d/apps/pin_rel/prepaid/test_VAP_023835_20160128113039.out.bc
Exiting with return code: 1
Error encountered in the REL Driver: 1015
The following file was not found: /brmapp/portal/7.5/2d/apps/pin_rel/prepaid/test_DAT_DAT_023594_20160122144103.out.bc
Exiting with return code: 1
Error encountered in the REL Driver: 1015
The following file was not found: /brmapp/portal/7.5/2d/apps/pin_rel/prepaid/test_VAP_023784_20160127151449.out.bc
Exiting with return code: 1
Error encountered in the REL Driver: 1015
The following file was not found: /brmapp/portal/7.5/2d/apps/pin_rel/prepaid/test_VAP_023781_20160127151040.out.bc
Exiting with return code: 1
Error encountered in the REL Driver: 1015
The following file was not found: /brmapp/portal/7.5/2d/apps/pin_rel/prepaid/test_TEL_TEL_023739_20160126120634.out.bc
Exiting with return code: 1
Error encountered in the REL Driver: 1015
The following file was not found: /brmapp/portal/7.5/2d/apps/pin_rel/prepaid/test_DAT_DAT_023598_20160122185600.out.bc
Exiting with return code: 1
Error encountered in the REL Driver: 1015
The following file was not found: /brmapp/portal/7.5/2d/apps/pin_rel/prepaid/test_VAP_023814_20160128010118.out.bc
Exiting with return code: 1
Error encountered in the REL Driver: 1015
The following file was not found: /brmapp/portal/7.5/2d/apps/pin_rel/prepaid/test_TEL_TEL_023853_20160128155116.out.bc
Exiting with return code: 1
Error encountered in the REL Driver: 1015
The following file was not found: /brmapp/portal/7.5/2d/apps/pin_rel/prepaid/test_VAP_023802_20160127171949.out.bc
Exiting with return code: 1
Error encountered in the REL Driver: 1015
The following file was not found: /brmapp/portal/7.5/2d/apps/pin_rel/prepaid/test_VAS_023693_20160125143032.out.bc
Exiting with return code: 1
Error encountered in the REL Driver: 1015
The following file was not found: /brmapp/portal/7.5/2d/apps/pin_rel/prepaid/test_VAS_023692_20160125143014.out.bc
Exiting with return code: 1
Error encountered in the REL Driver: 1015
The following file was not found: /brmapp/portal/7.5/2d/apps/pin_rel/prepaid/test_DAT_DAT_023579_20160122084053.out.bc
Exiting with return code: 1
Error encountered in the REL Driver: 1015
The following file was not found: /brmapp/portal/7.5/2d/apps/pin_rel/prepaid/test_TEL_TEL_023706_20160125182304.out.bc
Exiting with return code: 1
Error encountered in the REL Driver: 1015
The following file was not found: /brmapp/portal/7.5/2d/apps/pin_rel/prepaid/test_VAP_023792_20160127164413.out.bc
Exiting with return code: 1
Error encountered in the REL Driver: 1015
The following file was not found: /brmapp/portal/7.5/2d/apps/pin_rel/prepaid/test_VAS_023686_20160125132550.out.bc
Exiting with return code: 1
Error encountered in the REL Driver: 1015
The following file was not found: /brmapp/portal/7.5/2d/apps/pin_rel/prepaid/test_DAT_DAT_023599_20160122195600.out.bc
Exiting with return code: 1
Error encountered in the REL Driver: 1015
The following file was not found: /brmapp/portal/7.5/2d/apps/pin_rel/prepaid/test_VAP_023829_20160128110241.out.bc
Exiting with return code: 1
Error encountered in the REL Driver: 1015
The following file was not found: /brmapp/portal/7.5/2d/apps/pin_rel/prepaid/test_DAT_DAT_023596_20160122164128.out.bc
Exiting with return code: 1
Error encountered in the REL Driver: 1015
The following file was not found: /brmapp/portal/7.5/2d/apps/pin_rel/prepaid/test_TEL_TEL_023700_20160125154008.out.bc
Exiting with return code: 1
Error encountered in the REL Driver: 1015
The following file was not found: /brmapp/portal/7.5/2d/apps/pin_rel/prepaid/test_DAT_DAT_023583_20160122094101.out.bc
Exiting with return code: 1
Error encountered in the REL Driver: 1015
The following file was not found: /brmapp/portal/7.5/2d/apps/pin_rel/prepaid/test_VAP_023786_20160127153518.out.bc
Exiting with return code: 1
Error encountered in the REL Driver: 1015
The following file was not found: /brmapp/portal/7.5/2d/apps/pin_rel/prepaid/test_DAT_DAT_023588_20160122124438.out.bc
Exiting with return code: 1
Error encountered in the REL Driver: 1015
The following file was not found: /brmapp/portal/7.5/2d/apps/pin_rel/prepaid/test_VAS_023603_20160122221852.out.bc
Exiting with return code: 1
Error encountered in the REL Driver: 1015
The following file was not found: /brmapp/portal/7.5/2d/apps/pin_rel/prepaid/test_VAS_048724_20160708090537.out.bc
Exiting with return code: 1
Error encountered in the REL Driver: 1015
The following file was not found: /brmapp/portal/7.5/2d/apps/pin_rel/prepaid/test_VAP_048724_20160708090537.out.bc
Exiting with return code: 1
Error encountered in the REL Driver: 1015
The following file was not found: /brmapp/portal/7.5/2d/apps/pin_rel/prepaid/test_VAS_048728_20160708100538.out.bc
Exiting with return code: 1
Error encountered in the REL Driver: 1015
The following file was not found: /brmapp/portal/7.5/2d/apps/pin_rel/prepaid/test_VAP_048734_20160708185038.out.bc
Exiting with return code: 1
Error encountered in the REL Driver: 1015
The following file was not found: /brmapp/portal/7.5/2d/apps/pin_rel/prepaid/test_VAS_048730_20160708112039.out.bc
Exiting with return code: 1
Error encountered in the REL Driver: 1015
The following file was not found: /brmapp/portal/7.5/2d/apps/pin_rel/prepaid/test_VAP_048735_20160709000538.out.bc
Exiting with return code: 1
Error encountered in the REL Driver: 1015
The following file was not found: /brmapp/portal/7.5/2d/apps/pin_rel/prepaid/test_DAT_DAT_052322_20170515152008.out.bc
Exiting with return code: 1
Error encountered in the REL Driver: 1015
The following file was not found: /brmapp/portal/7.5/2d/apps/pin_rel/prepaid/test_DAT_DAT_052325_20170515155506.out.bc
Exiting with return code: 1
Error encountered in the REL Driver: 1015
The following file was not found: /brmapp/portal/7.5/2d/apps/pin_rel/prepaid/test_TEL_TEL_052434_20170516122007.out.bc
Exiting with return code: 1
Error encountered in the REL Driver: 1015
The following file was not found: /brmapp/portal/7.5/2d/apps/pin_rel/prepaid/test_TEL_TEL_052435_20170516122509.out.bc
Exiting with return code: 1
Error encountered in the REL Driver: 1015
The following file was not found: /brmapp/portal/7.5/2d/apps/pin_rel/prepaid/test_VAP_052438_20170516152507.out.bc
Exiting with return code: 1
Error encountered in the REL Driver: 1015
The following file was not found: /brmapp/portal/7.5/2d/apps/pin_rel/prepaid/test_VAP_052439_20170517000507.out.bc
Exiting with return code: 1
Error encountered in the REL Driver: 1015
The following file was not found: /brmapp/portal/7.5/2d/apps/pin_rel/prepaid/test_DAT_DAT_052444_20170517092508.out.bc
Exiting with return code: 1
Error encountered in the REL Driver: 1015
The following file was not found: /brmapp/portal/7.5/2d/apps/pin_rel/prepaid/test_TEL_TEL_052445_20170517093006.out.bc
Exiting with return code: 1
Error encountered in the REL Driver: 1015
The following file was not found: /brmapp/portal/7.5/2d/apps/pin_rel/prepaid/test_SMS_SMS_052445_20170517093006.out.bc
Exiting with return code: 1
Error encountered in the REL Driver: 1015
The following file was not found: /brmapp/portal/7.5/2d/apps/pin_rel/prepaid/test_VAP_052458_20170519114007.out.bc
Exiting with return code: 1
Error encountered in the REL Driver: 1015
The following file was not found: /brmapp/portal/7.5/2d/apps/pin_rel/prepaid/test_VAP_052464_20170521001011.out.bc
Exiting with return code: 1
Error encountered in the REL Driver: 1015
The following file was not found: /brmapp/portal/7.5/2d/apps/pin_rel/prepaid/test_DAT_DAT_052436_20170516123008.out.bc
Exiting with return code: 1
Error encountered in the REL Driver: 1015
The following file was not found: /brmapp/portal/7.5/2d/apps/pin_rel/prepaid/test_TEL_TEL_052217_20170515140008.out.bc
Exiting with return code: 1
Error encountered in the REL Driver: 1015
The following file was not found: /brmapp/portal/7.5/2d/apps/pin_rel/prepaid/test_VAS_052217_20170515140008.out.bc
Exiting with return code: 1
Error encountered in the REL Driver: 1015
The following file was not found: /brmapp/portal/7.5/2d/apps/pin_rel/prepaid/test_VAP_052326_20170515190508.out.bc
Exiting with return code: 1
Error encountered in the REL Driver: 1015
The following file was not found: /brmapp/portal/7.5/2d/apps/pin_rel/prepaid/test_VAP_052327_20170516000506.out.bc
Exiting with return code: 1
Error encountered in the REL Driver: 1015
The following file was not found: /brmapp/portal/7.5/2d/apps/pin_rel/prepaid/test_VAP_052433_20170516095006.out.bc
Exiting with return code: 1
Error encountered in the REL Driver: 1015
The following file was not found: /brmapp/portal/7.5/2d/apps/pin_rel/prepaid/test_VAP_052460_20170519154008.out.bc
Exiting with return code: 1
Error encountered in the REL Driver: 1015
The following file was not found: /brmapp/portal/7.5/2d/apps/pin_rel/prepaid/test_VAP_052450_20170517173008.out.bc
Exiting with return code: 1
Error encountered in the REL Driver: 1015
The following file was not found: /brmapp/portal/7.5/2d/apps/pin_rel/prepaid/test_TEL_TEL_053259_20170616164505.out.bc
Exiting with return code: 1
Error encountered in the REL Driver: 1015
The following file was not found: /brmapp/portal/7.5/2d/apps/pin_rel/prepaid/test_VAP_053413_20170621114008.out.bc
Exiting with return code: 1
Error encountered in the REL Driver: 1015
The following file was not found: /brmapp/portal/7.5/2d/apps/pin_rel/prepaid/test_DAT_DAT_053421_20170621153503.out.bc
Exiting with return code: 1
Error encountered in the REL Driver: 1015
The following file was not found: /brmapp/portal/7.5/2d/apps/pin_rel/prepaid/test_TEL_TEL_053449_20170621173506.out.bc
Exiting with return code: 1
Error encountered in the REL Driver: 1015
The following file was not found: /brmapp/portal/7.5/2d/apps/pin_rel/prepaid/test_VAP_053412_20170621113506.out.bc
Exiting with return code: 1
Error encountered in the REL Driver: 1015
The following file was not found: /brmapp/portal/7.5/2d/apps/pin_rel/prepaid/test_TEL_TEL_053442_20170621165505.out.bc
Exiting with return code: 1
Error encountered in the REL Driver: 1015
The following file was not found: /brmapp/portal/7.5/2d/apps/pin_rel/prepaid/test_TEL_TEL_053446_20170621172005.out.bc
Exiting with return code: 1
Error encountered in the REL Driver: 1015
The following file was not found: /brmapp/portal/7.5/2d/apps/pin_rel/prepaid/test_TEL_TEL_053450_20170621181005.out.bc
Exiting with return code: 1
Error encountered in the REL Driver: 1015
The following file was not found: /brmapp/portal/7.5/2d/apps/pin_rel/prepaid/test_SMS_SMS_053452_20170621181506.out.bc
Exiting with return code: 1
Error encountered in the REL Driver: 1015
The following file was not found: /brmapp/portal/7.5/2d/apps/pin_rel/prepaid/test_TEL_TEL_053441_20170621165006.out.bc
Exiting with return code: 1
Error encountered in the REL Driver: 1015
The following file was not found: /brmapp/portal/7.5/2d/apps/pin_rel/prepaid/test_TEL_TEL_053421_20170621153503.out.bc
Exiting with return code: 1
Error encountered in the REL Driver: 1015
The following file was not found: /brmapp/portal/7.5/2d/apps/pin_rel/prepaid/test_VAP_053425_20170621154504.out.bc
Exiting with return code: 1
Error encountered in the REL Driver: 1015
The following file was not found: /brmapp/portal/7.5/2d/apps/pin_rel/prepaid/test_DAT_DAT_053426_20170621155006.out.bc
Exiting with return code: 1
Error encountered in the REL Driver: 1015
The following file was not found: /brmapp/portal/7.5/2d/apps/pin_rel/prepaid/test_TEL_TEL_053429_20170621160503.out.bc
Exiting with return code: 1
Error encountered in the REL Driver: 1015
The following file was not found: /brmapp/portal/7.5/2d/apps/pin_rel/prepaid/test_TEL_TEL_053430_20170621161006.out.bc
Exiting with return code: 1
Error encountered in the REL Driver: 1015
The following file was not found: /brmapp/portal/7.5/2d/apps/pin_rel/prepaid/test_TEL_TEL_053436_20170621163505.out.bc
Exiting with return code: 1
Error encountered in the REL Driver: 1015
The following file was not found: /brmapp/portal/7.5/2d/apps/pin_rel/prepaid/test_TEL_TEL_053443_20170621170007.out.bc
Exiting with return code: 1
Error encountered in the REL Driver: 1015
The following file was not found: /brmapp/portal/7.5/2d/apps/pin_rel/prepaid/test_TEL_TEL_053444_20170621170506.out.bc
Exiting with return code: 1
Error encountered in the REL Driver: 1015
The following file was not found: /brmapp/portal/7.5/2d/apps/pin_rel/prepaid/test_SMS_SMS_053262_20170616165004.out.bc
Exiting with return code: 1
Error encountered in the REL Driver: 1015
The following file was not found: /brmapp/portal/7.5/2d/apps/pin_rel/prepaid/test_SMS_SMS_053417_20170621140506.out.bc
Exiting with return code: 1
Error encountered in the REL Driver: 1015
The following file was not found: /brmapp/portal/7.5/2d/apps/pin_rel/prepaid/test_VAP_053426_20170621155006.out.bc
Exiting with return code: 1
Error encountered in the REL Driver: 1015
The following file was not found: /brmapp/portal/7.5/2d/apps/pin_rel/prepaid/test_TEL_TEL_053437_20170621164006.out.bc
Exiting with return code: 1
Error encountered in the REL Driver: 1015
The following file was not found: /brmapp/portal/7.5/2d/apps/pin_rel/prepaid/test_TEL_TEL_053452_20170621181506.out.bc
Exiting with return code: 1
Error encountered in the REL Driver: 1015
The following file was not found: /brmapp/portal/7.5/2d/apps/pin_rel/prepaid/test_SMS_SMS_053414_20170621115504.out.bc
Exiting with return code: 1
Error encountered in the REL Driver: 1015
The following file was not found: /brmapp/portal/7.5/2d/apps/pin_rel/prepaid/test_TEL_TEL_053440_20170621164506.out.bc
Exiting with return code: 1
Error encountered in the REL Driver: 1015
The following file was not found: /brmapp/portal/7.5/2d/apps/pin_rel/prepaid/test_SMS_SMS_053418_20170621141006.out.bc
Exiting with return code: 1
Error encountered in the REL Driver: 1015
The following file was not found: /brmapp/portal/7.5/2d/apps/pin_rel/prepaid/test_DAT_DAT_053262_20170616165004.out.bc
Exiting with return code: 1
Error encountered in the REL Driver: 1015
The following file was not found: /brmapp/portal/7.5/2d/apps/pin_rel/prepaid/test_TEL_TEL_053262_20170616165004.out.bc
Exiting with return code: 1
Error encountered in the REL Driver: 1015
The following file was not found: /brmapp/portal/7.5/2d/apps/pin_rel/prepaid/test_TEL_TEL_053381_20170620145005.out.bc
Exiting with return code: 1
Error encountered in the REL Driver: 1015
The following file was not found: /brmapp/portal/7.5/2d/apps/pin_rel/prepaid/test_TEL_TEL_053432_20170621162006.out.bc
Exiting with return code: 1
Error encountered in the REL Driver: 1015
The following file was not found: /brmapp/portal/7.5/2d/apps/pin_rel/prepaid/test_VAP_053460_20170622000506.out.bc
Exiting with return code: 1
Error encountered in the REL Driver: 1015
The following file was not found: /brmapp/portal/7.5/2d/apps/pin_rel/prepaid/test_VAP_053424_20170621154005.out.bc
Exiting with return code: 1
The process completed successfully.
Error encountered in the REL Driver: 1029
The file has previously completed successfully so it will not be loaded again: /brmapp/portal/7.5/TD/apps/pin_rel/prepaid/test_VAP_022319_20151226010120.out.bc
Exiting with return code: 1
Error encountered in the REL Driver: 1029
The file has previously completed successfully so it will not be loaded again: /brmapp/portal/7.5/TD/apps/pin_rel/prepaid/test_VAP_022320_20151226010152.out.bc
Exiting with return code: 1
Error encountered in the REL Driver: 1029
The file has previously completed successfully so it will not be loaded again: /brmapp/portal/7.5/TD/apps/pin_rel/prepaid/test_VAP_022328_20151227010209.out.bc
Exiting with return code: 1
Error encountered in the REL Driver: 1029
The file has previously completed successfully so it will not be loaded again: /brmapp/portal/7.5/TD/apps/pin_rel/prepaid/test_VAP_022339_20151228010324.out.bc
Exiting with return code: 1
Error encountered in the REL Driver: 1029
The file has previously completed successfully so it will not be loaded again: /brmapp/portal/7.5/TD/apps/pin_rel/prepaid/test_VAS_022223_20151224113233.out.bc
Exiting with return code: 1
Error encountered in the REL Driver: 1029
The file has previously completed successfully so it will not be loaded again: /brmapp/portal/7.5/TD/apps/pin_rel/prepaid/test_VAS_022259_20151224133450.out.bc
Exiting with return code: 1
Error encountered in the REL Driver: 1029
The file has previously completed successfully so it will not be loaded again: /brmapp/portal/7.5/TD/apps/pin_rel/prepaid/test_VAS_022260_20151224141053.out.bc
Exiting with return code: 1
Error encountered in the REL Driver: 1029
The file has previously completed successfully so it will not be loaded again: /brmapp/portal/7.5/TD/apps/pin_rel/prepaid/test_VAS_022261_20151224141442.out.bc
Exiting with return code: 1
Error encountered in the REL Driver: 1029
The file has previously completed successfully so it will not be loaded again: /brmapp/portal/7.5/TD/apps/pin_rel/prepaid/test_VAS_022262_20151224142047.out.bc
Exiting with return code: 1
Error encountered in the REL Driver: 1029
The file has previously completed successfully so it will not be loaded again: /brmapp/portal/7.5/TD/apps/pin_rel/prepaid/test_VAS_022263_20151224142244.out.bc
Exiting with return code: 1
Error encountered in the REL Driver: 1029
The file has previously completed successfully so it will not be loaded again: /brmapp/portal/7.5/TD/apps/pin_rel/prepaid/test_VAS_022264_20151224142257.out.bc
Exiting with return code: 1
Error encountered in the REL Driver: 1029
The file has previously completed successfully so it will not be loaded again: /brmapp/portal/7.5/TD/apps/pin_rel/prepaid/test_VAS_022265_20151224143029.out.bc
Exiting with return code: 1
Error encountered in the REL Driver: 1029
The file has previously completed successfully so it will not be loaded again: /brmapp/portal/7.5/TD/apps/pin_rel/prepaid/test_VAS_022321_20151226021849.out.bc
Exiting with return code: 1
Error encountered in the REL Driver: 1029
The file has previously completed successfully so it will not be loaded again: /brmapp/portal/7.5/TD/apps/pin_rel/prepaid/test_VAS_022330_20151227151128.out.bc
Exiting with return code: 1
Error encountered in the REL Driver: 1029
The file has previously completed successfully so it will not be loaded again: /brmapp/portal/7.5/TD/apps/pin_rel/prepaid/test_VAS_022341_20151228090035.out.bc
Exiting with return code: 1
Error encountered in the REL Driver: 1029
The file has previously completed successfully so it will not be loaded again: /brmapp/portal/7.5/TD/apps/pin_rel/prepaid/test_VAS_022342_20151228090105.out.bc
Exiting with return code: 1
Error encountered in the REL Driver: 1015
The following file was not found: /brmapp/portal/7.5/TD/apps/pin_rel/prepaid/test_CONV_VAS_021544_20151210113115.out.bc
Exiting with return code: 1
Error encountered in the REL Driver: 1015
The following file was not found: /brmapp/portal/7.5/TD/apps/pin_rel/prepaid/test_CONV_VAS_021549_20151210113908.out.bc
Exiting with return code: 1
Error encountered in the REL Driver: 1015
The following file was not found: /brmapp/portal/7.5/TD/apps/pin_rel/prepaid/test_CONV_VAS_021562_20151210201725.out.bc
Exiting with return code: 1
Error encountered in the REL Driver: 1015
The following file was not found: /brmapp/portal/7.5/TD/apps/pin_rel/prepaid/test_CONV_DAT_021561_20151210173250.out.bc
Exiting with return code: 1
Error encountered in the REL Driver: 1015
The following file was not found: /brmapp/portal/7.5/TD/apps/pin_rel/prepaid/test_CONV_VAP_021568_20151211010319.out.bc
Exiting with return code: 1
Error encountered in the REL Driver: 1015
The following file was not found: /brmapp/portal/7.5/TD/apps/pin_rel/prepaid/test_CONV_DAT_021558_20151210133227.out.bc
Exiting with return code: 1
Error encountered in the REL Driver: 1015
The following file was not found: /brmapp/portal/7.5/TD/apps/pin_rel/prepaid/test_CONV_VAS_021547_20151210113828.out.bc
Exiting with return code: 1
Error encountered in the REL Driver: 1015
The following file was not found: /brmapp/portal/7.5/TD/apps/pin_rel/prepaid/test_CONV_DAT_021559_20151210161058.out.bc
Exiting with return code: 1
Error encountered in the REL Driver: 1015
The following file was not found: /brmapp/portal/7.5/TD/apps/pin_rel/prepaid/test_CONV_VAS_021548_20151210113859.out.bc
Exiting with return code: 1
Error encountered in the REL Driver: 1015
The following file was not found: /brmapp/portal/7.5/TD/apps/pin_rel/prepaid/test_CONV_VAP_021565_20151211000540.out.bc
Exiting with return code: 1
Error encountered in the REL Driver: 1015
The following file was not found: /brmapp/portal/7.5/TD/apps/pin_rel/prepaid/test_CONV_DAT_021551_20151210115334.out.bc
Exiting with return code: 1
Error encountered in the REL Driver: 1015
The following file was not found: /brmapp/portal/7.5/TD/apps/pin_rel/prepaid/test_CONV_DAT_021553_20151210123128.out.bc
Exiting with return code: 1
Error encountered in the REL Driver: 1015
The following file was not found: /brmapp/portal/7.5/TD/apps/pin_rel/prepaid/test_CONV_VAS_021543_20151210113106.out.bc
Exiting with return code: 1
Error encountered in the REL Driver: 1015
The following file was not found: /brmapp/portal/7.5/TD/apps/pin_rel/prepaid/test_CONV_VAP_021567_20151211010249.out.bc
Exiting with return code: 1
Error encountered in the REL Driver: 1015
The following file was not found: /brmapp/portal/7.5/TD/apps/pin_rel/prepaid/test_CONV_DAT_021571_20151211103708.out.bc
Exiting with return code: 1
Error encountered in the REL Driver: 1015
The following file was not found: /brmapp/portal/7.5/TD/apps/pin_rel/prepaid/test_CONV_VAS_021550_20151210114127.out.bc
Exiting with return code: 1
Error encountered in the REL Driver: 1015
The following file was not found: /brmapp/portal/7.5/TD/apps/pin_rel/prepaid/test_CONV_VAS_021545_20151210113247.out.bc
Exiting with return code: 1
Error encountered in the REL Driver: 1015
The following file was not found: /brmapp/portal/7.5/TD/apps/pin_rel/prepaid/test_CONV_DAT_021402_20151207195930.out.bc
Exiting with return code: 1
Error encountered in the REL Driver: 1015
The following file was not found: /brmapp/portal/7.5/TD/apps/pin_rel/prepaid/test_CONV_VAP_021389_20151207135805.out.bc
Exiting with return code: 1
Error encountered in the REL Driver: 1015
The following file was not found: /brmapp/portal/7.5/TD/apps/pin_rel/prepaid/test_CONV_VAS_021482_20151209102836.out.bc
Exiting with return code: 1
Error encountered in the REL Driver: 1015
The following file was not found: /brmapp/portal/7.5/TD/apps/pin_rel/prepaid/test_CONV_VAS_021484_20151209110445.out.bc
Exiting with return code: 1
Error encountered in the REL Driver: 1015
The following file was not found: /brmapp/portal/7.5/TD/apps/pin_rel/prepaid/test_CONV_VAS_021483_20151209103239.out.bc
Exiting with return code: 1
Error encountered in the REL Driver: 1015
The following file was not found: /brmapp/portal/7.5/TD/apps/pin_rel/prepaid/test_CONV_VAS_021480_20151209093239.out.bc
Exiting with return code: 1
Error encountered in the REL Driver: 1015
The following file was not found: /brmapp/portal/7.5/TD/apps/pin_rel/prepaid/test_CONV_TEL_021423_20151208110351.out.bc
Exiting with return code: 1
Error encountered in the REL Driver: 1015
The following file was not found: /brmapp/portal/7.5/TD/apps/pin_rel/prepaid/test_CONV_VAS_021418_20151208100027.out.bc
Exiting with return code: 1
Error encountered in the REL Driver: 1015
The following file was not found: /brmapp/portal/7.5/TD/apps/pin_rel/prepaid/test_CONV_DAT_021429_20151208115735.out.bc
Exiting with return code: 1
Error encountered in the REL Driver: 1015
The following file was not found: /brmapp/portal/7.5/TD/apps/pin_rel/prepaid/test_CONV_DAT_021450_20151208145904.out.bc
Exiting with return code: 1
Error encountered in the REL Driver: 1015
The following file was not found: /brmapp/portal/7.5/TD/apps/pin_rel/prepaid/test_CONV_VAS_021454_20151208164449.out.bc
Exiting with return code: 1
Error encountered in the REL Driver: 1015
The following file was not found: /brmapp/portal/7.5/TD/apps/pin_rel/prepaid/test_CONV_DAT_021434_20151208125808.out.bc
Exiting with return code: 1
Error encountered in the REL Driver: 1015
The following file was not found: /brmapp/portal/7.5/TD/apps/pin_rel/prepaid/test_CONV_VAS_021430_20151208120037.out.bc
Exiting with return code: 1
Error encountered in the REL Driver: 1015
The following file was not found: /brmapp/portal/7.5/TD/apps/pin_rel/prepaid/test_VAP_023835_20160128113039.out.bc
Exiting with return code: 1
Error encountered in the REL Driver: 1015
The following file was not found: /brmapp/portal/7.5/TD/apps/pin_rel/prepaid/test_DAT_DAT_023594_20160122144103.out.bc
Exiting with return code: 1
Error encountered in the REL Driver: 1015
The following file was not found: /brmapp/portal/7.5/TD/apps/pin_rel/prepaid/test_VAP_023784_20160127151449.out.bc
Exiting with return code: 1
Error encountered in the REL Driver: 1015
The following file was not found: /brmapp/portal/7.5/TD/apps/pin_rel/prepaid/test_VAP_023781_20160127151040.out.bc
Exiting with return code: 1
Error encountered in the REL Driver: 1015
The following file was not found: /brmapp/portal/7.5/TD/apps/pin_rel/prepaid/test_TEL_TEL_023739_20160126120634.out.bc
Exiting with return code: 1
Error encountered in the REL Driver: 1015
The following file was not found: /brmapp/portal/7.5/TD/apps/pin_rel/prepaid/test_DAT_DAT_023598_20160122185600.out.bc
Exiting with return code: 1
Error encountered in the REL Driver: 1015
The following file was not found: /brmapp/portal/7.5/TD/apps/pin_rel/prepaid/test_VAP_023814_20160128010118.out.bc
Exiting with return code: 1
Error encountered in the REL Driver: 1015
The following file was not found: /brmapp/portal/7.5/TD/apps/pin_rel/prepaid/test_TEL_TEL_023853_20160128155116.out.bc
Exiting with return code: 1
Error encountered in the REL Driver: 1015
The following file was not found: /brmapp/portal/7.5/TD/apps/pin_rel/prepaid/test_VAP_023802_20160127171949.out.bc
Exiting with return code: 1
Error encountered in the REL Driver: 1015
The following file was not found: /brmapp/portal/7.5/TD/apps/pin_rel/prepaid/test_VAS_023693_20160125143032.out.bc
Exiting with return code: 1
Error encountered in the REL Driver: 1015
The following file was not found: /brmapp/portal/7.5/TD/apps/pin_rel/prepaid/test_VAS_023692_20160125143014.out.bc
Exiting with return code: 1
Error encountered in the REL Driver: 1015
The following file was not found: /brmapp/portal/7.5/TD/apps/pin_rel/prepaid/test_DAT_DAT_023579_20160122084053.out.bc
Exiting with return code: 1
Error encountered in the REL Driver: 1015
The following file was not found: /brmapp/portal/7.5/TD/apps/pin_rel/prepaid/test_TEL_TEL_023706_20160125182304.out.bc
Exiting with return code: 1
Error encountered in the REL Driver: 1015
The following file was not found: /brmapp/portal/7.5/TD/apps/pin_rel/prepaid/test_VAP_023792_20160127164413.out.bc
Exiting with return code: 1
Error encountered in the REL Driver: 1015
The following file was not found: /brmapp/portal/7.5/TD/apps/pin_rel/prepaid/test_VAS_023686_20160125132550.out.bc
Exiting with return code: 1
Error encountered in the REL Driver: 1015
The following file was not found: /brmapp/portal/7.5/TD/apps/pin_rel/prepaid/test_DAT_DAT_023599_20160122195600.out.bc
Exiting with return code: 1
Error encountered in the REL Driver: 1015
The following file was not found: /brmapp/portal/7.5/TD/apps/pin_rel/prepaid/test_VAP_023829_20160128110241.out.bc
Exiting with return code: 1
Error encountered in the REL Driver: 1015
The following file was not found: /brmapp/portal/7.5/TD/apps/pin_rel/prepaid/test_DAT_DAT_023596_20160122164128.out.bc
Exiting with return code: 1
Error encountered in the REL Driver: 1015
The following file was not found: /brmapp/portal/7.5/TD/apps/pin_rel/prepaid/test_TEL_TEL_023700_20160125154008.out.bc
Exiting with return code: 1
Error encountered in the REL Driver: 1015
The following file was not found: /brmapp/portal/7.5/TD/apps/pin_rel/prepaid/test_DAT_DAT_023583_20160122094101.out.bc
Exiting with return code: 1
Error encountered in the REL Driver: 1015
The following file was not found: /brmapp/portal/7.5/TD/apps/pin_rel/prepaid/test_VAP_023786_20160127153518.out.bc
Exiting with return code: 1
Error encountered in the REL Driver: 1015
The following file was not found: /brmapp/portal/7.5/TD/apps/pin_rel/prepaid/test_DAT_DAT_023588_20160122124438.out.bc
Exiting with return code: 1
Error encountered in the REL Driver: 1015
The following file was not found: /brmapp/portal/7.5/TD/apps/pin_rel/prepaid/test_VAS_023603_20160122221852.out.bc
Exiting with return code: 1
Error encountered in the REL Driver: 1015
The following file was not found: /brmapp/portal/7.5/TD/apps/pin_rel/prepaid/test_VAS_048724_20160708090537.out.bc
Exiting with return code: 1
Error encountered in the REL Driver: 1015
The following file was not found: /brmapp/portal/7.5/TD/apps/pin_rel/prepaid/test_VAP_048724_20160708090537.out.bc
Exiting with return code: 1
Error encountered in the REL Driver: 1015
The following file was not found: /brmapp/portal/7.5/TD/apps/pin_rel/prepaid/test_VAS_048728_20160708100538.out.bc
Exiting with return code: 1
Error encountered in the REL Driver: 1015
The following file was not found: /brmapp/portal/7.5/TD/apps/pin_rel/prepaid/test_VAP_048734_20160708185038.out.bc
Exiting with return code: 1
Error encountered in the REL Driver: 1015
The following file was not found: /brmapp/portal/7.5/TD/apps/pin_rel/prepaid/test_VAS_048730_20160708112039.out.bc
Exiting with return code: 1
Error encountered in the REL Driver: 1015
The following file was not found: /brmapp/portal/7.5/TD/apps/pin_rel/prepaid/test_VAP_048735_20160709000538.out.bc
Exiting with return code: 1
Error encountered in the REL Driver: 1015
The following file was not found: /brmapp/portal/7.5/TD/apps/pin_rel/prepaid/test_DAT_DAT_052322_20170515152008.out.bc
Exiting with return code: 1
Error encountered in the REL Driver: 1015
The following file was not found: /brmapp/portal/7.5/TD/apps/pin_rel/prepaid/test_DAT_DAT_052325_20170515155506.out.bc
Exiting with return code: 1
Error encountered in the REL Driver: 1015
The following file was not found: /brmapp/portal/7.5/TD/apps/pin_rel/prepaid/test_TEL_TEL_052434_20170516122007.out.bc
Exiting with return code: 1
Error encountered in the REL Driver: 1015
The following file was not found: /brmapp/portal/7.5/TD/apps/pin_rel/prepaid/test_TEL_TEL_052435_20170516122509.out.bc
Exiting with return code: 1
Error encountered in the REL Driver: 1015
The following file was not found: /brmapp/portal/7.5/TD/apps/pin_rel/prepaid/test_VAP_052438_20170516152507.out.bc
Exiting with return code: 1
Error encountered in the REL Driver: 1015
The following file was not found: /brmapp/portal/7.5/TD/apps/pin_rel/prepaid/test_VAP_052439_20170517000507.out.bc
Exiting with return code: 1
Error encountered in the REL Driver: 1015
The following file was not found: /brmapp/portal/7.5/TD/apps/pin_rel/prepaid/test_DAT_DAT_052444_20170517092508.out.bc
Exiting with return code: 1
Error encountered in the REL Driver: 1015
The following file was not found: /brmapp/portal/7.5/TD/apps/pin_rel/prepaid/test_TEL_TEL_052445_20170517093006.out.bc
Exiting with return code: 1
Error encountered in the REL Driver: 1015
The following file was not found: /brmapp/portal/7.5/TD/apps/pin_rel/prepaid/test_SMS_SMS_052445_20170517093006.out.bc
Exiting with return code: 1
Error encountered in the REL Driver: 1015
The following file was not found: /brmapp/portal/7.5/TD/apps/pin_rel/prepaid/test_VAP_052458_20170519114007.out.bc
Exiting with return code: 1
Error encountered in the REL Driver: 1015
The following file was not found: /brmapp/portal/7.5/TD/apps/pin_rel/prepaid/test_VAP_052464_20170521001011.out.bc
Exiting with return code: 1
Error encountered in the REL Driver: 1015
The following file was not found: /brmapp/portal/7.5/TD/apps/pin_rel/prepaid/test_DAT_DAT_052436_20170516123008.out.bc
Exiting with return code: 1
Error encountered in the REL Driver: 1015
The following file was not found: /brmapp/portal/7.5/TD/apps/pin_rel/prepaid/test_TEL_TEL_052217_20170515140008.out.bc
Exiting with return code: 1
Error encountered in the REL Driver: 1015
The following file was not found: /brmapp/portal/7.5/TD/apps/pin_rel/prepaid/test_VAS_052217_20170515140008.out.bc
Exiting with return code: 1
Error encountered in the REL Driver: 1015
The following file was not found: /brmapp/portal/7.5/TD/apps/pin_rel/prepaid/test_VAP_052326_20170515190508.out.bc
Exiting with return code: 1
Error encountered in the REL Driver: 1015
The following file was not found: /brmapp/portal/7.5/TD/apps/pin_rel/prepaid/test_VAP_052327_20170516000506.out.bc
Exiting with return code: 1
Error encountered in the REL Driver: 1015
The following file was not found: /brmapp/portal/7.5/TD/apps/pin_rel/prepaid/test_VAP_052433_20170516095006.out.bc
Exiting with return code: 1
Error encountered in the REL Driver: 1015
The following file was not found: /brmapp/portal/7.5/TD/apps/pin_rel/prepaid/test_VAP_052460_20170519154008.out.bc
Exiting with return code: 1
Error encountered in the REL Driver: 1015
The following file was not found: /brmapp/portal/7.5/TD/apps/pin_rel/prepaid/test_VAP_052450_20170517173008.out.bc
Exiting with return code: 1
Error encountered in the REL Driver: 1015
The following file was not found: /brmapp/portal/7.5/TD/apps/pin_rel/prepaid/test_TEL_TEL_053259_20170616164505.out.bc
Exiting with return code: 1
Error encountered in the REL Driver: 1015
The following file was not found: /brmapp/portal/7.5/TD/apps/pin_rel/prepaid/test_VAP_053413_20170621114008.out.bc
Exiting with return code: 1
Error encountered in the REL Driver: 1015
The following file was not found: /brmapp/portal/7.5/TD/apps/pin_rel/prepaid/test_DAT_DAT_053421_20170621153503.out.bc
Exiting with return code: 1
Error encountered in the REL Driver: 1015
The following file was not found: /brmapp/portal/7.5/TD/apps/pin_rel/prepaid/test_TEL_TEL_053449_20170621173506.out.bc
Exiting with return code: 1
Error encountered in the REL Driver: 1015
The following file was not found: /brmapp/portal/7.5/TD/apps/pin_rel/prepaid/test_VAP_053412_20170621113506.out.bc
Exiting with return code: 1
Error encountered in the REL Driver: 1015
The following file was not found: /brmapp/portal/7.5/TD/apps/pin_rel/prepaid/test_TEL_TEL_053442_20170621165505.out.bc
Exiting with return code: 1
Error encountered in the REL Driver: 1015
The following file was not found: /brmapp/portal/7.5/TD/apps/pin_rel/prepaid/test_TEL_TEL_053446_20170621172005.out.bc
Exiting with return code: 1
Error encountered in the REL Driver: 1015
The following file was not found: /brmapp/portal/7.5/TD/apps/pin_rel/prepaid/test_TEL_TEL_053450_20170621181005.out.bc
Exiting with return code: 1
Error encountered in the REL Driver: 1015
The following file was not found: /brmapp/portal/7.5/TD/apps/pin_rel/prepaid/test_SMS_SMS_053452_20170621181506.out.bc
Exiting with return code: 1
Error encountered in the REL Driver: 1015
The following file was not found: /brmapp/portal/7.5/TD/apps/pin_rel/prepaid/test_TEL_TEL_053441_20170621165006.out.bc
Exiting with return code: 1
Error encountered in the REL Driver: 1015
The following file was not found: /brmapp/portal/7.5/TD/apps/pin_rel/prepaid/test_TEL_TEL_053421_20170621153503.out.bc
Exiting with return code: 1
Error encountered in the REL Driver: 1015
The following file was not found: /brmapp/portal/7.5/TD/apps/pin_rel/prepaid/test_VAP_053425_20170621154504.out.bc
Exiting with return code: 1
Error encountered in the REL Driver: 1015
The following file was not found: /brmapp/portal/7.5/TD/apps/pin_rel/prepaid/test_DAT_DAT_053426_20170621155006.out.bc
Exiting with return code: 1
Error encountered in the REL Driver: 1015
The following file was not found: /brmapp/portal/7.5/TD/apps/pin_rel/prepaid/test_TEL_TEL_053429_20170621160503.out.bc
Exiting with return code: 1
Error encountered in the REL Driver: 1015
The following file was not found: /brmapp/portal/7.5/TD/apps/pin_rel/prepaid/test_TEL_TEL_053430_20170621161006.out.bc
Exiting with return code: 1
Error encountered in the REL Driver: 1015
The following file was not found: /brmapp/portal/7.5/TD/apps/pin_rel/prepaid/test_TEL_TEL_053436_20170621163505.out.bc
Exiting with return code: 1
Error encountered in the REL Driver: 1015
The following file was not found: /brmapp/portal/7.5/TD/apps/pin_rel/prepaid/test_TEL_TEL_053443_20170621170007.out.bc
Exiting with return code: 1
Error encountered in the REL Driver: 1015
The following file was not found: /brmapp/portal/7.5/TD/apps/pin_rel/prepaid/test_TEL_TEL_053444_20170621170506.out.bc
Exiting with return code: 1
Error encountered in the REL Driver: 1015
The following file was not found: /brmapp/portal/7.5/TD/apps/pin_rel/prepaid/test_SMS_SMS_053262_20170616165004.out.bc
Exiting with return code: 1
Error encountered in the REL Driver: 1015
The following file was not found: /brmapp/portal/7.5/TD/apps/pin_rel/prepaid/test_SMS_SMS_053417_20170621140506.out.bc
Exiting with return code: 1
Error encountered in the REL Driver: 1015
The following file was not found: /brmapp/portal/7.5/TD/apps/pin_rel/prepaid/test_VAP_053426_20170621155006.out.bc
Exiting with return code: 1
Error encountered in the REL Driver: 1015
The following file was not found: /brmapp/portal/7.5/TD/apps/pin_rel/prepaid/test_TEL_TEL_053437_20170621164006.out.bc
Exiting with return code: 1
Error encountered in the REL Driver: 1015
The following file was not found: /brmapp/portal/7.5/TD/apps/pin_rel/prepaid/test_TEL_TEL_053452_20170621181506.out.bc
Exiting with return code: 1
Error encountered in the REL Driver: 1015
The following file was not found: /brmapp/portal/7.5/TD/apps/pin_rel/prepaid/test_SMS_SMS_053414_20170621115504.out.bc
Exiting with return code: 1
Error encountered in the REL Driver: 1015
The following file was not found: /brmapp/portal/7.5/TD/apps/pin_rel/prepaid/test_TEL_TEL_053440_20170621164506.out.bc
Exiting with return code: 1
Error encountered in the REL Driver: 1015
The following file was not found: /brmapp/portal/7.5/TD/apps/pin_rel/prepaid/test_SMS_SMS_053418_20170621141006.out.bc
Exiting with return code: 1
Error encountered in the REL Driver: 1015
The following file was not found: /brmapp/portal/7.5/TD/apps/pin_rel/prepaid/test_DAT_DAT_053262_20170616165004.out.bc
Exiting with return code: 1
Error encountered in the REL Driver: 1015
The following file was not found: /brmapp/portal/7.5/TD/apps/pin_rel/prepaid/test_TEL_TEL_053262_20170616165004.out.bc
Exiting with return code: 1
Error encountered in the REL Driver: 1015
The following file was not found: /brmapp/portal/7.5/TD/apps/pin_rel/prepaid/test_TEL_TEL_053381_20170620145005.out.bc
Exiting with return code: 1
Error encountered in the REL Driver: 1015
The following file was not found: /brmapp/portal/7.5/TD/apps/pin_rel/prepaid/test_TEL_TEL_053432_20170621162006.out.bc
Exiting with return code: 1
Error encountered in the REL Driver: 1015
The following file was not found: /brmapp/portal/7.5/TD/apps/pin_rel/prepaid/test_VAP_053460_20170622000506.out.bc
Exiting with return code: 1
Error encountered in the REL Driver: 1015
The following file was not found: /brmapp/portal/7.5/TD/apps/pin_rel/prepaid/test_VAP_053424_20170621154005.out.bc
Exiting with return code: 1
mv: cannot stat `test_DAT_DAT_030655_20160418073002.out.bc': No such file or directory
mv: cannot stat `test_DAT_DAT_030662_20160418130007.out.bc': No such file or directory
mv: cannot stat `test_DAT_DAT_030695_20160419130005.out.bc': No such file or directory
mv: cannot stat `test_DAT_DAT_030713_20160419152502.out.bc': No such file or directory
mv: cannot stat `test_DAT_DAT_030738_20160419154001.out.bc': No such file or directory
mv: cannot stat `test_SMS_SMS_030713_20160419152502.out.bc': No such file or directory
mv: cannot stat `test_TEL_TEL_030708_20160419152002.out.bc': No such file or directory
mv: cannot stat `test_TEL_TEL_030713_20160419152502.out.bc': No such file or directory
mv: cannot stat `test_TEL_TEL_030734_20160419153504.out.bc': No such file or directory
mv: cannot stat `test_TEL_TEL_030738_20160419154001.out.bc': No such file or directory
mv: cannot stat `test_VAP_030661_20160418124004.out.bc': No such file or directory
mv: cannot stat `test_VAP_030663_20160418140006.out.bc': No such file or directory
mv: cannot stat `test_VAP_030664_20160418141504.out.bc': No such file or directory
mv: cannot stat `test_VAP_030670_20160418153503.out.bc': No such file or directory
mv: cannot stat `test_VAP_030680_20160418160503.out.bc': No such file or directory
mv: cannot stat `test_VAP_030686_20160418171501.out.bc': No such file or directory
mv: cannot stat `test_VAP_030691_20160419094459.out.bc': No such file or directory
mv: cannot stat `test_VAP_030698_20160419140503.out.bc': No such file or directory
mv: cannot stat `test_VAP_030699_20160419141002.out.bc': No such file or directory
mv: cannot stat `test_VAP_030700_20160419141501.out.bc': No such file or directory
mv: cannot stat `test_VAP_030703_20160419150004.out.bc': No such file or directory
mv: cannot stat `test_VAP_030705_20160419150507.out.bc': No such file or directory
mv: cannot stat `test_VAP_030706_20160419151006.out.bc': No such file or directory
mv: cannot stat `test_VAP_030747_20160419160500.out.bc': No such file or directory
mv: cannot stat `test_VAS_030642_20160417143504.out.bc': No such file or directory
mv: cannot stat `test_VAS_030656_20160418082502.out.bc': No such file or directory
mv: cannot stat `test_VAS_030658_20160418103505.out.bc': No such file or directory
mv: cannot stat `test_VAS_030660_20160418121006.out.bc': No such file or directory
mv: cannot stat `test_VAS_030661_20160418124004.out.bc': No such file or directory
mv: cannot stat `test_VAS_030664_20160418141504.out.bc': No such file or directory
mv: cannot stat `test_VAS_030665_20160418142505.out.bc': No such file or directory
mv: cannot stat `test_VAS_030666_20160418144504.out.bc': No such file or directory
mv: cannot stat `test_VAS_030668_20160418151505.out.bc': No such file or directory
mv: cannot stat `test_VAS_030669_20160418152001.out.bc': No such file or directory
mv: cannot stat `test_VAS_030670_20160418153503.out.bc': No such file or directory
mv: cannot stat `test_VAS_030672_20160418154504.out.bc': No such file or directory
mv: cannot stat `test_VAS_030673_20160418155006.out.bc': No such file or directory
mv: cannot stat `test_VAS_030676_20160418155505.out.bc': No such file or directory
mv: cannot stat `test_VAS_030680_20160418160503.out.bc': No such file or directory
mv: cannot stat `test_VAS_030682_20160418162508.out.bc': No such file or directory
mv: cannot stat `test_VAS_030684_20160418163003.out.bc': No such file or directory
mv: cannot stat `test_VAS_030693_20160419115501.out.bc': No such file or directory
mv: cannot stat `test_VAS_030694_20160419121005.out.bc': No such file or directory
mv: cannot stat `test_VAS_030696_20160419131504.out.bc': No such file or directory
mv: cannot stat `test_VAS_030697_20160419132004.out.bc': No such file or directory
mv: cannot stat `test_VAS_030698_20160419140503.out.bc': No such file or directory
mv: cannot stat `test_VAS_030699_20160419141002.out.bc': No such file or directory
mv: cannot stat `test_VAS_030700_20160419141501.out.bc': No such file or directory
mv: cannot stat `test_VAS_030703_20160419150004.out.bc': No such file or directory
mv: cannot stat `test_VAS_030705_20160419150507.out.bc': No such file or directory
mv: cannot stat `test_VAS_030706_20160419151006.out.bc': No such file or directory
mv: cannot stat `test_VAS_030713_20160419152502.out.bc': No such file or directory
mv: cannot stat `test_VAS_030738_20160419154001.out.bc': No such file or directory
mv: cannot stat `test_VAS_030746_20160419160002.out.bc': No such file or directory
mv: cannot stat `test_VAS_030747_20160419160500.out.bc': No such file or directory
mv: cannot stat `test_VAS_030749_20160419161005.out.bc': No such file or directory
mv: cannot stat `test_VAS_030752_20160419163006.out.bc': No such file or directory
mv: cannot stat `test_VAS_030753_20160419163505.out.bc': No such file or directory
mv: cannot stat `test_VOM_030713_20160419152502.out.bc': No such file or directory
