crontab_td_cc_reverse.sh started at Fri May 18 14:34:18 NZST 2018
Starting Process Execution: 
-----Reading Config File------ 
Reading Configuration File 

Record-> 516857,P1-29960,,1-3328672634
CASE 4: Payment id is not null
sub_transaction_id is null, go for direct reversal case
In paytype search
Record-> 516857,P1-29960,,1-3328672634
CASE 4: Payment id is not null
sub_transaction_id is null, go for direct reversal case
In paytype search
Duplictae record: Rejected
End of cc reverse
crontab_td_cc_reverse.sh finished at Fri May 18 14:34:19 NZST 2018
crontab_td_cc_reverse.sh started at Fri May 18 14:46:55 NZST 2018
Starting Process Execution: 
-----Reading Config File------ 
Reading Configuration File 

Record-> 512363,P1-29995,,1-3328672132
CASE 4: Payment id is not null
sub_transaction_id is null, go for direct reversal case
In paytype search
End of cc reverse
crontab_td_cc_reverse.sh finished at Fri May 18 14:46:56 NZST 2018
crontab_td_cc_reverse.sh started at Fri May 25 12:09:42 NZST 2018
Starting Process Execution: 
-----Reading Config File------ 
Reading Configuration File 

Record-> 513270,P1-30098,,1-3328672634
CASE 4: Payment id is not null
sub_transaction_id is null, go for direct reversal case
In paytype search
Record-> 513270,P1-30099,,1-3328672634
CASE 4: Payment id is not null
sub_transaction_id is null, go for direct reversal case
In paytype search
Duplictae record: Rejected
End of cc reverse
crontab_td_cc_reverse.sh finished at Fri May 25 12:09:43 NZST 2018
crontab_td_cc_reverse.sh started at Tue May 29 14:04:00 NZST 2018
Starting Process Execution: 
-----Reading Config File------ 
Reading Configuration File 

Record-> 515702,P1-30145,,1-3345781407
CASE 4: Payment id is not null
Recycled payment case
In paytype search
End of cc reverse
crontab_td_cc_reverse.sh finished at Tue May 29 14:04:00 NZST 2018
crontab_td_cc_reverse.sh started at Wed Oct 3 11:27:49 NZDT 2018
Starting Process Execution: 
-----Reading Config File------ 
Reading Configuration File 

Record-> 516756,P1-32282,,1-3386153841
CASE 4: Payment id is not null
Recycled payment case
In paytype search
End of cc reverse
crontab_td_cc_reverse.sh finished at Wed Oct 3 11:27:50 NZDT 2018
crontab_td_cc_reverse.sh started at Tue Oct 9 12:13:38 NZDT 2018
Starting Process Execution: 
-----Reading Config File------ 
Reading Configuration File 

Record-> 519325,P1-32688,,1-3388862331
CASE 4: Payment id is not null
sub_transaction_id is null, go for direct reversal case
In paytype search
End of cc reverse
crontab_td_cc_reverse.sh finished at Tue Oct 9 12:13:38 NZDT 2018
crontab_td_cc_reverse.sh started at Tue Oct 9 12:15:45 NZDT 2018
Starting Process Execution: 
-----Reading Config File------ 
Reading Configuration File 

Record-> 516053,P1-32783,,1-3388867932
CASE 4: Payment id is not null
sub_transaction_id is null, go for direct reversal case
In paytype search
End of cc reverse
crontab_td_cc_reverse.sh finished at Tue Oct 9 12:15:45 NZDT 2018
crontab_td_cc_reverse.sh started at Wed Nov 21 13:55:09 NZDT 2018
Starting Process Execution: 
-----Reading Config File------ 
Reading Configuration File 

Record-> 518217,P1-34606,,1-3404902747
CASE 4: Payment id is not null
sub_transaction_id is null, go for direct reversal case
In paytype search
End of cc reverse
crontab_td_cc_reverse.sh finished at Wed Nov 21 13:55:09 NZDT 2018
crontab_td_cc_reverse.sh started at Wed Dec 12 15:23:44 NZDT 2018
Starting Process Execution: 
-----Reading Config File------ 
Reading Configuration File 

Record-> 516053, P1-32783,, 1-3388867932
CASE 4: Payment id is not null

Log File /brmapp/portal/7.5/TD/apps/td_cc_reverse/LOG_DIR/cc_reverse_20181212.log

EBUF: errno=<PIN_ERR_NOT_FOUND:3> location=<PIN_ERRLOC_FLIST:6> class=<SYSTEM_DETERMINATE:1> field num=<PIN_FLD_RESULTS:9,51> recid=<0> reserved=<0>
End of cc reverse
crontab_td_cc_reverse.sh finished at Wed Dec 12 15:23:45 NZDT 2018
crontab_td_cc_reverse.sh started at Fri Dec 14 10:34:48 NZDT 2018
Starting Process Execution: 
-----Reading Config File------ 
Reading Configuration File 

Record-> 129402, P1-35036,, 1-3409886677
CASE 4: Payment id is not null

Log File /brmapp/portal/7.5/TD/apps/td_cc_reverse/LOG_DIR/cc_reverse_20181214.log

EBUF: errno=<PIN_ERR_NOT_FOUND:3> location=<PIN_ERRLOC_FLIST:6> class=<SYSTEM_DETERMINATE:1> field num=<PIN_FLD_RESULTS:9,51> recid=<0> reserved=<0>
End of cc reverse
crontab_td_cc_reverse.sh finished at Fri Dec 14 10:34:49 NZDT 2018
crontab_td_cc_reverse.sh started at Fri Dec 14 10:41:09 NZDT 2018
Starting Process Execution: 
-----Reading Config File------ 
Reading Configuration File 

Record-> 129402,P1-35036,,1-3409886677
CASE 4: Payment id is not null
sub_transaction_id is null, go for direct reversal case
In paytype search
Record-> r
Record-> p
Record-> t
Record-> y
Record-> r
Record-> q
Record-> 1-32783,, 1-3388867932
End of cc reverse
crontab_td_cc_reverse.sh finished at Fri Dec 14 10:41:09 NZDT 2018
crontab_td_cc_reverse.sh started at Fri Dec 14 11:12:00 NZDT 2018
Starting Process Execution: 
-----Reading Config File------ 
Reading Configuration File 

End of cc reverse
crontab_td_cc_reverse.sh finished at Fri Dec 14 11:12:01 NZDT 2018
crontab_td_cc_reverse.sh started at Fri Dec 14 11:17:30 NZDT 2018
Starting Process Execution: 
-----Reading Config File------ 
Reading Configuration File 

Record-> 129402,P1-3549,,1-3409891435
CASE 4: Payment id is not null
sub_transaction_id is null, go for direct reversal case
In paytype search
End of cc reverse
crontab_td_cc_reverse.sh finished at Fri Dec 14 11:17:30 NZDT 2018
crontab_td_cc_reverse.sh started at Fri Dec 14 11:25:38 NZDT 2018
Starting Process Execution: 
-----Reading Config File------ 
Reading Configuration File 

Record-> 129402,P1-35035,,1-3409891440
CASE 4: Payment id is not null
sub_transaction_id is null, go for direct reversal case
In paytype search
End of cc reverse
crontab_td_cc_reverse.sh finished at Fri Dec 14 11:25:38 NZDT 2018
crontab_td_cc_reverse.sh started at Fri Dec 14 11:29:40 NZDT 2018
Starting Process Execution: 
-----Reading Config File------ 
Reading Configuration File 

Record-> 126053,P1-27195,,1-3409897401
CASE 4: Payment id is not null
sub_transaction_id is null, go for direct reversal case
In paytype search
End of cc reverse
crontab_td_cc_reverse.sh finished at Fri Dec 14 11:29:40 NZDT 2018
crontab_td_cc_reverse.sh started at Fri Dec 14 11:37:50 NZDT 2018
Starting Process Execution: 
-----Reading Config File------ 
Reading Configuration File 

Record-> 126053,P1-27195,,1-3409897401
CASE 4: Payment id is not null
sub_transaction_id is null, go for direct reversal case
In paytype search
Duplictae record: Rejected
End of cc reverse
crontab_td_cc_reverse.sh finished at Fri Dec 14 11:37:50 NZDT 2018
crontab_td_cc_reverse.sh started at Fri Dec 14 11:53:01 NZDT 2018
Starting Process Execution: 
-----Reading Config File------ 
Reading Configuration File 

Record-> 520755, P1-35179,,1-3410212487
CASE 4: Payment id is not null

Log File /brmapp/portal/7.5/TD/apps/td_cc_reverse/LOG_DIR/cc_reverse_20181214.log

EBUF: errno=<PIN_ERR_NOT_FOUND:3> location=<PIN_ERRLOC_FLIST:6> class=<SYSTEM_DETERMINATE:1> field num=<PIN_FLD_RESULTS:9,51> recid=<0> reserved=<0>
End of cc reverse
crontab_td_cc_reverse.sh finished at Fri Dec 14 11:53:01 NZDT 2018
crontab_td_cc_reverse.sh started at Fri Dec 14 11:56:41 NZDT 2018
Starting Process Execution: 
-----Reading Config File------ 
Reading Configuration File 

Record-> 520755,P1-35180,,1-3410214141
CASE 4: Payment id is not null
sub_transaction_id is null, go for direct reversal case
In paytype search
Record-> 520755, P1-35179,,1-3410212487
CASE 4: Payment id is not null

Log File /brmapp/portal/7.5/TD/apps/td_cc_reverse/LOG_DIR/cc_reverse_20181214.log

EBUF: errno=<PIN_ERR_NOT_FOUND:3> location=<PIN_ERRLOC_FLIST:6> class=<SYSTEM_DETERMINATE:1> field num=<PIN_FLD_RESULTS:9,51> recid=<0> reserved=<0>
End of cc reverse
crontab_td_cc_reverse.sh finished at Fri Dec 14 11:56:41 NZDT 2018
crontab_td_cc_reverse.sh started at Fri Dec 14 12:00:14 NZDT 2018
Starting Process Execution: 
-----Reading Config File------ 
Reading Configuration File 

Record-> 520755,P1-35179,,1-3410212487
CASE 4: Payment id is not null
sub_transaction_id is null, go for direct reversal case
In paytype search
Record-> 520755, P1-35179,,1-3410212487
CASE 4: Payment id is not null

Log File /brmapp/portal/7.5/TD/apps/td_cc_reverse/LOG_DIR/cc_reverse_20181214.log

EBUF: errno=<PIN_ERR_NOT_FOUND:3> location=<PIN_ERRLOC_FLIST:6> class=<SYSTEM_DETERMINATE:1> field num=<PIN_FLD_RESULTS:9,51> recid=<0> reserved=<0>
End of cc reverse
crontab_td_cc_reverse.sh finished at Fri Dec 14 12:00:15 NZDT 2018
crontab_td_cc_reverse.sh started at Mon Dec 17 14:00:37 NZDT 2018
Starting Process Execution: 
-----Reading Config File------ 
Reading Configuration File 

Record-> 520755, P1-35179,,1-3410212487
CASE 4: Payment id is not null

Log File /brmapp/portal/7.5/TD/apps/td_cc_reverse/LOG_DIR/cc_reverse_20181217.log

EBUF: errno=<PIN_ERR_NOT_FOUND:3> location=<PIN_ERRLOC_FLIST:6> class=<SYSTEM_DETERMINATE:1> field num=<PIN_FLD_RESULTS:9,51> recid=<0> reserved=<0>
End of cc reverse
crontab_td_cc_reverse.sh finished at Mon Dec 17 14:00:38 NZDT 2018
crontab_td_cc_reverse.sh started at Mon Dec 17 14:05:14 NZDT 2018
Starting Process Execution: 
-----Reading Config File------ 
Reading Configuration File 

Record-> 513319,P1-31996,,1-3410903345
CASE 4: Payment id is not null
sub_transaction_id is null, go for direct reversal case
In paytype search
Record-> 520755, P1-35179,,1-3410212487
CASE 4: Payment id is not null

Log File /brmapp/portal/7.5/TD/apps/td_cc_reverse/LOG_DIR/cc_reverse_20181217.log

EBUF: errno=<PIN_ERR_NOT_FOUND:3> location=<PIN_ERRLOC_FLIST:6> class=<SYSTEM_DETERMINATE:1> field num=<PIN_FLD_RESULTS:9,51> recid=<0> reserved=<0>
End of cc reverse
crontab_td_cc_reverse.sh finished at Mon Dec 17 14:05:14 NZDT 2018
crontab_td_cc_reverse.sh started at Mon Dec 17 14:09:49 NZDT 2018
Starting Process Execution: 
-----Reading Config File------ 
Reading Configuration File 

Record-> 520755, P1-35179,,1-3410212487
CASE 4: Payment id is not null

Log File /brmapp/portal/7.5/TD/apps/td_cc_reverse/LOG_DIR/cc_reverse_20181217.log

EBUF: errno=<PIN_ERR_NOT_FOUND:3> location=<PIN_ERRLOC_FLIST:6> class=<SYSTEM_DETERMINATE:1> field num=<PIN_FLD_RESULTS:9,51> recid=<0> reserved=<0>
End of cc reverse
crontab_td_cc_reverse.sh finished at Mon Dec 17 14:09:49 NZDT 2018
crontab_td_cc_reverse.sh started at Mon Dec 17 14:22:02 NZDT 2018
Starting Process Execution: 
-----Reading Config File------ 
Reading Configuration File 

Record-> 513319,P1-27314,,1-3410905642
CASE 4: Payment id is not null
sub_transaction_id is null, go for direct reversal case
In paytype search
Record-> 520755, P1-35179,,1-3410212487
CASE 4: Payment id is not null

Log File /brmapp/portal/7.5/TD/apps/td_cc_reverse/LOG_DIR/cc_reverse_20181217.log

EBUF: errno=<PIN_ERR_NOT_FOUND:3> location=<PIN_ERRLOC_FLIST:6> class=<SYSTEM_DETERMINATE:1> field num=<PIN_FLD_RESULTS:9,51> recid=<0> reserved=<0>
End of cc reverse
crontab_td_cc_reverse.sh finished at Mon Dec 17 14:22:03 NZDT 2018
crontab_td_cc_reverse.sh started at Mon Dec 17 14:30:18 NZDT 2018
Starting Process Execution: 
-----Reading Config File------ 
Reading Configuration File 

Record-> 520755, P1-35179,,1-3410212487
CASE 4: Payment id is not null

Log File /brmapp/portal/7.5/TD/apps/td_cc_reverse/LOG_DIR/cc_reverse_20181217.log

EBUF: errno=<PIN_ERR_NOT_FOUND:3> location=<PIN_ERRLOC_FLIST:6> class=<SYSTEM_DETERMINATE:1> field num=<PIN_FLD_RESULTS:9,51> recid=<0> reserved=<0>
End of cc reverse
crontab_td_cc_reverse.sh finished at Mon Dec 17 14:30:18 NZDT 2018
crontab_td_cc_reverse.sh started at Mon Dec 17 14:32:25 NZDT 2018
Starting Process Execution: 
-----Reading Config File------ 
Reading Configuration File 

Record-> 520755, P1-35179,,1-3410212487
CASE 4: Payment id is not null

Log File /brmapp/portal/7.5/TD/apps/td_cc_reverse/LOG_DIR/cc_reverse_20181217.log

EBUF: errno=<PIN_ERR_NOT_FOUND:3> location=<PIN_ERRLOC_FLIST:6> class=<SYSTEM_DETERMINATE:1> field num=<PIN_FLD_RESULTS:9,51> recid=<0> reserved=<0>
End of cc reverse
crontab_td_cc_reverse.sh finished at Mon Dec 17 14:32:26 NZDT 2018
crontab_td_cc_reverse.sh started at Mon Dec 17 14:43:50 NZDT 2018
Starting Process Execution: 
-----Reading Config File------ 
Reading Configuration File 

Record-> 126053,P1-35226,,1-3410921187
CASE 4: Payment id is not null
Recycled payment case
In paytype search
Record-> 520755, P1-35179,,1-3410212487
CASE 4: Payment id is not null

Log File /brmapp/portal/7.5/TD/apps/td_cc_reverse/LOG_DIR/cc_reverse_20181217.log

EBUF: errno=<PIN_ERR_NOT_FOUND:3> location=<PIN_ERRLOC_FLIST:6> class=<SYSTEM_DETERMINATE:1> field num=<PIN_FLD_RESULTS:9,51> recid=<0> reserved=<0>
End of cc reverse
crontab_td_cc_reverse.sh finished at Mon Dec 17 14:43:50 NZDT 2018
crontab_td_cc_reverse.sh started at Mon Dec 17 14:46:18 NZDT 2018
Starting Process Execution: 
-----Reading Config File------ 
Reading Configuration File 

Record-> 520755, P1-35179,,1-3410212487
CASE 4: Payment id is not null

Log File /brmapp/portal/7.5/TD/apps/td_cc_reverse/LOG_DIR/cc_reverse_20181217.log

EBUF: errno=<PIN_ERR_NOT_FOUND:3> location=<PIN_ERRLOC_FLIST:6> class=<SYSTEM_DETERMINATE:1> field num=<PIN_FLD_RESULTS:9,51> recid=<0> reserved=<0>
End of cc reverse
crontab_td_cc_reverse.sh finished at Mon Dec 17 14:46:18 NZDT 2018
crontab_td_cc_reverse.sh started at Mon Dec 17 14:55:00 NZDT 2018
Starting Process Execution: 
-----Reading Config File------ 
Reading Configuration File 

Record-> 126053,P1-10725,,1-3411010501
CASE 4: Payment id is not null
sub_transaction_id is null, go for direct reversal case
In paytype search
Record-> 520755, P1-35179,,1-3410212487
CASE 4: Payment id is not null

Log File /brmapp/portal/7.5/TD/apps/td_cc_reverse/LOG_DIR/cc_reverse_20181217.log

EBUF: errno=<PIN_ERR_NOT_FOUND:3> location=<PIN_ERRLOC_FLIST:6> class=<SYSTEM_DETERMINATE:1> field num=<PIN_FLD_RESULTS:9,51> recid=<0> reserved=<0>
End of cc reverse
crontab_td_cc_reverse.sh finished at Mon Dec 17 14:55:00 NZDT 2018
crontab_td_cc_reverse.sh started at Tue Dec 18 08:12:38 NZDT 2018
Starting Process Execution: 
-----Reading Config File------ 
Reading Configuration File 

Record-> 520755,P1-35259,,1-3411165641
CASE 4: Payment id is not null
sub_transaction_id is null, go for direct reversal case
In paytype search
Record-> 520755, P1-35179,,1-3410212487
CASE 4: Payment id is not null

Log File /brmapp/portal/7.5/TD/apps/td_cc_reverse/LOG_DIR/cc_reverse_20181218.log

EBUF: errno=<PIN_ERR_NOT_FOUND:3> location=<PIN_ERRLOC_FLIST:6> class=<SYSTEM_DETERMINATE:1> field num=<PIN_FLD_RESULTS:9,51> recid=<0> reserved=<0>
End of cc reverse
crontab_td_cc_reverse.sh finished at Tue Dec 18 08:12:38 NZDT 2018
crontab_td_cc_reverse.sh started at Tue Dec 18 15:21:04 NZDT 2018
Starting Process Execution: 
-----Reading Config File------ 
Reading Configuration File 

Record-> 519824,P1-35295,,1-3411373072
CASE 4: Payment id is not null
sub_transaction_id is null, go for direct reversal case
In paytype search
Record-> 519824,P1-34599,,1-3410849300
CASE 4: Payment id is not null
sub_transaction_id is null, go for direct reversal case
In paytype search
Record-> 519824,P1-35011,,1-3411365460
CASE 4: Payment id is not null
sub_transaction_id is null, go for direct reversal case
In paytype search
Record-> 520755, P1-35179,,1-3410212487
CASE 4: Payment id is not null

Log File /brmapp/portal/7.5/TD/apps/td_cc_reverse/LOG_DIR/cc_reverse_20181218.log

EBUF: errno=<PIN_ERR_NOT_FOUND:3> location=<PIN_ERRLOC_FLIST:6> class=<SYSTEM_DETERMINATE:1> field num=<PIN_FLD_RESULTS:9,51> recid=<0> reserved=<0>
End of cc reverse
crontab_td_cc_reverse.sh finished at Tue Dec 18 15:21:05 NZDT 2018
crontab_td_cc_reverse.sh started at Wed Dec 19 09:32:36 NZDT 2018
Starting Process Execution: 
-----Reading Config File------ 
Reading Configuration File 

Record-> 519686,P1-34581,,1-3411521702
CASE 4: Payment id is not null
sub_transaction_id is null, go for direct reversal case
In paytype search
Record-> 519686,P1-35325,,1-3411524864
CASE 4: Payment id is not null
Recycled payment case
In paytype search
Record-> 519705,P1-34582,,1-3411521426
CASE 4: Payment id is not null
sub_transaction_id is null, go for direct reversal case
In paytype search
Record-> 519705,P1-35316,,1-3411521567
CASE 4: Payment id is not null
Recycled payment case
In paytype search
Record-> 520755, P1-35179,,1-3410212487
CASE 4: Payment id is not null

Log File /brmapp/portal/7.5/TD/apps/td_cc_reverse/LOG_DIR/cc_reverse_20181219.log

EBUF: errno=<PIN_ERR_NOT_FOUND:3> location=<PIN_ERRLOC_FLIST:6> class=<SYSTEM_DETERMINATE:1> field num=<PIN_FLD_RESULTS:9,51> recid=<0> reserved=<0>
End of cc reverse
crontab_td_cc_reverse.sh finished at Wed Dec 19 09:32:37 NZDT 2018
crontab_td_cc_reverse.sh started at Mon Jan 7 12:18:33 NZDT 2019
Starting Process Execution: 
-----Reading Config File------ 
Reading Configuration File 

Record-> 520755, P1-35179,,1-3410212487
CASE 4: Payment id is not null

Log File /brmapp/portal/7.5/TD/apps/td_cc_reverse/LOG_DIR/cc_reverse_20190107.log

EBUF: errno=<PIN_ERR_NOT_FOUND:3> location=<PIN_ERRLOC_FLIST:6> class=<SYSTEM_DETERMINATE:1> field num=<PIN_FLD_RESULTS:9,51> recid=<0> reserved=<0>
End of cc reverse
crontab_td_cc_reverse.sh finished at Mon Jan 7 12:18:34 NZDT 2019
crontab_td_cc_reverse.sh started at Mon Jan 7 12:20:40 NZDT 2019
Starting Process Execution: 
-----Reading Config File------ 
Reading Configuration File 

Record-> 520755, P1-35179,,1-3410212487
CASE 4: Payment id is not null

Log File /brmapp/portal/7.5/TD/apps/td_cc_reverse/LOG_DIR/cc_reverse_20190107.log

EBUF: errno=<PIN_ERR_NOT_FOUND:3> location=<PIN_ERRLOC_FLIST:6> class=<SYSTEM_DETERMINATE:1> field num=<PIN_FLD_RESULTS:9,51> recid=<0> reserved=<0>
End of cc reverse
crontab_td_cc_reverse.sh finished at Mon Jan 7 12:20:40 NZDT 2019
crontab_td_cc_reverse.sh started at Mon Jan 7 12:22:19 NZDT 2019
Starting Process Execution: 
-----Reading Config File------ 
Reading Configuration File 

Record-> 520755, P1-35179,,1-3410212487
CASE 4: Payment id is not null

Log File /brmapp/portal/7.5/TD/apps/td_cc_reverse/LOG_DIR/cc_reverse_20190107.log

EBUF: errno=<PIN_ERR_NOT_FOUND:3> location=<PIN_ERRLOC_FLIST:6> class=<SYSTEM_DETERMINATE:1> field num=<PIN_FLD_RESULTS:9,51> recid=<0> reserved=<0>
End of cc reverse
crontab_td_cc_reverse.sh finished at Mon Jan 7 12:22:19 NZDT 2019
crontab_td_cc_reverse.sh started at Mon Jan 7 12:24:28 NZDT 2019
Starting Process Execution: 
-----Reading Config File------ 
Reading Configuration File 

Record-> 519686, P1-35534,, 1-3413745194
CASE 4: Payment id is not null

Log File /brmapp/portal/7.5/TD/apps/td_cc_reverse/LOG_DIR/cc_reverse_20190107.log

EBUF: errno=<PIN_ERR_NOT_FOUND:3> location=<PIN_ERRLOC_FLIST:6> class=<SYSTEM_DETERMINATE:1> field num=<PIN_FLD_RESULTS:9,51> recid=<0> reserved=<0>
End of cc reverse
crontab_td_cc_reverse.sh finished at Mon Jan 7 12:24:28 NZDT 2019
crontab_td_cc_reverse.sh started at Thu Feb 28 13:46:25 NZDT 2019
Starting Process Execution: 
-----Reading Config File------ 
Reading Configuration File 

Record-> 520356,P1-36539,,1-3430656997
CASE 4: Payment id is not null
sub_transaction_id is null, go for direct reversal case
In paytype search
Record-> 520356,P1-36558,,1-3430552097
CASE 4: Payment id is not null
sub_transaction_id is null, go for direct reversal case
In paytype search
Record-> 519686, P1-35534,, 1-3413745194
CASE 4: Payment id is not null

Log File /brmapp/portal/7.5/TD/apps/td_cc_reverse/LOG_DIR/cc_reverse_20190228.log

EBUF: errno=<PIN_ERR_NOT_FOUND:3> location=<PIN_ERRLOC_FLIST:6> class=<SYSTEM_DETERMINATE:1> field num=<PIN_FLD_RESULTS:9,51> recid=<0> reserved=<0>
End of cc reverse
crontab_td_cc_reverse.sh finished at Thu Feb 28 13:46:26 NZDT 2019
crontab_td_cc_reverse.sh started at Thu Feb 28 13:48:08 NZDT 2019
Starting Process Execution: 
-----Reading Config File------ 
Reading Configuration File 

Record-> 519686, P1-35534,, 1-3413745194
CASE 4: Payment id is not null

Log File /brmapp/portal/7.5/TD/apps/td_cc_reverse/LOG_DIR/cc_reverse_20190228.log

EBUF: errno=<PIN_ERR_NOT_FOUND:3> location=<PIN_ERRLOC_FLIST:6> class=<SYSTEM_DETERMINATE:1> field num=<PIN_FLD_RESULTS:9,51> recid=<0> reserved=<0>
End of cc reverse
crontab_td_cc_reverse.sh finished at Thu Feb 28 13:48:09 NZDT 2019
crontab_td_cc_reverse.sh started at Thu Feb 28 13:50:17 NZDT 2019
Starting Process Execution: 
-----Reading Config File------ 
Reading Configuration File 

Record-> 519686, P1-35534,, 1-3413745194
CASE 4: Payment id is not null

Log File /brmapp/portal/7.5/TD/apps/td_cc_reverse/LOG_DIR/cc_reverse_20190228.log

EBUF: errno=<PIN_ERR_NOT_FOUND:3> location=<PIN_ERRLOC_FLIST:6> class=<SYSTEM_DETERMINATE:1> field num=<PIN_FLD_RESULTS:9,51> recid=<0> reserved=<0>
End of cc reverse
crontab_td_cc_reverse.sh finished at Thu Feb 28 13:50:17 NZDT 2019
crontab_td_cc_reverse.sh started at Thu Feb 28 13:52:17 NZDT 2019
Starting Process Execution: 
-----Reading Config File------ 
Reading Configuration File 

Record-> 519686, P1-35534,, 1-3413745194
CASE 4: Payment id is not null

Log File /brmapp/portal/7.5/TD/apps/td_cc_reverse/LOG_DIR/cc_reverse_20190228.log

EBUF: errno=<PIN_ERR_NOT_FOUND:3> location=<PIN_ERRLOC_FLIST:6> class=<SYSTEM_DETERMINATE:1> field num=<PIN_FLD_RESULTS:9,51> recid=<0> reserved=<0>
End of cc reverse
crontab_td_cc_reverse.sh finished at Thu Feb 28 13:52:17 NZDT 2019
crontab_td_cc_reverse.sh started at Thu Feb 28 13:54:22 NZDT 2019
Starting Process Execution: 
-----Reading Config File------ 
Reading Configuration File 

Record-> 519686, P1-35534,, 1-3413745194
CASE 4: Payment id is not null

Log File /brmapp/portal/7.5/TD/apps/td_cc_reverse/LOG_DIR/cc_reverse_20190228.log

EBUF: errno=<PIN_ERR_NOT_FOUND:3> location=<PIN_ERRLOC_FLIST:6> class=<SYSTEM_DETERMINATE:1> field num=<PIN_FLD_RESULTS:9,51> recid=<0> reserved=<0>
End of cc reverse
crontab_td_cc_reverse.sh finished at Thu Feb 28 13:54:22 NZDT 2019
crontab_td_cc_reverse.sh started at Thu Feb 28 13:56:29 NZDT 2019
Starting Process Execution: 
-----Reading Config File------ 
Reading Configuration File 

Record-> 519686, P1-35534,, 1-3413745194
CASE 4: Payment id is not null

Log File /brmapp/portal/7.5/TD/apps/td_cc_reverse/LOG_DIR/cc_reverse_20190228.log

EBUF: errno=<PIN_ERR_NOT_FOUND:3> location=<PIN_ERRLOC_FLIST:6> class=<SYSTEM_DETERMINATE:1> field num=<PIN_FLD_RESULTS:9,51> recid=<0> reserved=<0>
End of cc reverse
crontab_td_cc_reverse.sh finished at Thu Feb 28 13:56:29 NZDT 2019
crontab_td_cc_reverse.sh started at Wed Apr 3 10:41:16 NZDT 2019
Starting Process Execution: 
-----Reading Config File------ 
Reading Configuration File 

Record-> 518217,P1-34606,,1-3404902747
CASE 4: Payment id is not null
sub_transaction_id is null, go for direct reversal case
In paytype search
Duplictae record: Rejected
End of cc reverse
crontab_td_cc_reverse.sh finished at Wed Apr 3 10:41:17 NZDT 2019
crontab_td_cc_reverse.sh started at Wed Apr 3 10:52:52 NZDT 2019
Starting Process Execution: 
-----Reading Config File------ 
Reading Configuration File 

Record-> 519592,P1-35120,,1-3445218036
CASE 4: Payment id is not null
sub_transaction_id is null, go for direct reversal case
In paytype search
End of cc reverse
crontab_td_cc_reverse.sh finished at Wed Apr 3 10:52:53 NZDT 2019
crontab_td_cc_reverse.sh started at Wed May 8 14:15:24 NZST 2019
Starting Process Execution: 
-----Reading Config File------ 
Reading Configuration File 

Record-> 519134,P1-37997,,1-3455447374
CASE 4: Payment id is not null
Recycled payment case
In paytype search
End of cc reverse
crontab_td_cc_reverse.sh finished at Wed May 8 14:15:25 NZST 2019
crontab_td_cc_reverse.sh started at Tue Sep 10 16:15:47 NZST 2019
Starting Process Execution: 
-----Reading Config File------ 
Reading Configuration File 

Record-> 504435,p1-8385,,1-1977155697
CASE 4: Payment id is not null

Log File /brmapp/portal/7.5/TD/apps/td_cc_reverse/LOG_DIR/cc_reverse_20190910.log

EBUF: errno=<PIN_ERR_NOT_FOUND:3> location=<PIN_ERRLOC_FLIST:6> class=<SYSTEM_DETERMINATE:1> field num=<PIN_FLD_RESULTS:9,51> recid=<0> reserved=<0>
End of cc reverse
crontab_td_cc_reverse.sh finished at Tue Sep 10 16:15:58 NZST 2019
crontab_td_cc_reverse.sh started at Tue Sep 10 16:26:26 NZST 2019
Starting Process Execution: 
-----Reading Config File------ 
Reading Configuration File 

Record-> 526117,P1-41549,,1-3516140791
CASE 4: Payment id is not null
sub_transaction_id is null, go for direct reversal case
In paytype search
Record-> 
Record-> 
End of cc reverse
crontab_td_cc_reverse.sh finished at Tue Sep 10 16:26:37 NZST 2019
crontab_td_cc_reverse.sh started at Wed Oct 2 16:16:43 NZDT 2019
Starting Process Execution: 
-----Reading Config File------ 
Reading Configuration File 

Record-> 522456,P1-42160,,1-3525883913
CASE 4: Payment id is not null
Recycled payment case
In paytype search
Record-> 504435,p1-8385,,1-1977155697
CASE 4: Payment id is not null

Log File /brmapp/portal/7.5/TD/apps/td_cc_reverse/LOG_DIR/cc_reverse_20191002.log

EBUF: errno=<PIN_ERR_NOT_FOUND:3> location=<PIN_ERRLOC_FLIST:6> class=<SYSTEM_DETERMINATE:1> field num=<PIN_FLD_RESULTS:9,51> recid=<0> reserved=<0>
End of cc reverse
crontab_td_cc_reverse.sh finished at Wed Oct 2 16:16:54 NZDT 2019
crontab_td_cc_reverse.sh started at Mon Oct 7 11:31:36 NZDT 2019
Starting Process Execution: 
-----Reading Config File------ 
Reading Configuration File 

Record-> 522456,P1-42299,,1-3528302712
CASE 4: Payment id is not null
sub_transaction_id is null, go for direct reversal case
In paytype search
Record-> 504435,p1-8385,,1-1977155697
CASE 4: Payment id is not null

Log File /brmapp/portal/7.5/TD/apps/td_cc_reverse/LOG_DIR/cc_reverse_20191007.log

EBUF: errno=<PIN_ERR_NOT_FOUND:3> location=<PIN_ERRLOC_FLIST:6> class=<SYSTEM_DETERMINATE:1> field num=<PIN_FLD_RESULTS:9,51> recid=<0> reserved=<0>
End of cc reverse
crontab_td_cc_reverse.sh finished at Mon Oct 7 11:31:48 NZDT 2019
crontab_td_cc_reverse.sh started at Thu Nov 14 13:35:59 NZDT 2019
Starting Process Execution: 
-----Reading Config File------ 
Reading Configuration File 

Record-> 528413,P1-43466,,1-3545020508
CASE 4: Payment id is not null
sub_transaction_id is null, go for direct reversal case
In paytype search
Record-> 522456,P1-42299,,1-3528302712
CASE 4: Payment id is not null
sub_transaction_id is null, go for direct reversal case
In paytype search
Duplictae record: Rejected
Record-> 504435,p1-8385,,1-1977155697
CASE 4: Payment id is not null

Log File /brmapp/portal/7.5/TD/apps/td_cc_reverse/LOG_DIR/cc_reverse_20191114.log

EBUF: errno=<PIN_ERR_NOT_FOUND:3> location=<PIN_ERRLOC_FLIST:6> class=<SYSTEM_DETERMINATE:1> field num=<PIN_FLD_RESULTS:9,51> recid=<0> reserved=<0>
End of cc reverse
crontab_td_cc_reverse.sh finished at Thu Nov 14 13:36:10 NZDT 2019
crontab_td_cc_reverse.sh started at Thu Oct 8 14:37:30 NZDT 2020
Starting Process Execution: 
-----Reading Config File------ 
Reading Configuration File 

Record-> 537767,P1-50715,,1-3737863890
CASE 4: Payment id is not null
sub_transaction_id is null, go for direct reversal case
In paytype search
End of cc reverse
crontab_td_cc_reverse.sh finished at Thu Oct 8 14:37:42 NZDT 2020
