#################################################################
#################################################################

Current Working Directory: /brmapp/portal/7.5/TD/apps/td_cc_reverse::

#################################################################
#################################################################
#################################################################

#################################################################
#################################################################

#################################################################
#################################################################

Current Working Directory: /brmapp/portal/7.5/TD/apps/td_cc_reverse::

#################################################################
#################################################################
#################################################################

#################################################################
#################################################################

-----Reading Config File------ 
Reading Configuration File 

Record-> 512404,1-16DTC6S,201708172243329615,
CASE 2: Both trans_id and payment id is not null
Validation: OK

Log File /brmapp/portal/7.5/TD/apps/td_cc_reverse/LOG_DIR/cc_reverse_20170822.log

EBUF: errno=<PIN_ERR_NOT_FOUND:3> location=<PIN_ERRLOC_FLIST:6> class=<SYSTEM_DETERMINATE:1> field num=<PIN_FLD_RESULTS:9,51> recid=<0> reserved=<0>
#################################################################
#################################################################

Current Working Directory: /brmapp/portal/7.5/TD/apps/td_cc_reverse::

#################################################################
#################################################################
#################################################################

#################################################################
#################################################################

#################################################################
#################################################################

Current Working Directory: /brmapp/portal/7.5/TD/apps/td_cc_reverse::

#################################################################
#################################################################
#################################################################

#################################################################
#################################################################

#################################################################
#################################################################

Current Working Directory: /brmapp/portal/7.5/TD/apps/td_cc_reverse::

#################################################################
#################################################################
#################################################################

#################################################################
#################################################################

