The process completed successfully.
Error encountered in the REL Driver: 1011
An error occurred while attempting to connect to the Infranet database. 
Please validate the database login property values and ensure the database is running.
Exiting with return code: 1
Error encountered in the REL Driver: 1011
An error occurred while attempting to connect to the Infranet database. 
Please validate the database login property values and ensure the database is running.
Exiting with return code: 1
The process completed successfully.
The process completed successfully.
The process completed successfully.
The process completed successfully.
The process completed successfully.
The process completed successfully.
The process completed successfully.
The process completed successfully.
The process completed successfully.
The process completed successfully.
The process completed successfully.
The process completed successfully.
Error encountered in the Database Load Utility: 5001
The following properties key could not be found: 5001
Please update CustomErrorCodes.properties with the appropriate custom error message.
Exiting with return code: 5
The process completed successfully.
The process completed successfully.
The process completed successfully.
The process completed successfully.
Error encountered in the REL Driver: 1011
An error occurred while attempting to connect to the Infranet database. 
Please validate the database login property values and ensure the database is running.
Exiting with return code: 1
The process completed successfully.
The process completed successfully.
Error encountered in the REL Driver: 1011
An error occurred while attempting to connect to the Infranet database. 
Please validate the database login property values and ensure the database is running.
Exiting with return code: 1
The process completed successfully.
The process completed successfully.
The process completed successfully.
The process completed successfully.
The process completed successfully.
The process completed successfully.
The process completed successfully.
The process completed successfully.
The process completed successfully.
Error encountered in the REL Driver: 1011
An error occurred while attempting to connect to the Infranet database. 
Please validate the database login property values and ensure the database is running.
Exiting with return code: 1
The process completed successfully.
The process completed successfully.
The process completed successfully.
The process completed successfully.
The process completed successfully.
The process completed successfully.
The process completed successfully.
The process completed successfully.
The process completed successfully.
The process completed successfully.
The process completed successfully.
The process completed successfully.
The process completed successfully.
The process completed successfully.
The process completed successfully.
The process completed successfully.
The process completed successfully.
The process completed successfully.
The process completed successfully.
The process completed successfully.
The process completed successfully.
The process completed successfully.
The process completed successfully.
The process completed successfully.
The process completed successfully.
The process completed successfully.
Error encountered in the REL Driver: 1011
An error occurred while attempting to connect to the Infranet database. 
Please validate the database login property values and ensure the database is running.
Exiting with return code: 1
The process completed successfully.
The process completed successfully.
The process completed successfully.
The process completed successfully.
The process completed successfully.
The process completed successfully.
The process completed successfully.
The process completed successfully.
The process completed successfully.
The process completed successfully.
The process completed successfully.
The process completed successfully.
The process completed successfully.
The process completed successfully.
The process completed successfully.
The process completed successfully.
The process completed successfully.
The process completed successfully.
The process completed successfully.
The process completed successfully.
The process completed successfully.
The process completed successfully.
The process completed successfully.
The process completed successfully.
The process completed successfully.
The process completed successfully.
The process completed successfully.
The process completed successfully.
