The process completed successfully.
Error encountered in the REL Driver: 1029
The file has previously completed successfully so it will not be loaded again: /brmapp/portal/7.5/TD/apps/pin_rel/test_SMS_SMS_SMS_20151112044825.out.bc
Exiting with return code: 1
Error encountered in the REL Driver: 1029
The file has previously completed successfully so it will not be loaded again: /brmapp/portal/7.5/TD/apps/pin_rel/test_TEL_TEL_TEL_20151112043816.out.bc
Exiting with return code: 1
Error encountered in the REL Driver: 1029
The file has previously completed successfully so it will not be loaded again: /brmapp/portal/7.5/TD/apps/pin_rel/test_TEL_TEL_TEL_20151113035243.out.bc
Exiting with return code: 1
The process completed successfully.
The process completed successfully.
The process completed successfully.
The process completed successfully.
The process completed successfully.
The process completed successfully.
The process completed successfully.
The process completed successfully.
The process completed successfully.
The process completed successfully.
The process completed successfully.
The process completed successfully.
The process completed successfully.
The process completed successfully.
The process completed successfully.
The process completed successfully.
The process completed successfully.
The process completed successfully.
The process completed successfully.
The process completed successfully.
The process completed successfully.
The process completed successfully.
The process completed successfully.
The process completed successfully.
The process completed successfully.
The process completed successfully.
The process completed successfully.
The process completed successfully.
The process completed successfully.
The process completed successfully.
The process completed successfully.
The process completed successfully.
The process completed successfully.
The process completed successfully.
The process completed successfully.
The process completed successfully.
The process completed successfully.
The process completed successfully.
The process completed successfully.
The process completed successfully.
The process completed successfully.
The process completed successfully.
The process completed successfully.
The process completed successfully.
The process completed successfully.
The process completed successfully.
The process completed successfully.
The process completed successfully.
The process completed successfully.
The process completed successfully.
The process completed successfully.
The process completed successfully.
The process completed successfully.
The process completed successfully.
The process completed successfully.
The process completed successfully.
The process completed successfully.
The process completed successfully.
The process completed successfully.
The process completed successfully.
The process completed successfully.
The process completed successfully.
The process completed successfully.
The process completed successfully.
The process completed successfully.
The process completed successfully.
The process completed successfully.
The process completed successfully.
The process completed successfully.
The process completed successfully.
The process completed successfully.
The process completed successfully.
The process completed successfully.
The process completed successfully.
The process completed successfully.
The process completed successfully.
The process completed successfully.
The process completed successfully.
The process completed successfully.
The process completed successfully.
The process completed successfully.
The process completed successfully.
The process completed successfully.
The process completed successfully.
The process completed successfully.
The process completed successfully.
The process completed successfully.
The process completed successfully.
The process completed successfully.
The process completed successfully.
The process completed successfully.
The process completed successfully.
The process completed successfully.
The process completed successfully.
The process completed successfully.
The process completed successfully.
The process completed successfully.
The process completed successfully.
The process completed successfully.
The process completed successfully.
The process completed successfully.
The process completed successfully.
The process completed successfully.
The process completed successfully.
The process completed successfully.
The process completed successfully.
The process completed successfully.
The process completed successfully.
The process completed successfully.
The process completed successfully.
The process completed successfully.
The process completed successfully.
The process completed successfully.
The process completed successfully.
The process completed successfully.
The process completed successfully.
The process completed successfully.
The process completed successfully.
The process completed successfully.
The process completed successfully.
The process completed successfully.
The process completed successfully.
The process completed successfully.
The process completed successfully.
The process completed successfully.
The process completed successfully.
The process completed successfully.
The process completed successfully.
The process completed successfully.
The process completed successfully.
The process completed successfully.
The process completed successfully.
The process completed successfully.
The process completed successfully.
The process completed successfully.
The process completed successfully.
The process completed successfully.
The process completed successfully.
The process completed successfully.
The process completed successfully.
The process completed successfully.
The process completed successfully.
The process completed successfully.
The process completed successfully.
The process completed successfully.
The process completed successfully.
The process completed successfully.
The process completed successfully.
The process completed successfully.
The process completed successfully.
The process completed successfully.
The process completed successfully.
The process completed successfully.
The process completed successfully.
The process completed successfully.
The process completed successfully.
The process completed successfully.
Error encountered in the REL Driver: 1026
An invalid command-line was provided.
Usage: pin_rel [-override] -timesten <dataStore> <input_file>
 Recieved arguments : 
Exiting with return code: 1
