
SQL*Plus: Release 11.2.0.4.0 Production on Tue Apr 14 20:13:05 2015

Copyright (c) 1982, 2013, Oracle.  All rights reserved.


Connected to:
Oracle Database 11g Enterprise Edition Release 11.2.0.4.0 - 64bit Production
With the Partitioning, Real Application Clusters, Automatic Storage Management, OLAP,
Data Mining and Real Application Testing options

SQL> SQL> SQL> SQL> INFO: Procedure enable_delayed_partitioning
INDEX = LOCAL
Information: Delayed partitions are already enabled for EVENT_T
Information: Delayed partitions are already enabled for EVENT_DLYD_SESSION_CUSTOM_T
Information: Delayed partitions are already enabled for EVENT_DLAY_SESS_TLCS_T
Information: Delayed partitions are already enabled for EVENT_DLYD_SESSION_TLCO_GSM_T
INFO: Going to add PARTITION_LAST_PIN for EVENT_DLYD_SESSION_VP_T
SQL: ALTER TABLE EVENT_DLYD_SESSION_VP_T SPLIT PARTITION PARTITION_LAST at (1152921504606846976) INTO (PARTITION PARTITION_LAST_PIN, PARTITION PARTITION_LAST)
SQL: ALTER TABLE EVENT_DLYD_SESSION_VP_T MODIFY PARTITION PARTITION_LAST_PIN REBUILD UNUSABLE LOCAL INDEXES
SQL: ALTER TABLE EVENT_DLYD_SESSION_VP_T MODIFY PARTITION PARTITION_LAST REBUILD UNUSABLE LOCAL INDEXES
Information: Delayed partitions are already enabled for EVENT_BAL_IMPACTS_T
Information: Delayed partitions are already enabled for EVENT_DLAY_SESS_TLCS_SVC_CDS_T
Information: Delayed partitions are already enabled for EVENT_DLYD_SESSION_BAL_CUST_T
Information: Delayed partitions are already enabled for EVENT_DLYD_SESSION_GSM_CUST_T
Information: Delayed partitions are already enabled for EVENT_ESSENTIALS_T
Information: Delayed partitions are already enabled for EVENT_RUM_MAP_T
Information: Delayed partitions are already enabled for EVENT_TAX_JURISDICTIONS_T

PL/SQL procedure successfully completed.

SQL> Disconnected from Oracle Database 11g Enterprise Edition Release 11.2.0.4.0 - 64bit Production
With the Partitioning, Real Application Clusters, Automatic Storage Management, OLAP,
Data Mining and Real Application Testing options

SQL*Plus: Release 11.2.0.4.0 Production on Tue Apr 14 20:13:05 2015

Copyright (c) 1982, 2013, Oracle.  All rights reserved.


Connected to:
Oracle Database 11g Enterprise Edition Release 11.2.0.4.0 - 64bit Production
With the Partitioning, Real Application Clusters, Automatic Storage Management, OLAP,
Data Mining and Real Application Testing options

SQL> SQL> SQL> SQL> INFO: Procedure update_partitions_init
INDEX = LOCAL

PL/SQL procedure successfully completed.

SQL> Disconnected from Oracle Database 11g Enterprise Edition Release 11.2.0.4.0 - 64bit Production
With the Partitioning, Real Application Clusters, Automatic Storage Management, OLAP,
Data Mining and Real Application Testing options

SQL*Plus: Release 11.2.0.4.0 Production on Tue Apr 14 20:13:08 2015

Copyright (c) 1982, 2013, Oracle.  All rights reserved.


Connected to:
Oracle Database 11g Enterprise Edition Release 11.2.0.4.0 - 64bit Production
With the Partitioning, Real Application Clusters, Automatic Storage Management, OLAP,
Data Mining and Real Application Testing options

SQL> SQL> SQL> SQL> INFO: Procedure update_partitions_exec
Processing the table EVENT_DLYD_SESSION_VP_T
Boundary set
Partitions dropped
INFO: PARTITION_LAST partition already exists for EVENT_DLYD_SESSION_VP_T
New partitions added

PL/SQL procedure successfully completed.

SQL> Disconnected from Oracle Database 11g Enterprise Edition Release 11.2.0.4.0 - 64bit Production
With the Partitioning, Real Application Clusters, Automatic Storage Management, OLAP,
Data Mining and Real Application Testing options

SQL*Plus: Release 11.2.0.4.0 Production on Tue Apr 14 20:13:10 2015

Copyright (c) 1982, 2013, Oracle.  All rights reserved.


Connected to:
Oracle Database 11g Enterprise Edition Release 11.2.0.4.0 - 64bit Production
With the Partitioning, Real Application Clusters, Automatic Storage Management, OLAP,
Data Mining and Real Application Testing options

SQL> SQL> SQL> SQL> INFO: Procedure update_partitions_exec

PL/SQL procedure successfully completed.

SQL> Disconnected from Oracle Database 11g Enterprise Edition Release 11.2.0.4.0 - 64bit Production
With the Partitioning, Real Application Clusters, Automatic Storage Management, OLAP,
Data Mining and Real Application Testing options

SQL*Plus: Release 11.2.0.4.0 Production on Tue Apr 14 20:13:10 2015

Copyright (c) 1982, 2013, Oracle.  All rights reserved.


Connected to:
Oracle Database 11g Enterprise Edition Release 11.2.0.4.0 - 64bit Production
With the Partitioning, Real Application Clusters, Automatic Storage Management, OLAP,
Data Mining and Real Application Testing options

SQL> SQL> SQL> SQL> 
PL/SQL procedure successfully completed.

SQL> Disconnected from Oracle Database 11g Enterprise Edition Release 11.2.0.4.0 - 64bit Production
With the Partitioning, Real Application Clusters, Automatic Storage Management, OLAP,
Data Mining and Real Application Testing options
