

#####################################
Starting td_cc_reverse at 11/2/2017
#####################################

Processing PR_02112017.csv
Reading the input file PR_02112017.csv


#####################################
Starting td_cc_reverse at 11/2/2017
#####################################

Processing PR_02112017.csv
Reading the input file PR_02112017.csv


#####################################
Starting td_cc_reverse at 11/2/2017
#####################################

Processing PR_02112017.csv
Reading the input file PR_02112017.csv


#####################################
Starting td_cc_reverse at 11/2/2017
#####################################

Processing keets_02112017_Payment.csv
Reading the input file keets_02112017_Payment.csv
Total no of records in flie :  1
Total no of records Processed :  0
Total no of records Rejected :  1
Archived keets_02112017_Payment.csv

Processing PR_02112017.csv
Reading the input file PR_02112017.csv


#####################################
Starting td_cc_reverse at 11/2/2017
#####################################

Processing PR_02112017.csv
Reading the input file PR_02112017.csv


#####################################
Starting td_cc_reverse at 11/2/2017
#####################################

Processing PR_02112017.csv
Reading the input file PR_02112017.csv


#####################################
Starting td_cc_reverse at 11/2/2017
#####################################

Processing PR_02112017.csv
Reading the input file PR_02112017.csv


#####################################
Starting td_cc_reverse at 11/2/2017
#####################################

Processing PR_02112017.csv
Reading the input file PR_02112017.csv


#####################################
Starting td_cc_reverse at 11/2/2017
#####################################

Processing PR_02112017.csv
Reading the input file PR_02112017.csv


#####################################
Starting td_cc_reverse at 11/2/2017
#####################################

Processing PR_02112017.csv
Reading the input file PR_02112017.csv


#####################################
Starting td_cc_reverse at 11/2/2017
#####################################

Processing PR_02112017.csv
Reading the input file PR_02112017.csv
