

#####################################
Starting td_cc_reverse at 5/18/2018
#####################################

Processing test1.csv
Reading the input file test1.csv
Total no of records in flie :  1
Total no of records Processed :  1
Total no of records Rejected :  0
Archived test1.csv

Processing test
Reading the input file test
Total no of records in flie :  1
Total no of records Processed :  0
Total no of records Rejected :  1
Archived test


#####################################
Starting td_cc_reverse at 5/18/2018
#####################################

Processing test1.csv
Reading the input file test1.csv
Total no of records in flie :  1
Total no of records Processed :  1
Total no of records Rejected :  0
Archived test1.csv
