

#####################################
Starting td_cc_reverse at 6/27/2016
#####################################


#####################################
Starting td_cc_reverse at 6/27/2016
#####################################


#####################################
Starting td_cc_reverse at 6/27/2016
#####################################


#####################################
Starting td_cc_reverse at 6/27/2016
#####################################


#####################################
Starting td_cc_reverse at 6/27/2016
#####################################


#####################################
Starting td_cc_reverse at 6/27/2016
#####################################


#####################################
Starting td_cc_reverse at 6/27/2016
#####################################


#####################################
Starting td_cc_reverse at 6/27/2016
#####################################


#####################################
Starting td_cc_reverse at 6/27/2016
#####################################


#####################################
Starting td_cc_reverse at 6/27/2016
#####################################


#####################################
Starting td_cc_reverse at 6/27/2016
#####################################


#####################################
Starting td_cc_reverse at 6/27/2016
#####################################


#####################################
Starting td_cc_reverse at 6/27/2016
#####################################


#####################################
Starting td_cc_reverse at 6/27/2016
#####################################


#####################################
Starting td_cc_reverse at 6/27/2016
#####################################


#####################################
Starting td_cc_reverse at 6/27/2016
#####################################


#####################################
Starting td_cc_reverse at 6/27/2016
#####################################


#####################################
Starting td_cc_reverse at 6/27/2016
#####################################


#####################################
Starting td_cc_reverse at 6/27/2016
#####################################


#####################################
Starting td_cc_reverse at 6/27/2016
#####################################


#####################################
Starting td_cc_reverse at 6/27/2016
#####################################


#####################################
Starting td_cc_reverse at 6/27/2016
#####################################


#####################################
Starting td_cc_reverse at 6/27/2016
#####################################


#####################################
Starting td_cc_reverse at 6/27/2016
#####################################


#####################################
Starting td_cc_reverse at 6/27/2016
#####################################


#####################################
Starting td_cc_reverse at 6/27/2016
#####################################


#####################################
Starting td_cc_reverse at 6/27/2016
#####################################


#####################################
Starting td_cc_reverse at 6/27/2016
#####################################


#####################################
Starting td_cc_reverse at 6/27/2016
#####################################


#####################################
Starting td_cc_reverse at 6/27/2016
#####################################


#####################################
Starting td_cc_reverse at 6/27/2016
#####################################


#####################################
Starting td_cc_reverse at 6/27/2016
#####################################


#####################################
Starting td_cc_reverse at 6/27/2016
#####################################


#####################################
Starting td_cc_reverse at 6/27/2016
#####################################


#####################################
Starting td_cc_reverse at 6/27/2016
#####################################


#####################################
Starting td_cc_reverse at 6/27/2016
#####################################


#####################################
Starting td_cc_reverse at 6/27/2016
#####################################


#####################################
Starting td_cc_reverse at 6/27/2016
#####################################

Processing TestFileReversal_07012016.csv
Reading the input file TestFileReversal_07012016.csv
Total no of records in flie :  1
Total no of records Processed :  0
Total no of records Rejected :  1
Archived TestFileReversal_07012016.csv


#####################################
Starting td_cc_reverse at 6/27/2016
#####################################


#####################################
Starting td_cc_reverse at 6/27/2016
#####################################


#####################################
Starting td_cc_reverse at 6/27/2016
#####################################


#####################################
Starting td_cc_reverse at 6/27/2016
#####################################


#####################################
Starting td_cc_reverse at 6/27/2016
#####################################


#####################################
Starting td_cc_reverse at 6/27/2016
#####################################


#####################################
Starting td_cc_reverse at 6/27/2016
#####################################


#####################################
Starting td_cc_reverse at 6/27/2016
#####################################


#####################################
Starting td_cc_reverse at 6/27/2016
#####################################


#####################################
Starting td_cc_reverse at 6/27/2016
#####################################
