

#####################################
Starting td_cc_reverse at 1/11/2016
#####################################


#####################################
Starting td_cc_reverse at 1/11/2016
#####################################


#####################################
Starting td_cc_reverse at 1/11/2016
#####################################


#####################################
Starting td_cc_reverse at 1/11/2016
#####################################


#####################################
Starting td_cc_reverse at 1/11/2016
#####################################


#####################################
Starting td_cc_reverse at 1/11/2016
#####################################


#####################################
Starting td_cc_reverse at 1/11/2016
#####################################


#####################################
Starting td_cc_reverse at 1/11/2016
#####################################


#####################################
Starting td_cc_reverse at 1/11/2016
#####################################


#####################################
Starting td_cc_reverse at 1/11/2016
#####################################


#####################################
Starting td_cc_reverse at 1/11/2016
#####################################


#####################################
Starting td_cc_reverse at 1/11/2016
#####################################


#####################################
Starting td_cc_reverse at 1/11/2016
#####################################


#####################################
Starting td_cc_reverse at 1/11/2016
#####################################


#####################################
Starting td_cc_reverse at 1/11/2016
#####################################


#####################################
Starting td_cc_reverse at 1/11/2016
#####################################


#####################################
Starting td_cc_reverse at 1/11/2016
#####################################


#####################################
Starting td_cc_reverse at 1/11/2016
#####################################


#####################################
Starting td_cc_reverse at 1/11/2016
#####################################


#####################################
Starting td_cc_reverse at 1/11/2016
#####################################


#####################################
Starting td_cc_reverse at 1/11/2016
#####################################


#####################################
Starting td_cc_reverse at 1/11/2016
#####################################


#####################################
Starting td_cc_reverse at 1/11/2016
#####################################


#####################################
Starting td_cc_reverse at 1/11/2016
#####################################


#####################################
Starting td_cc_reverse at 1/11/2016
#####################################


#####################################
Starting td_cc_reverse at 1/11/2016
#####################################


#####################################
Starting td_cc_reverse at 1/11/2016
#####################################


#####################################
Starting td_cc_reverse at 1/11/2016
#####################################


#####################################
Starting td_cc_reverse at 1/11/2016
#####################################


#####################################
Starting td_cc_reverse at 1/11/2016
#####################################


#####################################
Starting td_cc_reverse at 1/11/2016
#####################################


#####################################
Starting td_cc_reverse at 1/11/2016
#####################################


#####################################
Starting td_cc_reverse at 1/11/2016
#####################################


#####################################
Starting td_cc_reverse at 1/11/2016
#####################################


#####################################
Starting td_cc_reverse at 1/11/2016
#####################################


#####################################
Starting td_cc_reverse at 1/11/2016
#####################################

Processing TestFileReversal_11012016.csv
Reading the input file TestFileReversal_11012016.csv
Total no of records in flie :  1
Total no of records Processed :  1
Total no of records Rejected :  0
Archived TestFileReversal_11012016.csv


#####################################
Starting td_cc_reverse at 1/11/2016
#####################################


#####################################
Starting td_cc_reverse at 1/11/2016
#####################################


#####################################
Starting td_cc_reverse at 1/11/2016
#####################################


#####################################
Starting td_cc_reverse at 1/11/2016
#####################################


#####################################
Starting td_cc_reverse at 1/11/2016
#####################################


#####################################
Starting td_cc_reverse at 1/11/2016
#####################################


#####################################
Starting td_cc_reverse at 1/11/2016
#####################################


#####################################
Starting td_cc_reverse at 1/11/2016
#####################################


#####################################
Starting td_cc_reverse at 1/11/2016
#####################################


#####################################
Starting td_cc_reverse at 1/11/2016
#####################################


#####################################
Starting td_cc_reverse at 1/11/2016
#####################################


#####################################
Starting td_cc_reverse at 1/11/2016
#####################################


#####################################
Starting td_cc_reverse at 1/11/2016
#####################################
