

#####################################
Starting td_cc_reverse at 9/13/2017
#####################################

Processing TD_POLI_REVERSE_13092017.csv
Reading the input file TD_POLI_REVERSE_13092017.csv


#####################################
Starting td_cc_reverse at 9/13/2017
#####################################

Processing nohup.out
Reading the input file nohup.out
Total no of records in flie :  0
Total no of records Processed :  0
Total no of records Rejected :  0
Archived nohup.out

Processing TD_POLI_REVERSE_13092017.csv
Reading the input file TD_POLI_REVERSE_13092017.csv
Invalid record --> /brmapp/portal/7.5/TD/apps/td_cc_reverse/INPUT_DIR/TD_POLI_REVERSE_13092017.csv : 513746P1-21850,201709052211306895,1-2967562314,Invalid recordInvalid record --> /brmapp/portal/7.5/TD/apps/td_cc_reverse/INPUT_DIR/TD_POLI_REVERSE_13092017.csv : 513746P1-22147,201709131826308283,1-2967562372,Invalid recordInvalid record --> /brmapp/portal/7.5/TD/apps/td_cc_reverse/INPUT_DIR/TD_POLI_REVERSE_13092017.csv : 513746P1-21158,201708230109063167,1-2967562197,Invalid recordInvalid record --> /brmapp/portal/7.5/TD/apps/td_cc_reverse/INPUT_DIR/TD_POLI_REVERSE_13092017.csv : 513746P1-21779,201709051333086533,1-2967562256,Invalid recordTotal no of records in flie :  4
Total no of records Processed :  0
Total no of records Rejected :  4
Archived TD_POLI_REVERSE_13092017.csv
