

#####################################
Starting td_cc_reverse at 2/23/2018
#####################################

Processing Keets_PR1.csv
Reading the input file Keets_PR1.csv
Total no of records in flie :  1
Total no of records Processed :  1
Total no of records Rejected :  0
Archived Keets_PR1.csv


#####################################
Starting td_cc_reverse at 2/23/2018
#####################################

Processing Keets_PR2.csv
Reading the input file Keets_PR2.csv
Total no of records in flie :  1
Total no of records Processed :  1
Total no of records Rejected :  0
Archived Keets_PR2.csv


#####################################
Starting td_cc_reverse at 2/23/2018
#####################################

Processing Keets_PR3.csv
Reading the input file Keets_PR3.csv
Total no of records in flie :  1
Total no of records Processed :  1
Total no of records Rejected :  0
Archived Keets_PR3.csv


#####################################
Starting td_cc_reverse at 2/23/2018
#####################################

Processing Keets_PR4.csv
Reading the input file Keets_PR4.csv
Total no of records in flie :  1
Total no of records Processed :  1
Total no of records Rejected :  0
Archived Keets_PR4.csv
