

#####################################
Starting td_cc_reverse at 3/23/2018
#####################################

Processing amit_payment.csv
Reading the input file amit_payment.csv


#####################################
Starting td_cc_reverse at 3/23/2018
#####################################

Processing amit_payment.csv
Reading the input file amit_payment.csv


#####################################
Starting td_cc_reverse at 3/23/2018
#####################################

Processing amit_payment.csv
Reading the input file amit_payment.csv


#####################################
Starting td_cc_reverse at 3/23/2018
#####################################

Processing amit_payment.csv
Reading the input file amit_payment.csv


#####################################
Starting td_cc_reverse at 3/23/2018
#####################################

Processing amit_payment.csv
Reading the input file amit_payment.csv


#####################################
Starting td_cc_reverse at 3/23/2018
#####################################

Processing amit_payment.csv
Reading the input file amit_payment.csv


#####################################
Starting td_cc_reverse at 3/23/2018
#####################################

Processing amit_payment.csv
Reading the input file amit_payment.csv


#####################################
Starting td_cc_reverse at 3/23/2018
#####################################

Processing amit_payment.csv
Reading the input file amit_payment.csv
Total no of records in flie :  1
Total no of records Processed :  1
Total no of records Rejected :  0
Archived amit_payment.csv
