

#####################################
Starting td_cc_reverse at 3/10/2016
#####################################


#####################################
Starting td_cc_reverse at 3/10/2016
#####################################


#####################################
Starting td_cc_reverse at 3/10/2016
#####################################


#####################################
Starting td_cc_reverse at 3/10/2016
#####################################


#####################################
Starting td_cc_reverse at 3/10/2016
#####################################


#####################################
Starting td_cc_reverse at 3/10/2016
#####################################


#####################################
Starting td_cc_reverse at 3/10/2016
#####################################


#####################################
Starting td_cc_reverse at 3/10/2016
#####################################


#####################################
Starting td_cc_reverse at 3/10/2016
#####################################


#####################################
Starting td_cc_reverse at 3/10/2016
#####################################


#####################################
Starting td_cc_reverse at 3/10/2016
#####################################


#####################################
Starting td_cc_reverse at 3/10/2016
#####################################


#####################################
Starting td_cc_reverse at 3/10/2016
#####################################


#####################################
Starting td_cc_reverse at 3/10/2016
#####################################


#####################################
Starting td_cc_reverse at 3/10/2016
#####################################


#####################################
Starting td_cc_reverse at 3/10/2016
#####################################


#####################################
Starting td_cc_reverse at 3/10/2016
#####################################


#####################################
Starting td_cc_reverse at 3/10/2016
#####################################


#####################################
Starting td_cc_reverse at 3/10/2016
#####################################


#####################################
Starting td_cc_reverse at 3/10/2016
#####################################


#####################################
Starting td_cc_reverse at 3/10/2016
#####################################


#####################################
Starting td_cc_reverse at 3/10/2016
#####################################


#####################################
Starting td_cc_reverse at 3/10/2016
#####################################


#####################################
Starting td_cc_reverse at 3/10/2016
#####################################


#####################################
Starting td_cc_reverse at 3/10/2016
#####################################


#####################################
Starting td_cc_reverse at 3/10/2016
#####################################


#####################################
Starting td_cc_reverse at 3/10/2016
#####################################


#####################################
Starting td_cc_reverse at 3/10/2016
#####################################


#####################################
Starting td_cc_reverse at 3/10/2016
#####################################


#####################################
Starting td_cc_reverse at 3/10/2016
#####################################


#####################################
Starting td_cc_reverse at 3/10/2016
#####################################

Processing TestFileReversal_2.csv
Reading the input file TestFileReversal_2.csv
Total no of records in flie :  1
Total no of records Processed :  1
Total no of records Rejected :  0
Archived TestFileReversal_2.csv


#####################################
Starting td_cc_reverse at 3/10/2016
#####################################


#####################################
Starting td_cc_reverse at 3/10/2016
#####################################


#####################################
Starting td_cc_reverse at 3/10/2016
#####################################


#####################################
Starting td_cc_reverse at 3/10/2016
#####################################


#####################################
Starting td_cc_reverse at 3/10/2016
#####################################


#####################################
Starting td_cc_reverse at 3/10/2016
#####################################


#####################################
Starting td_cc_reverse at 3/10/2016
#####################################


#####################################
Starting td_cc_reverse at 3/10/2016
#####################################


#####################################
Starting td_cc_reverse at 3/10/2016
#####################################


#####################################
Starting td_cc_reverse at 3/10/2016
#####################################


#####################################
Starting td_cc_reverse at 3/10/2016
#####################################


#####################################
Starting td_cc_reverse at 3/10/2016
#####################################


#####################################
Starting td_cc_reverse at 3/10/2016
#####################################


#####################################
Starting td_cc_reverse at 3/10/2016
#####################################


#####################################
Starting td_cc_reverse at 3/10/2016
#####################################


#####################################
Starting td_cc_reverse at 3/10/2016
#####################################


#####################################
Starting td_cc_reverse at 3/10/2016
#####################################


#####################################
Starting td_cc_reverse at 3/10/2016
#####################################
