

#####################################
Starting td_cc_reverse at 2/12/2018
#####################################

Processing keets_09022018.csv
Reading the input file keets_09022018.csv


#####################################
Starting td_cc_reverse at 2/12/2018
#####################################

Processing keets_09022018.csv
Reading the input file keets_09022018.csv


#####################################
Starting td_cc_reverse at 2/12/2018
#####################################

Processing keets_09022018.csv
Reading the input file keets_09022018.csv


#####################################
Starting td_cc_reverse at 2/12/2018
#####################################

Processing keets_09022018.csv
Reading the input file keets_09022018.csv
Invalid record --> /brmapp/portal/7.5/TD/apps/td_cc_reverse/INPUT_DIR/keets_09022018.csv : 515730P1-27555,201802091633482949,1-3278091867,Invalid recordTotal no of records in flie :  1
Total no of records Processed :  0
Total no of records Rejected :  1
Archived keets_09022018.csv


#####################################
Starting td_cc_reverse at 2/12/2018
#####################################

Processing amit_payment.csv
Reading the input file amit_payment.csv
Total no of records in flie :  1
Total no of records Processed :  1
Total no of records Rejected :  0
Archived amit_payment.csv
