

#####################################
Starting td_cc_reverse at 2/9/2018
#####################################

Processing payment_keets_1.csv
Reading the input file payment_keets_1.csv


#####################################
Starting td_cc_reverse at 2/9/2018
#####################################

Processing payment_keets_1.csv
Reading the input file payment_keets_1.csv
Total no of records in flie :  1
Total no of records Processed :  1
Total no of records Rejected :  0
Archived payment_keets_1.csv


#####################################
Starting td_cc_reverse at 2/9/2018
#####################################

Processing Payments_Keets_2.csv
Reading the input file Payments_Keets_2.csv


#####################################
Starting td_cc_reverse at 2/9/2018
#####################################

Processing Payments_Keets_2.csv
Reading the input file Payments_Keets_2.csv


#####################################
Starting td_cc_reverse at 2/9/2018
#####################################

Processing Payments_Keets_2.csv
Reading the input file Payments_Keets_2.csv


#####################################
Starting td_cc_reverse at 2/9/2018
#####################################

Processing Payments_Keets_2.csv
Reading the input file Payments_Keets_2.csv
