

#####################################
Starting td_cc_reverse at 12/17/2018
#####################################

Processing DCPRN011.csv
Reading the input file DCPRN011.csv


#####################################
Starting td_cc_reverse at 12/17/2018
#####################################

Processing DCPR011.csv
Reading the input file DCPR011.csv
Total no of records in flie :  1
Total no of records Processed :  1
Total no of records Rejected :  0
Archived DCPR011.csv

Processing DCPRN011.csv
Reading the input file DCPRN011.csv


#####################################
Starting td_cc_reverse at 12/17/2018
#####################################

Processing DCPRN011.csv
Reading the input file DCPRN011.csv


#####################################
Starting td_cc_reverse at 12/17/2018
#####################################

Processing DCPR013.csv
Reading the input file DCPR013.csv
Total no of records in flie :  1
Total no of records Processed :  1
Total no of records Rejected :  0
Archived DCPR013.csv

Processing DCPRN011.csv
Reading the input file DCPRN011.csv


#####################################
Starting td_cc_reverse at 12/17/2018
#####################################

Processing DCPRN011.csv
Reading the input file DCPRN011.csv


#####################################
Starting td_cc_reverse at 12/17/2018
#####################################

Processing DCPRN011.csv
Reading the input file DCPRN011.csv


#####################################
Starting td_cc_reverse at 12/17/2018
#####################################

Processing DCPR17D002.csv
Reading the input file DCPR17D002.csv
Total no of records in flie :  1
Total no of records Processed :  1
Total no of records Rejected :  0
Archived DCPR17D002.csv

Processing DCPRN011.csv
Reading the input file DCPRN011.csv


#####################################
Starting td_cc_reverse at 12/17/2018
#####################################

Processing DCPRN011.csv
Reading the input file DCPRN011.csv


#####################################
Starting td_cc_reverse at 12/17/2018
#####################################

Processing DC17D011.csv
Reading the input file DC17D011.csv
Total no of records in flie :  1
Total no of records Processed :  1
Total no of records Rejected :  0
Archived DC17D011.csv

Processing DCPRN011.csv
Reading the input file DCPRN011.csv
