

#####################################
Starting td_cc_reverse at 2/14/2018
#####################################

Processing TestFileReversal.csv
Reading the input file TestFileReversal.csv
Total no of records in flie :  1
Total no of records Processed :  1
Total no of records Rejected :  0
Archived TestFileReversal.csv


#####################################
Starting td_cc_reverse at 2/14/2018
#####################################

Processing TestFileReversal.csv
Reading the input file TestFileReversal.csv
Total no of records in flie :  1
Total no of records Processed :  1
Total no of records Rejected :  0
Archived TestFileReversal.csv


#####################################
Starting td_cc_reverse at 2/14/2018
#####################################

Processing TestFileReversal.csv
Reading the input file TestFileReversal.csv
Total no of records in flie :  1
Total no of records Processed :  1
Total no of records Rejected :  0
Archived TestFileReversal.csv
