

#####################################
Starting td_cc_reverse at 1/7/2019
#####################################

Processing DCPRN011.csv
Reading the input file DCPRN011.csv


#####################################
Starting td_cc_reverse at 1/7/2019
#####################################

Processing DCPRN011.csv
Reading the input file DCPRN011.csv


#####################################
Starting td_cc_reverse at 1/7/2019
#####################################

Processing DCPRN011.csv
Reading the input file DCPRN011.csv


#####################################
Starting td_cc_reverse at 1/7/2019
#####################################

Processing DC7J002.csv
Reading the input file DC7J002.csv
