

#####################################
Starting td_cc_reverse at 12/18/2018
#####################################

Processing DCPR18D002.csv
Reading the input file DCPR18D002.csv
Total no of records in flie :  1
Total no of records Processed :  1
Total no of records Rejected :  0
Archived DCPR18D002.csv

Processing DCPRN011.csv
Reading the input file DCPRN011.csv


#####################################
Starting td_cc_reverse at 12/18/2018
#####################################

Processing DCPR18D011.csv
Reading the input file DCPR18D011.csv
Total no of records in flie :  3
Total no of records Processed :  3
Total no of records Rejected :  0
Archived DCPR18D011.csv

Processing DCPRN011.csv
Reading the input file DCPRN011.csv
