

#####################################
Starting td_cc_reverse at 2/28/2019
#####################################

Processing Rhiza3.csv
Reading the input file Rhiza3.csv
Total no of records in flie :  1
Total no of records Processed :  1
Total no of records Rejected :  0
Archived Rhiza3.csv

Processing Rhiza4.csv
Reading the input file Rhiza4.csv
Total no of records in flie :  1
Total no of records Processed :  1
Total no of records Rejected :  0
Archived Rhiza4.csv

Processing DC7J002.csv
Reading the input file DC7J002.csv


#####################################
Starting td_cc_reverse at 2/28/2019
#####################################

Processing DC7J002.csv
Reading the input file DC7J002.csv


#####################################
Starting td_cc_reverse at 2/28/2019
#####################################

Processing DC7J002.csv
Reading the input file DC7J002.csv


#####################################
Starting td_cc_reverse at 2/28/2019
#####################################

Processing DC7J002.csv
Reading the input file DC7J002.csv


#####################################
Starting td_cc_reverse at 2/28/2019
#####################################

Processing DC7J002.csv
Reading the input file DC7J002.csv


#####################################
Starting td_cc_reverse at 2/28/2019
#####################################

Processing DC7J002.csv
Reading the input file DC7J002.csv


#####################################
Starting td_cc_reverse at 2/28/2019
#####################################

Processing DC7J002.csv
Reading the input file DC7J002.csv


#####################################
Starting td_cc_reverse at 2/28/2019
#####################################

Processing keetsnew.csv
Reading the input file keetsnew.csv
Total no of records in flie :  1
Total no of records Processed :  1
Total no of records Rejected :  0
Archived keetsnew.csv
