

#####################################
Starting td_cc_reverse at 11/3/2017
#####################################

Processing PR_02112017.csv
Reading the input file PR_02112017.csv


#####################################
Starting td_cc_reverse at 11/3/2017
#####################################

Processing PR_02112017.csv
Reading the input file PR_02112017.csv


#####################################
Starting td_cc_reverse at 11/3/2017
#####################################

Processing PR_02112017.csv
Reading the input file PR_02112017.csv


#####################################
Starting td_cc_reverse at 11/3/2017
#####################################

Processing PR_02112017.csv
Reading the input file PR_02112017.csv
Total no of records in flie :  4
Total no of records Processed :  3
Total no of records Rejected :  1
Archived PR_02112017.csv


#####################################
Starting td_cc_reverse at 11/3/2017
#####################################

Processing keets_02112017_PR1.csv
Reading the input file keets_02112017_PR1.csv
Total no of records in flie :  1
Total no of records Processed :  0
Total no of records Rejected :  1
Archived keets_02112017_PR1.csv


#####################################
Starting td_cc_reverse at 11/3/2017
#####################################

Processing keets_02112017_PR2.csv
Reading the input file keets_02112017_PR2.csv
Total no of records in flie :  1
Total no of records Processed :  0
Total no of records Rejected :  1
Archived keets_02112017_PR2.csv


#####################################
Starting td_cc_reverse at 11/3/2017
#####################################

Processing Keets_02112017_PR3.csv
Reading the input file Keets_02112017_PR3.csv
Total no of records in flie :  1
Total no of records Processed :  0
Total no of records Rejected :  1
Archived Keets_02112017_PR3.csv
