

#####################################
Starting td_cc_reverse at 5/17/2016
#####################################

Processing TestFileReversal_1.csv
Reading the input file TestFileReversal_1.csv
Total no of records in flie :  1
Total no of records Processed :  0
Total no of records Rejected :  1
Archived TestFileReversal_1.csv


#####################################
Starting td_cc_reverse at 5/17/2016
#####################################


#####################################
Starting td_cc_reverse at 5/17/2016
#####################################


#####################################
Starting td_cc_reverse at 5/17/2016
#####################################


#####################################
Starting td_cc_reverse at 5/17/2016
#####################################


#####################################
Starting td_cc_reverse at 5/17/2016
#####################################


#####################################
Starting td_cc_reverse at 5/17/2016
#####################################


#####################################
Starting td_cc_reverse at 5/17/2016
#####################################


#####################################
Starting td_cc_reverse at 5/17/2016
#####################################


#####################################
Starting td_cc_reverse at 5/17/2016
#####################################


#####################################
Starting td_cc_reverse at 5/17/2016
#####################################


#####################################
Starting td_cc_reverse at 5/17/2016
#####################################


#####################################
Starting td_cc_reverse at 5/17/2016
#####################################


#####################################
Starting td_cc_reverse at 5/17/2016
#####################################


#####################################
Starting td_cc_reverse at 5/17/2016
#####################################


#####################################
Starting td_cc_reverse at 5/17/2016
#####################################


#####################################
Starting td_cc_reverse at 5/17/2016
#####################################


#####################################
Starting td_cc_reverse at 5/17/2016
#####################################


#####################################
Starting td_cc_reverse at 5/17/2016
#####################################


#####################################
Starting td_cc_reverse at 5/17/2016
#####################################


#####################################
Starting td_cc_reverse at 5/17/2016
#####################################


#####################################
Starting td_cc_reverse at 5/17/2016
#####################################


#####################################
Starting td_cc_reverse at 5/17/2016
#####################################


#####################################
Starting td_cc_reverse at 5/17/2016
#####################################


#####################################
Starting td_cc_reverse at 5/17/2016
#####################################


#####################################
Starting td_cc_reverse at 5/17/2016
#####################################


#####################################
Starting td_cc_reverse at 5/17/2016
#####################################


#####################################
Starting td_cc_reverse at 5/17/2016
#####################################


#####################################
Starting td_cc_reverse at 5/17/2016
#####################################


#####################################
Starting td_cc_reverse at 5/17/2016
#####################################


#####################################
Starting td_cc_reverse at 5/17/2016
#####################################


#####################################
Starting td_cc_reverse at 5/17/2016
#####################################


#####################################
Starting td_cc_reverse at 5/17/2016
#####################################


#####################################
Starting td_cc_reverse at 5/17/2016
#####################################


#####################################
Starting td_cc_reverse at 5/17/2016
#####################################


#####################################
Starting td_cc_reverse at 5/17/2016
#####################################


#####################################
Starting td_cc_reverse at 5/17/2016
#####################################


#####################################
Starting td_cc_reverse at 5/17/2016
#####################################


#####################################
Starting td_cc_reverse at 5/17/2016
#####################################


#####################################
Starting td_cc_reverse at 5/17/2016
#####################################


#####################################
Starting td_cc_reverse at 5/17/2016
#####################################


#####################################
Starting td_cc_reverse at 5/17/2016
#####################################


#####################################
Starting td_cc_reverse at 5/17/2016
#####################################


#####################################
Starting td_cc_reverse at 5/17/2016
#####################################


#####################################
Starting td_cc_reverse at 5/17/2016
#####################################


#####################################
Starting td_cc_reverse at 5/17/2016
#####################################


#####################################
Starting td_cc_reverse at 5/17/2016
#####################################


#####################################
Starting td_cc_reverse at 5/17/2016
#####################################
