

#####################################
Starting td_cc_reverse at 12/14/2018
#####################################

Processing DCpaymentreversal.csv
Reading the input file DCpaymentreversal.csv


#####################################
Starting td_cc_reverse at 12/14/2018
#####################################

Processing DCpaymentreversal.csv
Reading the input file DCpaymentreversal.csv
Total no of records in flie :  1
Total no of records Processed :  1
Total no of records Rejected :  0
Archived DCpaymentreversal.csv

Processing Denpaymentreversal.csv
Reading the input file Denpaymentreversal.csv
Invalid record --> /brmapp/portal/7.5/TD/apps/td_cc_reverse/INPUT_DIR/Denpaymentreversal.csv : r,Invalid recordInvalid record --> /brmapp/portal/7.5/TD/apps/td_cc_reverse/INPUT_DIR/Denpaymentreversal.csv : p,Invalid recordInvalid record --> /brmapp/portal/7.5/TD/apps/td_cc_reverse/INPUT_DIR/Denpaymentreversal.csv : t,Invalid recordInvalid record --> /brmapp/portal/7.5/TD/apps/td_cc_reverse/INPUT_DIR/Denpaymentreversal.csv : y,Invalid recordInvalid record --> /brmapp/portal/7.5/TD/apps/td_cc_reverse/INPUT_DIR/Denpaymentreversal.csv : r,Invalid recordInvalid record --> /brmapp/portal/7.5/TD/apps/td_cc_reverse/INPUT_DIR/Denpaymentreversal.csv : q,Invalid recordInvalid record --> /brmapp/portal/7.5/TD/apps/td_cc_reverse/INPUT_DIR/Denpaymentreversal.csv : 1-32783,, 1-3388867932,Invalid recordTotal no of records in flie :  7
Total no of records Processed :  0
Total no of records Rejected :  7
Archived Denpaymentreversal.csv


#####################################
Starting td_cc_reverse at 12/14/2018
#####################################


#####################################
Starting td_cc_reverse at 12/14/2018
#####################################

Processing DCPR1412001.csv
Reading the input file DCPR1412001.csv
Total no of records in flie :  1
Total no of records Processed :  1
Total no of records Rejected :  0
Archived DCPR1412001.csv


#####################################
Starting td_cc_reverse at 12/14/2018
#####################################

Processing DCPR1412002.csv
Reading the input file DCPR1412002.csv
Total no of records in flie :  1
Total no of records Processed :  1
Total no of records Rejected :  0
Archived DCPR1412002.csv


#####################################
Starting td_cc_reverse at 12/14/2018
#####################################

Processing DC1412003.csv
Reading the input file DC1412003.csv
Total no of records in flie :  1
Total no of records Processed :  1
Total no of records Rejected :  0
Archived DC1412003.csv

Processing DC1412003.cdv
Reading the input file DC1412003.cdv
Total no of records in flie :  0
Total no of records Processed :  0
Total no of records Rejected :  0
Archived DC1412003.cdv


#####################################
Starting td_cc_reverse at 12/14/2018
#####################################

Processing DC1412006.csv
Reading the input file DC1412006.csv
Total no of records in flie :  1
Total no of records Processed :  0
Total no of records Rejected :  1
Archived DC1412006.csv


#####################################
Starting td_cc_reverse at 12/14/2018
#####################################

Processing DCPRN011.csv
Reading the input file DCPRN011.csv


#####################################
Starting td_cc_reverse at 12/14/2018
#####################################

Processing DCPRN012.csv
Reading the input file DCPRN012.csv
Total no of records in flie :  1
Total no of records Processed :  1
Total no of records Rejected :  0
Archived DCPRN012.csv

Processing DCPRN011.csv
Reading the input file DCPRN011.csv


#####################################
Starting td_cc_reverse at 12/14/2018
#####################################

Processing DCPNR013.csv
Reading the input file DCPNR013.csv
Total no of records in flie :  1
Total no of records Processed :  1
Total no of records Rejected :  0
Archived DCPNR013.csv

Processing DCPRN011.csv
Reading the input file DCPRN011.csv
